ARM GAS  C:\Users\AFDHAL~1\AppData\Local\Temp\ccEtkVSh.s 			page 1


   1              		.syntax unified
   2              		.cpu cortex-m0
   3              		.fpu softvfp
   4              		.eabi_attribute 20, 1
   5              		.eabi_attribute 21, 1
   6              		.eabi_attribute 23, 3
   7              		.eabi_attribute 24, 1
   8              		.eabi_attribute 25, 1
   9              		.eabi_attribute 26, 1
  10              		.eabi_attribute 30, 4
  11              		.eabi_attribute 34, 0
  12              		.eabi_attribute 18, 4
  13              		.thumb
  14              		.syntax unified
  15              		.file	"Millis_TMR_PM.c"
  16              		.text
  17              	.Ltext0:
  18              		.cfi_sections	.debug_frame
  19              		.section	.text.Millis_TMR_SaveConfig,"ax",%progbits
  20              		.align	1
  21              		.global	Millis_TMR_SaveConfig
  22              		.code	16
  23              		.thumb_func
  24              		.type	Millis_TMR_SaveConfig, %function
  25              	Millis_TMR_SaveConfig:
  26              	.LFB6:
  27              		.cfi_startproc
  28              		@ args = 0, pretend = 0, frame = 0
  29              		@ frame_needed = 0, uses_anonymous_args = 0
  30              		@ link register save eliminated.
  31              		@ sp needed
  32 0000 7047     		bx	lr
  33              		.cfi_endproc
  34              	.LFE6:
  35              		.size	Millis_TMR_SaveConfig, .-Millis_TMR_SaveConfig
  36              		.section	.text.Millis_TMR_Sleep,"ax",%progbits
  37              		.align	1
  38              		.global	Millis_TMR_Sleep
  39              		.code	16
  40              		.thumb_func
  41              		.type	Millis_TMR_Sleep, %function
  42              	Millis_TMR_Sleep:
  43              	.LFB2:
  44              		.file 1 "Generated_Source\\PSoC4\\Millis_TMR_PM.c"
   1:Generated_Source\PSoC4/Millis_TMR_PM.c **** /*******************************************************************************
   2:Generated_Source\PSoC4/Millis_TMR_PM.c **** * File Name: Millis_TMR_PM.c
   3:Generated_Source\PSoC4/Millis_TMR_PM.c **** * Version 2.10
   4:Generated_Source\PSoC4/Millis_TMR_PM.c **** *
   5:Generated_Source\PSoC4/Millis_TMR_PM.c **** * Description:
   6:Generated_Source\PSoC4/Millis_TMR_PM.c **** *  This file contains the setup, control, and status commands to support
   7:Generated_Source\PSoC4/Millis_TMR_PM.c **** *  the component operations in the low power mode.
   8:Generated_Source\PSoC4/Millis_TMR_PM.c **** *
   9:Generated_Source\PSoC4/Millis_TMR_PM.c **** * Note:
  10:Generated_Source\PSoC4/Millis_TMR_PM.c **** *  None
  11:Generated_Source\PSoC4/Millis_TMR_PM.c **** *
  12:Generated_Source\PSoC4/Millis_TMR_PM.c **** ********************************************************************************
  13:Generated_Source\PSoC4/Millis_TMR_PM.c **** * Copyright 2013-2015, Cypress Semiconductor Corporation.  All rights reserved.
ARM GAS  C:\Users\AFDHAL~1\AppData\Local\Temp\ccEtkVSh.s 			page 2


  14:Generated_Source\PSoC4/Millis_TMR_PM.c **** * You may use this file only in accordance with the license, terms, conditions,
  15:Generated_Source\PSoC4/Millis_TMR_PM.c **** * disclaimers, and limitations in the end user license agreement accompanying
  16:Generated_Source\PSoC4/Millis_TMR_PM.c **** * the software package with which this file was provided.
  17:Generated_Source\PSoC4/Millis_TMR_PM.c **** *******************************************************************************/
  18:Generated_Source\PSoC4/Millis_TMR_PM.c **** 
  19:Generated_Source\PSoC4/Millis_TMR_PM.c **** #include "Millis_TMR.h"
  20:Generated_Source\PSoC4/Millis_TMR_PM.c **** 
  21:Generated_Source\PSoC4/Millis_TMR_PM.c **** static Millis_TMR_BACKUP_STRUCT Millis_TMR_backup;
  22:Generated_Source\PSoC4/Millis_TMR_PM.c **** 
  23:Generated_Source\PSoC4/Millis_TMR_PM.c **** 
  24:Generated_Source\PSoC4/Millis_TMR_PM.c **** /*******************************************************************************
  25:Generated_Source\PSoC4/Millis_TMR_PM.c **** * Function Name: Millis_TMR_SaveConfig
  26:Generated_Source\PSoC4/Millis_TMR_PM.c **** ********************************************************************************
  27:Generated_Source\PSoC4/Millis_TMR_PM.c **** *
  28:Generated_Source\PSoC4/Millis_TMR_PM.c **** * Summary:
  29:Generated_Source\PSoC4/Millis_TMR_PM.c **** *  All configuration registers are retention. Nothing to save here.
  30:Generated_Source\PSoC4/Millis_TMR_PM.c **** *
  31:Generated_Source\PSoC4/Millis_TMR_PM.c **** * Parameters:
  32:Generated_Source\PSoC4/Millis_TMR_PM.c **** *  None
  33:Generated_Source\PSoC4/Millis_TMR_PM.c **** *
  34:Generated_Source\PSoC4/Millis_TMR_PM.c **** * Return:
  35:Generated_Source\PSoC4/Millis_TMR_PM.c **** *  None
  36:Generated_Source\PSoC4/Millis_TMR_PM.c **** *
  37:Generated_Source\PSoC4/Millis_TMR_PM.c **** *******************************************************************************/
  38:Generated_Source\PSoC4/Millis_TMR_PM.c **** void Millis_TMR_SaveConfig(void)
  39:Generated_Source\PSoC4/Millis_TMR_PM.c **** {
  40:Generated_Source\PSoC4/Millis_TMR_PM.c **** 
  41:Generated_Source\PSoC4/Millis_TMR_PM.c **** }
  42:Generated_Source\PSoC4/Millis_TMR_PM.c **** 
  43:Generated_Source\PSoC4/Millis_TMR_PM.c **** 
  44:Generated_Source\PSoC4/Millis_TMR_PM.c **** /*******************************************************************************
  45:Generated_Source\PSoC4/Millis_TMR_PM.c **** * Function Name: Millis_TMR_Sleep
  46:Generated_Source\PSoC4/Millis_TMR_PM.c **** ********************************************************************************
  47:Generated_Source\PSoC4/Millis_TMR_PM.c **** *
  48:Generated_Source\PSoC4/Millis_TMR_PM.c **** * Summary:
  49:Generated_Source\PSoC4/Millis_TMR_PM.c **** *  Stops the component operation and saves the user configuration.
  50:Generated_Source\PSoC4/Millis_TMR_PM.c **** *
  51:Generated_Source\PSoC4/Millis_TMR_PM.c **** * Parameters:
  52:Generated_Source\PSoC4/Millis_TMR_PM.c **** *  None
  53:Generated_Source\PSoC4/Millis_TMR_PM.c **** *
  54:Generated_Source\PSoC4/Millis_TMR_PM.c **** * Return:
  55:Generated_Source\PSoC4/Millis_TMR_PM.c **** *  None
  56:Generated_Source\PSoC4/Millis_TMR_PM.c **** *
  57:Generated_Source\PSoC4/Millis_TMR_PM.c **** *******************************************************************************/
  58:Generated_Source\PSoC4/Millis_TMR_PM.c **** void Millis_TMR_Sleep(void)
  59:Generated_Source\PSoC4/Millis_TMR_PM.c **** {
  45              		.loc 1 59 0
  46              		.cfi_startproc
  47              		@ args = 0, pretend = 0, frame = 0
  48              		@ frame_needed = 0, uses_anonymous_args = 0
  60:Generated_Source\PSoC4/Millis_TMR_PM.c ****     if(0u != (Millis_TMR_BLOCK_CONTROL_REG & Millis_TMR_MASK))
  49              		.loc 1 60 0
  50 0000 0121     		movs	r1, #1
  51 0002 064B     		ldr	r3, .L6
  59:Generated_Source\PSoC4/Millis_TMR_PM.c ****     if(0u != (Millis_TMR_BLOCK_CONTROL_REG & Millis_TMR_MASK))
  52              		.loc 1 59 0
  53 0004 10B5     		push	{r4, lr}
ARM GAS  C:\Users\AFDHAL~1\AppData\Local\Temp\ccEtkVSh.s 			page 3


  54              		.cfi_def_cfa_offset 8
  55              		.cfi_offset 4, -8
  56              		.cfi_offset 14, -4
  57              		.loc 1 60 0
  58 0006 1B68     		ldr	r3, [r3]
  59 0008 054A     		ldr	r2, .L6+4
  60 000a 0B40     		ands	r3, r1
  61 000c 01D0     		beq	.L3
  61:Generated_Source\PSoC4/Millis_TMR_PM.c ****     {
  62:Generated_Source\PSoC4/Millis_TMR_PM.c ****         Millis_TMR_backup.enableState = 1u;
  62              		.loc 1 62 0
  63 000e 1170     		strb	r1, [r2]
  64 0010 00E0     		b	.L4
  65              	.L3:
  63:Generated_Source\PSoC4/Millis_TMR_PM.c ****     }
  64:Generated_Source\PSoC4/Millis_TMR_PM.c ****     else
  65:Generated_Source\PSoC4/Millis_TMR_PM.c ****     {
  66:Generated_Source\PSoC4/Millis_TMR_PM.c ****         Millis_TMR_backup.enableState = 0u;
  66              		.loc 1 66 0
  67 0012 1370     		strb	r3, [r2]
  68              	.L4:
  67:Generated_Source\PSoC4/Millis_TMR_PM.c ****     }
  68:Generated_Source\PSoC4/Millis_TMR_PM.c **** 
  69:Generated_Source\PSoC4/Millis_TMR_PM.c ****     Millis_TMR_Stop();
  69              		.loc 1 69 0
  70 0014 FFF7FEFF 		bl	Millis_TMR_Stop
  71              	.LVL0:
  70:Generated_Source\PSoC4/Millis_TMR_PM.c ****     Millis_TMR_SaveConfig();
  71:Generated_Source\PSoC4/Millis_TMR_PM.c **** }
  72              		.loc 1 71 0
  73              		@ sp needed
  74 0018 10BD     		pop	{r4, pc}
  75              	.L7:
  76 001a C046     		.align	2
  77              	.L6:
  78 001c 00002040 		.word	1075838976
  79 0020 00000000 		.word	.LANCHOR0
  80              		.cfi_endproc
  81              	.LFE2:
  82              		.size	Millis_TMR_Sleep, .-Millis_TMR_Sleep
  83              		.section	.text.Millis_TMR_RestoreConfig,"ax",%progbits
  84              		.align	1
  85              		.global	Millis_TMR_RestoreConfig
  86              		.code	16
  87              		.thumb_func
  88              		.type	Millis_TMR_RestoreConfig, %function
  89              	Millis_TMR_RestoreConfig:
  90              	.LFB3:
  72:Generated_Source\PSoC4/Millis_TMR_PM.c **** 
  73:Generated_Source\PSoC4/Millis_TMR_PM.c **** 
  74:Generated_Source\PSoC4/Millis_TMR_PM.c **** /*******************************************************************************
  75:Generated_Source\PSoC4/Millis_TMR_PM.c **** * Function Name: Millis_TMR_RestoreConfig
  76:Generated_Source\PSoC4/Millis_TMR_PM.c **** ********************************************************************************
  77:Generated_Source\PSoC4/Millis_TMR_PM.c **** *
  78:Generated_Source\PSoC4/Millis_TMR_PM.c **** * Summary:
  79:Generated_Source\PSoC4/Millis_TMR_PM.c **** *  All configuration registers are retention. Nothing to restore here.
  80:Generated_Source\PSoC4/Millis_TMR_PM.c **** *
ARM GAS  C:\Users\AFDHAL~1\AppData\Local\Temp\ccEtkVSh.s 			page 4


  81:Generated_Source\PSoC4/Millis_TMR_PM.c **** * Parameters:
  82:Generated_Source\PSoC4/Millis_TMR_PM.c **** *  None
  83:Generated_Source\PSoC4/Millis_TMR_PM.c **** *
  84:Generated_Source\PSoC4/Millis_TMR_PM.c **** * Return:
  85:Generated_Source\PSoC4/Millis_TMR_PM.c **** *  None
  86:Generated_Source\PSoC4/Millis_TMR_PM.c **** *
  87:Generated_Source\PSoC4/Millis_TMR_PM.c **** *******************************************************************************/
  88:Generated_Source\PSoC4/Millis_TMR_PM.c **** void Millis_TMR_RestoreConfig(void)
  89:Generated_Source\PSoC4/Millis_TMR_PM.c **** {
  91              		.loc 1 89 0
  92              		.cfi_startproc
  93              		@ args = 0, pretend = 0, frame = 0
  94              		@ frame_needed = 0, uses_anonymous_args = 0
  95              		@ link register save eliminated.
  90:Generated_Source\PSoC4/Millis_TMR_PM.c **** 
  91:Generated_Source\PSoC4/Millis_TMR_PM.c **** }
  96              		.loc 1 91 0
  97              		@ sp needed
  98 0000 7047     		bx	lr
  99              		.cfi_endproc
 100              	.LFE3:
 101              		.size	Millis_TMR_RestoreConfig, .-Millis_TMR_RestoreConfig
 102              		.section	.text.Millis_TMR_Wakeup,"ax",%progbits
 103              		.align	1
 104              		.global	Millis_TMR_Wakeup
 105              		.code	16
 106              		.thumb_func
 107              		.type	Millis_TMR_Wakeup, %function
 108              	Millis_TMR_Wakeup:
 109              	.LFB4:
  92:Generated_Source\PSoC4/Millis_TMR_PM.c **** 
  93:Generated_Source\PSoC4/Millis_TMR_PM.c **** 
  94:Generated_Source\PSoC4/Millis_TMR_PM.c **** /*******************************************************************************
  95:Generated_Source\PSoC4/Millis_TMR_PM.c **** * Function Name: Millis_TMR_Wakeup
  96:Generated_Source\PSoC4/Millis_TMR_PM.c **** ********************************************************************************
  97:Generated_Source\PSoC4/Millis_TMR_PM.c **** *
  98:Generated_Source\PSoC4/Millis_TMR_PM.c **** * Summary:
  99:Generated_Source\PSoC4/Millis_TMR_PM.c **** *  Restores the user configuration and restores the enable state.
 100:Generated_Source\PSoC4/Millis_TMR_PM.c **** *
 101:Generated_Source\PSoC4/Millis_TMR_PM.c **** * Parameters:
 102:Generated_Source\PSoC4/Millis_TMR_PM.c **** *  None
 103:Generated_Source\PSoC4/Millis_TMR_PM.c **** *
 104:Generated_Source\PSoC4/Millis_TMR_PM.c **** * Return:
 105:Generated_Source\PSoC4/Millis_TMR_PM.c **** *  None
 106:Generated_Source\PSoC4/Millis_TMR_PM.c **** *
 107:Generated_Source\PSoC4/Millis_TMR_PM.c **** *******************************************************************************/
 108:Generated_Source\PSoC4/Millis_TMR_PM.c **** void Millis_TMR_Wakeup(void)
 109:Generated_Source\PSoC4/Millis_TMR_PM.c **** {
 110              		.loc 1 109 0
 111              		.cfi_startproc
 112              		@ args = 0, pretend = 0, frame = 0
 113              		@ frame_needed = 0, uses_anonymous_args = 0
 114 0000 10B5     		push	{r4, lr}
 115              		.cfi_def_cfa_offset 8
 116              		.cfi_offset 4, -8
 117              		.cfi_offset 14, -4
 110:Generated_Source\PSoC4/Millis_TMR_PM.c ****     Millis_TMR_RestoreConfig();
ARM GAS  C:\Users\AFDHAL~1\AppData\Local\Temp\ccEtkVSh.s 			page 5


 111:Generated_Source\PSoC4/Millis_TMR_PM.c **** 
 112:Generated_Source\PSoC4/Millis_TMR_PM.c ****     if(0u != Millis_TMR_backup.enableState)
 118              		.loc 1 112 0
 119 0002 034B     		ldr	r3, .L14
 120 0004 1B78     		ldrb	r3, [r3]
 121 0006 002B     		cmp	r3, #0
 122 0008 01D0     		beq	.L9
 113:Generated_Source\PSoC4/Millis_TMR_PM.c ****     {
 114:Generated_Source\PSoC4/Millis_TMR_PM.c ****         Millis_TMR_Enable();
 123              		.loc 1 114 0
 124 000a FFF7FEFF 		bl	Millis_TMR_Enable
 125              	.LVL1:
 126              	.L9:
 115:Generated_Source\PSoC4/Millis_TMR_PM.c ****     }
 116:Generated_Source\PSoC4/Millis_TMR_PM.c **** }
 127              		.loc 1 116 0
 128              		@ sp needed
 129 000e 10BD     		pop	{r4, pc}
 130              	.L15:
 131              		.align	2
 132              	.L14:
 133 0010 00000000 		.word	.LANCHOR0
 134              		.cfi_endproc
 135              	.LFE4:
 136              		.size	Millis_TMR_Wakeup, .-Millis_TMR_Wakeup
 137              		.bss
 138              		.set	.LANCHOR0,. + 0
 139              		.type	Millis_TMR_backup, %object
 140              		.size	Millis_TMR_backup, 1
 141              	Millis_TMR_backup:
 142 0000 00       		.space	1
 143              		.text
 144              	.Letext0:
 145              		.file 2 "Generated_Source\\PSoC4\\cytypes.h"
 146              		.file 3 "Generated_Source\\PSoC4\\Millis_TMR.h"
 147              		.section	.debug_info,"",%progbits
 148              	.Ldebug_info0:
 149 0000 5A010000 		.4byte	0x15a
 150 0004 0400     		.2byte	0x4
 151 0006 00000000 		.4byte	.Ldebug_abbrev0
 152 000a 04       		.byte	0x4
 153 000b 01       		.uleb128 0x1
 154 000c 50000000 		.4byte	.LASF24
 155 0010 0C       		.byte	0xc
 156 0011 74010000 		.4byte	.LASF25
 157 0015 DE000000 		.4byte	.LASF26
 158 0019 00000000 		.4byte	.Ldebug_ranges0+0
 159 001d 00000000 		.4byte	0
 160 0021 00000000 		.4byte	.Ldebug_line0
 161 0025 02       		.uleb128 0x2
 162 0026 01       		.byte	0x1
 163 0027 06       		.byte	0x6
 164 0028 04020000 		.4byte	.LASF0
 165 002c 02       		.uleb128 0x2
 166 002d 01       		.byte	0x1
 167 002e 08       		.byte	0x8
 168 002f B2010000 		.4byte	.LASF1
ARM GAS  C:\Users\AFDHAL~1\AppData\Local\Temp\ccEtkVSh.s 			page 6


 169 0033 02       		.uleb128 0x2
 170 0034 02       		.byte	0x2
 171 0035 05       		.byte	0x5
 172 0036 47020000 		.4byte	.LASF2
 173 003a 02       		.uleb128 0x2
 174 003b 02       		.byte	0x2
 175 003c 07       		.byte	0x7
 176 003d F1010000 		.4byte	.LASF3
 177 0041 02       		.uleb128 0x2
 178 0042 04       		.byte	0x4
 179 0043 05       		.byte	0x5
 180 0044 C5010000 		.4byte	.LASF4
 181 0048 02       		.uleb128 0x2
 182 0049 04       		.byte	0x4
 183 004a 07       		.byte	0x7
 184 004b 4B010000 		.4byte	.LASF5
 185 004f 02       		.uleb128 0x2
 186 0050 08       		.byte	0x8
 187 0051 05       		.byte	0x5
 188 0052 00000000 		.4byte	.LASF6
 189 0056 02       		.uleb128 0x2
 190 0057 08       		.byte	0x8
 191 0058 07       		.byte	0x7
 192 0059 5D010000 		.4byte	.LASF7
 193 005d 03       		.uleb128 0x3
 194 005e 04       		.byte	0x4
 195 005f 05       		.byte	0x5
 196 0060 696E7400 		.ascii	"int\000"
 197 0064 02       		.uleb128 0x2
 198 0065 04       		.byte	0x4
 199 0066 07       		.byte	0x7
 200 0067 21000000 		.4byte	.LASF8
 201 006b 04       		.uleb128 0x4
 202 006c 45010000 		.4byte	.LASF9
 203 0070 02       		.byte	0x2
 204 0071 D201     		.2byte	0x1d2
 205 0073 2C000000 		.4byte	0x2c
 206 0077 04       		.uleb128 0x4
 207 0078 0E000000 		.4byte	.LASF10
 208 007c 02       		.byte	0x2
 209 007d D401     		.2byte	0x1d4
 210 007f 48000000 		.4byte	0x48
 211 0083 02       		.uleb128 0x2
 212 0084 04       		.byte	0x4
 213 0085 04       		.byte	0x4
 214 0086 9B010000 		.4byte	.LASF11
 215 008a 02       		.uleb128 0x2
 216 008b 08       		.byte	0x8
 217 008c 04       		.byte	0x4
 218 008d E4010000 		.4byte	.LASF12
 219 0091 02       		.uleb128 0x2
 220 0092 01       		.byte	0x1
 221 0093 08       		.byte	0x8
 222 0094 C0010000 		.4byte	.LASF13
 223 0098 04       		.uleb128 0x4
 224 0099 EB010000 		.4byte	.LASF14
 225 009d 02       		.byte	0x2
ARM GAS  C:\Users\AFDHAL~1\AppData\Local\Temp\ccEtkVSh.s 			page 7


 226 009e 7E02     		.2byte	0x27e
 227 00a0 A4000000 		.4byte	0xa4
 228 00a4 05       		.uleb128 0x5
 229 00a5 77000000 		.4byte	0x77
 230 00a9 02       		.uleb128 0x2
 231 00aa 08       		.byte	0x8
 232 00ab 04       		.byte	0x4
 233 00ac 3B020000 		.4byte	.LASF15
 234 00b0 02       		.uleb128 0x2
 235 00b1 04       		.byte	0x4
 236 00b2 07       		.byte	0x7
 237 00b3 51020000 		.4byte	.LASF16
 238 00b7 06       		.uleb128 0x6
 239 00b8 01       		.byte	0x1
 240 00b9 03       		.byte	0x3
 241 00ba 21       		.byte	0x21
 242 00bb CC000000 		.4byte	0xcc
 243 00bf 07       		.uleb128 0x7
 244 00c0 15000000 		.4byte	.LASF27
 245 00c4 03       		.byte	0x3
 246 00c5 23       		.byte	0x23
 247 00c6 6B000000 		.4byte	0x6b
 248 00ca 00       		.byte	0
 249 00cb 00       		.byte	0
 250 00cc 08       		.uleb128 0x8
 251 00cd 10020000 		.4byte	.LASF17
 252 00d1 03       		.byte	0x3
 253 00d2 24       		.byte	0x24
 254 00d3 B7000000 		.4byte	0xb7
 255 00d7 09       		.uleb128 0x9
 256 00d8 CE010000 		.4byte	.LASF18
 257 00dc 01       		.byte	0x1
 258 00dd 26       		.byte	0x26
 259 00de 01       		.byte	0x1
 260 00df 09       		.uleb128 0x9
 261 00e0 5A020000 		.4byte	.LASF19
 262 00e4 01       		.byte	0x1
 263 00e5 58       		.byte	0x58
 264 00e6 01       		.byte	0x1
 265 00e7 0A       		.uleb128 0xa
 266 00e8 A1010000 		.4byte	.LASF20
 267 00ec 01       		.byte	0x1
 268 00ed 3A       		.byte	0x3a
 269 00ee 00000000 		.4byte	.LFB2
 270 00f2 24000000 		.4byte	.LFE2-.LFB2
 271 00f6 01       		.uleb128 0x1
 272 00f7 9C       		.byte	0x9c
 273 00f8 06010000 		.4byte	0x106
 274 00fc 0B       		.uleb128 0xb
 275 00fd 18000000 		.4byte	.LVL0
 276 0101 45010000 		.4byte	0x145
 277 0105 00       		.byte	0
 278 0106 0C       		.uleb128 0xc
 279 0107 DF000000 		.4byte	0xdf
 280 010b 00000000 		.4byte	.LFB3
 281 010f 02000000 		.4byte	.LFE3-.LFB3
 282 0113 01       		.uleb128 0x1
ARM GAS  C:\Users\AFDHAL~1\AppData\Local\Temp\ccEtkVSh.s 			page 8


 283 0114 9C       		.byte	0x9c
 284 0115 0A       		.uleb128 0xa
 285 0116 3E000000 		.4byte	.LASF21
 286 011a 01       		.byte	0x1
 287 011b 6C       		.byte	0x6c
 288 011c 00000000 		.4byte	.LFB4
 289 0120 14000000 		.4byte	.LFE4-.LFB4
 290 0124 01       		.uleb128 0x1
 291 0125 9C       		.byte	0x9c
 292 0126 34010000 		.4byte	0x134
 293 012a 0B       		.uleb128 0xb
 294 012b 0E000000 		.4byte	.LVL1
 295 012f 51010000 		.4byte	0x151
 296 0133 00       		.byte	0
 297 0134 0D       		.uleb128 0xd
 298 0135 29020000 		.4byte	.LASF28
 299 0139 01       		.byte	0x1
 300 013a 15       		.byte	0x15
 301 013b CC000000 		.4byte	0xcc
 302 013f 05       		.uleb128 0x5
 303 0140 03       		.byte	0x3
 304 0141 00000000 		.4byte	Millis_TMR_backup
 305 0145 0E       		.uleb128 0xe
 306 0146 2E000000 		.4byte	.LASF22
 307 014a 2E000000 		.4byte	.LASF22
 308 014e 03       		.byte	0x3
 309 014f 3301     		.2byte	0x133
 310 0151 0E       		.uleb128 0xe
 311 0152 33010000 		.4byte	.LASF23
 312 0156 33010000 		.4byte	.LASF23
 313 015a 03       		.byte	0x3
 314 015b 3101     		.2byte	0x131
 315 015d 00       		.byte	0
 316              		.section	.debug_abbrev,"",%progbits
 317              	.Ldebug_abbrev0:
 318 0000 01       		.uleb128 0x1
 319 0001 11       		.uleb128 0x11
 320 0002 01       		.byte	0x1
 321 0003 25       		.uleb128 0x25
 322 0004 0E       		.uleb128 0xe
 323 0005 13       		.uleb128 0x13
 324 0006 0B       		.uleb128 0xb
 325 0007 03       		.uleb128 0x3
 326 0008 0E       		.uleb128 0xe
 327 0009 1B       		.uleb128 0x1b
 328 000a 0E       		.uleb128 0xe
 329 000b 55       		.uleb128 0x55
 330 000c 17       		.uleb128 0x17
 331 000d 11       		.uleb128 0x11
 332 000e 01       		.uleb128 0x1
 333 000f 10       		.uleb128 0x10
 334 0010 17       		.uleb128 0x17
 335 0011 00       		.byte	0
 336 0012 00       		.byte	0
 337 0013 02       		.uleb128 0x2
 338 0014 24       		.uleb128 0x24
 339 0015 00       		.byte	0
ARM GAS  C:\Users\AFDHAL~1\AppData\Local\Temp\ccEtkVSh.s 			page 9


 340 0016 0B       		.uleb128 0xb
 341 0017 0B       		.uleb128 0xb
 342 0018 3E       		.uleb128 0x3e
 343 0019 0B       		.uleb128 0xb
 344 001a 03       		.uleb128 0x3
 345 001b 0E       		.uleb128 0xe
 346 001c 00       		.byte	0
 347 001d 00       		.byte	0
 348 001e 03       		.uleb128 0x3
 349 001f 24       		.uleb128 0x24
 350 0020 00       		.byte	0
 351 0021 0B       		.uleb128 0xb
 352 0022 0B       		.uleb128 0xb
 353 0023 3E       		.uleb128 0x3e
 354 0024 0B       		.uleb128 0xb
 355 0025 03       		.uleb128 0x3
 356 0026 08       		.uleb128 0x8
 357 0027 00       		.byte	0
 358 0028 00       		.byte	0
 359 0029 04       		.uleb128 0x4
 360 002a 16       		.uleb128 0x16
 361 002b 00       		.byte	0
 362 002c 03       		.uleb128 0x3
 363 002d 0E       		.uleb128 0xe
 364 002e 3A       		.uleb128 0x3a
 365 002f 0B       		.uleb128 0xb
 366 0030 3B       		.uleb128 0x3b
 367 0031 05       		.uleb128 0x5
 368 0032 49       		.uleb128 0x49
 369 0033 13       		.uleb128 0x13
 370 0034 00       		.byte	0
 371 0035 00       		.byte	0
 372 0036 05       		.uleb128 0x5
 373 0037 35       		.uleb128 0x35
 374 0038 00       		.byte	0
 375 0039 49       		.uleb128 0x49
 376 003a 13       		.uleb128 0x13
 377 003b 00       		.byte	0
 378 003c 00       		.byte	0
 379 003d 06       		.uleb128 0x6
 380 003e 13       		.uleb128 0x13
 381 003f 01       		.byte	0x1
 382 0040 0B       		.uleb128 0xb
 383 0041 0B       		.uleb128 0xb
 384 0042 3A       		.uleb128 0x3a
 385 0043 0B       		.uleb128 0xb
 386 0044 3B       		.uleb128 0x3b
 387 0045 0B       		.uleb128 0xb
 388 0046 01       		.uleb128 0x1
 389 0047 13       		.uleb128 0x13
 390 0048 00       		.byte	0
 391 0049 00       		.byte	0
 392 004a 07       		.uleb128 0x7
 393 004b 0D       		.uleb128 0xd
 394 004c 00       		.byte	0
 395 004d 03       		.uleb128 0x3
 396 004e 0E       		.uleb128 0xe
ARM GAS  C:\Users\AFDHAL~1\AppData\Local\Temp\ccEtkVSh.s 			page 10


 397 004f 3A       		.uleb128 0x3a
 398 0050 0B       		.uleb128 0xb
 399 0051 3B       		.uleb128 0x3b
 400 0052 0B       		.uleb128 0xb
 401 0053 49       		.uleb128 0x49
 402 0054 13       		.uleb128 0x13
 403 0055 38       		.uleb128 0x38
 404 0056 0B       		.uleb128 0xb
 405 0057 00       		.byte	0
 406 0058 00       		.byte	0
 407 0059 08       		.uleb128 0x8
 408 005a 16       		.uleb128 0x16
 409 005b 00       		.byte	0
 410 005c 03       		.uleb128 0x3
 411 005d 0E       		.uleb128 0xe
 412 005e 3A       		.uleb128 0x3a
 413 005f 0B       		.uleb128 0xb
 414 0060 3B       		.uleb128 0x3b
 415 0061 0B       		.uleb128 0xb
 416 0062 49       		.uleb128 0x49
 417 0063 13       		.uleb128 0x13
 418 0064 00       		.byte	0
 419 0065 00       		.byte	0
 420 0066 09       		.uleb128 0x9
 421 0067 2E       		.uleb128 0x2e
 422 0068 00       		.byte	0
 423 0069 3F       		.uleb128 0x3f
 424 006a 19       		.uleb128 0x19
 425 006b 03       		.uleb128 0x3
 426 006c 0E       		.uleb128 0xe
 427 006d 3A       		.uleb128 0x3a
 428 006e 0B       		.uleb128 0xb
 429 006f 3B       		.uleb128 0x3b
 430 0070 0B       		.uleb128 0xb
 431 0071 27       		.uleb128 0x27
 432 0072 19       		.uleb128 0x19
 433 0073 20       		.uleb128 0x20
 434 0074 0B       		.uleb128 0xb
 435 0075 00       		.byte	0
 436 0076 00       		.byte	0
 437 0077 0A       		.uleb128 0xa
 438 0078 2E       		.uleb128 0x2e
 439 0079 01       		.byte	0x1
 440 007a 3F       		.uleb128 0x3f
 441 007b 19       		.uleb128 0x19
 442 007c 03       		.uleb128 0x3
 443 007d 0E       		.uleb128 0xe
 444 007e 3A       		.uleb128 0x3a
 445 007f 0B       		.uleb128 0xb
 446 0080 3B       		.uleb128 0x3b
 447 0081 0B       		.uleb128 0xb
 448 0082 27       		.uleb128 0x27
 449 0083 19       		.uleb128 0x19
 450 0084 11       		.uleb128 0x11
 451 0085 01       		.uleb128 0x1
 452 0086 12       		.uleb128 0x12
 453 0087 06       		.uleb128 0x6
ARM GAS  C:\Users\AFDHAL~1\AppData\Local\Temp\ccEtkVSh.s 			page 11


 454 0088 40       		.uleb128 0x40
 455 0089 18       		.uleb128 0x18
 456 008a 9742     		.uleb128 0x2117
 457 008c 19       		.uleb128 0x19
 458 008d 01       		.uleb128 0x1
 459 008e 13       		.uleb128 0x13
 460 008f 00       		.byte	0
 461 0090 00       		.byte	0
 462 0091 0B       		.uleb128 0xb
 463 0092 898201   		.uleb128 0x4109
 464 0095 00       		.byte	0
 465 0096 11       		.uleb128 0x11
 466 0097 01       		.uleb128 0x1
 467 0098 31       		.uleb128 0x31
 468 0099 13       		.uleb128 0x13
 469 009a 00       		.byte	0
 470 009b 00       		.byte	0
 471 009c 0C       		.uleb128 0xc
 472 009d 2E       		.uleb128 0x2e
 473 009e 00       		.byte	0
 474 009f 31       		.uleb128 0x31
 475 00a0 13       		.uleb128 0x13
 476 00a1 11       		.uleb128 0x11
 477 00a2 01       		.uleb128 0x1
 478 00a3 12       		.uleb128 0x12
 479 00a4 06       		.uleb128 0x6
 480 00a5 40       		.uleb128 0x40
 481 00a6 18       		.uleb128 0x18
 482 00a7 9742     		.uleb128 0x2117
 483 00a9 19       		.uleb128 0x19
 484 00aa 00       		.byte	0
 485 00ab 00       		.byte	0
 486 00ac 0D       		.uleb128 0xd
 487 00ad 34       		.uleb128 0x34
 488 00ae 00       		.byte	0
 489 00af 03       		.uleb128 0x3
 490 00b0 0E       		.uleb128 0xe
 491 00b1 3A       		.uleb128 0x3a
 492 00b2 0B       		.uleb128 0xb
 493 00b3 3B       		.uleb128 0x3b
 494 00b4 0B       		.uleb128 0xb
 495 00b5 49       		.uleb128 0x49
 496 00b6 13       		.uleb128 0x13
 497 00b7 02       		.uleb128 0x2
 498 00b8 18       		.uleb128 0x18
 499 00b9 00       		.byte	0
 500 00ba 00       		.byte	0
 501 00bb 0E       		.uleb128 0xe
 502 00bc 2E       		.uleb128 0x2e
 503 00bd 00       		.byte	0
 504 00be 3F       		.uleb128 0x3f
 505 00bf 19       		.uleb128 0x19
 506 00c0 3C       		.uleb128 0x3c
 507 00c1 19       		.uleb128 0x19
 508 00c2 6E       		.uleb128 0x6e
 509 00c3 0E       		.uleb128 0xe
 510 00c4 03       		.uleb128 0x3
ARM GAS  C:\Users\AFDHAL~1\AppData\Local\Temp\ccEtkVSh.s 			page 12


 511 00c5 0E       		.uleb128 0xe
 512 00c6 3A       		.uleb128 0x3a
 513 00c7 0B       		.uleb128 0xb
 514 00c8 3B       		.uleb128 0x3b
 515 00c9 05       		.uleb128 0x5
 516 00ca 00       		.byte	0
 517 00cb 00       		.byte	0
 518 00cc 00       		.byte	0
 519              		.section	.debug_aranges,"",%progbits
 520 0000 2C000000 		.4byte	0x2c
 521 0004 0200     		.2byte	0x2
 522 0006 00000000 		.4byte	.Ldebug_info0
 523 000a 04       		.byte	0x4
 524 000b 00       		.byte	0
 525 000c 0000     		.2byte	0
 526 000e 0000     		.2byte	0
 527 0010 00000000 		.4byte	.LFB2
 528 0014 24000000 		.4byte	.LFE2-.LFB2
 529 0018 00000000 		.4byte	.LFB3
 530 001c 02000000 		.4byte	.LFE3-.LFB3
 531 0020 00000000 		.4byte	.LFB4
 532 0024 14000000 		.4byte	.LFE4-.LFB4
 533 0028 00000000 		.4byte	0
 534 002c 00000000 		.4byte	0
 535              		.section	.debug_ranges,"",%progbits
 536              	.Ldebug_ranges0:
 537 0000 00000000 		.4byte	.LFB2
 538 0004 24000000 		.4byte	.LFE2
 539 0008 00000000 		.4byte	.LFB3
 540 000c 02000000 		.4byte	.LFE3
 541 0010 00000000 		.4byte	.LFB4
 542 0014 14000000 		.4byte	.LFE4
 543 0018 00000000 		.4byte	0
 544 001c 00000000 		.4byte	0
 545              		.section	.debug_line,"",%progbits
 546              	.Ldebug_line0:
 547 0000 9A000000 		.section	.debug_str,"MS",%progbits,1
 547      02005A00 
 547      00000201 
 547      FB0E0D00 
 547      01010101 
 548              	.LASF6:
 549 0000 6C6F6E67 		.ascii	"long long int\000"
 549      206C6F6E 
 549      6720696E 
 549      7400
 550              	.LASF10:
 551 000e 75696E74 		.ascii	"uint32\000"
 551      333200
 552              	.LASF27:
 553 0015 656E6162 		.ascii	"enableState\000"
 553      6C655374 
 553      61746500 
 554              	.LASF8:
 555 0021 756E7369 		.ascii	"unsigned int\000"
 555      676E6564 
 555      20696E74 
ARM GAS  C:\Users\AFDHAL~1\AppData\Local\Temp\ccEtkVSh.s 			page 13


 555      00
 556              	.LASF22:
 557 002e 4D696C6C 		.ascii	"Millis_TMR_Stop\000"
 557      69735F54 
 557      4D525F53 
 557      746F7000 
 558              	.LASF21:
 559 003e 4D696C6C 		.ascii	"Millis_TMR_Wakeup\000"
 559      69735F54 
 559      4D525F57 
 559      616B6575 
 559      7000
 560              	.LASF24:
 561 0050 474E5520 		.ascii	"GNU C11 5.4.1 20160609 (release) [ARM/embedded-5-br"
 561      43313120 
 561      352E342E 
 561      31203230 
 561      31363036 
 562 0083 616E6368 		.ascii	"anch revision 237715] -mcpu=cortex-m0 -mthumb -g -O"
 562      20726576 
 562      6973696F 
 562      6E203233 
 562      37373135 
 563 00b6 73202D66 		.ascii	"s -ffunction-sections -ffat-lto-objects\000"
 563      66756E63 
 563      74696F6E 
 563      2D736563 
 563      74696F6E 
 564              	.LASF26:
 565 00de 433A5C55 		.ascii	"C:\\Users\\AfdhalAtiffTan\\Documents\\PSoC Creator\\"
 565      73657273 
 565      5C416664 
 565      68616C41 
 565      74696666 
 566 010d 55415254 		.ascii	"UART_over_nFR24\\UART_over_nFR24.cydsn\000"
 566      5F6F7665 
 566      725F6E46 
 566      5232345C 
 566      55415254 
 567              	.LASF23:
 568 0133 4D696C6C 		.ascii	"Millis_TMR_Enable\000"
 568      69735F54 
 568      4D525F45 
 568      6E61626C 
 568      6500
 569              	.LASF9:
 570 0145 75696E74 		.ascii	"uint8\000"
 570      3800
 571              	.LASF5:
 572 014b 6C6F6E67 		.ascii	"long unsigned int\000"
 572      20756E73 
 572      69676E65 
 572      6420696E 
 572      7400
 573              	.LASF7:
 574 015d 6C6F6E67 		.ascii	"long long unsigned int\000"
 574      206C6F6E 
ARM GAS  C:\Users\AFDHAL~1\AppData\Local\Temp\ccEtkVSh.s 			page 14


 574      6720756E 
 574      7369676E 
 574      65642069 
 575              	.LASF25:
 576 0174 47656E65 		.ascii	"Generated_Source\\PSoC4\\Millis_TMR_PM.c\000"
 576      72617465 
 576      645F536F 
 576      75726365 
 576      5C50536F 
 577              	.LASF11:
 578 019b 666C6F61 		.ascii	"float\000"
 578      7400
 579              	.LASF20:
 580 01a1 4D696C6C 		.ascii	"Millis_TMR_Sleep\000"
 580      69735F54 
 580      4D525F53 
 580      6C656570 
 580      00
 581              	.LASF1:
 582 01b2 756E7369 		.ascii	"unsigned char\000"
 582      676E6564 
 582      20636861 
 582      7200
 583              	.LASF13:
 584 01c0 63686172 		.ascii	"char\000"
 584      00
 585              	.LASF4:
 586 01c5 6C6F6E67 		.ascii	"long int\000"
 586      20696E74 
 586      00
 587              	.LASF18:
 588 01ce 4D696C6C 		.ascii	"Millis_TMR_SaveConfig\000"
 588      69735F54 
 588      4D525F53 
 588      61766543 
 588      6F6E6669 
 589              	.LASF12:
 590 01e4 646F7562 		.ascii	"double\000"
 590      6C6500
 591              	.LASF14:
 592 01eb 72656733 		.ascii	"reg32\000"
 592      3200
 593              	.LASF3:
 594 01f1 73686F72 		.ascii	"short unsigned int\000"
 594      7420756E 
 594      7369676E 
 594      65642069 
 594      6E7400
 595              	.LASF0:
 596 0204 7369676E 		.ascii	"signed char\000"
 596      65642063 
 596      68617200 
 597              	.LASF17:
 598 0210 4D696C6C 		.ascii	"Millis_TMR_BACKUP_STRUCT\000"
 598      69735F54 
 598      4D525F42 
 598      41434B55 
ARM GAS  C:\Users\AFDHAL~1\AppData\Local\Temp\ccEtkVSh.s 			page 15


 598      505F5354 
 599              	.LASF28:
 600 0229 4D696C6C 		.ascii	"Millis_TMR_backup\000"
 600      69735F54 
 600      4D525F62 
 600      61636B75 
 600      7000
 601              	.LASF15:
 602 023b 6C6F6E67 		.ascii	"long double\000"
 602      20646F75 
 602      626C6500 
 603              	.LASF2:
 604 0247 73686F72 		.ascii	"short int\000"
 604      7420696E 
 604      7400
 605              	.LASF16:
 606 0251 73697A65 		.ascii	"sizetype\000"
 606      74797065 
 606      00
 607              	.LASF19:
 608 025a 4D696C6C 		.ascii	"Millis_TMR_RestoreConfig\000"
 608      69735F54 
 608      4D525F52 
 608      6573746F 
 608      7265436F 
 609              		.ident	"GCC: (GNU Tools for ARM Embedded Processors) 5.4.1 20160609 (release) [ARM/embedded-5-bran
