ARM GAS  C:\Users\AFDHAL~1\AppData\Local\Temp\cc2wKDRl.s 			page 1


   1              		.syntax unified
   2              		.cpu cortex-m0
   3              		.fpu softvfp
   4              		.eabi_attribute 20, 1
   5              		.eabi_attribute 21, 1
   6              		.eabi_attribute 23, 3
   7              		.eabi_attribute 24, 1
   8              		.eabi_attribute 25, 1
   9              		.eabi_attribute 26, 1
  10              		.eabi_attribute 30, 4
  11              		.eabi_attribute 34, 0
  12              		.eabi_attribute 18, 4
  13              		.thumb
  14              		.syntax unified
  15              		.file	"SPI_SPI_UART_INT.c"
  16              		.text
  17              	.Ltext0:
  18              		.cfi_sections	.debug_frame
  19              		.section	.text.SPI_SPI_UART_ISR,"ax",%progbits
  20              		.align	1
  21              		.global	SPI_SPI_UART_ISR
  22              		.code	16
  23              		.thumb_func
  24              		.type	SPI_SPI_UART_ISR, %function
  25              	SPI_SPI_UART_ISR:
  26              	.LFB1:
  27              		.file 1 "Generated_Source\\PSoC4\\SPI_SPI_UART_INT.c"
   1:Generated_Source\PSoC4/SPI_SPI_UART_INT.c **** /***************************************************************************//**
   2:Generated_Source\PSoC4/SPI_SPI_UART_INT.c **** * \file SPI_SPI_UART_INT.c
   3:Generated_Source\PSoC4/SPI_SPI_UART_INT.c **** * \version 4.0
   4:Generated_Source\PSoC4/SPI_SPI_UART_INT.c **** *
   5:Generated_Source\PSoC4/SPI_SPI_UART_INT.c **** * \brief
   6:Generated_Source\PSoC4/SPI_SPI_UART_INT.c **** *  This file provides the source code to the Interrupt Service Routine for
   7:Generated_Source\PSoC4/SPI_SPI_UART_INT.c **** *  the SCB Component in SPI and UART modes.
   8:Generated_Source\PSoC4/SPI_SPI_UART_INT.c **** *
   9:Generated_Source\PSoC4/SPI_SPI_UART_INT.c **** * Note:
  10:Generated_Source\PSoC4/SPI_SPI_UART_INT.c **** *
  11:Generated_Source\PSoC4/SPI_SPI_UART_INT.c **** ********************************************************************************
  12:Generated_Source\PSoC4/SPI_SPI_UART_INT.c **** * \copyright
  13:Generated_Source\PSoC4/SPI_SPI_UART_INT.c **** * Copyright 2013-2017, Cypress Semiconductor Corporation.  All rights reserved.
  14:Generated_Source\PSoC4/SPI_SPI_UART_INT.c **** * You may use this file only in accordance with the license, terms, conditions,
  15:Generated_Source\PSoC4/SPI_SPI_UART_INT.c **** * disclaimers, and limitations in the end user license agreement accompanying
  16:Generated_Source\PSoC4/SPI_SPI_UART_INT.c **** * the software package with which this file was provided.
  17:Generated_Source\PSoC4/SPI_SPI_UART_INT.c **** *******************************************************************************/
  18:Generated_Source\PSoC4/SPI_SPI_UART_INT.c **** 
  19:Generated_Source\PSoC4/SPI_SPI_UART_INT.c **** #include "SPI_PVT.h"
  20:Generated_Source\PSoC4/SPI_SPI_UART_INT.c **** #include "SPI_SPI_UART_PVT.h"
  21:Generated_Source\PSoC4/SPI_SPI_UART_INT.c **** #include "cyapicallbacks.h"
  22:Generated_Source\PSoC4/SPI_SPI_UART_INT.c **** 
  23:Generated_Source\PSoC4/SPI_SPI_UART_INT.c **** #if (SPI_SCB_IRQ_INTERNAL)
  24:Generated_Source\PSoC4/SPI_SPI_UART_INT.c **** /*******************************************************************************
  25:Generated_Source\PSoC4/SPI_SPI_UART_INT.c **** * Function Name: SPI_SPI_UART_ISR
  26:Generated_Source\PSoC4/SPI_SPI_UART_INT.c **** ****************************************************************************//**
  27:Generated_Source\PSoC4/SPI_SPI_UART_INT.c **** *
  28:Generated_Source\PSoC4/SPI_SPI_UART_INT.c **** *  Handles the Interrupt Service Routine for the SCB SPI or UART modes.
  29:Generated_Source\PSoC4/SPI_SPI_UART_INT.c **** *
  30:Generated_Source\PSoC4/SPI_SPI_UART_INT.c **** *******************************************************************************/
ARM GAS  C:\Users\AFDHAL~1\AppData\Local\Temp\cc2wKDRl.s 			page 2


  31:Generated_Source\PSoC4/SPI_SPI_UART_INT.c **** CY_ISR(SPI_SPI_UART_ISR)
  32:Generated_Source\PSoC4/SPI_SPI_UART_INT.c **** {
  28              		.loc 1 32 0
  29              		.cfi_startproc
  30              		@ args = 0, pretend = 0, frame = 0
  31              		@ frame_needed = 0, uses_anonymous_args = 0
  33:Generated_Source\PSoC4/SPI_SPI_UART_INT.c **** #if (SPI_INTERNAL_RX_SW_BUFFER_CONST)
  34:Generated_Source\PSoC4/SPI_SPI_UART_INT.c ****     uint32 locHead;
  35:Generated_Source\PSoC4/SPI_SPI_UART_INT.c **** #endif /* (SPI_INTERNAL_RX_SW_BUFFER_CONST) */
  36:Generated_Source\PSoC4/SPI_SPI_UART_INT.c **** 
  37:Generated_Source\PSoC4/SPI_SPI_UART_INT.c **** #if (SPI_INTERNAL_TX_SW_BUFFER_CONST)
  38:Generated_Source\PSoC4/SPI_SPI_UART_INT.c ****     uint32 locTail;
  39:Generated_Source\PSoC4/SPI_SPI_UART_INT.c **** #endif /* (SPI_INTERNAL_TX_SW_BUFFER_CONST) */
  40:Generated_Source\PSoC4/SPI_SPI_UART_INT.c **** 
  41:Generated_Source\PSoC4/SPI_SPI_UART_INT.c **** #ifdef SPI_SPI_UART_ISR_ENTRY_CALLBACK
  42:Generated_Source\PSoC4/SPI_SPI_UART_INT.c ****     SPI_SPI_UART_ISR_EntryCallback();
  43:Generated_Source\PSoC4/SPI_SPI_UART_INT.c **** #endif /* SPI_SPI_UART_ISR_ENTRY_CALLBACK */
  44:Generated_Source\PSoC4/SPI_SPI_UART_INT.c **** 
  45:Generated_Source\PSoC4/SPI_SPI_UART_INT.c ****     if (NULL != SPI_customIntrHandler)
  32              		.loc 1 45 0
  33 0000 254B     		ldr	r3, .L27
  32:Generated_Source\PSoC4/SPI_SPI_UART_INT.c **** #if (SPI_INTERNAL_RX_SW_BUFFER_CONST)
  34              		.loc 1 32 0
  35 0002 70B5     		push	{r4, r5, r6, lr}
  36              		.cfi_def_cfa_offset 16
  37              		.cfi_offset 4, -16
  38              		.cfi_offset 5, -12
  39              		.cfi_offset 6, -8
  40              		.cfi_offset 14, -4
  41              		.loc 1 45 0
  42 0004 1B68     		ldr	r3, [r3]
  43 0006 002B     		cmp	r3, #0
  44 0008 00D0     		beq	.L2
  46:Generated_Source\PSoC4/SPI_SPI_UART_INT.c ****     {
  47:Generated_Source\PSoC4/SPI_SPI_UART_INT.c ****         SPI_customIntrHandler();
  45              		.loc 1 47 0
  46 000a 9847     		blx	r3
  47              	.LVL0:
  48              	.L2:
  48:Generated_Source\PSoC4/SPI_SPI_UART_INT.c ****     }
  49:Generated_Source\PSoC4/SPI_SPI_UART_INT.c **** 
  50:Generated_Source\PSoC4/SPI_SPI_UART_INT.c ****     #if(SPI_CHECK_SPI_WAKE_ENABLE)
  51:Generated_Source\PSoC4/SPI_SPI_UART_INT.c ****     {
  52:Generated_Source\PSoC4/SPI_SPI_UART_INT.c ****         /* Clear SPI wakeup source */
  53:Generated_Source\PSoC4/SPI_SPI_UART_INT.c ****         SPI_ClearSpiExtClkInterruptSource(SPI_INTR_SPI_EC_WAKE_UP);
  54:Generated_Source\PSoC4/SPI_SPI_UART_INT.c ****     }
  55:Generated_Source\PSoC4/SPI_SPI_UART_INT.c ****     #endif
  56:Generated_Source\PSoC4/SPI_SPI_UART_INT.c **** 
  57:Generated_Source\PSoC4/SPI_SPI_UART_INT.c ****     #if (SPI_CHECK_RX_SW_BUFFER)
  58:Generated_Source\PSoC4/SPI_SPI_UART_INT.c ****     {
  59:Generated_Source\PSoC4/SPI_SPI_UART_INT.c ****         if (SPI_CHECK_INTR_RX_MASKED(SPI_INTR_RX_NOT_EMPTY))
  49              		.loc 1 59 0
  50 000c 234B     		ldr	r3, .L27+4
  51 000e 1B68     		ldr	r3, [r3]
  52 0010 5B07     		lsls	r3, r3, #29
  53 0012 1CD5     		bpl	.L3
  60:Generated_Source\PSoC4/SPI_SPI_UART_INT.c ****         {
ARM GAS  C:\Users\AFDHAL~1\AppData\Local\Temp\cc2wKDRl.s 			page 3


  61:Generated_Source\PSoC4/SPI_SPI_UART_INT.c ****             do
  62:Generated_Source\PSoC4/SPI_SPI_UART_INT.c ****             {
  63:Generated_Source\PSoC4/SPI_SPI_UART_INT.c ****                 /* Move local head index */
  64:Generated_Source\PSoC4/SPI_SPI_UART_INT.c ****                 locHead = (SPI_rxBufferHead + 1u);
  65:Generated_Source\PSoC4/SPI_SPI_UART_INT.c **** 
  66:Generated_Source\PSoC4/SPI_SPI_UART_INT.c ****                 /* Adjust local head index */
  67:Generated_Source\PSoC4/SPI_SPI_UART_INT.c ****                 if (SPI_INTERNAL_RX_BUFFER_SIZE == locHead)
  68:Generated_Source\PSoC4/SPI_SPI_UART_INT.c ****                 {
  69:Generated_Source\PSoC4/SPI_SPI_UART_INT.c ****                     locHead = 0u;
  70:Generated_Source\PSoC4/SPI_SPI_UART_INT.c ****                 }
  71:Generated_Source\PSoC4/SPI_SPI_UART_INT.c **** 
  72:Generated_Source\PSoC4/SPI_SPI_UART_INT.c ****                 if (locHead == SPI_rxBufferTail)
  73:Generated_Source\PSoC4/SPI_SPI_UART_INT.c ****                 {
  74:Generated_Source\PSoC4/SPI_SPI_UART_INT.c ****                     #if (SPI_CHECK_UART_RTS_CONTROL_FLOW)
  75:Generated_Source\PSoC4/SPI_SPI_UART_INT.c ****                     {
  76:Generated_Source\PSoC4/SPI_SPI_UART_INT.c ****                         /* There is no space in the software buffer - disable the
  77:Generated_Source\PSoC4/SPI_SPI_UART_INT.c ****                         * RX Not Empty interrupt source. The data elements are
  78:Generated_Source\PSoC4/SPI_SPI_UART_INT.c ****                         * still being received into the RX FIFO until the RTS signal
  79:Generated_Source\PSoC4/SPI_SPI_UART_INT.c ****                         * stops the transmitter. After the data element is read from the
  80:Generated_Source\PSoC4/SPI_SPI_UART_INT.c ****                         * buffer, the RX Not Empty interrupt source is enabled to
  81:Generated_Source\PSoC4/SPI_SPI_UART_INT.c ****                         * move the next data element in the software buffer.
  82:Generated_Source\PSoC4/SPI_SPI_UART_INT.c ****                         */
  83:Generated_Source\PSoC4/SPI_SPI_UART_INT.c ****                         SPI_INTR_RX_MASK_REG &= ~SPI_INTR_RX_NOT_EMPTY;
  84:Generated_Source\PSoC4/SPI_SPI_UART_INT.c ****                         break;
  85:Generated_Source\PSoC4/SPI_SPI_UART_INT.c ****                     }
  86:Generated_Source\PSoC4/SPI_SPI_UART_INT.c ****                     #else
  87:Generated_Source\PSoC4/SPI_SPI_UART_INT.c ****                     {
  88:Generated_Source\PSoC4/SPI_SPI_UART_INT.c ****                         /* Overflow: through away received data element */
  89:Generated_Source\PSoC4/SPI_SPI_UART_INT.c ****                         (void) SPI_RX_FIFO_RD_REG;
  90:Generated_Source\PSoC4/SPI_SPI_UART_INT.c ****                         SPI_rxBufferOverflow = (uint8) SPI_INTR_RX_OVERFLOW;
  54              		.loc 1 90 0
  55 0014 2024     		movs	r4, #32
  91:Generated_Source\PSoC4/SPI_SPI_UART_INT.c ****                     }
  92:Generated_Source\PSoC4/SPI_SPI_UART_INT.c ****                     #endif
  93:Generated_Source\PSoC4/SPI_SPI_UART_INT.c ****                 }
  94:Generated_Source\PSoC4/SPI_SPI_UART_INT.c ****                 else
  95:Generated_Source\PSoC4/SPI_SPI_UART_INT.c ****                 {
  96:Generated_Source\PSoC4/SPI_SPI_UART_INT.c ****                     /* Store received data */
  97:Generated_Source\PSoC4/SPI_SPI_UART_INT.c ****                     SPI_PutWordInRxBuffer(locHead, SPI_RX_FIFO_RD_REG);
  98:Generated_Source\PSoC4/SPI_SPI_UART_INT.c **** 
  99:Generated_Source\PSoC4/SPI_SPI_UART_INT.c ****                     /* Move head index */
 100:Generated_Source\PSoC4/SPI_SPI_UART_INT.c ****                     SPI_rxBufferHead = locHead;
 101:Generated_Source\PSoC4/SPI_SPI_UART_INT.c ****                 }
 102:Generated_Source\PSoC4/SPI_SPI_UART_INT.c ****             }
 103:Generated_Source\PSoC4/SPI_SPI_UART_INT.c ****             while(0u != SPI_GET_RX_FIFO_ENTRIES);
  56              		.loc 1 103 0
  57 0016 1F20     		movs	r0, #31
  64:Generated_Source\PSoC4/SPI_SPI_UART_INT.c **** 
  58              		.loc 1 64 0
  59 0018 2149     		ldr	r1, .L27+8
  60              	.L20:
  61 001a 0B68     		ldr	r3, [r1]
  62 001c 0133     		adds	r3, r3, #1
  63              	.LVL1:
  67:Generated_Source\PSoC4/SPI_SPI_UART_INT.c ****                 {
  64              		.loc 1 67 0
  65 001e 412B     		cmp	r3, #65
ARM GAS  C:\Users\AFDHAL~1\AppData\Local\Temp\cc2wKDRl.s 			page 4


  66 0020 00D1     		bne	.L4
  69:Generated_Source\PSoC4/SPI_SPI_UART_INT.c ****                 }
  67              		.loc 1 69 0
  68 0022 0023     		movs	r3, #0
  69              	.LVL2:
  70              	.L4:
  72:Generated_Source\PSoC4/SPI_SPI_UART_INT.c ****                 {
  71              		.loc 1 72 0
  72 0024 1F4A     		ldr	r2, .L27+12
  73 0026 1568     		ldr	r5, [r2]
  74 0028 1F4A     		ldr	r2, .L27+16
  75 002a AB42     		cmp	r3, r5
  76 002c 03D1     		bne	.L5
  89:Generated_Source\PSoC4/SPI_SPI_UART_INT.c ****                         SPI_rxBufferOverflow = (uint8) SPI_INTR_RX_OVERFLOW;
  77              		.loc 1 89 0
  78 002e 1368     		ldr	r3, [r2]
  79              	.LVL3:
  90:Generated_Source\PSoC4/SPI_SPI_UART_INT.c ****                     }
  80              		.loc 1 90 0
  81 0030 1E4B     		ldr	r3, .L27+20
  82 0032 1C70     		strb	r4, [r3]
  83 0034 04E0     		b	.L6
  84              	.LVL4:
  85              	.L5:
  97:Generated_Source\PSoC4/SPI_SPI_UART_INT.c **** 
  86              		.loc 1 97 0
  87 0036 1268     		ldr	r2, [r2]
  88 0038 1D4D     		ldr	r5, .L27+24
  89 003a D2B2     		uxtb	r2, r2
  90 003c EA54     		strb	r2, [r5, r3]
 100:Generated_Source\PSoC4/SPI_SPI_UART_INT.c ****                 }
  91              		.loc 1 100 0
  92 003e 0B60     		str	r3, [r1]
  93              	.LVL5:
  94              	.L6:
  95              		.loc 1 103 0
  96 0040 1C4B     		ldr	r3, .L27+28
  97 0042 1B68     		ldr	r3, [r3]
  98 0044 0342     		tst	r3, r0
  99 0046 E8D1     		bne	.L20
 104:Generated_Source\PSoC4/SPI_SPI_UART_INT.c **** 
 105:Generated_Source\PSoC4/SPI_SPI_UART_INT.c ****             SPI_ClearRxInterruptSource(SPI_INTR_RX_NOT_EMPTY);
 100              		.loc 1 105 0
 101 0048 0422     		movs	r2, #4
 102 004a 1B4B     		ldr	r3, .L27+32
 103 004c 1A60     		str	r2, [r3]
 104              	.L3:
 106:Generated_Source\PSoC4/SPI_SPI_UART_INT.c ****         }
 107:Generated_Source\PSoC4/SPI_SPI_UART_INT.c ****     }
 108:Generated_Source\PSoC4/SPI_SPI_UART_INT.c ****     #endif
 109:Generated_Source\PSoC4/SPI_SPI_UART_INT.c **** 
 110:Generated_Source\PSoC4/SPI_SPI_UART_INT.c **** 
 111:Generated_Source\PSoC4/SPI_SPI_UART_INT.c ****     #if (SPI_CHECK_TX_SW_BUFFER)
 112:Generated_Source\PSoC4/SPI_SPI_UART_INT.c ****     {
 113:Generated_Source\PSoC4/SPI_SPI_UART_INT.c ****         if (SPI_CHECK_INTR_TX_MASKED(SPI_INTR_TX_NOT_FULL))
 105              		.loc 1 113 0
 106 004e 1B4B     		ldr	r3, .L27+36
ARM GAS  C:\Users\AFDHAL~1\AppData\Local\Temp\cc2wKDRl.s 			page 5


 107 0050 1B68     		ldr	r3, [r3]
 108 0052 9B07     		lsls	r3, r3, #30
 109 0054 1FD5     		bpl	.L1
 114:Generated_Source\PSoC4/SPI_SPI_UART_INT.c ****         {
 115:Generated_Source\PSoC4/SPI_SPI_UART_INT.c ****             do
 116:Generated_Source\PSoC4/SPI_SPI_UART_INT.c ****             {
 117:Generated_Source\PSoC4/SPI_SPI_UART_INT.c ****                 /* Check for room in TX software buffer */
 118:Generated_Source\PSoC4/SPI_SPI_UART_INT.c ****                 if (SPI_txBufferHead != SPI_txBufferTail)
 119:Generated_Source\PSoC4/SPI_SPI_UART_INT.c ****                 {
 120:Generated_Source\PSoC4/SPI_SPI_UART_INT.c ****                     /* Move local tail index */
 121:Generated_Source\PSoC4/SPI_SPI_UART_INT.c ****                     locTail = (SPI_txBufferTail + 1u);
 122:Generated_Source\PSoC4/SPI_SPI_UART_INT.c **** 
 123:Generated_Source\PSoC4/SPI_SPI_UART_INT.c ****                     /* Adjust local tail index */
 124:Generated_Source\PSoC4/SPI_SPI_UART_INT.c ****                     if (SPI_TX_BUFFER_SIZE == locTail)
 125:Generated_Source\PSoC4/SPI_SPI_UART_INT.c ****                     {
 126:Generated_Source\PSoC4/SPI_SPI_UART_INT.c ****                         locTail = 0u;
 127:Generated_Source\PSoC4/SPI_SPI_UART_INT.c ****                     }
 128:Generated_Source\PSoC4/SPI_SPI_UART_INT.c **** 
 129:Generated_Source\PSoC4/SPI_SPI_UART_INT.c ****                     /* Put data into TX FIFO */
 130:Generated_Source\PSoC4/SPI_SPI_UART_INT.c ****                     SPI_TX_FIFO_WR_REG = SPI_GetWordFromTxBuffer(locTail);
 131:Generated_Source\PSoC4/SPI_SPI_UART_INT.c **** 
 132:Generated_Source\PSoC4/SPI_SPI_UART_INT.c ****                     /* Move tail index */
 133:Generated_Source\PSoC4/SPI_SPI_UART_INT.c ****                     SPI_txBufferTail = locTail;
 134:Generated_Source\PSoC4/SPI_SPI_UART_INT.c ****                 }
 135:Generated_Source\PSoC4/SPI_SPI_UART_INT.c ****                 else
 136:Generated_Source\PSoC4/SPI_SPI_UART_INT.c ****                 {
 137:Generated_Source\PSoC4/SPI_SPI_UART_INT.c ****                     /* TX software buffer is empty: complete transfer */
 138:Generated_Source\PSoC4/SPI_SPI_UART_INT.c ****                     SPI_DISABLE_INTR_TX(SPI_INTR_TX_NOT_FULL);
 139:Generated_Source\PSoC4/SPI_SPI_UART_INT.c ****                     break;
 140:Generated_Source\PSoC4/SPI_SPI_UART_INT.c ****                 }
 141:Generated_Source\PSoC4/SPI_SPI_UART_INT.c ****             }
 142:Generated_Source\PSoC4/SPI_SPI_UART_INT.c ****             while (SPI_SPI_UART_FIFO_SIZE != SPI_GET_TX_FIFO_ENTRIES);
 110              		.loc 1 142 0
 111 0056 1F20     		movs	r0, #31
 118:Generated_Source\PSoC4/SPI_SPI_UART_INT.c ****                 {
 112              		.loc 1 118 0
 113 0058 194C     		ldr	r4, .L27+40
 114 005a 1A4A     		ldr	r2, .L27+44
 115              	.L19:
 116 005c 2168     		ldr	r1, [r4]
 117 005e 1368     		ldr	r3, [r2]
 118 0060 9942     		cmp	r1, r3
 119 0062 10D0     		beq	.L9
 121:Generated_Source\PSoC4/SPI_SPI_UART_INT.c **** 
 120              		.loc 1 121 0
 121 0064 1368     		ldr	r3, [r2]
 122 0066 0133     		adds	r3, r3, #1
 123              	.LVL6:
 124:Generated_Source\PSoC4/SPI_SPI_UART_INT.c ****                     {
 124              		.loc 1 124 0
 125 0068 402B     		cmp	r3, #64
 126 006a 00D1     		bne	.L10
 126:Generated_Source\PSoC4/SPI_SPI_UART_INT.c ****                     }
 127              		.loc 1 126 0
 128 006c 0023     		movs	r3, #0
 129              	.LVL7:
 130              	.L10:
ARM GAS  C:\Users\AFDHAL~1\AppData\Local\Temp\cc2wKDRl.s 			page 6


 130:Generated_Source\PSoC4/SPI_SPI_UART_INT.c **** 
 131              		.loc 1 130 0
 132 006e 1649     		ldr	r1, .L27+48
 133 0070 164D     		ldr	r5, .L27+52
 134 0072 C95C     		ldrb	r1, [r1, r3]
 135 0074 C9B2     		uxtb	r1, r1
 136 0076 2960     		str	r1, [r5]
 133:Generated_Source\PSoC4/SPI_SPI_UART_INT.c ****                 }
 137              		.loc 1 133 0
 138 0078 1360     		str	r3, [r2]
 139              		.loc 1 142 0
 140 007a 154B     		ldr	r3, .L27+56
 141              	.LVL8:
 142 007c 1B68     		ldr	r3, [r3]
 143 007e 0340     		ands	r3, r0
 144 0080 082B     		cmp	r3, #8
 145 0082 EBD1     		bne	.L19
 146 0084 04E0     		b	.L12
 147              	.LVL9:
 148              	.L9:
 138:Generated_Source\PSoC4/SPI_SPI_UART_INT.c ****                     break;
 149              		.loc 1 138 0
 150 0086 0221     		movs	r1, #2
 151 0088 124A     		ldr	r2, .L27+60
 152 008a 1368     		ldr	r3, [r2]
 153 008c 8B43     		bics	r3, r1
 154 008e 1360     		str	r3, [r2]
 155              	.L12:
 143:Generated_Source\PSoC4/SPI_SPI_UART_INT.c **** 
 144:Generated_Source\PSoC4/SPI_SPI_UART_INT.c ****             SPI_ClearTxInterruptSource(SPI_INTR_TX_NOT_FULL);
 156              		.loc 1 144 0
 157 0090 0222     		movs	r2, #2
 158 0092 114B     		ldr	r3, .L27+64
 159 0094 1A60     		str	r2, [r3]
 160              	.L1:
 145:Generated_Source\PSoC4/SPI_SPI_UART_INT.c ****         }
 146:Generated_Source\PSoC4/SPI_SPI_UART_INT.c ****     }
 147:Generated_Source\PSoC4/SPI_SPI_UART_INT.c ****     #endif
 148:Generated_Source\PSoC4/SPI_SPI_UART_INT.c **** 
 149:Generated_Source\PSoC4/SPI_SPI_UART_INT.c **** #ifdef SPI_SPI_UART_ISR_EXIT_CALLBACK
 150:Generated_Source\PSoC4/SPI_SPI_UART_INT.c ****     SPI_SPI_UART_ISR_ExitCallback();
 151:Generated_Source\PSoC4/SPI_SPI_UART_INT.c **** #endif /* SPI_SPI_UART_ISR_EXIT_CALLBACK */
 152:Generated_Source\PSoC4/SPI_SPI_UART_INT.c **** 
 153:Generated_Source\PSoC4/SPI_SPI_UART_INT.c **** }
 161              		.loc 1 153 0
 162              		@ sp needed
 163 0096 70BD     		pop	{r4, r5, r6, pc}
 164              	.L28:
 165              		.align	2
 166              	.L27:
 167 0098 00000000 		.word	SPI_customIntrHandler
 168 009c CC0F2440 		.word	1076105164
 169 00a0 00000000 		.word	SPI_rxBufferHead
 170 00a4 00000000 		.word	SPI_rxBufferTail
 171 00a8 40032440 		.word	1076101952
 172 00ac 00000000 		.word	SPI_rxBufferOverflow
 173 00b0 00000000 		.word	SPI_rxBufferInternal
ARM GAS  C:\Users\AFDHAL~1\AppData\Local\Temp\cc2wKDRl.s 			page 7


 174 00b4 08032440 		.word	1076101896
 175 00b8 C00F2440 		.word	1076105152
 176 00bc 8C0F2440 		.word	1076105100
 177 00c0 00000000 		.word	SPI_txBufferHead
 178 00c4 00000000 		.word	SPI_txBufferTail
 179 00c8 00000000 		.word	SPI_txBufferInternal
 180 00cc 40022440 		.word	1076101696
 181 00d0 08022440 		.word	1076101640
 182 00d4 880F2440 		.word	1076105096
 183 00d8 800F2440 		.word	1076105088
 184              		.cfi_endproc
 185              	.LFE1:
 186              		.size	SPI_SPI_UART_ISR, .-SPI_SPI_UART_ISR
 187              		.text
 188              	.Letext0:
 189              		.file 2 "Generated_Source\\PSoC4/cytypes.h"
 190              		.file 3 "Generated_Source\\PSoC4\\SPI_PVT.h"
 191              		.file 4 "Generated_Source\\PSoC4\\SPI_SPI_UART_PVT.h"
 192              		.section	.debug_info,"",%progbits
 193              	.Ldebug_info0:
 194 0000 82010000 		.4byte	0x182
 195 0004 0400     		.2byte	0x4
 196 0006 00000000 		.4byte	.Ldebug_abbrev0
 197 000a 04       		.byte	0x4
 198 000b 01       		.uleb128 0x1
 199 000c 04020000 		.4byte	.LASF28
 200 0010 0C       		.byte	0xc
 201 0011 3F000000 		.4byte	.LASF29
 202 0015 47010000 		.4byte	.LASF30
 203 0019 00000000 		.4byte	.Ldebug_ranges0+0
 204 001d 00000000 		.4byte	0
 205 0021 00000000 		.4byte	.Ldebug_line0
 206 0025 02       		.uleb128 0x2
 207 0026 01       		.byte	0x1
 208 0027 06       		.byte	0x6
 209 0028 F8010000 		.4byte	.LASF0
 210 002c 02       		.uleb128 0x2
 211 002d 01       		.byte	0x1
 212 002e 08       		.byte	0x8
 213 002f 99000000 		.4byte	.LASF1
 214 0033 02       		.uleb128 0x2
 215 0034 02       		.byte	0x2
 216 0035 05       		.byte	0x5
 217 0036 D9010000 		.4byte	.LASF2
 218 003a 02       		.uleb128 0x2
 219 003b 02       		.byte	0x2
 220 003c 07       		.byte	0x7
 221 003d 2C000000 		.4byte	.LASF3
 222 0041 02       		.uleb128 0x2
 223 0042 04       		.byte	0x4
 224 0043 05       		.byte	0x5
 225 0044 E3010000 		.4byte	.LASF4
 226 0048 02       		.uleb128 0x2
 227 0049 04       		.byte	0x4
 228 004a 07       		.byte	0x7
 229 004b A7000000 		.4byte	.LASF5
 230 004f 02       		.uleb128 0x2
ARM GAS  C:\Users\AFDHAL~1\AppData\Local\Temp\cc2wKDRl.s 			page 8


 231 0050 08       		.byte	0x8
 232 0051 05       		.byte	0x5
 233 0052 39010000 		.4byte	.LASF6
 234 0056 02       		.uleb128 0x2
 235 0057 08       		.byte	0x8
 236 0058 07       		.byte	0x7
 237 0059 04010000 		.4byte	.LASF7
 238 005d 03       		.uleb128 0x3
 239 005e 04       		.byte	0x4
 240 005f 05       		.byte	0x5
 241 0060 696E7400 		.ascii	"int\000"
 242 0064 02       		.uleb128 0x2
 243 0065 04       		.byte	0x4
 244 0066 07       		.byte	0x7
 245 0067 F7000000 		.4byte	.LASF8
 246 006b 04       		.uleb128 0x4
 247 006c B9000000 		.4byte	.LASF9
 248 0070 02       		.byte	0x2
 249 0071 D201     		.2byte	0x1d2
 250 0073 2C000000 		.4byte	0x2c
 251 0077 04       		.uleb128 0x4
 252 0078 F0000000 		.4byte	.LASF10
 253 007c 02       		.byte	0x2
 254 007d D401     		.2byte	0x1d4
 255 007f 48000000 		.4byte	0x48
 256 0083 02       		.uleb128 0x2
 257 0084 04       		.byte	0x4
 258 0085 04       		.byte	0x4
 259 0086 93000000 		.4byte	.LASF11
 260 008a 02       		.uleb128 0x2
 261 008b 08       		.byte	0x8
 262 008c 04       		.byte	0x4
 263 008d D4000000 		.4byte	.LASF12
 264 0091 02       		.uleb128 0x2
 265 0092 01       		.byte	0x1
 266 0093 08       		.byte	0x8
 267 0094 B2010000 		.4byte	.LASF13
 268 0098 05       		.uleb128 0x5
 269 0099 6B000000 		.4byte	0x6b
 270 009d 04       		.uleb128 0x4
 271 009e 00000000 		.4byte	.LASF14
 272 00a2 02       		.byte	0x2
 273 00a3 7E02     		.2byte	0x27e
 274 00a5 A9000000 		.4byte	0xa9
 275 00a9 05       		.uleb128 0x5
 276 00aa 77000000 		.4byte	0x77
 277 00ae 04       		.uleb128 0x4
 278 00af 1B010000 		.4byte	.LASF15
 279 00b3 02       		.byte	0x2
 280 00b4 8E02     		.2byte	0x28e
 281 00b6 BA000000 		.4byte	0xba
 282 00ba 06       		.uleb128 0x6
 283 00bb 04       		.byte	0x4
 284 00bc C0000000 		.4byte	0xc0
 285 00c0 07       		.uleb128 0x7
 286 00c1 02       		.uleb128 0x2
 287 00c2 08       		.byte	0x8
ARM GAS  C:\Users\AFDHAL~1\AppData\Local\Temp\cc2wKDRl.s 			page 9


 288 00c3 04       		.byte	0x4
 289 00c4 EC010000 		.4byte	.LASF16
 290 00c8 02       		.uleb128 0x2
 291 00c9 04       		.byte	0x4
 292 00ca 07       		.byte	0x7
 293 00cb 30010000 		.4byte	.LASF17
 294 00cf 08       		.uleb128 0x8
 295 00d0 69000000 		.4byte	.LASF31
 296 00d4 01       		.byte	0x1
 297 00d5 1F       		.byte	0x1f
 298 00d6 00000000 		.4byte	.LFB1
 299 00da DC000000 		.4byte	.LFE1-.LFB1
 300 00de 01       		.uleb128 0x1
 301 00df 9C       		.byte	0x9c
 302 00e0 03010000 		.4byte	0x103
 303 00e4 09       		.uleb128 0x9
 304 00e5 8B000000 		.4byte	.LASF18
 305 00e9 01       		.byte	0x1
 306 00ea 22       		.byte	0x22
 307 00eb 77000000 		.4byte	0x77
 308 00ef 00000000 		.4byte	.LLST0
 309 00f3 09       		.uleb128 0x9
 310 00f4 28010000 		.4byte	.LASF19
 311 00f8 01       		.byte	0x1
 312 00f9 26       		.byte	0x26
 313 00fa 77000000 		.4byte	0x77
 314 00fe 1E000000 		.4byte	.LLST1
 315 0102 00       		.byte	0
 316 0103 0A       		.uleb128 0xa
 317 0104 9C010000 		.4byte	.LASF20
 318 0108 03       		.byte	0x3
 319 0109 3B       		.byte	0x3b
 320 010a AE000000 		.4byte	0xae
 321 010e 0A       		.uleb128 0xa
 322 010f B7010000 		.4byte	.LASF21
 323 0113 04       		.byte	0x4
 324 0114 1F       		.byte	0x1f
 325 0115 A9000000 		.4byte	0xa9
 326 0119 0A       		.uleb128 0xa
 327 011a 7A000000 		.4byte	.LASF22
 328 011e 04       		.byte	0x4
 329 011f 20       		.byte	0x20
 330 0120 A9000000 		.4byte	0xa9
 331 0124 0A       		.uleb128 0xa
 332 0125 BF000000 		.4byte	.LASF23
 333 0129 04       		.byte	0x4
 334 012a 2A       		.byte	0x2a
 335 012b 98000000 		.4byte	0x98
 336 012f 0A       		.uleb128 0xa
 337 0130 C8010000 		.4byte	.LASF24
 338 0134 04       		.byte	0x4
 339 0135 2F       		.byte	0x2f
 340 0136 A9000000 		.4byte	0xa9
 341 013a 0A       		.uleb128 0xa
 342 013b 06000000 		.4byte	.LASF25
 343 013f 04       		.byte	0x4
 344 0140 30       		.byte	0x30
ARM GAS  C:\Users\AFDHAL~1\AppData\Local\Temp\cc2wKDRl.s 			page 10


 345 0141 A9000000 		.4byte	0xa9
 346 0145 0B       		.uleb128 0xb
 347 0146 98000000 		.4byte	0x98
 348 014a 55010000 		.4byte	0x155
 349 014e 0C       		.uleb128 0xc
 350 014f C8000000 		.4byte	0xc8
 351 0153 40       		.byte	0x40
 352 0154 00       		.byte	0
 353 0155 0A       		.uleb128 0xa
 354 0156 17000000 		.4byte	.LASF26
 355 015a 04       		.byte	0x4
 356 015b 34       		.byte	0x34
 357 015c 60010000 		.4byte	0x160
 358 0160 05       		.uleb128 0x5
 359 0161 45010000 		.4byte	0x145
 360 0165 0B       		.uleb128 0xb
 361 0166 98000000 		.4byte	0x98
 362 016a 75010000 		.4byte	0x175
 363 016e 0C       		.uleb128 0xc
 364 016f C8000000 		.4byte	0xc8
 365 0173 3F       		.byte	0x3f
 366 0174 00       		.byte	0
 367 0175 0A       		.uleb128 0xa
 368 0176 DB000000 		.4byte	.LASF27
 369 017a 04       		.byte	0x4
 370 017b 38       		.byte	0x38
 371 017c 80010000 		.4byte	0x180
 372 0180 05       		.uleb128 0x5
 373 0181 65010000 		.4byte	0x165
 374 0185 00       		.byte	0
 375              		.section	.debug_abbrev,"",%progbits
 376              	.Ldebug_abbrev0:
 377 0000 01       		.uleb128 0x1
 378 0001 11       		.uleb128 0x11
 379 0002 01       		.byte	0x1
 380 0003 25       		.uleb128 0x25
 381 0004 0E       		.uleb128 0xe
 382 0005 13       		.uleb128 0x13
 383 0006 0B       		.uleb128 0xb
 384 0007 03       		.uleb128 0x3
 385 0008 0E       		.uleb128 0xe
 386 0009 1B       		.uleb128 0x1b
 387 000a 0E       		.uleb128 0xe
 388 000b 55       		.uleb128 0x55
 389 000c 17       		.uleb128 0x17
 390 000d 11       		.uleb128 0x11
 391 000e 01       		.uleb128 0x1
 392 000f 10       		.uleb128 0x10
 393 0010 17       		.uleb128 0x17
 394 0011 00       		.byte	0
 395 0012 00       		.byte	0
 396 0013 02       		.uleb128 0x2
 397 0014 24       		.uleb128 0x24
 398 0015 00       		.byte	0
 399 0016 0B       		.uleb128 0xb
 400 0017 0B       		.uleb128 0xb
 401 0018 3E       		.uleb128 0x3e
ARM GAS  C:\Users\AFDHAL~1\AppData\Local\Temp\cc2wKDRl.s 			page 11


 402 0019 0B       		.uleb128 0xb
 403 001a 03       		.uleb128 0x3
 404 001b 0E       		.uleb128 0xe
 405 001c 00       		.byte	0
 406 001d 00       		.byte	0
 407 001e 03       		.uleb128 0x3
 408 001f 24       		.uleb128 0x24
 409 0020 00       		.byte	0
 410 0021 0B       		.uleb128 0xb
 411 0022 0B       		.uleb128 0xb
 412 0023 3E       		.uleb128 0x3e
 413 0024 0B       		.uleb128 0xb
 414 0025 03       		.uleb128 0x3
 415 0026 08       		.uleb128 0x8
 416 0027 00       		.byte	0
 417 0028 00       		.byte	0
 418 0029 04       		.uleb128 0x4
 419 002a 16       		.uleb128 0x16
 420 002b 00       		.byte	0
 421 002c 03       		.uleb128 0x3
 422 002d 0E       		.uleb128 0xe
 423 002e 3A       		.uleb128 0x3a
 424 002f 0B       		.uleb128 0xb
 425 0030 3B       		.uleb128 0x3b
 426 0031 05       		.uleb128 0x5
 427 0032 49       		.uleb128 0x49
 428 0033 13       		.uleb128 0x13
 429 0034 00       		.byte	0
 430 0035 00       		.byte	0
 431 0036 05       		.uleb128 0x5
 432 0037 35       		.uleb128 0x35
 433 0038 00       		.byte	0
 434 0039 49       		.uleb128 0x49
 435 003a 13       		.uleb128 0x13
 436 003b 00       		.byte	0
 437 003c 00       		.byte	0
 438 003d 06       		.uleb128 0x6
 439 003e 0F       		.uleb128 0xf
 440 003f 00       		.byte	0
 441 0040 0B       		.uleb128 0xb
 442 0041 0B       		.uleb128 0xb
 443 0042 49       		.uleb128 0x49
 444 0043 13       		.uleb128 0x13
 445 0044 00       		.byte	0
 446 0045 00       		.byte	0
 447 0046 07       		.uleb128 0x7
 448 0047 15       		.uleb128 0x15
 449 0048 00       		.byte	0
 450 0049 27       		.uleb128 0x27
 451 004a 19       		.uleb128 0x19
 452 004b 00       		.byte	0
 453 004c 00       		.byte	0
 454 004d 08       		.uleb128 0x8
 455 004e 2E       		.uleb128 0x2e
 456 004f 01       		.byte	0x1
 457 0050 3F       		.uleb128 0x3f
 458 0051 19       		.uleb128 0x19
ARM GAS  C:\Users\AFDHAL~1\AppData\Local\Temp\cc2wKDRl.s 			page 12


 459 0052 03       		.uleb128 0x3
 460 0053 0E       		.uleb128 0xe
 461 0054 3A       		.uleb128 0x3a
 462 0055 0B       		.uleb128 0xb
 463 0056 3B       		.uleb128 0x3b
 464 0057 0B       		.uleb128 0xb
 465 0058 27       		.uleb128 0x27
 466 0059 19       		.uleb128 0x19
 467 005a 11       		.uleb128 0x11
 468 005b 01       		.uleb128 0x1
 469 005c 12       		.uleb128 0x12
 470 005d 06       		.uleb128 0x6
 471 005e 40       		.uleb128 0x40
 472 005f 18       		.uleb128 0x18
 473 0060 9642     		.uleb128 0x2116
 474 0062 19       		.uleb128 0x19
 475 0063 01       		.uleb128 0x1
 476 0064 13       		.uleb128 0x13
 477 0065 00       		.byte	0
 478 0066 00       		.byte	0
 479 0067 09       		.uleb128 0x9
 480 0068 34       		.uleb128 0x34
 481 0069 00       		.byte	0
 482 006a 03       		.uleb128 0x3
 483 006b 0E       		.uleb128 0xe
 484 006c 3A       		.uleb128 0x3a
 485 006d 0B       		.uleb128 0xb
 486 006e 3B       		.uleb128 0x3b
 487 006f 0B       		.uleb128 0xb
 488 0070 49       		.uleb128 0x49
 489 0071 13       		.uleb128 0x13
 490 0072 02       		.uleb128 0x2
 491 0073 17       		.uleb128 0x17
 492 0074 00       		.byte	0
 493 0075 00       		.byte	0
 494 0076 0A       		.uleb128 0xa
 495 0077 34       		.uleb128 0x34
 496 0078 00       		.byte	0
 497 0079 03       		.uleb128 0x3
 498 007a 0E       		.uleb128 0xe
 499 007b 3A       		.uleb128 0x3a
 500 007c 0B       		.uleb128 0xb
 501 007d 3B       		.uleb128 0x3b
 502 007e 0B       		.uleb128 0xb
 503 007f 49       		.uleb128 0x49
 504 0080 13       		.uleb128 0x13
 505 0081 3F       		.uleb128 0x3f
 506 0082 19       		.uleb128 0x19
 507 0083 3C       		.uleb128 0x3c
 508 0084 19       		.uleb128 0x19
 509 0085 00       		.byte	0
 510 0086 00       		.byte	0
 511 0087 0B       		.uleb128 0xb
 512 0088 01       		.uleb128 0x1
 513 0089 01       		.byte	0x1
 514 008a 49       		.uleb128 0x49
 515 008b 13       		.uleb128 0x13
ARM GAS  C:\Users\AFDHAL~1\AppData\Local\Temp\cc2wKDRl.s 			page 13


 516 008c 01       		.uleb128 0x1
 517 008d 13       		.uleb128 0x13
 518 008e 00       		.byte	0
 519 008f 00       		.byte	0
 520 0090 0C       		.uleb128 0xc
 521 0091 21       		.uleb128 0x21
 522 0092 00       		.byte	0
 523 0093 49       		.uleb128 0x49
 524 0094 13       		.uleb128 0x13
 525 0095 2F       		.uleb128 0x2f
 526 0096 0B       		.uleb128 0xb
 527 0097 00       		.byte	0
 528 0098 00       		.byte	0
 529 0099 00       		.byte	0
 530              		.section	.debug_loc,"",%progbits
 531              	.Ldebug_loc0:
 532              	.LLST0:
 533 0000 1E000000 		.4byte	.LVL1
 534 0004 30000000 		.4byte	.LVL3
 535 0008 0100     		.2byte	0x1
 536 000a 53       		.byte	0x53
 537 000b 36000000 		.4byte	.LVL4
 538 000f 40000000 		.4byte	.LVL5
 539 0013 0100     		.2byte	0x1
 540 0015 53       		.byte	0x53
 541 0016 00000000 		.4byte	0
 542 001a 00000000 		.4byte	0
 543              	.LLST1:
 544 001e 68000000 		.4byte	.LVL6
 545 0022 7C000000 		.4byte	.LVL8
 546 0026 0100     		.2byte	0x1
 547 0028 53       		.byte	0x53
 548 0029 7C000000 		.4byte	.LVL8
 549 002d 86000000 		.4byte	.LVL9
 550 0031 0200     		.2byte	0x2
 551 0033 72       		.byte	0x72
 552 0034 00       		.sleb128 0
 553 0035 00000000 		.4byte	0
 554 0039 00000000 		.4byte	0
 555              		.section	.debug_aranges,"",%progbits
 556 0000 1C000000 		.4byte	0x1c
 557 0004 0200     		.2byte	0x2
 558 0006 00000000 		.4byte	.Ldebug_info0
 559 000a 04       		.byte	0x4
 560 000b 00       		.byte	0
 561 000c 0000     		.2byte	0
 562 000e 0000     		.2byte	0
 563 0010 00000000 		.4byte	.LFB1
 564 0014 DC000000 		.4byte	.LFE1-.LFB1
 565 0018 00000000 		.4byte	0
 566 001c 00000000 		.4byte	0
 567              		.section	.debug_ranges,"",%progbits
 568              	.Ldebug_ranges0:
 569 0000 00000000 		.4byte	.LFB1
 570 0004 DC000000 		.4byte	.LFE1
 571 0008 00000000 		.4byte	0
 572 000c 00000000 		.4byte	0
ARM GAS  C:\Users\AFDHAL~1\AppData\Local\Temp\cc2wKDRl.s 			page 14


 573              		.section	.debug_line,"",%progbits
 574              	.Ldebug_line0:
 575 0000 BA000000 		.section	.debug_str,"MS",%progbits,1
 575      02007000 
 575      00000201 
 575      FB0E0D00 
 575      01010101 
 576              	.LASF14:
 577 0000 72656733 		.ascii	"reg32\000"
 577      3200
 578              	.LASF25:
 579 0006 5350495F 		.ascii	"SPI_txBufferTail\000"
 579      74784275 
 579      66666572 
 579      5461696C 
 579      00
 580              	.LASF26:
 581 0017 5350495F 		.ascii	"SPI_rxBufferInternal\000"
 581      72784275 
 581      66666572 
 581      496E7465 
 581      726E616C 
 582              	.LASF3:
 583 002c 73686F72 		.ascii	"short unsigned int\000"
 583      7420756E 
 583      7369676E 
 583      65642069 
 583      6E7400
 584              	.LASF29:
 585 003f 47656E65 		.ascii	"Generated_Source\\PSoC4\\SPI_SPI_UART_INT.c\000"
 585      72617465 
 585      645F536F 
 585      75726365 
 585      5C50536F 
 586              	.LASF31:
 587 0069 5350495F 		.ascii	"SPI_SPI_UART_ISR\000"
 587      5350495F 
 587      55415254 
 587      5F495352 
 587      00
 588              	.LASF22:
 589 007a 5350495F 		.ascii	"SPI_rxBufferTail\000"
 589      72784275 
 589      66666572 
 589      5461696C 
 589      00
 590              	.LASF18:
 591 008b 6C6F6348 		.ascii	"locHead\000"
 591      65616400 
 592              	.LASF11:
 593 0093 666C6F61 		.ascii	"float\000"
 593      7400
 594              	.LASF1:
 595 0099 756E7369 		.ascii	"unsigned char\000"
 595      676E6564 
 595      20636861 
 595      7200
ARM GAS  C:\Users\AFDHAL~1\AppData\Local\Temp\cc2wKDRl.s 			page 15


 596              	.LASF5:
 597 00a7 6C6F6E67 		.ascii	"long unsigned int\000"
 597      20756E73 
 597      69676E65 
 597      6420696E 
 597      7400
 598              	.LASF9:
 599 00b9 75696E74 		.ascii	"uint8\000"
 599      3800
 600              	.LASF23:
 601 00bf 5350495F 		.ascii	"SPI_rxBufferOverflow\000"
 601      72784275 
 601      66666572 
 601      4F766572 
 601      666C6F77 
 602              	.LASF12:
 603 00d4 646F7562 		.ascii	"double\000"
 603      6C6500
 604              	.LASF27:
 605 00db 5350495F 		.ascii	"SPI_txBufferInternal\000"
 605      74784275 
 605      66666572 
 605      496E7465 
 605      726E616C 
 606              	.LASF10:
 607 00f0 75696E74 		.ascii	"uint32\000"
 607      333200
 608              	.LASF8:
 609 00f7 756E7369 		.ascii	"unsigned int\000"
 609      676E6564 
 609      20696E74 
 609      00
 610              	.LASF7:
 611 0104 6C6F6E67 		.ascii	"long long unsigned int\000"
 611      206C6F6E 
 611      6720756E 
 611      7369676E 
 611      65642069 
 612              	.LASF15:
 613 011b 63796973 		.ascii	"cyisraddress\000"
 613      72616464 
 613      72657373 
 613      00
 614              	.LASF19:
 615 0128 6C6F6354 		.ascii	"locTail\000"
 615      61696C00 
 616              	.LASF17:
 617 0130 73697A65 		.ascii	"sizetype\000"
 617      74797065 
 617      00
 618              	.LASF6:
 619 0139 6C6F6E67 		.ascii	"long long int\000"
 619      206C6F6E 
 619      6720696E 
 619      7400
 620              	.LASF30:
 621 0147 433A5C55 		.ascii	"C:\\Users\\AfdhalAtiffTan\\Documents\\PSoC Creator\\"
ARM GAS  C:\Users\AFDHAL~1\AppData\Local\Temp\cc2wKDRl.s 			page 16


 621      73657273 
 621      5C416664 
 621      68616C41 
 621      74696666 
 622 0176 55415254 		.ascii	"UART_over_nFR24\\UART_over_nFR24.cydsn\000"
 622      5F6F7665 
 622      725F6E46 
 622      5232345C 
 622      55415254 
 623              	.LASF20:
 624 019c 5350495F 		.ascii	"SPI_customIntrHandler\000"
 624      63757374 
 624      6F6D496E 
 624      74724861 
 624      6E646C65 
 625              	.LASF13:
 626 01b2 63686172 		.ascii	"char\000"
 626      00
 627              	.LASF21:
 628 01b7 5350495F 		.ascii	"SPI_rxBufferHead\000"
 628      72784275 
 628      66666572 
 628      48656164 
 628      00
 629              	.LASF24:
 630 01c8 5350495F 		.ascii	"SPI_txBufferHead\000"
 630      74784275 
 630      66666572 
 630      48656164 
 630      00
 631              	.LASF2:
 632 01d9 73686F72 		.ascii	"short int\000"
 632      7420696E 
 632      7400
 633              	.LASF4:
 634 01e3 6C6F6E67 		.ascii	"long int\000"
 634      20696E74 
 634      00
 635              	.LASF16:
 636 01ec 6C6F6E67 		.ascii	"long double\000"
 636      20646F75 
 636      626C6500 
 637              	.LASF0:
 638 01f8 7369676E 		.ascii	"signed char\000"
 638      65642063 
 638      68617200 
 639              	.LASF28:
 640 0204 474E5520 		.ascii	"GNU C11 5.4.1 20160609 (release) [ARM/embedded-5-br"
 640      43313120 
 640      352E342E 
 640      31203230 
 640      31363036 
 641 0237 616E6368 		.ascii	"anch revision 237715] -mcpu=cortex-m0 -mthumb -g -O"
 641      20726576 
 641      6973696F 
 641      6E203233 
 641      37373135 
ARM GAS  C:\Users\AFDHAL~1\AppData\Local\Temp\cc2wKDRl.s 			page 17


 642 026a 73202D66 		.ascii	"s -ffunction-sections -ffat-lto-objects\000"
 642      66756E63 
 642      74696F6E 
 642      2D736563 
 642      74696F6E 
 643              		.ident	"GCC: (GNU Tools for ARM Embedded Processors) 5.4.1 20160609 (release) [ARM/embedded-5-bran
