ARM GAS  C:\Users\AFDHAL~1\AppData\Local\Temp\ccj9i739.s 			page 1


   1              		.syntax unified
   2              		.cpu cortex-m0
   3              		.fpu softvfp
   4              		.eabi_attribute 20, 1
   5              		.eabi_attribute 21, 1
   6              		.eabi_attribute 23, 3
   7              		.eabi_attribute 24, 1
   8              		.eabi_attribute 25, 1
   9              		.eabi_attribute 26, 1
  10              		.eabi_attribute 30, 4
  11              		.eabi_attribute 34, 0
  12              		.eabi_attribute 18, 4
  13              		.thumb
  14              		.syntax unified
  15              		.file	"UART_SPI_UART_INT.c"
  16              		.text
  17              	.Ltext0:
  18              		.cfi_sections	.debug_frame
  19              		.section	.text.UART_SPI_UART_ISR,"ax",%progbits
  20              		.align	1
  21              		.global	UART_SPI_UART_ISR
  22              		.code	16
  23              		.thumb_func
  24              		.type	UART_SPI_UART_ISR, %function
  25              	UART_SPI_UART_ISR:
  26              	.LFB1:
  27              		.file 1 "Generated_Source\\PSoC4\\UART_SPI_UART_INT.c"
   1:Generated_Source\PSoC4/UART_SPI_UART_INT.c **** /***************************************************************************//**
   2:Generated_Source\PSoC4/UART_SPI_UART_INT.c **** * \file UART_SPI_UART_INT.c
   3:Generated_Source\PSoC4/UART_SPI_UART_INT.c **** * \version 4.0
   4:Generated_Source\PSoC4/UART_SPI_UART_INT.c **** *
   5:Generated_Source\PSoC4/UART_SPI_UART_INT.c **** * \brief
   6:Generated_Source\PSoC4/UART_SPI_UART_INT.c **** *  This file provides the source code to the Interrupt Service Routine for
   7:Generated_Source\PSoC4/UART_SPI_UART_INT.c **** *  the SCB Component in SPI and UART modes.
   8:Generated_Source\PSoC4/UART_SPI_UART_INT.c **** *
   9:Generated_Source\PSoC4/UART_SPI_UART_INT.c **** * Note:
  10:Generated_Source\PSoC4/UART_SPI_UART_INT.c **** *
  11:Generated_Source\PSoC4/UART_SPI_UART_INT.c **** ********************************************************************************
  12:Generated_Source\PSoC4/UART_SPI_UART_INT.c **** * \copyright
  13:Generated_Source\PSoC4/UART_SPI_UART_INT.c **** * Copyright 2013-2017, Cypress Semiconductor Corporation.  All rights reserved.
  14:Generated_Source\PSoC4/UART_SPI_UART_INT.c **** * You may use this file only in accordance with the license, terms, conditions,
  15:Generated_Source\PSoC4/UART_SPI_UART_INT.c **** * disclaimers, and limitations in the end user license agreement accompanying
  16:Generated_Source\PSoC4/UART_SPI_UART_INT.c **** * the software package with which this file was provided.
  17:Generated_Source\PSoC4/UART_SPI_UART_INT.c **** *******************************************************************************/
  18:Generated_Source\PSoC4/UART_SPI_UART_INT.c **** 
  19:Generated_Source\PSoC4/UART_SPI_UART_INT.c **** #include "UART_PVT.h"
  20:Generated_Source\PSoC4/UART_SPI_UART_INT.c **** #include "UART_SPI_UART_PVT.h"
  21:Generated_Source\PSoC4/UART_SPI_UART_INT.c **** #include "cyapicallbacks.h"
  22:Generated_Source\PSoC4/UART_SPI_UART_INT.c **** 
  23:Generated_Source\PSoC4/UART_SPI_UART_INT.c **** #if (UART_SCB_IRQ_INTERNAL)
  24:Generated_Source\PSoC4/UART_SPI_UART_INT.c **** /*******************************************************************************
  25:Generated_Source\PSoC4/UART_SPI_UART_INT.c **** * Function Name: UART_SPI_UART_ISR
  26:Generated_Source\PSoC4/UART_SPI_UART_INT.c **** ****************************************************************************//**
  27:Generated_Source\PSoC4/UART_SPI_UART_INT.c **** *
  28:Generated_Source\PSoC4/UART_SPI_UART_INT.c **** *  Handles the Interrupt Service Routine for the SCB SPI or UART modes.
  29:Generated_Source\PSoC4/UART_SPI_UART_INT.c **** *
  30:Generated_Source\PSoC4/UART_SPI_UART_INT.c **** *******************************************************************************/
ARM GAS  C:\Users\AFDHAL~1\AppData\Local\Temp\ccj9i739.s 			page 2


  31:Generated_Source\PSoC4/UART_SPI_UART_INT.c **** CY_ISR(UART_SPI_UART_ISR)
  32:Generated_Source\PSoC4/UART_SPI_UART_INT.c **** {
  28              		.loc 1 32 0
  29              		.cfi_startproc
  30              		@ args = 0, pretend = 0, frame = 0
  31              		@ frame_needed = 0, uses_anonymous_args = 0
  33:Generated_Source\PSoC4/UART_SPI_UART_INT.c **** #if (UART_INTERNAL_RX_SW_BUFFER_CONST)
  34:Generated_Source\PSoC4/UART_SPI_UART_INT.c ****     uint32 locHead;
  35:Generated_Source\PSoC4/UART_SPI_UART_INT.c **** #endif /* (UART_INTERNAL_RX_SW_BUFFER_CONST) */
  36:Generated_Source\PSoC4/UART_SPI_UART_INT.c **** 
  37:Generated_Source\PSoC4/UART_SPI_UART_INT.c **** #if (UART_INTERNAL_TX_SW_BUFFER_CONST)
  38:Generated_Source\PSoC4/UART_SPI_UART_INT.c ****     uint32 locTail;
  39:Generated_Source\PSoC4/UART_SPI_UART_INT.c **** #endif /* (UART_INTERNAL_TX_SW_BUFFER_CONST) */
  40:Generated_Source\PSoC4/UART_SPI_UART_INT.c **** 
  41:Generated_Source\PSoC4/UART_SPI_UART_INT.c **** #ifdef UART_SPI_UART_ISR_ENTRY_CALLBACK
  42:Generated_Source\PSoC4/UART_SPI_UART_INT.c ****     UART_SPI_UART_ISR_EntryCallback();
  43:Generated_Source\PSoC4/UART_SPI_UART_INT.c **** #endif /* UART_SPI_UART_ISR_ENTRY_CALLBACK */
  44:Generated_Source\PSoC4/UART_SPI_UART_INT.c **** 
  45:Generated_Source\PSoC4/UART_SPI_UART_INT.c ****     if (NULL != UART_customIntrHandler)
  32              		.loc 1 45 0
  33 0000 274B     		ldr	r3, .L27
  32:Generated_Source\PSoC4/UART_SPI_UART_INT.c **** #if (UART_INTERNAL_RX_SW_BUFFER_CONST)
  34              		.loc 1 32 0
  35 0002 70B5     		push	{r4, r5, r6, lr}
  36              		.cfi_def_cfa_offset 16
  37              		.cfi_offset 4, -16
  38              		.cfi_offset 5, -12
  39              		.cfi_offset 6, -8
  40              		.cfi_offset 14, -4
  41              		.loc 1 45 0
  42 0004 1B68     		ldr	r3, [r3]
  43 0006 002B     		cmp	r3, #0
  44 0008 00D0     		beq	.L2
  46:Generated_Source\PSoC4/UART_SPI_UART_INT.c ****     {
  47:Generated_Source\PSoC4/UART_SPI_UART_INT.c ****         UART_customIntrHandler();
  45              		.loc 1 47 0
  46 000a 9847     		blx	r3
  47              	.LVL0:
  48              	.L2:
  48:Generated_Source\PSoC4/UART_SPI_UART_INT.c ****     }
  49:Generated_Source\PSoC4/UART_SPI_UART_INT.c **** 
  50:Generated_Source\PSoC4/UART_SPI_UART_INT.c ****     #if(UART_CHECK_SPI_WAKE_ENABLE)
  51:Generated_Source\PSoC4/UART_SPI_UART_INT.c ****     {
  52:Generated_Source\PSoC4/UART_SPI_UART_INT.c ****         /* Clear SPI wakeup source */
  53:Generated_Source\PSoC4/UART_SPI_UART_INT.c ****         UART_ClearSpiExtClkInterruptSource(UART_INTR_SPI_EC_WAKE_UP);
  54:Generated_Source\PSoC4/UART_SPI_UART_INT.c ****     }
  55:Generated_Source\PSoC4/UART_SPI_UART_INT.c ****     #endif
  56:Generated_Source\PSoC4/UART_SPI_UART_INT.c **** 
  57:Generated_Source\PSoC4/UART_SPI_UART_INT.c ****     #if (UART_CHECK_RX_SW_BUFFER)
  58:Generated_Source\PSoC4/UART_SPI_UART_INT.c ****     {
  59:Generated_Source\PSoC4/UART_SPI_UART_INT.c ****         if (UART_CHECK_INTR_RX_MASKED(UART_INTR_RX_NOT_EMPTY))
  49              		.loc 1 59 0
  50 000c 254B     		ldr	r3, .L27+4
  51 000e 1B68     		ldr	r3, [r3]
  52 0010 5B07     		lsls	r3, r3, #29
  53 0012 1ED5     		bpl	.L3
  60:Generated_Source\PSoC4/UART_SPI_UART_INT.c ****         {
ARM GAS  C:\Users\AFDHAL~1\AppData\Local\Temp\ccj9i739.s 			page 3


  61:Generated_Source\PSoC4/UART_SPI_UART_INT.c ****             do
  62:Generated_Source\PSoC4/UART_SPI_UART_INT.c ****             {
  63:Generated_Source\PSoC4/UART_SPI_UART_INT.c ****                 /* Move local head index */
  64:Generated_Source\PSoC4/UART_SPI_UART_INT.c ****                 locHead = (UART_rxBufferHead + 1u);
  65:Generated_Source\PSoC4/UART_SPI_UART_INT.c **** 
  66:Generated_Source\PSoC4/UART_SPI_UART_INT.c ****                 /* Adjust local head index */
  67:Generated_Source\PSoC4/UART_SPI_UART_INT.c ****                 if (UART_INTERNAL_RX_BUFFER_SIZE == locHead)
  54              		.loc 1 67 0
  55 0014 0224     		movs	r4, #2
  68:Generated_Source\PSoC4/UART_SPI_UART_INT.c ****                 {
  69:Generated_Source\PSoC4/UART_SPI_UART_INT.c ****                     locHead = 0u;
  70:Generated_Source\PSoC4/UART_SPI_UART_INT.c ****                 }
  71:Generated_Source\PSoC4/UART_SPI_UART_INT.c **** 
  72:Generated_Source\PSoC4/UART_SPI_UART_INT.c ****                 if (locHead == UART_rxBufferTail)
  73:Generated_Source\PSoC4/UART_SPI_UART_INT.c ****                 {
  74:Generated_Source\PSoC4/UART_SPI_UART_INT.c ****                     #if (UART_CHECK_UART_RTS_CONTROL_FLOW)
  75:Generated_Source\PSoC4/UART_SPI_UART_INT.c ****                     {
  76:Generated_Source\PSoC4/UART_SPI_UART_INT.c ****                         /* There is no space in the software buffer - disable the
  77:Generated_Source\PSoC4/UART_SPI_UART_INT.c ****                         * RX Not Empty interrupt source. The data elements are
  78:Generated_Source\PSoC4/UART_SPI_UART_INT.c ****                         * still being received into the RX FIFO until the RTS signal
  79:Generated_Source\PSoC4/UART_SPI_UART_INT.c ****                         * stops the transmitter. After the data element is read from the
  80:Generated_Source\PSoC4/UART_SPI_UART_INT.c ****                         * buffer, the RX Not Empty interrupt source is enabled to
  81:Generated_Source\PSoC4/UART_SPI_UART_INT.c ****                         * move the next data element in the software buffer.
  82:Generated_Source\PSoC4/UART_SPI_UART_INT.c ****                         */
  83:Generated_Source\PSoC4/UART_SPI_UART_INT.c ****                         UART_INTR_RX_MASK_REG &= ~UART_INTR_RX_NOT_EMPTY;
  84:Generated_Source\PSoC4/UART_SPI_UART_INT.c ****                         break;
  85:Generated_Source\PSoC4/UART_SPI_UART_INT.c ****                     }
  86:Generated_Source\PSoC4/UART_SPI_UART_INT.c ****                     #else
  87:Generated_Source\PSoC4/UART_SPI_UART_INT.c ****                     {
  88:Generated_Source\PSoC4/UART_SPI_UART_INT.c ****                         /* Overflow: through away received data element */
  89:Generated_Source\PSoC4/UART_SPI_UART_INT.c ****                         (void) UART_RX_FIFO_RD_REG;
  90:Generated_Source\PSoC4/UART_SPI_UART_INT.c ****                         UART_rxBufferOverflow = (uint8) UART_INTR_RX_OVERFLOW;
  56              		.loc 1 90 0
  57 0016 2025     		movs	r5, #32
  91:Generated_Source\PSoC4/UART_SPI_UART_INT.c ****                     }
  92:Generated_Source\PSoC4/UART_SPI_UART_INT.c ****                     #endif
  93:Generated_Source\PSoC4/UART_SPI_UART_INT.c ****                 }
  94:Generated_Source\PSoC4/UART_SPI_UART_INT.c ****                 else
  95:Generated_Source\PSoC4/UART_SPI_UART_INT.c ****                 {
  96:Generated_Source\PSoC4/UART_SPI_UART_INT.c ****                     /* Store received data */
  97:Generated_Source\PSoC4/UART_SPI_UART_INT.c ****                     UART_PutWordInRxBuffer(locHead, UART_RX_FIFO_RD_REG);
  98:Generated_Source\PSoC4/UART_SPI_UART_INT.c **** 
  99:Generated_Source\PSoC4/UART_SPI_UART_INT.c ****                     /* Move head index */
 100:Generated_Source\PSoC4/UART_SPI_UART_INT.c ****                     UART_rxBufferHead = locHead;
 101:Generated_Source\PSoC4/UART_SPI_UART_INT.c ****                 }
 102:Generated_Source\PSoC4/UART_SPI_UART_INT.c ****             }
 103:Generated_Source\PSoC4/UART_SPI_UART_INT.c ****             while(0u != UART_GET_RX_FIFO_ENTRIES);
  58              		.loc 1 103 0
  59 0018 1F20     		movs	r0, #31
  64:Generated_Source\PSoC4/UART_SPI_UART_INT.c **** 
  60              		.loc 1 64 0
  61 001a 2349     		ldr	r1, .L27+8
  67:Generated_Source\PSoC4/UART_SPI_UART_INT.c ****                 {
  62              		.loc 1 67 0
  63 001c FF34     		adds	r4, r4, #255
  64              	.L20:
  64:Generated_Source\PSoC4/UART_SPI_UART_INT.c **** 
ARM GAS  C:\Users\AFDHAL~1\AppData\Local\Temp\ccj9i739.s 			page 4


  65              		.loc 1 64 0
  66 001e 0B68     		ldr	r3, [r1]
  67 0020 0133     		adds	r3, r3, #1
  68              	.LVL1:
  67:Generated_Source\PSoC4/UART_SPI_UART_INT.c ****                 {
  69              		.loc 1 67 0
  70 0022 A342     		cmp	r3, r4
  71 0024 00D1     		bne	.L4
  69:Generated_Source\PSoC4/UART_SPI_UART_INT.c ****                 }
  72              		.loc 1 69 0
  73 0026 0023     		movs	r3, #0
  74              	.LVL2:
  75              	.L4:
  72:Generated_Source\PSoC4/UART_SPI_UART_INT.c ****                 {
  76              		.loc 1 72 0
  77 0028 204A     		ldr	r2, .L27+12
  78 002a 1668     		ldr	r6, [r2]
  79 002c 204A     		ldr	r2, .L27+16
  80 002e B342     		cmp	r3, r6
  81 0030 03D1     		bne	.L5
  89:Generated_Source\PSoC4/UART_SPI_UART_INT.c ****                         UART_rxBufferOverflow = (uint8) UART_INTR_RX_OVERFLOW;
  82              		.loc 1 89 0
  83 0032 1368     		ldr	r3, [r2]
  84              	.LVL3:
  90:Generated_Source\PSoC4/UART_SPI_UART_INT.c ****                     }
  85              		.loc 1 90 0
  86 0034 1F4B     		ldr	r3, .L27+20
  87 0036 1D70     		strb	r5, [r3]
  88 0038 04E0     		b	.L6
  89              	.LVL4:
  90              	.L5:
  97:Generated_Source\PSoC4/UART_SPI_UART_INT.c **** 
  91              		.loc 1 97 0
  92 003a 1268     		ldr	r2, [r2]
  93 003c 1E4E     		ldr	r6, .L27+24
  94 003e D2B2     		uxtb	r2, r2
  95 0040 F254     		strb	r2, [r6, r3]
 100:Generated_Source\PSoC4/UART_SPI_UART_INT.c ****                 }
  96              		.loc 1 100 0
  97 0042 0B60     		str	r3, [r1]
  98              	.LVL5:
  99              	.L6:
 100              		.loc 1 103 0
 101 0044 1D4B     		ldr	r3, .L27+28
 102 0046 1B68     		ldr	r3, [r3]
 103 0048 0342     		tst	r3, r0
 104 004a E8D1     		bne	.L20
 104:Generated_Source\PSoC4/UART_SPI_UART_INT.c **** 
 105:Generated_Source\PSoC4/UART_SPI_UART_INT.c ****             UART_ClearRxInterruptSource(UART_INTR_RX_NOT_EMPTY);
 105              		.loc 1 105 0
 106 004c 0422     		movs	r2, #4
 107 004e 1C4B     		ldr	r3, .L27+32
 108 0050 1A60     		str	r2, [r3]
 109              	.L3:
 106:Generated_Source\PSoC4/UART_SPI_UART_INT.c ****         }
 107:Generated_Source\PSoC4/UART_SPI_UART_INT.c ****     }
 108:Generated_Source\PSoC4/UART_SPI_UART_INT.c ****     #endif
ARM GAS  C:\Users\AFDHAL~1\AppData\Local\Temp\ccj9i739.s 			page 5


 109:Generated_Source\PSoC4/UART_SPI_UART_INT.c **** 
 110:Generated_Source\PSoC4/UART_SPI_UART_INT.c **** 
 111:Generated_Source\PSoC4/UART_SPI_UART_INT.c ****     #if (UART_CHECK_TX_SW_BUFFER)
 112:Generated_Source\PSoC4/UART_SPI_UART_INT.c ****     {
 113:Generated_Source\PSoC4/UART_SPI_UART_INT.c ****         if (UART_CHECK_INTR_TX_MASKED(UART_INTR_TX_NOT_FULL))
 110              		.loc 1 113 0
 111 0052 1C4B     		ldr	r3, .L27+36
 112 0054 1B68     		ldr	r3, [r3]
 113 0056 9B07     		lsls	r3, r3, #30
 114 0058 21D5     		bpl	.L1
 114:Generated_Source\PSoC4/UART_SPI_UART_INT.c ****         {
 115:Generated_Source\PSoC4/UART_SPI_UART_INT.c ****             do
 116:Generated_Source\PSoC4/UART_SPI_UART_INT.c ****             {
 117:Generated_Source\PSoC4/UART_SPI_UART_INT.c ****                 /* Check for room in TX software buffer */
 118:Generated_Source\PSoC4/UART_SPI_UART_INT.c ****                 if (UART_txBufferHead != UART_txBufferTail)
 119:Generated_Source\PSoC4/UART_SPI_UART_INT.c ****                 {
 120:Generated_Source\PSoC4/UART_SPI_UART_INT.c ****                     /* Move local tail index */
 121:Generated_Source\PSoC4/UART_SPI_UART_INT.c ****                     locTail = (UART_txBufferTail + 1u);
 122:Generated_Source\PSoC4/UART_SPI_UART_INT.c **** 
 123:Generated_Source\PSoC4/UART_SPI_UART_INT.c ****                     /* Adjust local tail index */
 124:Generated_Source\PSoC4/UART_SPI_UART_INT.c ****                     if (UART_TX_BUFFER_SIZE == locTail)
 115              		.loc 1 124 0
 116 005a 8025     		movs	r5, #128
 125:Generated_Source\PSoC4/UART_SPI_UART_INT.c ****                     {
 126:Generated_Source\PSoC4/UART_SPI_UART_INT.c ****                         locTail = 0u;
 127:Generated_Source\PSoC4/UART_SPI_UART_INT.c ****                     }
 128:Generated_Source\PSoC4/UART_SPI_UART_INT.c **** 
 129:Generated_Source\PSoC4/UART_SPI_UART_INT.c ****                     /* Put data into TX FIFO */
 130:Generated_Source\PSoC4/UART_SPI_UART_INT.c ****                     UART_TX_FIFO_WR_REG = UART_GetWordFromTxBuffer(locTail);
 131:Generated_Source\PSoC4/UART_SPI_UART_INT.c **** 
 132:Generated_Source\PSoC4/UART_SPI_UART_INT.c ****                     /* Move tail index */
 133:Generated_Source\PSoC4/UART_SPI_UART_INT.c ****                     UART_txBufferTail = locTail;
 134:Generated_Source\PSoC4/UART_SPI_UART_INT.c ****                 }
 135:Generated_Source\PSoC4/UART_SPI_UART_INT.c ****                 else
 136:Generated_Source\PSoC4/UART_SPI_UART_INT.c ****                 {
 137:Generated_Source\PSoC4/UART_SPI_UART_INT.c ****                     /* TX software buffer is empty: complete transfer */
 138:Generated_Source\PSoC4/UART_SPI_UART_INT.c ****                     UART_DISABLE_INTR_TX(UART_INTR_TX_NOT_FULL);
 139:Generated_Source\PSoC4/UART_SPI_UART_INT.c ****                     break;
 140:Generated_Source\PSoC4/UART_SPI_UART_INT.c ****                 }
 141:Generated_Source\PSoC4/UART_SPI_UART_INT.c ****             }
 142:Generated_Source\PSoC4/UART_SPI_UART_INT.c ****             while (UART_SPI_UART_FIFO_SIZE != UART_GET_TX_FIFO_ENTRIES);
 117              		.loc 1 142 0
 118 005c 1F20     		movs	r0, #31
 118:Generated_Source\PSoC4/UART_SPI_UART_INT.c ****                 {
 119              		.loc 1 118 0
 120 005e 1A4C     		ldr	r4, .L27+40
 121 0060 1A4A     		ldr	r2, .L27+44
 124:Generated_Source\PSoC4/UART_SPI_UART_INT.c ****                     {
 122              		.loc 1 124 0
 123 0062 6D00     		lsls	r5, r5, #1
 124              	.L19:
 118:Generated_Source\PSoC4/UART_SPI_UART_INT.c ****                 {
 125              		.loc 1 118 0
 126 0064 2168     		ldr	r1, [r4]
 127 0066 1368     		ldr	r3, [r2]
 128 0068 9942     		cmp	r1, r3
 129 006a 10D0     		beq	.L9
ARM GAS  C:\Users\AFDHAL~1\AppData\Local\Temp\ccj9i739.s 			page 6


 121:Generated_Source\PSoC4/UART_SPI_UART_INT.c **** 
 130              		.loc 1 121 0
 131 006c 1368     		ldr	r3, [r2]
 132 006e 0133     		adds	r3, r3, #1
 133              	.LVL6:
 124:Generated_Source\PSoC4/UART_SPI_UART_INT.c ****                     {
 134              		.loc 1 124 0
 135 0070 AB42     		cmp	r3, r5
 136 0072 00D1     		bne	.L10
 126:Generated_Source\PSoC4/UART_SPI_UART_INT.c ****                     }
 137              		.loc 1 126 0
 138 0074 0023     		movs	r3, #0
 139              	.LVL7:
 140              	.L10:
 130:Generated_Source\PSoC4/UART_SPI_UART_INT.c **** 
 141              		.loc 1 130 0
 142 0076 1649     		ldr	r1, .L27+48
 143 0078 164E     		ldr	r6, .L27+52
 144 007a C95C     		ldrb	r1, [r1, r3]
 145 007c C9B2     		uxtb	r1, r1
 146 007e 3160     		str	r1, [r6]
 133:Generated_Source\PSoC4/UART_SPI_UART_INT.c ****                 }
 147              		.loc 1 133 0
 148 0080 1360     		str	r3, [r2]
 149              		.loc 1 142 0
 150 0082 154B     		ldr	r3, .L27+56
 151              	.LVL8:
 152 0084 1B68     		ldr	r3, [r3]
 153 0086 0340     		ands	r3, r0
 154 0088 082B     		cmp	r3, #8
 155 008a EBD1     		bne	.L19
 156 008c 04E0     		b	.L12
 157              	.LVL9:
 158              	.L9:
 138:Generated_Source\PSoC4/UART_SPI_UART_INT.c ****                     break;
 159              		.loc 1 138 0
 160 008e 0221     		movs	r1, #2
 161 0090 124A     		ldr	r2, .L27+60
 162 0092 1368     		ldr	r3, [r2]
 163 0094 8B43     		bics	r3, r1
 164 0096 1360     		str	r3, [r2]
 165              	.L12:
 143:Generated_Source\PSoC4/UART_SPI_UART_INT.c **** 
 144:Generated_Source\PSoC4/UART_SPI_UART_INT.c ****             UART_ClearTxInterruptSource(UART_INTR_TX_NOT_FULL);
 166              		.loc 1 144 0
 167 0098 0222     		movs	r2, #2
 168 009a 114B     		ldr	r3, .L27+64
 169 009c 1A60     		str	r2, [r3]
 170              	.L1:
 145:Generated_Source\PSoC4/UART_SPI_UART_INT.c ****         }
 146:Generated_Source\PSoC4/UART_SPI_UART_INT.c ****     }
 147:Generated_Source\PSoC4/UART_SPI_UART_INT.c ****     #endif
 148:Generated_Source\PSoC4/UART_SPI_UART_INT.c **** 
 149:Generated_Source\PSoC4/UART_SPI_UART_INT.c **** #ifdef UART_SPI_UART_ISR_EXIT_CALLBACK
 150:Generated_Source\PSoC4/UART_SPI_UART_INT.c ****     UART_SPI_UART_ISR_ExitCallback();
 151:Generated_Source\PSoC4/UART_SPI_UART_INT.c **** #endif /* UART_SPI_UART_ISR_EXIT_CALLBACK */
 152:Generated_Source\PSoC4/UART_SPI_UART_INT.c **** 
ARM GAS  C:\Users\AFDHAL~1\AppData\Local\Temp\ccj9i739.s 			page 7


 153:Generated_Source\PSoC4/UART_SPI_UART_INT.c **** }
 171              		.loc 1 153 0
 172              		@ sp needed
 173 009e 70BD     		pop	{r4, r5, r6, pc}
 174              	.L28:
 175              		.align	2
 176              	.L27:
 177 00a0 00000000 		.word	UART_customIntrHandler
 178 00a4 CC0F2540 		.word	1076170700
 179 00a8 00000000 		.word	UART_rxBufferHead
 180 00ac 00000000 		.word	UART_rxBufferTail
 181 00b0 40032540 		.word	1076167488
 182 00b4 00000000 		.word	UART_rxBufferOverflow
 183 00b8 00000000 		.word	UART_rxBufferInternal
 184 00bc 08032540 		.word	1076167432
 185 00c0 C00F2540 		.word	1076170688
 186 00c4 8C0F2540 		.word	1076170636
 187 00c8 00000000 		.word	UART_txBufferHead
 188 00cc 00000000 		.word	UART_txBufferTail
 189 00d0 00000000 		.word	UART_txBufferInternal
 190 00d4 40022540 		.word	1076167232
 191 00d8 08022540 		.word	1076167176
 192 00dc 880F2540 		.word	1076170632
 193 00e0 800F2540 		.word	1076170624
 194              		.cfi_endproc
 195              	.LFE1:
 196              		.size	UART_SPI_UART_ISR, .-UART_SPI_UART_ISR
 197              		.text
 198              	.Letext0:
 199              		.file 2 "Generated_Source\\PSoC4/cytypes.h"
 200              		.file 3 "Generated_Source\\PSoC4\\UART_PVT.h"
 201              		.file 4 "Generated_Source\\PSoC4\\UART_SPI_UART_PVT.h"
 202              		.section	.debug_info,"",%progbits
 203              	.Ldebug_info0:
 204 0000 83010000 		.4byte	0x183
 205 0004 0400     		.2byte	0x4
 206 0006 00000000 		.4byte	.Ldebug_abbrev0
 207 000a 04       		.byte	0x4
 208 000b 01       		.uleb128 0x1
 209 000c 0E020000 		.4byte	.LASF28
 210 0010 0C       		.byte	0xc
 211 0011 88000000 		.4byte	.LASF29
 212 0015 27010000 		.4byte	.LASF30
 213 0019 00000000 		.4byte	.Ldebug_ranges0+0
 214 001d 00000000 		.4byte	0
 215 0021 00000000 		.4byte	.Ldebug_line0
 216 0025 02       		.uleb128 0x2
 217 0026 01       		.byte	0x1
 218 0027 06       		.byte	0x6
 219 0028 F0010000 		.4byte	.LASF0
 220 002c 02       		.uleb128 0x2
 221 002d 01       		.byte	0x1
 222 002e 08       		.byte	0x8
 223 002f 50000000 		.4byte	.LASF1
 224 0033 02       		.uleb128 0x2
 225 0034 02       		.byte	0x2
 226 0035 05       		.byte	0x5
ARM GAS  C:\Users\AFDHAL~1\AppData\Local\Temp\ccj9i739.s 			page 8


 227 0036 A9010000 		.4byte	.LASF2
 228 003a 02       		.uleb128 0x2
 229 003b 02       		.byte	0x2
 230 003c 07       		.byte	0x7
 231 003d 1D000000 		.4byte	.LASF3
 232 0041 02       		.uleb128 0x2
 233 0042 04       		.byte	0x4
 234 0043 05       		.byte	0x5
 235 0044 C5010000 		.4byte	.LASF4
 236 0048 02       		.uleb128 0x2
 237 0049 04       		.byte	0x4
 238 004a 07       		.byte	0x7
 239 004b 5E000000 		.4byte	.LASF5
 240 004f 02       		.uleb128 0x2
 241 0050 08       		.byte	0x8
 242 0051 05       		.byte	0x5
 243 0052 19010000 		.4byte	.LASF6
 244 0056 02       		.uleb128 0x2
 245 0057 08       		.byte	0x8
 246 0058 07       		.byte	0x7
 247 0059 CE000000 		.4byte	.LASF7
 248 005d 03       		.uleb128 0x3
 249 005e 04       		.byte	0x4
 250 005f 05       		.byte	0x5
 251 0060 696E7400 		.ascii	"int\000"
 252 0064 02       		.uleb128 0x2
 253 0065 04       		.byte	0x4
 254 0066 07       		.byte	0x7
 255 0067 C1000000 		.4byte	.LASF8
 256 006b 04       		.uleb128 0x4
 257 006c 70000000 		.4byte	.LASF9
 258 0070 02       		.byte	0x2
 259 0071 D201     		.2byte	0x1d2
 260 0073 2C000000 		.4byte	0x2c
 261 0077 04       		.uleb128 0x4
 262 0078 BA000000 		.4byte	.LASF10
 263 007c 02       		.byte	0x2
 264 007d D401     		.2byte	0x1d4
 265 007f 48000000 		.4byte	0x48
 266 0083 02       		.uleb128 0x2
 267 0084 04       		.byte	0x4
 268 0085 04       		.byte	0x4
 269 0086 4A000000 		.4byte	.LASF11
 270 008a 02       		.uleb128 0x2
 271 008b 08       		.byte	0x8
 272 008c 04       		.byte	0x4
 273 008d B3000000 		.4byte	.LASF12
 274 0091 02       		.uleb128 0x2
 275 0092 01       		.byte	0x1
 276 0093 08       		.byte	0x8
 277 0094 7C010000 		.4byte	.LASF13
 278 0098 05       		.uleb128 0x5
 279 0099 6B000000 		.4byte	0x6b
 280 009d 04       		.uleb128 0x4
 281 009e 00000000 		.4byte	.LASF14
 282 00a2 02       		.byte	0x2
 283 00a3 7E02     		.2byte	0x27e
ARM GAS  C:\Users\AFDHAL~1\AppData\Local\Temp\ccj9i739.s 			page 9


 284 00a5 A9000000 		.4byte	0xa9
 285 00a9 05       		.uleb128 0x5
 286 00aa 77000000 		.4byte	0x77
 287 00ae 04       		.uleb128 0x4
 288 00af FB000000 		.4byte	.LASF15
 289 00b3 02       		.byte	0x2
 290 00b4 8E02     		.2byte	0x28e
 291 00b6 BA000000 		.4byte	0xba
 292 00ba 06       		.uleb128 0x6
 293 00bb 04       		.byte	0x4
 294 00bc C0000000 		.4byte	0xc0
 295 00c0 07       		.uleb128 0x7
 296 00c1 02       		.uleb128 0x2
 297 00c2 08       		.byte	0x8
 298 00c3 04       		.byte	0x4
 299 00c4 CE010000 		.4byte	.LASF16
 300 00c8 02       		.uleb128 0x2
 301 00c9 04       		.byte	0x4
 302 00ca 07       		.byte	0x7
 303 00cb 10010000 		.4byte	.LASF17
 304 00cf 08       		.uleb128 0x8
 305 00d0 B3010000 		.4byte	.LASF31
 306 00d4 01       		.byte	0x1
 307 00d5 1F       		.byte	0x1f
 308 00d6 00000000 		.4byte	.LFB1
 309 00da E4000000 		.4byte	.LFE1-.LFB1
 310 00de 01       		.uleb128 0x1
 311 00df 9C       		.byte	0x9c
 312 00e0 03010000 		.4byte	0x103
 313 00e4 09       		.uleb128 0x9
 314 00e5 42000000 		.4byte	.LASF18
 315 00e9 01       		.byte	0x1
 316 00ea 22       		.byte	0x22
 317 00eb 77000000 		.4byte	0x77
 318 00ef 00000000 		.4byte	.LLST0
 319 00f3 09       		.uleb128 0x9
 320 00f4 08010000 		.4byte	.LASF19
 321 00f8 01       		.byte	0x1
 322 00f9 26       		.byte	0x26
 323 00fa 77000000 		.4byte	0x77
 324 00fe 1E000000 		.4byte	.LLST1
 325 0102 00       		.byte	0
 326 0103 0A       		.uleb128 0xa
 327 0104 06000000 		.4byte	.LASF20
 328 0108 03       		.byte	0x3
 329 0109 3B       		.byte	0x3b
 330 010a AE000000 		.4byte	0xae
 331 010e 0A       		.uleb128 0xa
 332 010f FC010000 		.4byte	.LASF21
 333 0113 04       		.byte	0x4
 334 0114 1F       		.byte	0x1f
 335 0115 A9000000 		.4byte	0xa9
 336 0119 0A       		.uleb128 0xa
 337 011a 76000000 		.4byte	.LASF22
 338 011e 04       		.byte	0x4
 339 011f 20       		.byte	0x20
 340 0120 A9000000 		.4byte	0xa9
ARM GAS  C:\Users\AFDHAL~1\AppData\Local\Temp\ccj9i739.s 			page 10


 341 0124 0A       		.uleb128 0xa
 342 0125 E5000000 		.4byte	.LASF23
 343 0129 04       		.byte	0x4
 344 012a 2A       		.byte	0x2a
 345 012b 98000000 		.4byte	0x98
 346 012f 0A       		.uleb128 0xa
 347 0130 97010000 		.4byte	.LASF24
 348 0134 04       		.byte	0x4
 349 0135 2F       		.byte	0x2f
 350 0136 A9000000 		.4byte	0xa9
 351 013a 0A       		.uleb128 0xa
 352 013b 30000000 		.4byte	.LASF25
 353 013f 04       		.byte	0x4
 354 0140 30       		.byte	0x30
 355 0141 A9000000 		.4byte	0xa9
 356 0145 0B       		.uleb128 0xb
 357 0146 98000000 		.4byte	0x98
 358 014a 56010000 		.4byte	0x156
 359 014e 0C       		.uleb128 0xc
 360 014f C8000000 		.4byte	0xc8
 361 0153 0001     		.2byte	0x100
 362 0155 00       		.byte	0
 363 0156 0A       		.uleb128 0xa
 364 0157 81010000 		.4byte	.LASF26
 365 015b 04       		.byte	0x4
 366 015c 34       		.byte	0x34
 367 015d 61010000 		.4byte	0x161
 368 0161 05       		.uleb128 0x5
 369 0162 45010000 		.4byte	0x145
 370 0166 0B       		.uleb128 0xb
 371 0167 98000000 		.4byte	0x98
 372 016b 76010000 		.4byte	0x176
 373 016f 0D       		.uleb128 0xd
 374 0170 C8000000 		.4byte	0xc8
 375 0174 FF       		.byte	0xff
 376 0175 00       		.byte	0
 377 0176 0A       		.uleb128 0xa
 378 0177 DA010000 		.4byte	.LASF27
 379 017b 04       		.byte	0x4
 380 017c 38       		.byte	0x38
 381 017d 81010000 		.4byte	0x181
 382 0181 05       		.uleb128 0x5
 383 0182 66010000 		.4byte	0x166
 384 0186 00       		.byte	0
 385              		.section	.debug_abbrev,"",%progbits
 386              	.Ldebug_abbrev0:
 387 0000 01       		.uleb128 0x1
 388 0001 11       		.uleb128 0x11
 389 0002 01       		.byte	0x1
 390 0003 25       		.uleb128 0x25
 391 0004 0E       		.uleb128 0xe
 392 0005 13       		.uleb128 0x13
 393 0006 0B       		.uleb128 0xb
 394 0007 03       		.uleb128 0x3
 395 0008 0E       		.uleb128 0xe
 396 0009 1B       		.uleb128 0x1b
 397 000a 0E       		.uleb128 0xe
ARM GAS  C:\Users\AFDHAL~1\AppData\Local\Temp\ccj9i739.s 			page 11


 398 000b 55       		.uleb128 0x55
 399 000c 17       		.uleb128 0x17
 400 000d 11       		.uleb128 0x11
 401 000e 01       		.uleb128 0x1
 402 000f 10       		.uleb128 0x10
 403 0010 17       		.uleb128 0x17
 404 0011 00       		.byte	0
 405 0012 00       		.byte	0
 406 0013 02       		.uleb128 0x2
 407 0014 24       		.uleb128 0x24
 408 0015 00       		.byte	0
 409 0016 0B       		.uleb128 0xb
 410 0017 0B       		.uleb128 0xb
 411 0018 3E       		.uleb128 0x3e
 412 0019 0B       		.uleb128 0xb
 413 001a 03       		.uleb128 0x3
 414 001b 0E       		.uleb128 0xe
 415 001c 00       		.byte	0
 416 001d 00       		.byte	0
 417 001e 03       		.uleb128 0x3
 418 001f 24       		.uleb128 0x24
 419 0020 00       		.byte	0
 420 0021 0B       		.uleb128 0xb
 421 0022 0B       		.uleb128 0xb
 422 0023 3E       		.uleb128 0x3e
 423 0024 0B       		.uleb128 0xb
 424 0025 03       		.uleb128 0x3
 425 0026 08       		.uleb128 0x8
 426 0027 00       		.byte	0
 427 0028 00       		.byte	0
 428 0029 04       		.uleb128 0x4
 429 002a 16       		.uleb128 0x16
 430 002b 00       		.byte	0
 431 002c 03       		.uleb128 0x3
 432 002d 0E       		.uleb128 0xe
 433 002e 3A       		.uleb128 0x3a
 434 002f 0B       		.uleb128 0xb
 435 0030 3B       		.uleb128 0x3b
 436 0031 05       		.uleb128 0x5
 437 0032 49       		.uleb128 0x49
 438 0033 13       		.uleb128 0x13
 439 0034 00       		.byte	0
 440 0035 00       		.byte	0
 441 0036 05       		.uleb128 0x5
 442 0037 35       		.uleb128 0x35
 443 0038 00       		.byte	0
 444 0039 49       		.uleb128 0x49
 445 003a 13       		.uleb128 0x13
 446 003b 00       		.byte	0
 447 003c 00       		.byte	0
 448 003d 06       		.uleb128 0x6
 449 003e 0F       		.uleb128 0xf
 450 003f 00       		.byte	0
 451 0040 0B       		.uleb128 0xb
 452 0041 0B       		.uleb128 0xb
 453 0042 49       		.uleb128 0x49
 454 0043 13       		.uleb128 0x13
ARM GAS  C:\Users\AFDHAL~1\AppData\Local\Temp\ccj9i739.s 			page 12


 455 0044 00       		.byte	0
 456 0045 00       		.byte	0
 457 0046 07       		.uleb128 0x7
 458 0047 15       		.uleb128 0x15
 459 0048 00       		.byte	0
 460 0049 27       		.uleb128 0x27
 461 004a 19       		.uleb128 0x19
 462 004b 00       		.byte	0
 463 004c 00       		.byte	0
 464 004d 08       		.uleb128 0x8
 465 004e 2E       		.uleb128 0x2e
 466 004f 01       		.byte	0x1
 467 0050 3F       		.uleb128 0x3f
 468 0051 19       		.uleb128 0x19
 469 0052 03       		.uleb128 0x3
 470 0053 0E       		.uleb128 0xe
 471 0054 3A       		.uleb128 0x3a
 472 0055 0B       		.uleb128 0xb
 473 0056 3B       		.uleb128 0x3b
 474 0057 0B       		.uleb128 0xb
 475 0058 27       		.uleb128 0x27
 476 0059 19       		.uleb128 0x19
 477 005a 11       		.uleb128 0x11
 478 005b 01       		.uleb128 0x1
 479 005c 12       		.uleb128 0x12
 480 005d 06       		.uleb128 0x6
 481 005e 40       		.uleb128 0x40
 482 005f 18       		.uleb128 0x18
 483 0060 9642     		.uleb128 0x2116
 484 0062 19       		.uleb128 0x19
 485 0063 01       		.uleb128 0x1
 486 0064 13       		.uleb128 0x13
 487 0065 00       		.byte	0
 488 0066 00       		.byte	0
 489 0067 09       		.uleb128 0x9
 490 0068 34       		.uleb128 0x34
 491 0069 00       		.byte	0
 492 006a 03       		.uleb128 0x3
 493 006b 0E       		.uleb128 0xe
 494 006c 3A       		.uleb128 0x3a
 495 006d 0B       		.uleb128 0xb
 496 006e 3B       		.uleb128 0x3b
 497 006f 0B       		.uleb128 0xb
 498 0070 49       		.uleb128 0x49
 499 0071 13       		.uleb128 0x13
 500 0072 02       		.uleb128 0x2
 501 0073 17       		.uleb128 0x17
 502 0074 00       		.byte	0
 503 0075 00       		.byte	0
 504 0076 0A       		.uleb128 0xa
 505 0077 34       		.uleb128 0x34
 506 0078 00       		.byte	0
 507 0079 03       		.uleb128 0x3
 508 007a 0E       		.uleb128 0xe
 509 007b 3A       		.uleb128 0x3a
 510 007c 0B       		.uleb128 0xb
 511 007d 3B       		.uleb128 0x3b
ARM GAS  C:\Users\AFDHAL~1\AppData\Local\Temp\ccj9i739.s 			page 13


 512 007e 0B       		.uleb128 0xb
 513 007f 49       		.uleb128 0x49
 514 0080 13       		.uleb128 0x13
 515 0081 3F       		.uleb128 0x3f
 516 0082 19       		.uleb128 0x19
 517 0083 3C       		.uleb128 0x3c
 518 0084 19       		.uleb128 0x19
 519 0085 00       		.byte	0
 520 0086 00       		.byte	0
 521 0087 0B       		.uleb128 0xb
 522 0088 01       		.uleb128 0x1
 523 0089 01       		.byte	0x1
 524 008a 49       		.uleb128 0x49
 525 008b 13       		.uleb128 0x13
 526 008c 01       		.uleb128 0x1
 527 008d 13       		.uleb128 0x13
 528 008e 00       		.byte	0
 529 008f 00       		.byte	0
 530 0090 0C       		.uleb128 0xc
 531 0091 21       		.uleb128 0x21
 532 0092 00       		.byte	0
 533 0093 49       		.uleb128 0x49
 534 0094 13       		.uleb128 0x13
 535 0095 2F       		.uleb128 0x2f
 536 0096 05       		.uleb128 0x5
 537 0097 00       		.byte	0
 538 0098 00       		.byte	0
 539 0099 0D       		.uleb128 0xd
 540 009a 21       		.uleb128 0x21
 541 009b 00       		.byte	0
 542 009c 49       		.uleb128 0x49
 543 009d 13       		.uleb128 0x13
 544 009e 2F       		.uleb128 0x2f
 545 009f 0B       		.uleb128 0xb
 546 00a0 00       		.byte	0
 547 00a1 00       		.byte	0
 548 00a2 00       		.byte	0
 549              		.section	.debug_loc,"",%progbits
 550              	.Ldebug_loc0:
 551              	.LLST0:
 552 0000 22000000 		.4byte	.LVL1
 553 0004 34000000 		.4byte	.LVL3
 554 0008 0100     		.2byte	0x1
 555 000a 53       		.byte	0x53
 556 000b 3A000000 		.4byte	.LVL4
 557 000f 44000000 		.4byte	.LVL5
 558 0013 0100     		.2byte	0x1
 559 0015 53       		.byte	0x53
 560 0016 00000000 		.4byte	0
 561 001a 00000000 		.4byte	0
 562              	.LLST1:
 563 001e 70000000 		.4byte	.LVL6
 564 0022 84000000 		.4byte	.LVL8
 565 0026 0100     		.2byte	0x1
 566 0028 53       		.byte	0x53
 567 0029 84000000 		.4byte	.LVL8
 568 002d 8E000000 		.4byte	.LVL9
ARM GAS  C:\Users\AFDHAL~1\AppData\Local\Temp\ccj9i739.s 			page 14


 569 0031 0200     		.2byte	0x2
 570 0033 72       		.byte	0x72
 571 0034 00       		.sleb128 0
 572 0035 00000000 		.4byte	0
 573 0039 00000000 		.4byte	0
 574              		.section	.debug_aranges,"",%progbits
 575 0000 1C000000 		.4byte	0x1c
 576 0004 0200     		.2byte	0x2
 577 0006 00000000 		.4byte	.Ldebug_info0
 578 000a 04       		.byte	0x4
 579 000b 00       		.byte	0
 580 000c 0000     		.2byte	0
 581 000e 0000     		.2byte	0
 582 0010 00000000 		.4byte	.LFB1
 583 0014 E4000000 		.4byte	.LFE1-.LFB1
 584 0018 00000000 		.4byte	0
 585 001c 00000000 		.4byte	0
 586              		.section	.debug_ranges,"",%progbits
 587              	.Ldebug_ranges0:
 588 0000 00000000 		.4byte	.LFB1
 589 0004 E4000000 		.4byte	.LFE1
 590 0008 00000000 		.4byte	0
 591 000c 00000000 		.4byte	0
 592              		.section	.debug_line,"",%progbits
 593              	.Ldebug_line0:
 594 0000 C7000000 		.section	.debug_str,"MS",%progbits,1
 594      02007300 
 594      00000201 
 594      FB0E0D00 
 594      01010101 
 595              	.LASF14:
 596 0000 72656733 		.ascii	"reg32\000"
 596      3200
 597              	.LASF20:
 598 0006 55415254 		.ascii	"UART_customIntrHandler\000"
 598      5F637573 
 598      746F6D49 
 598      6E747248 
 598      616E646C 
 599              	.LASF3:
 600 001d 73686F72 		.ascii	"short unsigned int\000"
 600      7420756E 
 600      7369676E 
 600      65642069 
 600      6E7400
 601              	.LASF25:
 602 0030 55415254 		.ascii	"UART_txBufferTail\000"
 602      5F747842 
 602      75666665 
 602      72546169 
 602      6C00
 603              	.LASF18:
 604 0042 6C6F6348 		.ascii	"locHead\000"
 604      65616400 
 605              	.LASF11:
 606 004a 666C6F61 		.ascii	"float\000"
 606      7400
ARM GAS  C:\Users\AFDHAL~1\AppData\Local\Temp\ccj9i739.s 			page 15


 607              	.LASF1:
 608 0050 756E7369 		.ascii	"unsigned char\000"
 608      676E6564 
 608      20636861 
 608      7200
 609              	.LASF5:
 610 005e 6C6F6E67 		.ascii	"long unsigned int\000"
 610      20756E73 
 610      69676E65 
 610      6420696E 
 610      7400
 611              	.LASF9:
 612 0070 75696E74 		.ascii	"uint8\000"
 612      3800
 613              	.LASF22:
 614 0076 55415254 		.ascii	"UART_rxBufferTail\000"
 614      5F727842 
 614      75666665 
 614      72546169 
 614      6C00
 615              	.LASF29:
 616 0088 47656E65 		.ascii	"Generated_Source\\PSoC4\\UART_SPI_UART_INT.c\000"
 616      72617465 
 616      645F536F 
 616      75726365 
 616      5C50536F 
 617              	.LASF12:
 618 00b3 646F7562 		.ascii	"double\000"
 618      6C6500
 619              	.LASF10:
 620 00ba 75696E74 		.ascii	"uint32\000"
 620      333200
 621              	.LASF8:
 622 00c1 756E7369 		.ascii	"unsigned int\000"
 622      676E6564 
 622      20696E74 
 622      00
 623              	.LASF7:
 624 00ce 6C6F6E67 		.ascii	"long long unsigned int\000"
 624      206C6F6E 
 624      6720756E 
 624      7369676E 
 624      65642069 
 625              	.LASF23:
 626 00e5 55415254 		.ascii	"UART_rxBufferOverflow\000"
 626      5F727842 
 626      75666665 
 626      724F7665 
 626      72666C6F 
 627              	.LASF15:
 628 00fb 63796973 		.ascii	"cyisraddress\000"
 628      72616464 
 628      72657373 
 628      00
 629              	.LASF19:
 630 0108 6C6F6354 		.ascii	"locTail\000"
 630      61696C00 
ARM GAS  C:\Users\AFDHAL~1\AppData\Local\Temp\ccj9i739.s 			page 16


 631              	.LASF17:
 632 0110 73697A65 		.ascii	"sizetype\000"
 632      74797065 
 632      00
 633              	.LASF6:
 634 0119 6C6F6E67 		.ascii	"long long int\000"
 634      206C6F6E 
 634      6720696E 
 634      7400
 635              	.LASF30:
 636 0127 433A5C55 		.ascii	"C:\\Users\\AfdhalAtiffTan\\Documents\\PSoC Creator\\"
 636      73657273 
 636      5C416664 
 636      68616C41 
 636      74696666 
 637 0156 55415254 		.ascii	"UART_over_nFR24\\UART_over_nFR24.cydsn\000"
 637      5F6F7665 
 637      725F6E46 
 637      5232345C 
 637      55415254 
 638              	.LASF13:
 639 017c 63686172 		.ascii	"char\000"
 639      00
 640              	.LASF26:
 641 0181 55415254 		.ascii	"UART_rxBufferInternal\000"
 641      5F727842 
 641      75666665 
 641      72496E74 
 641      65726E61 
 642              	.LASF24:
 643 0197 55415254 		.ascii	"UART_txBufferHead\000"
 643      5F747842 
 643      75666665 
 643      72486561 
 643      6400
 644              	.LASF2:
 645 01a9 73686F72 		.ascii	"short int\000"
 645      7420696E 
 645      7400
 646              	.LASF31:
 647 01b3 55415254 		.ascii	"UART_SPI_UART_ISR\000"
 647      5F535049 
 647      5F554152 
 647      545F4953 
 647      5200
 648              	.LASF4:
 649 01c5 6C6F6E67 		.ascii	"long int\000"
 649      20696E74 
 649      00
 650              	.LASF16:
 651 01ce 6C6F6E67 		.ascii	"long double\000"
 651      20646F75 
 651      626C6500 
 652              	.LASF27:
 653 01da 55415254 		.ascii	"UART_txBufferInternal\000"
 653      5F747842 
 653      75666665 
ARM GAS  C:\Users\AFDHAL~1\AppData\Local\Temp\ccj9i739.s 			page 17


 653      72496E74 
 653      65726E61 
 654              	.LASF0:
 655 01f0 7369676E 		.ascii	"signed char\000"
 655      65642063 
 655      68617200 
 656              	.LASF21:
 657 01fc 55415254 		.ascii	"UART_rxBufferHead\000"
 657      5F727842 
 657      75666665 
 657      72486561 
 657      6400
 658              	.LASF28:
 659 020e 474E5520 		.ascii	"GNU C11 5.4.1 20160609 (release) [ARM/embedded-5-br"
 659      43313120 
 659      352E342E 
 659      31203230 
 659      31363036 
 660 0241 616E6368 		.ascii	"anch revision 237715] -mcpu=cortex-m0 -mthumb -g -O"
 660      20726576 
 660      6973696F 
 660      6E203233 
 660      37373135 
 661 0274 73202D66 		.ascii	"s -ffunction-sections -ffat-lto-objects\000"
 661      66756E63 
 661      74696F6E 
 661      2D736563 
 661      74696F6E 
 662              		.ident	"GCC: (GNU Tools for ARM Embedded Processors) 5.4.1 20160609 (release) [ARM/embedded-5-bran
