Loading plugins phase: Elapsed time ==> 0s.126ms
<CYPRESSTAG name="CyDsfit arguments...">
cydsfit arguments: -.fdsnotice -.fdswarpdepfile=warp_dependencies.txt -.fdselabdepfile=elab_dependencies.txt -.fdsbldfile=generated_files.txt -.fdsreffile=referenced_files.txt -p C:\Users\AfdhalAtiffTan\Documents\PSoC Creator\UART_over_nFR24\UART_over_nFR24.cydsn\UART_over_nFR24.cyprj -d CY8C4247AZI-M485 -s C:\Users\AfdhalAtiffTan\Documents\PSoC Creator\UART_over_nFR24\UART_over_nFR24.cydsn\Generated_Source\PSoC4 -- -yv2 -q10 -ygs -o2 -v3 -.fftcfgtype=LE
</CYPRESSTAG>
<CYPRESSTAG name="Design elaboration results...">
</CYPRESSTAG>
Elaboration phase: Elapsed time ==> 1s.496ms
<CYPRESSTAG name="HDL generation results...">
</CYPRESSTAG>
HDL generation phase: Elapsed time ==> 0s.070ms
<CYPRESSTAG name="Synthesis results...">

     | | | | | | |
   _________________
  -|               |-
  -|               |-
  -|               |-
  -|    CYPRESS    |-
  -|               |-
  -|               |-   Warp Verilog Synthesis Compiler: Version 6.3 IR 41
  -|               |-   Copyright (C) 1991-2001 Cypress Semiconductor
   |_______________|
     | | | | | | |

======================================================================
Compiling:  UART_over_nFR24.v
Program  :   C:\Program Files (x86)\Cypress\PSoC Creator\4.1\PSoC Creator\warp\bin\warp.exe
Options  :    -yv2 -q10 -ygs -o2 -v3 -.fftcfgtype=LE -ya -.fftprj=C:\Users\AfdhalAtiffTan\Documents\PSoC Creator\UART_over_nFR24\UART_over_nFR24.cydsn\UART_over_nFR24.cyprj -dcpsoc3 UART_over_nFR24.v -verilog
======================================================================

======================================================================
Compiling:  UART_over_nFR24.v
Program  :   C:\Program Files (x86)\Cypress\PSoC Creator\4.1\PSoC Creator\warp\bin\warp.exe
Options  :    -yv2 -q10 -ygs -o2 -v3 -.fftcfgtype=LE -ya -.fftprj=C:\Users\AfdhalAtiffTan\Documents\PSoC Creator\UART_over_nFR24\UART_over_nFR24.cydsn\UART_over_nFR24.cyprj -dcpsoc3 UART_over_nFR24.v -verilog
======================================================================

======================================================================
Compiling:  UART_over_nFR24.v
Program  :   vlogfe
Options  :    -yv2 -q10 -ygs -o2 -v3 -.fftcfgtype=LE -ya -.fftprj=C:\Users\AfdhalAtiffTan\Documents\PSoC Creator\UART_over_nFR24\UART_over_nFR24.cydsn\UART_over_nFR24.cyprj -dcpsoc3 -verilog UART_over_nFR24.v
======================================================================

vlogfe V6.3 IR 41:  Verilog parser
Mon Mar 19 15:26:05 2018


======================================================================
Compiling:  UART_over_nFR24.v
Program  :   vpp
Options  :    -yv2 -q10 UART_over_nFR24.v
======================================================================

vpp V6.3 IR 41:  Verilog Pre-Processor
Mon Mar 19 15:26:05 2018

Flattening file 'C:\Program Files (x86)\Cypress\PSoC Creator\4.1\PSoC Creator\psoc\content\CyPrimitives\cyprimitives.cylib\cy_virtualmux_v1_0\cy_virtualmux_v1_0.v'
Flattening file 'C:\Program Files (x86)\Cypress\PSoC Creator\4.1\PSoC Creator\psoc\content\CyPrimitives\cyprimitives.cylib\ZeroTerminal\ZeroTerminal.v'
Flattening file 'C:\Program Files (x86)\Cypress\PSoC Creator\4.1\PSoC Creator\psoc\content\CyPrimitives\cyprimitives.cylib\or_v1_0\or_v1_0.v'

vpp:  No errors.

Library 'work' => directory 'lcpsoc3'
General_symbol_table
General_symbol_table
Linking 'C:\Program Files (x86)\Cypress\PSoC Creator\4.1\PSoC Creator\warp\lib\common\std.vhd'.
Linking 'C:\Program Files (x86)\Cypress\PSoC Creator\4.1\PSoC Creator\warp\lib\common\cypress.vhd'.
Linking 'C:\Program Files (x86)\Cypress\PSoC Creator\4.1\PSoC Creator\warp\lib\common\work\cypress.vif'.
Linking 'C:\Program Files (x86)\Cypress\PSoC Creator\4.1\PSoC Creator\warp\lib\ieee\work\stdlogic.vif'.
Linking 'C:\Program Files (x86)\Cypress\PSoC Creator\4.1\PSoC Creator\warp\lib\common\stdlogic\lpmpkg.vif'.
Linking 'C:\Program Files (x86)\Cypress\PSoC Creator\4.1\PSoC Creator\warp\lib\common\stdlogic\rtlpkg.vif'.
Linking 'C:\Program Files (x86)\Cypress\PSoC Creator\4.1\PSoC Creator\warp\lib\common\stdlogic\mod_cnst.vif'.
Linking 'C:\Program Files (x86)\Cypress\PSoC Creator\4.1\PSoC Creator\warp\lib\common\stdlogic\mod_mthv.vif'.
Linking 'C:\Program Files (x86)\Cypress\PSoC Creator\4.1\PSoC Creator\warp\lib\common\stdlogic\mod_genv.vif'.
Using control file 'UART_over_nFR24.ctl'.

vlogfe:  No errors.


======================================================================
Compiling:  UART_over_nFR24.v
Program  :   tovif
Options  :    -yv2 -q10 -ygs -o2 -v3 -.fftcfgtype=LE -ya -.fftprj=C:\Users\AfdhalAtiffTan\Documents\PSoC Creator\UART_over_nFR24\UART_over_nFR24.cydsn\UART_over_nFR24.cyprj -dcpsoc3 -verilog UART_over_nFR24.v
======================================================================

tovif V6.3 IR 41:  High-level synthesis
Mon Mar 19 15:26:06 2018

Linking 'C:\Program Files (x86)\Cypress\PSoC Creator\4.1\PSoC Creator\warp\lib\common\std.vhd'.
Linking 'C:\Program Files (x86)\Cypress\PSoC Creator\4.1\PSoC Creator\warp\lib\common\cypress.vhd'.
Linking 'C:\Program Files (x86)\Cypress\PSoC Creator\4.1\PSoC Creator\warp\lib\common\work\cypress.vif'.
Linking 'C:\Program Files (x86)\Cypress\PSoC Creator\4.1\PSoC Creator\warp\lib\ieee\work\stdlogic.vif'.
Linking 'C:\Program Files (x86)\Cypress\PSoC Creator\4.1\PSoC Creator\warp\lib\common\stdlogic\lpmpkg.vif'.
Linking 'C:\Program Files (x86)\Cypress\PSoC Creator\4.1\PSoC Creator\warp\lib\common\stdlogic\rtlpkg.vif'.
Linking 'C:\Program Files (x86)\Cypress\PSoC Creator\4.1\PSoC Creator\warp\lib\common\stdlogic\mod_cnst.vif'.
Linking 'C:\Program Files (x86)\Cypress\PSoC Creator\4.1\PSoC Creator\warp\lib\common\stdlogic\mod_mthv.vif'.
Linking 'C:\Program Files (x86)\Cypress\PSoC Creator\4.1\PSoC Creator\warp\lib\common\stdlogic\mod_genv.vif'.
Linking 'C:\Users\AfdhalAtiffTan\Documents\PSoC Creator\UART_over_nFR24\UART_over_nFR24.cydsn\codegentemp\UART_over_nFR24.ctl'.
Linking 'C:\Program Files (x86)\Cypress\PSoC Creator\4.1\PSoC Creator\psoc\content\CyPrimitives\cyprimitives.cylib\cy_virtualmux_v1_0\cy_virtualmux_v1_0.v'.
Linking 'C:\Users\AfdhalAtiffTan\Documents\PSoC Creator\UART_over_nFR24\UART_over_nFR24.cydsn\codegentemp\UART_over_nFR24.v'.
Linking 'C:\Program Files (x86)\Cypress\PSoC Creator\4.1\PSoC Creator\psoc\content\CyPrimitives\cyprimitives.cylib\ZeroTerminal\ZeroTerminal.v'.
Linking 'C:\Program Files (x86)\Cypress\PSoC Creator\4.1\PSoC Creator\psoc\content\CyPrimitives\cyprimitives.cylib\or_v1_0\or_v1_0.v'.

tovif:  No errors.


======================================================================
Compiling:  UART_over_nFR24.v
Program  :   topld
Options  :    -yv2 -q10 -ygs -o2 -v3 -.fftcfgtype=LE -ya -.fftprj=C:\Users\AfdhalAtiffTan\Documents\PSoC Creator\UART_over_nFR24\UART_over_nFR24.cydsn\UART_over_nFR24.cyprj -dcpsoc3 -verilog UART_over_nFR24.v
======================================================================

topld V6.3 IR 41:  Synthesis and optimization
Mon Mar 19 15:26:06 2018

Linking 'C:\Program Files (x86)\Cypress\PSoC Creator\4.1\PSoC Creator\warp\lib\common\std.vhd'.
Linking 'C:\Program Files (x86)\Cypress\PSoC Creator\4.1\PSoC Creator\warp\lib\common\cypress.vhd'.
Linking 'C:\Program Files (x86)\Cypress\PSoC Creator\4.1\PSoC Creator\warp\lib\common\work\cypress.vif'.
Linking 'C:\Program Files (x86)\Cypress\PSoC Creator\4.1\PSoC Creator\warp\lib\ieee\work\stdlogic.vif'.
Linking 'C:\Program Files (x86)\Cypress\PSoC Creator\4.1\PSoC Creator\warp\lib\common\stdlogic\lpmpkg.vif'.
Linking 'C:\Program Files (x86)\Cypress\PSoC Creator\4.1\PSoC Creator\warp\lib\common\stdlogic\rtlpkg.vif'.
Linking 'C:\Program Files (x86)\Cypress\PSoC Creator\4.1\PSoC Creator\warp\lib\common\stdlogic\mod_cnst.vif'.
Linking 'C:\Program Files (x86)\Cypress\PSoC Creator\4.1\PSoC Creator\warp\lib\common\stdlogic\mod_mthv.vif'.
Linking 'C:\Program Files (x86)\Cypress\PSoC Creator\4.1\PSoC Creator\warp\lib\common\stdlogic\mod_genv.vif'.
Linking 'C:\Users\AfdhalAtiffTan\Documents\PSoC Creator\UART_over_nFR24\UART_over_nFR24.cydsn\codegentemp\UART_over_nFR24.ctl'.
Linking 'C:\Program Files (x86)\Cypress\PSoC Creator\4.1\PSoC Creator\psoc\content\CyPrimitives\cyprimitives.cylib\cy_virtualmux_v1_0\cy_virtualmux_v1_0.v'.
Linking 'C:\Users\AfdhalAtiffTan\Documents\PSoC Creator\UART_over_nFR24\UART_over_nFR24.cydsn\codegentemp\UART_over_nFR24.v'.
Linking 'C:\Program Files (x86)\Cypress\PSoC Creator\4.1\PSoC Creator\psoc\content\CyPrimitives\cyprimitives.cylib\ZeroTerminal\ZeroTerminal.v'.
Linking 'C:\Program Files (x86)\Cypress\PSoC Creator\4.1\PSoC Creator\psoc\content\CyPrimitives\cyprimitives.cylib\or_v1_0\or_v1_0.v'.
Linking 'C:\Program Files (x86)\Cypress\PSoC Creator\4.1\PSoC Creator\warp\lib\lcpsoc3\stdlogic\cpsoc3.vif'.

----------------------------------------------------------
Detecting unused logic.
----------------------------------------------------------
    User names
	\USB_UART:Net_1257\
	\USB_UART:uncfg_rx_irq\
	\USB_UART:Net_1099\
	\USB_UART:Net_1258\
	Net_19
	Net_28
	Net_29
	Net_30
	Net_31
	Net_32
	Net_33
	Net_34
	Net_36
	Net_39
	\UART:Net_1257\
	\UART:uncfg_rx_irq\
	\UART:Net_1099\
	\UART:Net_1258\
	Net_121
	Net_130
	Net_131
	Net_132
	Net_133
	Net_134
	Net_135
	Net_136
	Net_141
	\SPI:Net_1257\
	\SPI:uncfg_rx_irq\
	\SPI:Net_1099\
	\SPI:Net_1258\
	Net_99
	Net_108
	Net_109
	Net_110
	Net_111
	Net_112
	Net_113
	Net_114
	Net_116
	Net_119


Deleted 41 User equations/components.
Deleted 0 Synthesized equations/components.

------------------------------------------------------
Alias Detection
------------------------------------------------------
Aliasing \Millis_TMR:Net_66\ to \Millis_TMR:Net_75\
Aliasing \Millis_TMR:Net_82\ to \Millis_TMR:Net_75\
Aliasing \Millis_TMR:Net_72\ to \Millis_TMR:Net_75\
Aliasing \USB_UART:select_s_wire\ to \Millis_TMR:Net_75\
Aliasing \USB_UART:sclk_s_wire\ to \Millis_TMR:Net_75\
Aliasing \USB_UART:mosi_s_wire\ to \Millis_TMR:Net_75\
Aliasing \USB_UART:miso_m_wire\ to \Millis_TMR:Net_75\
Aliasing \USB_UART:tmpOE__tx_net_0\ to \Millis_TMR:Net_69\
Aliasing zero to \Millis_TMR:Net_75\
Aliasing one to \Millis_TMR:Net_69\
Aliasing \USB_UART:tmpOE__rx_net_0\ to \Millis_TMR:Net_69\
Aliasing \USB_UART:cts_wire\ to \Millis_TMR:Net_75\
Aliasing \UART:select_s_wire\ to \Millis_TMR:Net_75\
Aliasing \UART:sclk_s_wire\ to \Millis_TMR:Net_75\
Aliasing \UART:mosi_s_wire\ to \Millis_TMR:Net_75\
Aliasing \UART:miso_m_wire\ to \Millis_TMR:Net_75\
Aliasing \UART:cts_wire\ to \Millis_TMR:Net_75\
Aliasing tmpOE__CE_net_0 to \Millis_TMR:Net_69\
Aliasing tmpOE__SS_net_0 to \Millis_TMR:Net_69\
Aliasing tmpOE__LED_net_0 to \Millis_TMR:Net_69\
Aliasing \SPI:select_s_wire\ to \Millis_TMR:Net_75\
Aliasing \SPI:rx_wire\ to \Millis_TMR:Net_75\
Aliasing \SPI:sclk_s_wire\ to \Millis_TMR:Net_75\
Aliasing \SPI:mosi_s_wire\ to \Millis_TMR:Net_75\
Aliasing \SPI:tmpOE__sclk_m_net_0\ to \Millis_TMR:Net_69\
Aliasing \SPI:tmpOE__miso_m_net_0\ to \Millis_TMR:Net_69\
Aliasing \SPI:tmpOE__mosi_m_net_0\ to \Millis_TMR:Net_69\
Aliasing \SPI:cts_wire\ to \Millis_TMR:Net_75\
Aliasing tmpOE__MASTER_UNIT_net_0 to \Millis_TMR:Net_69\
Aliasing tmpOE__NRF_ISR_net_0 to \Millis_TMR:Net_69\
Aliasing tmpOE__UART_IN_net_0 to \Millis_TMR:Net_69\
Aliasing tmpOE__UART_OUT_net_0 to \Millis_TMR:Net_69\
Removing Lhs of wire \Millis_TMR:Net_81\[1] = Net_12[13]
Removing Lhs of wire \Millis_TMR:Net_66\[4] = \Millis_TMR:Net_75\[2]
Removing Lhs of wire \Millis_TMR:Net_82\[5] = \Millis_TMR:Net_75\[2]
Removing Lhs of wire \Millis_TMR:Net_72\[6] = \Millis_TMR:Net_75\[2]
Removing Lhs of wire \USB_UART:select_s_wire\[18] = \Millis_TMR:Net_75\[2]
Removing Rhs of wire \USB_UART:rx_wire\[19] = \USB_UART:Net_1268\[20]
Removing Lhs of wire \USB_UART:Net_1170\[23] = \USB_UART:Net_847\[17]
Removing Lhs of wire \USB_UART:sclk_s_wire\[24] = \Millis_TMR:Net_75\[2]
Removing Lhs of wire \USB_UART:mosi_s_wire\[25] = \Millis_TMR:Net_75\[2]
Removing Lhs of wire \USB_UART:miso_m_wire\[26] = \Millis_TMR:Net_75\[2]
Removing Lhs of wire \USB_UART:tmpOE__tx_net_0\[28] = \Millis_TMR:Net_69\[3]
Removing Rhs of wire zero[33] = \Millis_TMR:Net_75\[2]
Removing Rhs of wire one[34] = \Millis_TMR:Net_69\[3]
Removing Lhs of wire \USB_UART:tmpOE__rx_net_0\[41] = one[34]
Removing Lhs of wire \USB_UART:cts_wire\[45] = zero[33]
Removing Lhs of wire \UART:select_s_wire\[72] = zero[33]
Removing Lhs of wire \UART:rx_wire\[73] = Net_137[74]
Removing Lhs of wire \UART:Net_1170\[77] = \UART:Net_847\[71]
Removing Lhs of wire \UART:sclk_s_wire\[78] = zero[33]
Removing Lhs of wire \UART:mosi_s_wire\[79] = zero[33]
Removing Lhs of wire \UART:miso_m_wire\[80] = zero[33]
Removing Lhs of wire \UART:cts_wire\[85] = zero[33]
Removing Rhs of wire Net_138[109] = \UART:tx_wire\[87]
Removing Lhs of wire tmpOE__CE_net_0[112] = one[34]
Removing Lhs of wire tmpOE__SS_net_0[118] = one[34]
Removing Lhs of wire tmpOE__LED_net_0[124] = one[34]
Removing Lhs of wire \SPI:select_s_wire\[131] = zero[33]
Removing Lhs of wire \SPI:rx_wire\[132] = zero[33]
Removing Lhs of wire \SPI:Net_1170\[135] = \SPI:Net_847\[130]
Removing Lhs of wire \SPI:sclk_s_wire\[136] = zero[33]
Removing Lhs of wire \SPI:mosi_s_wire\[137] = zero[33]
Removing Rhs of wire \SPI:miso_m_wire\[138] = \SPI:Net_467\[139]
Removing Lhs of wire \SPI:tmpOE__sclk_m_net_0\[143] = one[34]
Removing Lhs of wire \SPI:tmpOE__miso_m_net_0\[150] = one[34]
Removing Lhs of wire \SPI:tmpOE__mosi_m_net_0\[155] = one[34]
Removing Lhs of wire \SPI:cts_wire\[163] = zero[33]
Removing Lhs of wire tmpOE__MASTER_UNIT_net_0[188] = one[34]
Removing Lhs of wire tmpOE__NRF_ISR_net_0[194] = one[34]
Removing Lhs of wire tmpOE__UART_IN_net_0[200] = one[34]
Removing Lhs of wire tmpOE__UART_OUT_net_0[205] = one[34]

------------------------------------------------------
Aliased 0 equations, 40 wires.
------------------------------------------------------

----------------------------------------------------------
Circuit simplification
----------------------------------------------------------

Substituting virtuals - pass 1:


----------------------------------------------------------
Circuit simplification results:

	Expanded 0 signals.
	Turned 0 signals into soft nodes.
	Maximum default expansion cost was set at 3.
----------------------------------------------------------

topld:  No errors.

CYPRESS_DIR    : C:\Program Files (x86)\Cypress\PSoC Creator\4.1\PSoC Creator\warp
Warp Program   : C:\Program Files (x86)\Cypress\PSoC Creator\4.1\PSoC Creator\warp\bin\warp.exe
Warp Arguments : -yv2 -q10 -ygs -o2 -v3 -.fftcfgtype=LE -ya "-.fftprj=C:\Users\AfdhalAtiffTan\Documents\PSoC Creator\UART_over_nFR24\UART_over_nFR24.cydsn\UART_over_nFR24.cyprj" -dcpsoc3 UART_over_nFR24.v -verilog
</CYPRESSTAG>
Warp synthesis phase: Elapsed time ==> 1s.018ms
<CYPRESSTAG name="Fitter results...">
<CYPRESSTAG name="Fitter startup details...">
cyp3fit: V4.1.0.3210, Family: PSoC3, Started at: Monday, 19 March 2018 15:26:06
Options: -yv2 -q10 -ygs -o2 -v3 -.fftcfgtype=LE -ya -.fftprj=C:\Users\AfdhalAtiffTan\Documents\PSoC Creator\UART_over_nFR24\UART_over_nFR24.cydsn\UART_over_nFR24.cyprj -d CY8C4247AZI-M485 UART_over_nFR24.v -verilog
</CYPRESSTAG>
<CYPRESSTAG name="Design parsing">
Design parsing phase: Elapsed time ==> 0s.014ms
</CYPRESSTAG>
<CYPRESSTAG name="Tech Mapping">
<CYPRESSTAG name="Initial Mapping" icon="FILE_RPT_TECHM">

Removing unused cells resulting from optimization
Done removing unused cells.
<CYPRESSTAG name="Global Clock Selection" icon="FILE_RPT_TECHM">
    Fixed Function Clock 2: Automatic-assigning  clock 'SPI_SCBCLK'. Signal=\SPI:Net_847_ff2\
    Fixed Function Clock 11: Automatic-assigning  clock 'Clock_1'. Signal=Net_12_ff11
    Fixed Function Clock 3: Automatic-assigning  clock 'USB_UART_SCBCLK'. Signal=\USB_UART:Net_847_ff3\
    Fixed Function Clock 4: Automatic-assigning  clock 'UART_SCBCLK'. Signal=\UART:Net_847_ff4\
<CYPRESSTAG name="UDB Clock/Enable Remapping Results">
</CYPRESSTAG>
</CYPRESSTAG>

Removing unused cells resulting from optimization
Done removing unused cells.
<CYPRESSTAG name="Duplicate Macrocell detection">
</CYPRESSTAG>
</CYPRESSTAG>
<CYPRESSTAG name="Duplicate Macrocell detection">
</CYPRESSTAG>
<CYPRESSTAG name="Design Equations" icon="FILE_RPT_EQUATION">

------------------------------------------------------------
Design Equations
------------------------------------------------------------
    <CYPRESSTAG name="Pin listing">

    ------------------------------------------------------------
    Pin listing
    ------------------------------------------------------------

    Pin : Name = \USB_UART:tx(0)\
        Attributes:
            In Group/Port: True
            In Sync Option: NOSYNC
            Out Sync Option: NOSYNC
            Interrupt generated: False
            Interrupt mode: NONE
            Drive mode: CMOS_OUT
            VTrip: CMOS
            Slew: FAST
            Input Sync needed: False
            Output Sync needed: False
            SC shield enabled: False
            POR State: ANY
            LCD Mode: COMMON
            Register Mode: RegComb
            CaSense Mode: NEITHER
            Treat as pin: True
            Is OE Registered: False
            Uses Analog: False
            Can contain Digital: True
            Is SIO: False
            SIO Output Buf: NONREGULATED
            SIO Input Buf: SINGLE_ENDED
            SIO HiFreq: LOW
            SIO Hyst: DISABLED
            SIO Vtrip: MULTIPLIER_0_5
            SIO Multiplier Index: 0
            SIO RefSel: VCC_IO
            Required Capabilities: DIGITAL
            Initial Value: 1
            IO Voltage: 0
        PORT MAP (
            pa_out => \USB_UART:tx(0)\__PA ,
            pin_input => \USB_UART:tx_wire\ ,
            pad => \USB_UART:tx(0)_PAD\ );
        Properties:
        {
        }

    Pin : Name = \USB_UART:rx(0)\
        Attributes:
            In Group/Port: True
            In Sync Option: NOSYNC
            Out Sync Option: AUTO
            Interrupt generated: False
            Interrupt mode: NONE
            Drive mode: HI_Z_DIGITAL
            VTrip: CMOS
            Slew: FAST
            Input Sync needed: False
            Output Sync needed: False
            SC shield enabled: False
            POR State: ANY
            LCD Mode: COMMON
            Register Mode: RegComb
            CaSense Mode: NEITHER
            Treat as pin: True
            Is OE Registered: False
            Uses Analog: False
            Can contain Digital: True
            Is SIO: False
            SIO Output Buf: NONREGULATED
            SIO Input Buf: SINGLE_ENDED
            SIO HiFreq: LOW
            SIO Hyst: DISABLED
            SIO Vtrip: MULTIPLIER_0_5
            SIO Multiplier Index: 0
            SIO RefSel: VCC_IO
            Required Capabilities: DIGITAL
            Initial Value: 0
            IO Voltage: 0
        PORT MAP (
            pa_out => \USB_UART:rx(0)\__PA ,
            fb => \USB_UART:rx_wire\ ,
            pad => \USB_UART:rx(0)_PAD\ );
        Properties:
        {
        }

    Pin : Name = CE(0)
        Attributes:
            In Group/Port: True
            In Sync Option: AUTO
            Out Sync Option: NOSYNC
            Interrupt generated: False
            Interrupt mode: NONE
            Drive mode: CMOS_OUT
            VTrip: EITHER
            Slew: FAST
            Input Sync needed: False
            Output Sync needed: False
            SC shield enabled: False
            POR State: ANY
            LCD Mode: COMMON
            Register Mode: RegComb
            CaSense Mode: NEITHER
            Treat as pin: True
            Is OE Registered: False
            Uses Analog: False
            Can contain Digital: True
            Is SIO: False
            SIO Output Buf: NONREGULATED
            SIO Input Buf: SINGLE_ENDED
            SIO HiFreq: LOW
            SIO Hyst: DISABLED
            SIO Vtrip: MULTIPLIER_0_5
            SIO Multiplier Index: 0
            SIO RefSel: VCC_IO
            Required Capabilities: DIGITAL
            Initial Value: 0
            IO Voltage: 0
        PORT MAP (
            pa_out => CE(0)__PA ,
            pad => CE(0)_PAD );
        Properties:
        {
        }

    Pin : Name = SS(0)
        Attributes:
            In Group/Port: True
            In Sync Option: AUTO
            Out Sync Option: NOSYNC
            Interrupt generated: False
            Interrupt mode: NONE
            Drive mode: CMOS_OUT
            VTrip: EITHER
            Slew: FAST
            Input Sync needed: False
            Output Sync needed: False
            SC shield enabled: False
            POR State: ANY
            LCD Mode: COMMON
            Register Mode: RegComb
            CaSense Mode: NEITHER
            Treat as pin: True
            Is OE Registered: False
            Uses Analog: False
            Can contain Digital: True
            Is SIO: False
            SIO Output Buf: NONREGULATED
            SIO Input Buf: SINGLE_ENDED
            SIO HiFreq: LOW
            SIO Hyst: DISABLED
            SIO Vtrip: MULTIPLIER_0_5
            SIO Multiplier Index: 0
            SIO RefSel: VCC_IO
            Required Capabilities: DIGITAL
            Initial Value: 0
            IO Voltage: 0
        PORT MAP (
            pa_out => SS(0)__PA ,
            pad => SS(0)_PAD );
        Properties:
        {
        }

    Pin : Name = LED(0)
        Attributes:
            In Group/Port: True
            In Sync Option: AUTO
            Out Sync Option: NOSYNC
            Interrupt generated: False
            Interrupt mode: NONE
            Drive mode: CMOS_OUT
            VTrip: EITHER
            Slew: FAST
            Input Sync needed: False
            Output Sync needed: False
            SC shield enabled: False
            POR State: ANY
            LCD Mode: COMMON
            Register Mode: RegComb
            CaSense Mode: NEITHER
            Treat as pin: True
            Is OE Registered: False
            Uses Analog: False
            Can contain Digital: True
            Is SIO: False
            SIO Output Buf: NONREGULATED
            SIO Input Buf: SINGLE_ENDED
            SIO HiFreq: LOW
            SIO Hyst: DISABLED
            SIO Vtrip: MULTIPLIER_0_5
            SIO Multiplier Index: 0
            SIO RefSel: VCC_IO
            Required Capabilities: DIGITAL
            Initial Value: 0
            IO Voltage: 0
        PORT MAP (
            pa_out => LED(0)__PA ,
            pad => LED(0)_PAD );
        Properties:
        {
        }

    Pin : Name = \SPI:sclk_m(0)\
        Attributes:
            In Group/Port: True
            In Sync Option: NOSYNC
            Out Sync Option: NOSYNC
            Interrupt generated: False
            Interrupt mode: NONE
            Drive mode: CMOS_OUT
            VTrip: CMOS
            Slew: FAST
            Input Sync needed: False
            Output Sync needed: False
            SC shield enabled: False
            POR State: ANY
            LCD Mode: COMMON
            Register Mode: RegComb
            CaSense Mode: NEITHER
            Treat as pin: True
            Is OE Registered: False
            Uses Analog: False
            Can contain Digital: True
            Is SIO: False
            SIO Output Buf: NONREGULATED
            SIO Input Buf: SINGLE_ENDED
            SIO HiFreq: LOW
            SIO Hyst: DISABLED
            SIO Vtrip: MULTIPLIER_0_5
            SIO Multiplier Index: 0
            SIO RefSel: VCC_IO
            Required Capabilities: DIGITAL
            Initial Value: 1
            IO Voltage: 0
        PORT MAP (
            pa_out => \SPI:sclk_m(0)\__PA ,
            pin_input => \SPI:sclk_m_wire\ ,
            pad => \SPI:sclk_m(0)_PAD\ );
        Properties:
        {
        }

    Pin : Name = \SPI:miso_m(0)\
        Attributes:
            In Group/Port: True
            In Sync Option: NOSYNC
            Out Sync Option: AUTO
            Interrupt generated: False
            Interrupt mode: NONE
            Drive mode: HI_Z_DIGITAL
            VTrip: CMOS
            Slew: FAST
            Input Sync needed: False
            Output Sync needed: False
            SC shield enabled: False
            POR State: ANY
            LCD Mode: COMMON
            Register Mode: RegComb
            CaSense Mode: NEITHER
            Treat as pin: True
            Is OE Registered: False
            Uses Analog: False
            Can contain Digital: True
            Is SIO: False
            SIO Output Buf: NONREGULATED
            SIO Input Buf: SINGLE_ENDED
            SIO HiFreq: LOW
            SIO Hyst: DISABLED
            SIO Vtrip: MULTIPLIER_0_5
            SIO Multiplier Index: 0
            SIO RefSel: VCC_IO
            Required Capabilities: DIGITAL
            Initial Value: 0
            IO Voltage: 0
        PORT MAP (
            pa_out => \SPI:miso_m(0)\__PA ,
            fb => \SPI:miso_m_wire\ ,
            pad => \SPI:miso_m(0)_PAD\ );
        Properties:
        {
        }

    Pin : Name = \SPI:mosi_m(0)\
        Attributes:
            In Group/Port: True
            In Sync Option: NOSYNC
            Out Sync Option: NOSYNC
            Interrupt generated: False
            Interrupt mode: NONE
            Drive mode: CMOS_OUT
            VTrip: CMOS
            Slew: FAST
            Input Sync needed: False
            Output Sync needed: False
            SC shield enabled: False
            POR State: ANY
            LCD Mode: COMMON
            Register Mode: RegComb
            CaSense Mode: NEITHER
            Treat as pin: True
            Is OE Registered: False
            Uses Analog: False
            Can contain Digital: True
            Is SIO: False
            SIO Output Buf: NONREGULATED
            SIO Input Buf: SINGLE_ENDED
            SIO HiFreq: LOW
            SIO Hyst: DISABLED
            SIO Vtrip: MULTIPLIER_0_5
            SIO Multiplier Index: 0
            SIO RefSel: VCC_IO
            Required Capabilities: DIGITAL
            Initial Value: 1
            IO Voltage: 0
        PORT MAP (
            pa_out => \SPI:mosi_m(0)\__PA ,
            pin_input => \SPI:mosi_m_wire\ ,
            pad => \SPI:mosi_m(0)_PAD\ );
        Properties:
        {
        }

    Pin : Name = MASTER_UNIT(0)
        Attributes:
            In Group/Port: True
            In Sync Option: NOSYNC
            Out Sync Option: AUTO
            Interrupt generated: False
            Interrupt mode: NONE
            Drive mode: RES_PULL_UP
            VTrip: CMOS
            Slew: FAST
            Input Sync needed: False
            Output Sync needed: False
            SC shield enabled: False
            POR State: ANY
            LCD Mode: COMMON
            Register Mode: RegComb
            CaSense Mode: NEITHER
            Treat as pin: True
            Is OE Registered: False
            Uses Analog: False
            Can contain Digital: True
            Is SIO: False
            SIO Output Buf: NONREGULATED
            SIO Input Buf: SINGLE_ENDED
            SIO HiFreq: LOW
            SIO Hyst: DISABLED
            SIO Vtrip: MULTIPLIER_0_5
            SIO Multiplier Index: 0
            SIO RefSel: VCC_IO
            Required Capabilities: DIGITAL
            Initial Value: 1
            IO Voltage: 0
        PORT MAP (
            pa_out => MASTER_UNIT(0)__PA ,
            pad => MASTER_UNIT(0)_PAD );
        Properties:
        {
        }

    Pin : Name = NRF_ISR(0)
        Attributes:
            In Group/Port: True
            In Sync Option: NOSYNC
            Out Sync Option: AUTO
            Interrupt generated: False
            Interrupt mode: NONE
            Drive mode: HI_Z_DIGITAL
            VTrip: CMOS
            Slew: FAST
            Input Sync needed: False
            Output Sync needed: False
            SC shield enabled: False
            POR State: ANY
            LCD Mode: COMMON
            Register Mode: RegComb
            CaSense Mode: NEITHER
            Treat as pin: True
            Is OE Registered: False
            Uses Analog: False
            Can contain Digital: True
            Is SIO: False
            SIO Output Buf: NONREGULATED
            SIO Input Buf: SINGLE_ENDED
            SIO HiFreq: LOW
            SIO Hyst: DISABLED
            SIO Vtrip: MULTIPLIER_0_5
            SIO Multiplier Index: 0
            SIO RefSel: VCC_IO
            Required Capabilities: DIGITAL
            Initial Value: 0
            IO Voltage: 0
        PORT MAP (
            pa_out => NRF_ISR(0)__PA ,
            pad => NRF_ISR(0)_PAD );
        Properties:
        {
        }

    Pin : Name = UART_IN(0)
        Attributes:
            In Group/Port: True
            In Sync Option: NOSYNC
            Out Sync Option: AUTO
            Interrupt generated: False
            Interrupt mode: NONE
            Drive mode: RES_PULL_UP
            VTrip: CMOS
            Slew: FAST
            Input Sync needed: False
            Output Sync needed: False
            SC shield enabled: False
            POR State: ANY
            LCD Mode: COMMON
            Register Mode: RegComb
            CaSense Mode: NEITHER
            Treat as pin: True
            Is OE Registered: False
            Uses Analog: False
            Can contain Digital: True
            Is SIO: False
            SIO Output Buf: NONREGULATED
            SIO Input Buf: SINGLE_ENDED
            SIO HiFreq: LOW
            SIO Hyst: DISABLED
            SIO Vtrip: MULTIPLIER_0_5
            SIO Multiplier Index: 0
            SIO RefSel: VCC_IO
            Required Capabilities: DIGITAL
            Initial Value: 1
            IO Voltage: 0
        PORT MAP (
            pa_out => UART_IN(0)__PA ,
            fb => Net_137 ,
            pad => UART_IN(0)_PAD );
        Properties:
        {
        }

    Pin : Name = UART_OUT(0)
        Attributes:
            In Group/Port: True
            In Sync Option: AUTO
            Out Sync Option: NOSYNC
            Interrupt generated: False
            Interrupt mode: NONE
            Drive mode: CMOS_OUT
            VTrip: EITHER
            Slew: FAST
            Input Sync needed: False
            Output Sync needed: False
            SC shield enabled: False
            POR State: ANY
            LCD Mode: COMMON
            Register Mode: RegComb
            CaSense Mode: NEITHER
            Treat as pin: True
            Is OE Registered: False
            Uses Analog: False
            Can contain Digital: True
            Is SIO: False
            SIO Output Buf: NONREGULATED
            SIO Input Buf: SINGLE_ENDED
            SIO HiFreq: LOW
            SIO Hyst: DISABLED
            SIO Vtrip: MULTIPLIER_0_5
            SIO Multiplier Index: 0
            SIO RefSel: VCC_IO
            Required Capabilities: DIGITAL
            Initial Value: 1
            IO Voltage: 0
        PORT MAP (
            pa_out => UART_OUT(0)__PA ,
            pin_input => Net_138 ,
            pad => UART_OUT(0)_PAD );
        Properties:
        {
        }
    </CYPRESSTAG>
    <CYPRESSTAG name="Macrocell listing" icon="FILE_RPT_EQUATION">
    </CYPRESSTAG>
    <CYPRESSTAG name="Datapath listing">
    </CYPRESSTAG>
    <CYPRESSTAG name="Status register listing">
    </CYPRESSTAG>
    <CYPRESSTAG name="StatusI register listing">
    </CYPRESSTAG>
    <CYPRESSTAG name="Sync listing">
    </CYPRESSTAG>
    <CYPRESSTAG name="Control register listing">
    </CYPRESSTAG>
    <CYPRESSTAG name="Count7 listing">
    </CYPRESSTAG>
    <CYPRESSTAG name="DRQ listing">
    </CYPRESSTAG>
    <CYPRESSTAG name="Interrupt listing">

    ------------------------------------------------------------
    Interrupt listing
    ------------------------------------------------------------

    interrupt: Name =Millis_ISR
        PORT MAP (
            interrupt => Net_6 );
        Properties:
        {
            int_type = "10"
            is_nmi = 0
        }

    interrupt: Name =\USB_UART:SCB_IRQ\
        PORT MAP (
            interrupt => Net_20 );
        Properties:
        {
            int_type = "10"
            is_nmi = 0
        }

    interrupt: Name =\UART:SCB_IRQ\
        PORT MAP (
            interrupt => Net_122 );
        Properties:
        {
            int_type = "10"
            is_nmi = 0
        }

    interrupt: Name =\SPI:SCB_IRQ\
        PORT MAP (
            interrupt => Net_100 );
        Properties:
        {
            int_type = "10"
            is_nmi = 0
        }
    </CYPRESSTAG>
</CYPRESSTAG>
<CYPRESSTAG name="Technology mapping summary" expanded>

------------------------------------------------------------
Technology mapping summary
------------------------------------------------------------

Resource Type                 : Used : Free :  Max :  % Used
============================================================
Digital Clocks                :    0 :    4 :    4 :  0.00 %
Interrupts                    :    4 :   28 :   32 : 12.50 %
IO                            :   14 :   37 :   51 : 27.45 %
Segment LCD                   :    0 :    1 :    1 :  0.00 %
CapSense                      :    0 :    2 :    2 :  0.00 %
Die Temp                      :    0 :    1 :    1 :  0.00 %
CAN 2.0b                      :    0 :    2 :    2 :  0.00 %
Serial Communication (SCB)    :    3 :    1 :    4 : 75.00 %
DMA Channels                  :    0 :    8 :    8 :  0.00 %
Timer/Counter/PWM             :    1 :    7 :    8 : 12.50 %
UDB                           :      :      :      :        
  Macrocells                  :    0 :   32 :   32 :  0.00 %
  Unique P-terms              :    0 :   64 :   64 :  0.00 %
  Total P-terms               :    0 :      :      :        
  Datapath Cells              :    0 :    4 :    4 :  0.00 %
  Status Cells                :    0 :    4 :    4 :  0.00 %
  Control Cells               :    0 :    4 :    4 :  0.00 %
Comparator/Opamp              :    0 :    4 :    4 :  0.00 %
LP Comparator                 :    0 :    2 :    2 :  0.00 %
SAR ADC                       :    0 :    1 :    1 :  0.00 %
DAC                           :      :      :      :        
  7-bit IDAC                  :    0 :    2 :    2 :  0.00 %
  8-bit IDAC                  :    0 :    2 :    2 :  0.00 %
</CYPRESSTAG>
Technology Mapping: Elapsed time ==> 0s.025ms
Tech Mapping phase: Elapsed time ==> 0s.050ms
</CYPRESSTAG>
<CYPRESSTAG name="Analog Placement">
<CYPRESSTAG name="FFB & IO Pre Placement">
<CYPRESSTAG name="Placement" icon="FILE_RPT_PLACEMENT">

Cell                                : Block                              
=========================================================================
\USB_UART:tx(0)\                    : [IOP=(7)][IoId=(1)]                
\USB_UART:rx(0)\                    : [IOP=(7)][IoId=(0)]                
CE(0)                               : [IOP=(4)][IoId=(4)]                
SS(0)                               : [IOP=(4)][IoId=(3)]                
LED(0)                              : [IOP=(1)][IoId=(6)]                
\SPI:sclk_m(0)\                     : [IOP=(4)][IoId=(2)]                
\SPI:miso_m(0)\                     : [IOP=(4)][IoId=(1)]                
\SPI:mosi_m(0)\                     : [IOP=(4)][IoId=(0)]                
MASTER_UNIT(0)                      : [IOP=(6)][IoId=(5)]                
NRF_ISR(0)                          : [IOP=(4)][IoId=(5)]                
UART_IN(0)                          : [IOP=(3)][IoId=(0)]                
UART_OUT(0)                         : [IOP=(3)][IoId=(1)]                
ClockGenBlock                       : CLK_GEN_[FFB(CLK_GEN,0)]           
\USB_UART:SCB\                      : SCB_[FFB(SCB,3)]                   
\UART:SCB\                          : SCB_[FFB(SCB,1)]                   
\SPI:SCB\                           : SCB_[FFB(SCB,0)]                   
\Millis_TMR:cy_m0s8_tcpwm_1\        : TCPWM_[FFB(TCPWM,0)]               

</CYPRESSTAG>
</CYPRESSTAG>
<CYPRESSTAG name="Real Analog Placement">
Elapsed time ==> 0.3511625s
</CYPRESSTAG>
Analog Placement phase: Elapsed time ==> 0s.578ms
</CYPRESSTAG>
<CYPRESSTAG name="Analog Routing">
<CYPRESSTAG name="Analog Routing">
Route success=True, Iterations=1 Elapsed=0.0007999 secs
</CYPRESSTAG>
Analog Routing phase: Elapsed time ==> 0s.000ms
</CYPRESSTAG>
<CYPRESSTAG name="Analog Code Generation">
============ Analog Final Answer Routes ============
Dump of CyAnalogRoutingResultsDB
Map of net to items {
}
Map of item to net {
}
Mux Info {
}
Analog Code Generation phase: Elapsed time ==> 0s.016ms
</CYPRESSTAG>
<CYPRESSTAG name="Digital Placement">
<CYPRESSTAG name="Detailed placement messages">
I2659: No Constrained paths were found. The placer will run in non-timing driven mode.
I2076: Total run-time: 0.2 sec.

</CYPRESSTAG>
<CYPRESSTAG name="PLD Packing">
<CYPRESSTAG name="PLD Packing Summary">
No PLDs were packed.
</CYPRESSTAG>
PLD Packing: Elapsed time ==> 0s.000ms
</CYPRESSTAG>
<CYPRESSTAG name="Partitioning">
<CYPRESSTAG name="Initial Partitioning Summary">
Initial Partitioning Summary not displayed at this verbose level.</CYPRESSTAG>
<CYPRESSTAG name="Final Partitioning Summary">
Final Partitioning Summary not displayed at this verbose level.</CYPRESSTAG>
Partitioning: Elapsed time ==> 0s.010ms
</CYPRESSTAG>
<CYPRESSTAG name="Final Placement Summary">

------------------------------------------------------------
Final Placement Summary
------------------------------------------------------------

       Resource Type :      Count : Avg Inputs : Avg Outputs
    ========================================================
                 UDB :          0 :       0.00 :       0.00
<CYPRESSTAG name="Final Placement Details">
<CYPRESSTAG name="Component Details">

------------------------------------------------------------
Component Placement Details
------------------------------------------------------------
UDB [UDB=(0,0)] is empty.
UDB [UDB=(0,1)] is empty.
UDB [UDB=(1,0)] is empty.
UDB [UDB=(1,1)] is empty.
Intr container @ [IntrContainer=(0)]: 
  Intr@ [IntrContainer=(0)][IntrId=(8)] 
    interrupt: Name =\SPI:SCB_IRQ\
        PORT MAP (
            interrupt => Net_100 );
        Properties:
        {
            int_type = "10"
            is_nmi = 0
        }
  Intr@ [IntrContainer=(0)][IntrId=(9)] 
    interrupt: Name =\UART:SCB_IRQ\
        PORT MAP (
            interrupt => Net_122 );
        Properties:
        {
            int_type = "10"
            is_nmi = 0
        }
  Intr@ [IntrContainer=(0)][IntrId=(11)] 
    interrupt: Name =\USB_UART:SCB_IRQ\
        PORT MAP (
            interrupt => Net_20 );
        Properties:
        {
            int_type = "10"
            is_nmi = 0
        }
  Intr@ [IntrContainer=(0)][IntrId=(19)] 
    interrupt: Name =Millis_ISR
        PORT MAP (
            interrupt => Net_6 );
        Properties:
        {
            int_type = "10"
            is_nmi = 0
        }
Drq container @ [DrqContainer=(0)]: empty
Port 0 contains the following IO cells:
Port 1 contains the following IO cells:
[IoId=6]: 
Pin : Name = LED(0)
    Attributes:
        In Group/Port: True
        In Sync Option: AUTO
        Out Sync Option: NOSYNC
        Interrupt generated: False
        Interrupt mode: NONE
        Drive mode: CMOS_OUT
        VTrip: EITHER
        Slew: FAST
        Input Sync needed: False
        Output Sync needed: False
        SC shield enabled: False
        POR State: ANY
        LCD Mode: COMMON
        Register Mode: RegComb
        CaSense Mode: NEITHER
        Treat as pin: True
        Is OE Registered: False
        Uses Analog: False
        Can contain Digital: True
        Is SIO: False
        SIO Output Buf: NONREGULATED
        SIO Input Buf: SINGLE_ENDED
        SIO HiFreq: LOW
        SIO Hyst: DISABLED
        SIO Vtrip: MULTIPLIER_0_5
        SIO Multiplier Index: 0
        SIO RefSel: VCC_IO
        Required Capabilities: DIGITAL
        Initial Value: 0
        IO Voltage: 0
    PORT MAP (
        pa_out => LED(0)__PA ,
        pad => LED(0)_PAD );
    Properties:
    {
    }

Port 2 contains the following IO cells:
Port 3 contains the following IO cells:
[IoId=0]: 
Pin : Name = UART_IN(0)
    Attributes:
        In Group/Port: True
        In Sync Option: NOSYNC
        Out Sync Option: AUTO
        Interrupt generated: False
        Interrupt mode: NONE
        Drive mode: RES_PULL_UP
        VTrip: CMOS
        Slew: FAST
        Input Sync needed: False
        Output Sync needed: False
        SC shield enabled: False
        POR State: ANY
        LCD Mode: COMMON
        Register Mode: RegComb
        CaSense Mode: NEITHER
        Treat as pin: True
        Is OE Registered: False
        Uses Analog: False
        Can contain Digital: True
        Is SIO: False
        SIO Output Buf: NONREGULATED
        SIO Input Buf: SINGLE_ENDED
        SIO HiFreq: LOW
        SIO Hyst: DISABLED
        SIO Vtrip: MULTIPLIER_0_5
        SIO Multiplier Index: 0
        SIO RefSel: VCC_IO
        Required Capabilities: DIGITAL
        Initial Value: 1
        IO Voltage: 0
    PORT MAP (
        pa_out => UART_IN(0)__PA ,
        fb => Net_137 ,
        pad => UART_IN(0)_PAD );
    Properties:
    {
    }

[IoId=1]: 
Pin : Name = UART_OUT(0)
    Attributes:
        In Group/Port: True
        In Sync Option: AUTO
        Out Sync Option: NOSYNC
        Interrupt generated: False
        Interrupt mode: NONE
        Drive mode: CMOS_OUT
        VTrip: EITHER
        Slew: FAST
        Input Sync needed: False
        Output Sync needed: False
        SC shield enabled: False
        POR State: ANY
        LCD Mode: COMMON
        Register Mode: RegComb
        CaSense Mode: NEITHER
        Treat as pin: True
        Is OE Registered: False
        Uses Analog: False
        Can contain Digital: True
        Is SIO: False
        SIO Output Buf: NONREGULATED
        SIO Input Buf: SINGLE_ENDED
        SIO HiFreq: LOW
        SIO Hyst: DISABLED
        SIO Vtrip: MULTIPLIER_0_5
        SIO Multiplier Index: 0
        SIO RefSel: VCC_IO
        Required Capabilities: DIGITAL
        Initial Value: 1
        IO Voltage: 0
    PORT MAP (
        pa_out => UART_OUT(0)__PA ,
        pin_input => Net_138 ,
        pad => UART_OUT(0)_PAD );
    Properties:
    {
    }

Port 4 contains the following IO cells:
[IoId=0]: 
Pin : Name = \SPI:mosi_m(0)\
    Attributes:
        In Group/Port: True
        In Sync Option: NOSYNC
        Out Sync Option: NOSYNC
        Interrupt generated: False
        Interrupt mode: NONE
        Drive mode: CMOS_OUT
        VTrip: CMOS
        Slew: FAST
        Input Sync needed: False
        Output Sync needed: False
        SC shield enabled: False
        POR State: ANY
        LCD Mode: COMMON
        Register Mode: RegComb
        CaSense Mode: NEITHER
        Treat as pin: True
        Is OE Registered: False
        Uses Analog: False
        Can contain Digital: True
        Is SIO: False
        SIO Output Buf: NONREGULATED
        SIO Input Buf: SINGLE_ENDED
        SIO HiFreq: LOW
        SIO Hyst: DISABLED
        SIO Vtrip: MULTIPLIER_0_5
        SIO Multiplier Index: 0
        SIO RefSel: VCC_IO
        Required Capabilities: DIGITAL
        Initial Value: 1
        IO Voltage: 0
    PORT MAP (
        pa_out => \SPI:mosi_m(0)\__PA ,
        pin_input => \SPI:mosi_m_wire\ ,
        pad => \SPI:mosi_m(0)_PAD\ );
    Properties:
    {
    }

[IoId=1]: 
Pin : Name = \SPI:miso_m(0)\
    Attributes:
        In Group/Port: True
        In Sync Option: NOSYNC
        Out Sync Option: AUTO
        Interrupt generated: False
        Interrupt mode: NONE
        Drive mode: HI_Z_DIGITAL
        VTrip: CMOS
        Slew: FAST
        Input Sync needed: False
        Output Sync needed: False
        SC shield enabled: False
        POR State: ANY
        LCD Mode: COMMON
        Register Mode: RegComb
        CaSense Mode: NEITHER
        Treat as pin: True
        Is OE Registered: False
        Uses Analog: False
        Can contain Digital: True
        Is SIO: False
        SIO Output Buf: NONREGULATED
        SIO Input Buf: SINGLE_ENDED
        SIO HiFreq: LOW
        SIO Hyst: DISABLED
        SIO Vtrip: MULTIPLIER_0_5
        SIO Multiplier Index: 0
        SIO RefSel: VCC_IO
        Required Capabilities: DIGITAL
        Initial Value: 0
        IO Voltage: 0
    PORT MAP (
        pa_out => \SPI:miso_m(0)\__PA ,
        fb => \SPI:miso_m_wire\ ,
        pad => \SPI:miso_m(0)_PAD\ );
    Properties:
    {
    }

[IoId=2]: 
Pin : Name = \SPI:sclk_m(0)\
    Attributes:
        In Group/Port: True
        In Sync Option: NOSYNC
        Out Sync Option: NOSYNC
        Interrupt generated: False
        Interrupt mode: NONE
        Drive mode: CMOS_OUT
        VTrip: CMOS
        Slew: FAST
        Input Sync needed: False
        Output Sync needed: False
        SC shield enabled: False
        POR State: ANY
        LCD Mode: COMMON
        Register Mode: RegComb
        CaSense Mode: NEITHER
        Treat as pin: True
        Is OE Registered: False
        Uses Analog: False
        Can contain Digital: True
        Is SIO: False
        SIO Output Buf: NONREGULATED
        SIO Input Buf: SINGLE_ENDED
        SIO HiFreq: LOW
        SIO Hyst: DISABLED
        SIO Vtrip: MULTIPLIER_0_5
        SIO Multiplier Index: 0
        SIO RefSel: VCC_IO
        Required Capabilities: DIGITAL
        Initial Value: 1
        IO Voltage: 0
    PORT MAP (
        pa_out => \SPI:sclk_m(0)\__PA ,
        pin_input => \SPI:sclk_m_wire\ ,
        pad => \SPI:sclk_m(0)_PAD\ );
    Properties:
    {
    }

[IoId=3]: 
Pin : Name = SS(0)
    Attributes:
        In Group/Port: True
        In Sync Option: AUTO
        Out Sync Option: NOSYNC
        Interrupt generated: False
        Interrupt mode: NONE
        Drive mode: CMOS_OUT
        VTrip: EITHER
        Slew: FAST
        Input Sync needed: False
        Output Sync needed: False
        SC shield enabled: False
        POR State: ANY
        LCD Mode: COMMON
        Register Mode: RegComb
        CaSense Mode: NEITHER
        Treat as pin: True
        Is OE Registered: False
        Uses Analog: False
        Can contain Digital: True
        Is SIO: False
        SIO Output Buf: NONREGULATED
        SIO Input Buf: SINGLE_ENDED
        SIO HiFreq: LOW
        SIO Hyst: DISABLED
        SIO Vtrip: MULTIPLIER_0_5
        SIO Multiplier Index: 0
        SIO RefSel: VCC_IO
        Required Capabilities: DIGITAL
        Initial Value: 0
        IO Voltage: 0
    PORT MAP (
        pa_out => SS(0)__PA ,
        pad => SS(0)_PAD );
    Properties:
    {
    }

[IoId=4]: 
Pin : Name = CE(0)
    Attributes:
        In Group/Port: True
        In Sync Option: AUTO
        Out Sync Option: NOSYNC
        Interrupt generated: False
        Interrupt mode: NONE
        Drive mode: CMOS_OUT
        VTrip: EITHER
        Slew: FAST
        Input Sync needed: False
        Output Sync needed: False
        SC shield enabled: False
        POR State: ANY
        LCD Mode: COMMON
        Register Mode: RegComb
        CaSense Mode: NEITHER
        Treat as pin: True
        Is OE Registered: False
        Uses Analog: False
        Can contain Digital: True
        Is SIO: False
        SIO Output Buf: NONREGULATED
        SIO Input Buf: SINGLE_ENDED
        SIO HiFreq: LOW
        SIO Hyst: DISABLED
        SIO Vtrip: MULTIPLIER_0_5
        SIO Multiplier Index: 0
        SIO RefSel: VCC_IO
        Required Capabilities: DIGITAL
        Initial Value: 0
        IO Voltage: 0
    PORT MAP (
        pa_out => CE(0)__PA ,
        pad => CE(0)_PAD );
    Properties:
    {
    }

[IoId=5]: 
Pin : Name = NRF_ISR(0)
    Attributes:
        In Group/Port: True
        In Sync Option: NOSYNC
        Out Sync Option: AUTO
        Interrupt generated: False
        Interrupt mode: NONE
        Drive mode: HI_Z_DIGITAL
        VTrip: CMOS
        Slew: FAST
        Input Sync needed: False
        Output Sync needed: False
        SC shield enabled: False
        POR State: ANY
        LCD Mode: COMMON
        Register Mode: RegComb
        CaSense Mode: NEITHER
        Treat as pin: True
        Is OE Registered: False
        Uses Analog: False
        Can contain Digital: True
        Is SIO: False
        SIO Output Buf: NONREGULATED
        SIO Input Buf: SINGLE_ENDED
        SIO HiFreq: LOW
        SIO Hyst: DISABLED
        SIO Vtrip: MULTIPLIER_0_5
        SIO Multiplier Index: 0
        SIO RefSel: VCC_IO
        Required Capabilities: DIGITAL
        Initial Value: 0
        IO Voltage: 0
    PORT MAP (
        pa_out => NRF_ISR(0)__PA ,
        pad => NRF_ISR(0)_PAD );
    Properties:
    {
    }

Port 5 contains the following IO cells:
Port 6 contains the following IO cells:
[IoId=5]: 
Pin : Name = MASTER_UNIT(0)
    Attributes:
        In Group/Port: True
        In Sync Option: NOSYNC
        Out Sync Option: AUTO
        Interrupt generated: False
        Interrupt mode: NONE
        Drive mode: RES_PULL_UP
        VTrip: CMOS
        Slew: FAST
        Input Sync needed: False
        Output Sync needed: False
        SC shield enabled: False
        POR State: ANY
        LCD Mode: COMMON
        Register Mode: RegComb
        CaSense Mode: NEITHER
        Treat as pin: True
        Is OE Registered: False
        Uses Analog: False
        Can contain Digital: True
        Is SIO: False
        SIO Output Buf: NONREGULATED
        SIO Input Buf: SINGLE_ENDED
        SIO HiFreq: LOW
        SIO Hyst: DISABLED
        SIO Vtrip: MULTIPLIER_0_5
        SIO Multiplier Index: 0
        SIO RefSel: VCC_IO
        Required Capabilities: DIGITAL
        Initial Value: 1
        IO Voltage: 0
    PORT MAP (
        pa_out => MASTER_UNIT(0)__PA ,
        pad => MASTER_UNIT(0)_PAD );
    Properties:
    {
    }

Port 7 contains the following IO cells:
[IoId=0]: 
Pin : Name = \USB_UART:rx(0)\
    Attributes:
        In Group/Port: True
        In Sync Option: NOSYNC
        Out Sync Option: AUTO
        Interrupt generated: False
        Interrupt mode: NONE
        Drive mode: HI_Z_DIGITAL
        VTrip: CMOS
        Slew: FAST
        Input Sync needed: False
        Output Sync needed: False
        SC shield enabled: False
        POR State: ANY
        LCD Mode: COMMON
        Register Mode: RegComb
        CaSense Mode: NEITHER
        Treat as pin: True
        Is OE Registered: False
        Uses Analog: False
        Can contain Digital: True
        Is SIO: False
        SIO Output Buf: NONREGULATED
        SIO Input Buf: SINGLE_ENDED
        SIO HiFreq: LOW
        SIO Hyst: DISABLED
        SIO Vtrip: MULTIPLIER_0_5
        SIO Multiplier Index: 0
        SIO RefSel: VCC_IO
        Required Capabilities: DIGITAL
        Initial Value: 0
        IO Voltage: 0
    PORT MAP (
        pa_out => \USB_UART:rx(0)\__PA ,
        fb => \USB_UART:rx_wire\ ,
        pad => \USB_UART:rx(0)_PAD\ );
    Properties:
    {
    }

[IoId=1]: 
Pin : Name = \USB_UART:tx(0)\
    Attributes:
        In Group/Port: True
        In Sync Option: NOSYNC
        Out Sync Option: NOSYNC
        Interrupt generated: False
        Interrupt mode: NONE
        Drive mode: CMOS_OUT
        VTrip: CMOS
        Slew: FAST
        Input Sync needed: False
        Output Sync needed: False
        SC shield enabled: False
        POR State: ANY
        LCD Mode: COMMON
        Register Mode: RegComb
        CaSense Mode: NEITHER
        Treat as pin: True
        Is OE Registered: False
        Uses Analog: False
        Can contain Digital: True
        Is SIO: False
        SIO Output Buf: NONREGULATED
        SIO Input Buf: SINGLE_ENDED
        SIO HiFreq: LOW
        SIO Hyst: DISABLED
        SIO Vtrip: MULTIPLIER_0_5
        SIO Multiplier Index: 0
        SIO RefSel: VCC_IO
        Required Capabilities: DIGITAL
        Initial Value: 1
        IO Voltage: 0
    PORT MAP (
        pa_out => \USB_UART:tx(0)\__PA ,
        pin_input => \USB_UART:tx_wire\ ,
        pad => \USB_UART:tx(0)_PAD\ );
    Properties:
    {
    }

ARM group 0: empty
CAN group 0: empty
Clock group 0: 
    Clock Block @ F(Clock,0): 
    m0s8clockblockcell: Name =ClockBlock
        PORT MAP (
            hfclk => ClockBlock_HFClk ,
            imo => ClockBlock_IMO ,
            ext => ClockBlock_ExtClk ,
            sysclk => ClockBlock_SysClk ,
            ilo => ClockBlock_ILO ,
            lfclk => ClockBlock_LFClk ,
            wco => ClockBlock_WCO ,
            dsi_in_0 => ClockBlock_Routed1 ,
            ff_div_2 => \SPI:Net_847_ff2\ ,
            ff_div_11 => Net_12_ff11 ,
            ff_div_3 => \USB_UART:Net_847_ff3\ ,
            ff_div_4 => \UART:Net_847_ff4\ );
        Properties:
        {
        }
LCD group 0: empty
PICU group 0: empty
LPCOMP group 0: empty
SCB group 0: 
    SCB Block @ F(SCB,0): 
    m0s8scbcell: Name =\SPI:SCB\
        PORT MAP (
            clock => \SPI:Net_847_ff2\ ,
            interrupt => Net_100 ,
            uart_tx => \SPI:tx_wire\ ,
            uart_rts => \SPI:rts_wire\ ,
            mosi_m => \SPI:mosi_m_wire\ ,
            miso_m => \SPI:miso_m_wire\ ,
            select_m_3 => \SPI:select_m_wire_3\ ,
            select_m_2 => \SPI:select_m_wire_2\ ,
            select_m_1 => \SPI:select_m_wire_1\ ,
            select_m_0 => \SPI:select_m_wire_0\ ,
            sclk_m => \SPI:sclk_m_wire\ ,
            miso_s => \SPI:miso_s_wire\ ,
            tr_tx_req => Net_103 ,
            tr_rx_req => Net_102 );
        Properties:
        {
            cy_registers = ""
            scb_mode = 1
        }
    SCB Block @ F(SCB,1): 
    m0s8scbcell: Name =\UART:SCB\
        PORT MAP (
            clock => \UART:Net_847_ff4\ ,
            interrupt => Net_122 ,
            uart_rx => Net_137 ,
            uart_tx => Net_138 ,
            uart_rts => \UART:rts_wire\ ,
            mosi_m => \UART:mosi_m_wire\ ,
            select_m_3 => \UART:select_m_wire_3\ ,
            select_m_2 => \UART:select_m_wire_2\ ,
            select_m_1 => \UART:select_m_wire_1\ ,
            select_m_0 => \UART:select_m_wire_0\ ,
            sclk_m => \UART:sclk_m_wire\ ,
            miso_s => \UART:miso_s_wire\ ,
            tr_tx_req => Net_125 ,
            tr_rx_req => Net_124 );
        Properties:
        {
            cy_registers = ""
            scb_mode = 2
        }
    SCB Block @ F(SCB,3): 
    m0s8scbcell: Name =\USB_UART:SCB\
        PORT MAP (
            clock => \USB_UART:Net_847_ff3\ ,
            interrupt => Net_20 ,
            uart_rx => \USB_UART:rx_wire\ ,
            uart_tx => \USB_UART:tx_wire\ ,
            uart_rts => \USB_UART:rts_wire\ ,
            mosi_m => \USB_UART:mosi_m_wire\ ,
            select_m_3 => \USB_UART:select_m_wire_3\ ,
            select_m_2 => \USB_UART:select_m_wire_2\ ,
            select_m_1 => \USB_UART:select_m_wire_1\ ,
            select_m_0 => \USB_UART:select_m_wire_0\ ,
            sclk_m => \USB_UART:sclk_m_wire\ ,
            miso_s => \USB_UART:miso_s_wire\ ,
            tr_tx_req => Net_23 ,
            tr_rx_req => Net_22 );
        Properties:
        {
            cy_registers = ""
            scb_mode = 2
        }
CSD group 0: empty
CSIDAC8 group 0: empty
CSIDAC7 group 0: empty
TCPWM group 0: 
    Tcpwm Block @ F(TCPWM,0): 
    m0s8tcpwmcell: Name =\Millis_TMR:cy_m0s8_tcpwm_1\
        PORT MAP (
            clock => Net_12_ff11 ,
            capture => zero ,
            count => one ,
            reload => zero ,
            stop => zero ,
            start => zero ,
            tr_underflow => Net_8 ,
            tr_overflow => Net_7 ,
            tr_compare_match => Net_9 ,
            line => Net_10 ,
            line_compl => Net_11 ,
            interrupt => Net_6 );
        Properties:
        {
            cy_registers = ""
        }
OA group 0: empty
TEMP group 0: empty
SARADC group 0: empty
CLK_GEN group 0: 
    M0S8 Clock Gen Block @ F(CLK_GEN,0): 
    m0s8clockgenblockcell: Name =ClockGenBlock
        PORT MAP (
             );
        Properties:
        {
        }
LPCOMPBLOCK group 0: empty
PASSBLOCK group 0: empty
WCO group 0: empty
SRSS group 0: empty
CPUSS group 0: empty
IOSS group 0: empty
</CYPRESSTAG>
<CYPRESSTAG name="Port Configuration Details">

------------------------------------------------------------
Port Configuration report
------------------------------------------------------------
     |     |       | Interrupt |                  |                  | 
Port | Pin | Fixed |      Type |       Drive Mode |             Name | Connections
-----+-----+-------+-----------+------------------+------------------+-----------------------
   1 |   6 |     * |      NONE |         CMOS_OUT |           LED(0) | 
-----+-----+-------+-----------+------------------+------------------+-----------------------
   3 |   0 |     * |      NONE |      RES_PULL_UP |       UART_IN(0) | FB(Net_137)
     |   1 |     * |      NONE |         CMOS_OUT |      UART_OUT(0) | In(Net_138)
-----+-----+-------+-----------+------------------+------------------+-----------------------
   4 |   0 |     * |      NONE |         CMOS_OUT |  \SPI:mosi_m(0)\ | In(\SPI:mosi_m_wire\)
     |   1 |     * |      NONE |     HI_Z_DIGITAL |  \SPI:miso_m(0)\ | FB(\SPI:miso_m_wire\)
     |   2 |     * |      NONE |         CMOS_OUT |  \SPI:sclk_m(0)\ | In(\SPI:sclk_m_wire\)
     |   3 |     * |      NONE |         CMOS_OUT |            SS(0) | 
     |   4 |     * |      NONE |         CMOS_OUT |            CE(0) | 
     |   5 |     * |      NONE |     HI_Z_DIGITAL |       NRF_ISR(0) | 
-----+-----+-------+-----------+------------------+------------------+-----------------------
   6 |   5 |     * |      NONE |      RES_PULL_UP |   MASTER_UNIT(0) | 
-----+-----+-------+-----------+------------------+------------------+-----------------------
   7 |   0 |     * |      NONE |     HI_Z_DIGITAL | \USB_UART:rx(0)\ | FB(\USB_UART:rx_wire\)
     |   1 |     * |      NONE |         CMOS_OUT | \USB_UART:tx(0)\ | In(\USB_UART:tx_wire\)
---------------------------------------------------------------------------------------------
</CYPRESSTAG>
</CYPRESSTAG>
</CYPRESSTAG>
Digital component placer commit/Report: Elapsed time ==> 0s.015ms
Digital Placement phase: Elapsed time ==> 0s.445ms
</CYPRESSTAG>
<CYPRESSTAG name="Digital Routing">
"C:\Program Files (x86)\Cypress\PSoC Creator\4.1\PSoC Creator\bin/sjrouter.exe" --xml-path "C:\Program Files (x86)\Cypress\PSoC Creator\4.1\PSoC Creator\dev\psoc4/4/route_arch-rrg.cydata" --vh2-path "UART_over_nFR24_r.vh2" --pcf-path "UART_over_nFR24.pco" --des-name "UART_over_nFR24" --dsf-path "UART_over_nFR24.dsf" --sdc-path "UART_over_nFR24.sdc" --lib-path "UART_over_nFR24_r.lib"
Routing successful.
Digital Routing phase: Elapsed time ==> 0s.632ms
</CYPRESSTAG>
<CYPRESSTAG name="Bitstream Generation">
Bitstream Generation phase: Elapsed time ==> 0s.226ms
</CYPRESSTAG>
<CYPRESSTAG name="Bitstream Verification">
Bitstream Verification phase: Elapsed time ==> 0s.025ms
</CYPRESSTAG>
<CYPRESSTAG name="Static timing analysis">
Timing report is in UART_over_nFR24_timing.html.
Static timing analysis phase: Elapsed time ==> 0s.226ms
</CYPRESSTAG>
<CYPRESSTAG name="Data reporting">
Data reporting phase: Elapsed time ==> 0s.000ms
</CYPRESSTAG>
<CYPRESSTAG name="Database update...">
Design database save phase: Elapsed time ==> 0s.157ms
</CYPRESSTAG>
cydsfit: Elapsed time ==> 2s.414ms
</CYPRESSTAG>
Fitter phase: Elapsed time ==> 2s.415ms
API generation phase: Elapsed time ==> 2s.453ms
Dependency generation phase: Elapsed time ==> 0s.023ms
Cleanup phase: Elapsed time ==> 0s.002ms
