--------------- Clean Started: 03/19/2018 12:15:38 Project: UART_over_nFR24, Configuration: ARM GCC 5.4-2016-q2-update Debug ---------------
Deleting file ".\CortexM0\ARM_GCC_541\Debug\main.o"
Deleting file ".\CortexM0\ARM_GCC_541\Debug\millis.o"
Deleting file ".\CortexM0\ARM_GCC_541\Debug\ring_buffer.o"
Deleting file ".\CortexM0\ARM_GCC_541\Debug\cyfitter_cfg.o"
Deleting file ".\CortexM0\ARM_GCC_541\Debug\cymetadata.o"
Deleting file ".\CortexM0\ARM_GCC_541\Debug\Millis_TMR.o"
Deleting file ".\CortexM0\ARM_GCC_541\Debug\Millis_TMR_PM.o"
Deleting file ".\CortexM0\ARM_GCC_541\Debug\Clock_1.o"
Deleting file ".\CortexM0\ARM_GCC_541\Debug\Millis_ISR.o"
Deleting file ".\CortexM0\ARM_GCC_541\Debug\Cm0Start.o"
Deleting file ".\CortexM0\ARM_GCC_541\Debug\CyFlash.o"
Deleting file ".\CortexM0\ARM_GCC_541\Debug\CyLib.o"
Deleting file ".\CortexM0\ARM_GCC_541\Debug\cyPm.o"
Deleting file ".\CortexM0\ARM_GCC_541\Debug\cyutils.o"
Deleting file ".\CortexM0\ARM_GCC_541\Debug\CyBootAsmGnu.o"
Deleting file ".\CortexM0\ARM_GCC_541\Debug\CyDMA.o"
Deleting file ".\CortexM0\ARM_GCC_541\Debug\CyLFClk.o"
Deleting file ".\CortexM0\ARM_GCC_541\Debug\USB_UART.o"
Deleting file ".\CortexM0\ARM_GCC_541\Debug\USB_UART_SPI_UART.o"
Deleting file ".\CortexM0\ARM_GCC_541\Debug\USB_UART_SPI_UART_INT.o"
Deleting file ".\CortexM0\ARM_GCC_541\Debug\USB_UART_PM.o"
Deleting file ".\CortexM0\ARM_GCC_541\Debug\USB_UART_UART.o"
Deleting file ".\CortexM0\ARM_GCC_541\Debug\USB_UART_BOOT.o"
Deleting file ".\CortexM0\ARM_GCC_541\Debug\USB_UART_UART_BOOT.o"
Deleting file ".\CortexM0\ARM_GCC_541\Debug\UART.o"
Deleting file ".\CortexM0\ARM_GCC_541\Debug\UART_SPI_UART.o"
Deleting file ".\CortexM0\ARM_GCC_541\Debug\UART_SPI_UART_INT.o"
Deleting file ".\CortexM0\ARM_GCC_541\Debug\UART_PM.o"
Deleting file ".\CortexM0\ARM_GCC_541\Debug\UART_UART.o"
Deleting file ".\CortexM0\ARM_GCC_541\Debug\UART_BOOT.o"
Deleting file ".\CortexM0\ARM_GCC_541\Debug\UART_UART_BOOT.o"
Deleting file ".\CortexM0\ARM_GCC_541\Debug\USB_UART_SCBCLK.o"
Deleting file ".\CortexM0\ARM_GCC_541\Debug\USB_UART_tx.o"
Deleting file ".\CortexM0\ARM_GCC_541\Debug\USB_UART_tx_PM.o"
Deleting file ".\CortexM0\ARM_GCC_541\Debug\USB_UART_SCB_IRQ.o"
Deleting file ".\CortexM0\ARM_GCC_541\Debug\USB_UART_rx.o"
Deleting file ".\CortexM0\ARM_GCC_541\Debug\USB_UART_rx_PM.o"
Deleting file ".\CortexM0\ARM_GCC_541\Debug\UART_SCBCLK.o"
Deleting file ".\CortexM0\ARM_GCC_541\Debug\UART_tx.o"
Deleting file ".\CortexM0\ARM_GCC_541\Debug\UART_tx_PM.o"
Deleting file ".\CortexM0\ARM_GCC_541\Debug\UART_SCB_IRQ.o"
Deleting file ".\CortexM0\ARM_GCC_541\Debug\UART_rx.o"
Deleting file ".\CortexM0\ARM_GCC_541\Debug\UART_rx_PM.o"
Deleting file ".\CortexM0\ARM_GCC_541\Debug\nRF24_FUNCS.o"
Deleting file ".\CortexM0\ARM_GCC_541\Debug\nRF24_HAL.o"
Deleting file ".\CortexM0\ARM_GCC_541\Debug\nRF24_COMMANDS.o"
Deleting file ".\CortexM0\ARM_GCC_541\Debug\SPI.o"
Deleting file ".\CortexM0\ARM_GCC_541\Debug\SPI_PM.o"
Deleting file ".\CortexM0\ARM_GCC_541\Debug\SPI_SPI_UART.o"
Deleting file ".\CortexM0\ARM_GCC_541\Debug\SPI_SPI_UART_INT.o"
Deleting file ".\CortexM0\ARM_GCC_541\Debug\SPI_SPI.o"
Deleting file ".\CortexM0\ARM_GCC_541\Debug\SPI_BOOT.o"
Deleting file ".\CortexM0\ARM_GCC_541\Debug\SPI_SPI_BOOT.o"
Deleting file ".\CortexM0\ARM_GCC_541\Debug\CE.o"
Deleting file ".\CortexM0\ARM_GCC_541\Debug\CE_PM.o"
Deleting file ".\CortexM0\ARM_GCC_541\Debug\SS.o"
Deleting file ".\CortexM0\ARM_GCC_541\Debug\SS_PM.o"
Deleting file ".\CortexM0\ARM_GCC_541\Debug\LED.o"
Deleting file ".\CortexM0\ARM_GCC_541\Debug\LED_PM.o"
Deleting file ".\CortexM0\ARM_GCC_541\Debug\SPI_SCBCLK.o"
Deleting file ".\CortexM0\ARM_GCC_541\Debug\SPI_sclk_m.o"
Deleting file ".\CortexM0\ARM_GCC_541\Debug\SPI_sclk_m_PM.o"
Deleting file ".\CortexM0\ARM_GCC_541\Debug\SPI_miso_m.o"
Deleting file ".\CortexM0\ARM_GCC_541\Debug\SPI_miso_m_PM.o"
Deleting file ".\CortexM0\ARM_GCC_541\Debug\SPI_mosi_m.o"
Deleting file ".\CortexM0\ARM_GCC_541\Debug\SPI_mosi_m_PM.o"
Deleting file ".\CortexM0\ARM_GCC_541\Debug\SPI_SCB_IRQ.o"
Deleting file ".\CortexM0\ARM_GCC_541\Debug\MASTER_UNIT.o"
Deleting file ".\CortexM0\ARM_GCC_541\Debug\MASTER_UNIT_PM.o"
Deleting file ".\CortexM0\ARM_GCC_541\Debug\UART_over_nFR24.hex"
Deleting file ".\CortexM0\ARM_GCC_541\Debug\UART_over_nFR24.elf"
Deleting file ".\CortexM0\ARM_GCC_541\Debug\UART_over_nFR24.map"
Deleting file ".\UART_over_nFR24.cycdx"
Deleting file ".\UART_over_nFR24.svd"
Deleting file ".\UART_over_nFR24.rpt"
Deleting file ".\UART_over_nFR24_timing.html"
Deleting file ".\CortexM0\ARM_GCC_541\Debug\.deps\SOURCE_C__ARM_GCC_GENERIC.P"
Deleting file ".\CortexM0\ARM_GCC_541\Debug\.deps\SOURCE_ASM__ARM_GCC_GENERIC.P"
--------------- Clean Succeeded: 03/19/2018 12:15:38 ---------------
