ARM GAS  C:\Users\AFDHAL~1\AppData\Local\Temp\ccx6A67i.s 			page 1


   1              		.syntax unified
   2              		.cpu cortex-m0
   3              		.fpu softvfp
   4              		.eabi_attribute 20, 1
   5              		.eabi_attribute 21, 1
   6              		.eabi_attribute 23, 3
   7              		.eabi_attribute 24, 1
   8              		.eabi_attribute 25, 1
   9              		.eabi_attribute 26, 1
  10              		.eabi_attribute 30, 2
  11              		.eabi_attribute 34, 0
  12              		.eabi_attribute 18, 4
  13              		.thumb
  14              		.syntax unified
  15              		.file	"main.c"
  16              		.text
  17              	.Ltext0:
  18              		.cfi_sections	.debug_frame
  19              		.section	.text.startup.main,"ax",%progbits
  20              		.align	2
  21              		.global	main
  22              		.code	16
  23              		.thumb_func
  24              		.type	main, %function
  25              	main:
  26              	.LFB35:
  27              		.file 1 "main.c"
   1:main.c        **** /* ========================================
   2:main.c        ****  *
   3:main.c        ****  * Copyright YOUR COMPANY, THE YEAR
   4:main.c        ****  * All Rights Reserved
   5:main.c        ****  * UNPUBLISHED, LICENSED SOFTWARE.
   6:main.c        ****  *
   7:main.c        ****  * CONFIDENTIAL AND PROPRIETARY INFORMATION
   8:main.c        ****  * WHICH IS THE PROPERTY OF your company.
   9:main.c        ****  *
  10:main.c        ****  * ========================================
  11:main.c        **** */
  12:main.c        **** #include <stdio.h>
  13:main.c        **** #include "project.h"
  14:main.c        **** #include "pid.h"
  15:main.c        **** #include "motor.h"
  16:main.c        **** #include "modbusRTU.h"
  17:main.c        **** #include "modbus_regs.h"
  18:main.c        **** #include "millis.h"
  19:main.c        **** #include "nRF24_Adapter.h"
  20:main.c        **** 
  21:main.c        **** 
  22:main.c        **** float motor_pwm, setpoint, pid_fb;
  23:main.c        **** const uint8_t nrfAdd[] = {0x01, 0x23, 0x45, 0x67, 0x89};
  24:main.c        **** uint8_t dataToSend[] = {0,1};
  25:main.c        **** 
  26:main.c        **** extern volatile nrf_irq nRF24_Adapter_Flags;
  27:main.c        **** 
  28:main.c        **** uint8_t mode_tx = 1;
  29:main.c        **** 
  30:main.c        **** int main(void)
ARM GAS  C:\Users\AFDHAL~1\AppData\Local\Temp\ccx6A67i.s 			page 2


  31:main.c        **** {
  28              		.loc 1 31 0
  29              		.cfi_startproc
  30              		@ args = 0, pretend = 0, frame = 64
  31              		@ frame_needed = 0, uses_anonymous_args = 0
  32 0000 F0B5     		push	{r4, r5, r6, r7, lr}
  33              		.cfi_def_cfa_offset 20
  34              		.cfi_offset 4, -20
  35              		.cfi_offset 5, -16
  36              		.cfi_offset 6, -12
  37              		.cfi_offset 7, -8
  38              		.cfi_offset 14, -4
  39 0002 5F46     		mov	r7, fp
  40 0004 5646     		mov	r6, r10
  41 0006 4D46     		mov	r5, r9
  42 0008 4446     		mov	r4, r8
  43 000a F0B4     		push	{r4, r5, r6, r7}
  44              		.cfi_def_cfa_offset 36
  45              		.cfi_offset 8, -36
  46              		.cfi_offset 9, -32
  47              		.cfi_offset 10, -28
  48              		.cfi_offset 11, -24
  49 000c 91B0     		sub	sp, sp, #68
  50              		.cfi_def_cfa_offset 104
  32:main.c        ****     CyGlobalIntEnable; /* Enable global interrupts. */
  51              		.loc 1 32 0
  52              		.syntax divided
  53              	@ 32 "main.c" 1
  54 000e 62B6     		CPSIE   i
  55              	@ 0 "" 2
  33:main.c        **** 
  34:main.c        ****     /* Place your initialization/startup code here (e.g. MyInst_Start()) */
  35:main.c        ****     LED_Write(0); //on board led off
  56              		.loc 1 35 0
  57              		.thumb
  58              		.syntax unified
  59 0010 0020     		movs	r0, #0
  60 0012 FFF7FEFF 		bl	LED_Write
  61              	.LVL0:
  36:main.c        ****     
  37:main.c        ****     //init nRF24L01 module
  38:main.c        ****     nRF24_Adapter_Start();
  62              		.loc 1 38 0
  63 0016 FFF7FEFF 		bl	nRF24_Adapter_Start
  64              	.LVL1:
  39:main.c        ****     nRF24_set_tx_address(nrfAdd, 5);
  65              		.loc 1 39 0
  66 001a 594C     		ldr	r4, .L21
  67 001c 0521     		movs	r1, #5
  68 001e 2000     		movs	r0, r4
  69 0020 FFF7FEFF 		bl	nRF24_set_tx_address
  70              	.LVL2:
  40:main.c        ****     nRF24_set_rx_pipe_0_address(nrfAdd, 5);
  71              		.loc 1 40 0
  72 0024 0521     		movs	r1, #5
  73 0026 2000     		movs	r0, r4
  74 0028 FFF7FEFF 		bl	nRF24_set_rx_pipe_0_address
ARM GAS  C:\Users\AFDHAL~1\AppData\Local\Temp\ccx6A67i.s 			page 3


  75              	.LVL3:
  41:main.c        ****     
  42:main.c        ****     
  43:main.c        ****     //used mainly for modbus
  44:main.c        ****     USB_UART_Start();
  76              		.loc 1 44 0
  77 002c FFF7FEFF 		bl	USB_UART_Start
  78              	.LVL4:
  45:main.c        ****     
  46:main.c        ****     //for current measurement
  47:main.c        **** //    ADC_Start();
  48:main.c        **** //    ADC_StartConvert();
  49:main.c        **** //    
  50:main.c        **** //    //arduino-like millis
  51:main.c        **** //    Millis_Start();
  52:main.c        **** //           
  53:main.c        **** //    QuadDec_Start(); //quadrature decoder module (to sense cable distance)
  54:main.c        **** //    QuadDec_WriteCounter(0x8000); //reset measure cable distance (it resets to 32768)
  55:main.c        **** //        
  56:main.c        **** //    Motor_Start();            
  57:main.c        **** //    
  58:main.c        **** //    PID_Init();
  59:main.c        **** //    PID_Set_Setpoint(&setpoint); //set the address of setpoint variable
  60:main.c        **** //    PID_Set_Input(&pid_fb); //set the address of feedback variable
  61:main.c        **** //    PID_Set_Output(&motor_pwm); //set the address of output variable
  62:main.c        **** //    PID_Set_Output_Limits(-32767, 32767); //pwm resolution reduced to 15-bits due to acoustic noi
  63:main.c        **** //    
  64:main.c        **** //    PID_ISR_StartEx(PID_Tick); //pid ticker routine is defined in pid.c
  65:main.c        **** //    PID_Tick_Timer_Start(); //start 12.5Hz PID timer 
  66:main.c        ****       
  67:main.c        ****     //reset setpoint on startup
  68:main.c        ****     modbus_holding_regs[PID_Setpoint] = 0;
  79              		.loc 1 68 0
  80 0030 0023     		movs	r3, #0
  81 0032 544C     		ldr	r4, .L21+4
  69:main.c        ****     
  70:main.c        ****     //Enable Watchdog
  71:main.c        ****     CySysWdtEnable(CY_SYS_WDT_COUNTER0_MASK);
  82              		.loc 1 71 0
  83 0034 0120     		movs	r0, #1
  68:main.c        ****     
  84              		.loc 1 68 0
  85 0036 E360     		str	r3, [r4, #12]
  86              		.loc 1 71 0
  87 0038 FFF7FEFF 		bl	CySysWdtEnable
  88              	.LVL5:
  72:main.c        ****     
  73:main.c        ****     //Find the reset source
  74:main.c        ****     //0     = master reset
  75:main.c        ****     //1     = wdt reset
  76:main.c        ****     //8     = program fault reset
  77:main.c        ****     //16    = software reset
  78:main.c        ****     modbus_holding_regs[Reset_Source] = CySysGetResetReason(CY_SYS_RESET_WDT | CY_SYS_RESET_PROTFAU
  89              		.loc 1 78 0
  90 003c 1920     		movs	r0, #25
  91 003e FFF7FEFF 		bl	CySysGetResetReason
  92              	.LVL6:
ARM GAS  C:\Users\AFDHAL~1\AppData\Local\Temp\ccx6A67i.s 			page 4


  79:main.c        ****     
  80:main.c        ****     uint8_t rcv[32];
  81:main.c        ****     char tmt[32];
  82:main.c        ****     char tmt1[] = "whynot\r\n";
  83:main.c        ****     char tmt2[] = "transmited\r\n";
  84:main.c        ****     
  85:main.c        ****     
  86:main.c        ****     if(mode_tx) //tx   
  93              		.loc 1 86 0
  94 0042 514D     		ldr	r5, .L21+8
  78:main.c        ****     
  95              		.loc 1 78 0
  96 0044 A061     		str	r0, [r4, #24]
  97              		.loc 1 86 0
  98 0046 2B78     		ldrb	r3, [r5]
  99 0048 002B     		cmp	r3, #0
 100 004a 00D1     		bne	.LCB53
 101 004c 8DE0     		b	.L2	@long jump
 102              	.LCB53:
  87:main.c        ****     {
  88:main.c        ****         nRF24_set_mode(NRF_MODE_TX);
 103              		.loc 1 88 0
 104 004e 0020     		movs	r0, #0
 105 0050 FFF7FEFF 		bl	nRF24_set_mode
 106              	.LVL7:
  89:main.c        ****         nRF24_set_tx_mode();
 107              		.loc 1 89 0
 108 0054 FFF7FEFF 		bl	nRF24_set_tx_mode
 109              	.LVL8:
  90:main.c        ****         nRF24_set_channel(120);
 110              		.loc 1 90 0
 111 0058 7820     		movs	r0, #120
 112 005a FFF7FEFF 		bl	nRF24_set_channel
 113              	.LVL9:
  91:main.c        ****         nRF24_stop_listening();  
 114              		.loc 1 91 0
 115 005e FFF7FEFF 		bl	nRF24_stop_listening
 116              	.LVL10:
 117              	.L3:
 118 0062 4A4B     		ldr	r3, .L21+12
 119 0064 08AC     		add	r4, sp, #32
 120 0066 9B46     		mov	fp, r3
 121 0068 494B     		ldr	r3, .L21+16
 122 006a 9846     		mov	r8, r3
 123 006c 494B     		ldr	r3, .L21+20
 124 006e 9A46     		mov	r10, r3
 125              	.LBB2:
  92:main.c        ****     }
  93:main.c        ****     else //rx   
  94:main.c        ****     {
  95:main.c        ****         nRF24_set_mode(NRF_MODE_RX);
  96:main.c        ****         nRF24_set_rx_mode();
  97:main.c        ****         nRF24_set_channel(120);
  98:main.c        ****         nRF24_start_listening();
  99:main.c        ****     }
 100:main.c        ****     
 101:main.c        ****     for(;;)
ARM GAS  C:\Users\AFDHAL~1\AppData\Local\Temp\ccx6A67i.s 			page 5


 102:main.c        ****     {
 103:main.c        ****         //Feed the dog (512ms)
 104:main.c        ****         CySysWatchdogFeed(CY_SYS_WDT_COUNTER0);
 105:main.c        ****         
 106:main.c        ****         
 107:main.c        ****         if(mode_tx) //tx
 108:main.c        ****         { 
 109:main.c        ****             CyDelay(100);
 110:main.c        ****             uint8_t stat = nRF24_get_status();
 111:main.c        ****             
 112:main.c        ****             if (!nRF24_is_tx_fifo_full())
 113:main.c        ****             {
 114:main.c        ****                 nRF24_transmit(dataToSend, 2); 
 126              		.loc 1 114 0
 127 0070 2B1D     		adds	r3, r5, #4
 128 0072 9946     		mov	r9, r3
 129              	.L4:
 130              	.LBE2:
 104:main.c        ****         
 131              		.loc 1 104 0
 132 0074 0020     		movs	r0, #0
 133 0076 FFF7FEFF 		bl	CySysWatchdogFeed
 134              	.LVL11:
 107:main.c        ****         { 
 135              		.loc 1 107 0
 136 007a 2B78     		ldrb	r3, [r5]
 137 007c 002B     		cmp	r3, #0
 138 007e 20D0     		beq	.L5
 139              	.L19:
 140              	.LBB3:
 109:main.c        ****             uint8_t stat = nRF24_get_status();
 141              		.loc 1 109 0
 142 0080 6420     		movs	r0, #100
 143 0082 FFF7FEFF 		bl	CyDelay
 144              	.LVL12:
 110:main.c        ****             
 145              		.loc 1 110 0
 146 0086 FFF7FEFF 		bl	nRF24_get_status
 147              	.LVL13:
 148 008a 0600     		movs	r6, r0
 149              	.LVL14:
 112:main.c        ****             {
 150              		.loc 1 112 0
 151 008c FFF7FEFF 		bl	nRF24_is_tx_fifo_full
 152              	.LVL15:
 153 0090 0028     		cmp	r0, #0
 154 0092 2AD1     		bne	.L6
 155              		.loc 1 114 0
 156 0094 0221     		movs	r1, #2
 157 0096 4846     		mov	r0, r9
 158 0098 FFF7FEFF 		bl	nRF24_transmit
 159              	.LVL16:
 115:main.c        ****             }
 116:main.c        ****             else
 117:main.c        ****             {
 118:main.c        ****                 nRF24_reuse_last_transmitted_payload();
 119:main.c        ****                 sprintf(tmt, "retransmitting packet\r\n");                 
ARM GAS  C:\Users\AFDHAL~1\AppData\Local\Temp\ccx6A67i.s 			page 6


 120:main.c        ****                 USB_UART_SpiUartPutArray(tmt, sizeof(tmt));
 121:main.c        ****                 nRF24_clear_irq_flag(NRF_MAX_RT_IRQ); //acknowledge failed retransmission
 122:main.c        ****             }
 123:main.c        ****                 
 124:main.c        ****             //if transmit sucessful
 125:main.c        ****             if(NRF_STATUS_TX_DS_MASK & nRF24_get_status())
 160              		.loc 1 125 0
 161 009c FFF7FEFF 		bl	nRF24_get_status
 162              	.LVL17:
 163 00a0 8306     		lsls	r3, r0, #26
 164 00a2 35D4     		bmi	.L18
 165              	.L8:
 126:main.c        ****             {
 127:main.c        ****                 LED_Write(~LED_Read());
 128:main.c        ****                 
 129:main.c        ****                 dataToSend[0]+=1;
 130:main.c        ****                 dataToSend[1]+=1;
 131:main.c        ****                 
 132:main.c        ****                 nRF24_clear_irq_flag(NRF_TX_DS_IRQ);
 133:main.c        ****             }
 134:main.c        ****             
 135:main.c        ****                 
 136:main.c        ****             sprintf(tmt, "status = %02X\r\n", stat);                 
 166              		.loc 1 136 0
 167 00a4 3200     		movs	r2, r6
 168 00a6 4146     		mov	r1, r8
 169 00a8 2000     		movs	r0, r4
 170 00aa FFF7FEFF 		bl	sprintf
 171              	.LVL18:
 137:main.c        ****             USB_UART_SpiUartPutArray(tmt, sizeof(tmt));
 172              		.loc 1 137 0
 173 00ae 2021     		movs	r1, #32
 174 00b0 2000     		movs	r0, r4
 175 00b2 FFF7FEFF 		bl	USB_UART_SpiUartPutArray
 176              	.LVL19:
 177              	.LBE3:
 104:main.c        ****         
 178              		.loc 1 104 0
 179 00b6 0020     		movs	r0, #0
 180 00b8 FFF7FEFF 		bl	CySysWatchdogFeed
 181              	.LVL20:
 107:main.c        ****         { 
 182              		.loc 1 107 0
 183 00bc 2B78     		ldrb	r3, [r5]
 184 00be 002B     		cmp	r3, #0
 185 00c0 DED1     		bne	.L19
 186              	.LVL21:
 187              	.L5:
 188              	.LBB4:
 138:main.c        ****         }
 139:main.c        ****         else //rx
 140:main.c        ****         {
 141:main.c        ****             uint8_t stat = nRF24_get_status();
 189              		.loc 1 141 0
 190 00c2 FFF7FEFF 		bl	nRF24_get_status
 191              	.LVL22:
 192 00c6 0600     		movs	r6, r0
ARM GAS  C:\Users\AFDHAL~1\AppData\Local\Temp\ccx6A67i.s 			page 7


 193              	.LVL23:
 142:main.c        ****             
 143:main.c        ****             //if data is pending
 144:main.c        ****             if(nRF24_is_data_ready())
 194              		.loc 1 144 0
 195 00c8 FFF7FEFF 		bl	nRF24_is_data_ready
 196              	.LVL24:
 197 00cc 0028     		cmp	r0, #0
 198 00ce 2FD1     		bne	.L20
 199              	.L10:
 145:main.c        ****             {
 146:main.c        ****                 LED_Write(~LED_Read());
 147:main.c        ****                 
 148:main.c        ****                 nRF24_clear_irq_flag(NRF_RX_DR_IRQ);
 149:main.c        ****                     
 150:main.c        ****                 nRF24_get_rx_payload(rcv, 2);
 151:main.c        ****                 sprintf(tmt, "data = %02X, %02X \r\n", rcv[0],rcv[1]);                 
 152:main.c        ****                 USB_UART_SpiUartPutArray(tmt, sizeof(tmt)); CyDelay(10);                
 153:main.c        ****             }
 154:main.c        ****             sprintf(tmt, "status = %02X \r\n", stat);                 
 200              		.loc 1 154 0
 201 00d0 3200     		movs	r2, r6
 202 00d2 3149     		ldr	r1, .L21+24
 203 00d4 2000     		movs	r0, r4
 204 00d6 FFF7FEFF 		bl	sprintf
 205              	.LVL25:
 155:main.c        ****             USB_UART_SpiUartPutArray(tmt, sizeof(tmt)); CyDelay(10);
 206              		.loc 1 155 0
 207 00da 2000     		movs	r0, r4
 208 00dc 2021     		movs	r1, #32
 209 00de FFF7FEFF 		bl	USB_UART_SpiUartPutArray
 210              	.LVL26:
 211 00e2 0A20     		movs	r0, #10
 212 00e4 FFF7FEFF 		bl	CyDelay
 213              	.LVL27:
 214 00e8 C4E7     		b	.L4
 215              	.LVL28:
 216              	.L6:
 217              	.LBE4:
 218              	.LBB5:
 118:main.c        ****                 sprintf(tmt, "retransmitting packet\r\n");                 
 219              		.loc 1 118 0
 220 00ea FFF7FEFF 		bl	nRF24_reuse_last_transmitted_payload
 221              	.LVL29:
 119:main.c        ****                 USB_UART_SpiUartPutArray(tmt, sizeof(tmt));
 222              		.loc 1 119 0
 223 00ee 2300     		movs	r3, r4
 224 00f0 5A46     		mov	r2, fp
 225 00f2 83CA     		ldmia	r2!, {r0, r1, r7}
 226 00f4 83C3     		stmia	r3!, {r0, r1, r7}
 227 00f6 83CA     		ldmia	r2!, {r0, r1, r7}
 228 00f8 83C3     		stmia	r3!, {r0, r1, r7}
 120:main.c        ****                 nRF24_clear_irq_flag(NRF_MAX_RT_IRQ); //acknowledge failed retransmission
 229              		.loc 1 120 0
 230 00fa 2021     		movs	r1, #32
 231 00fc 2000     		movs	r0, r4
 232 00fe FFF7FEFF 		bl	USB_UART_SpiUartPutArray
ARM GAS  C:\Users\AFDHAL~1\AppData\Local\Temp\ccx6A67i.s 			page 8


 233              	.LVL30:
 121:main.c        ****             }
 234              		.loc 1 121 0
 235 0102 0420     		movs	r0, #4
 236 0104 FFF7FEFF 		bl	nRF24_clear_irq_flag
 237              	.LVL31:
 125:main.c        ****             {
 238              		.loc 1 125 0
 239 0108 FFF7FEFF 		bl	nRF24_get_status
 240              	.LVL32:
 241 010c 8306     		lsls	r3, r0, #26
 242 010e C9D5     		bpl	.L8
 243              	.L18:
 127:main.c        ****                 
 244              		.loc 1 127 0
 245 0110 FFF7FEFF 		bl	LED_Read
 246              	.LVL33:
 247 0114 C043     		mvns	r0, r0
 248 0116 C0B2     		uxtb	r0, r0
 249 0118 FFF7FEFF 		bl	LED_Write
 250              	.LVL34:
 129:main.c        ****                 dataToSend[1]+=1;
 251              		.loc 1 129 0
 252 011c 2B79     		ldrb	r3, [r5, #4]
 132:main.c        ****             }
 253              		.loc 1 132 0
 254 011e 0520     		movs	r0, #5
 129:main.c        ****                 dataToSend[1]+=1;
 255              		.loc 1 129 0
 256 0120 0133     		adds	r3, r3, #1
 257 0122 2B71     		strb	r3, [r5, #4]
 130:main.c        ****                 
 258              		.loc 1 130 0
 259 0124 6B79     		ldrb	r3, [r5, #5]
 260 0126 0133     		adds	r3, r3, #1
 261 0128 6B71     		strb	r3, [r5, #5]
 132:main.c        ****             }
 262              		.loc 1 132 0
 263 012a FFF7FEFF 		bl	nRF24_clear_irq_flag
 264              	.LVL35:
 265 012e B9E7     		b	.L8
 266              	.LVL36:
 267              	.L20:
 268              	.LBE5:
 269              	.LBB6:
 146:main.c        ****                 
 270              		.loc 1 146 0
 271 0130 FFF7FEFF 		bl	LED_Read
 272              	.LVL37:
 273 0134 C043     		mvns	r0, r0
 274 0136 C0B2     		uxtb	r0, r0
 275 0138 FFF7FEFF 		bl	LED_Write
 276              	.LVL38:
 148:main.c        ****                     
 277              		.loc 1 148 0
 278 013c 0620     		movs	r0, #6
 279 013e FFF7FEFF 		bl	nRF24_clear_irq_flag
ARM GAS  C:\Users\AFDHAL~1\AppData\Local\Temp\ccx6A67i.s 			page 9


 280              	.LVL39:
 150:main.c        ****                 sprintf(tmt, "data = %02X, %02X \r\n", rcv[0],rcv[1]);                 
 281              		.loc 1 150 0
 282 0142 6846     		mov	r0, sp
 283 0144 0221     		movs	r1, #2
 284 0146 FFF7FEFF 		bl	nRF24_get_rx_payload
 285              	.LVL40:
 151:main.c        ****                 USB_UART_SpiUartPutArray(tmt, sizeof(tmt)); CyDelay(10);                
 286              		.loc 1 151 0
 287 014a 6B46     		mov	r3, sp
 288 014c 6A46     		mov	r2, sp
 289 014e 5B78     		ldrb	r3, [r3, #1]
 290 0150 1278     		ldrb	r2, [r2]
 291 0152 5146     		mov	r1, r10
 292 0154 2000     		movs	r0, r4
 293 0156 FFF7FEFF 		bl	sprintf
 294              	.LVL41:
 152:main.c        ****             }
 295              		.loc 1 152 0
 296 015a 2000     		movs	r0, r4
 297 015c 2021     		movs	r1, #32
 298 015e FFF7FEFF 		bl	USB_UART_SpiUartPutArray
 299              	.LVL42:
 300 0162 0A20     		movs	r0, #10
 301 0164 FFF7FEFF 		bl	CyDelay
 302              	.LVL43:
 303 0168 B2E7     		b	.L10
 304              	.LVL44:
 305              	.L2:
 306              	.LBE6:
  95:main.c        ****         nRF24_set_rx_mode();
 307              		.loc 1 95 0
 308 016a 0120     		movs	r0, #1
 309 016c FFF7FEFF 		bl	nRF24_set_mode
 310              	.LVL45:
  96:main.c        ****         nRF24_set_channel(120);
 311              		.loc 1 96 0
 312 0170 FFF7FEFF 		bl	nRF24_set_rx_mode
 313              	.LVL46:
  97:main.c        ****         nRF24_start_listening();
 314              		.loc 1 97 0
 315 0174 7820     		movs	r0, #120
 316 0176 FFF7FEFF 		bl	nRF24_set_channel
 317              	.LVL47:
  98:main.c        ****     }
 318              		.loc 1 98 0
 319 017a FFF7FEFF 		bl	nRF24_start_listening
 320              	.LVL48:
 321 017e 70E7     		b	.L3
 322              	.L22:
 323              		.align	2
 324              	.L21:
 325 0180 00000000 		.word	.LANCHOR0
 326 0184 00000000 		.word	modbus_holding_regs
 327 0188 00000000 		.word	.LANCHOR1
 328 018c 00000000 		.word	.LC3
 329 0190 18000000 		.word	.LC5
ARM GAS  C:\Users\AFDHAL~1\AppData\Local\Temp\ccx6A67i.s 			page 10


 330 0194 28000000 		.word	.LC7
 331 0198 40000000 		.word	.LC9
 332              		.cfi_endproc
 333              	.LFE35:
 334              		.size	main, .-main
 335              		.global	mode_tx
 336              		.global	dataToSend
 337              		.global	nrfAdd
 338              		.comm	pid_fb,4,4
 339              		.comm	setpoint,4,4
 340              		.comm	motor_pwm,4,4
 341              		.comm	nRF24_Adapter_Flags,1,1
 342              		.comm	modbus_holding_regs,40,4
 343              		.section	.rodata
 344              		.align	2
 345              		.set	.LANCHOR0,. + 0
 346              		.type	nrfAdd, %object
 347              		.size	nrfAdd, 5
 348              	nrfAdd:
 349 0000 01       		.byte	1
 350 0001 23       		.byte	35
 351 0002 45       		.byte	69
 352 0003 67       		.byte	103
 353 0004 89       		.byte	-119
 354              		.data
 355              		.align	2
 356              		.set	.LANCHOR1,. + 0
 357              		.type	mode_tx, %object
 358              		.size	mode_tx, 1
 359              	mode_tx:
 360 0000 01       		.byte	1
 361 0001 000000   		.space	3
 362              		.type	dataToSend, %object
 363              		.size	dataToSend, 2
 364              	dataToSend:
 365 0004 00       		.byte	0
 366 0005 01       		.byte	1
 367              		.section	.rodata.str1.4,"aMS",%progbits,1
 368              		.align	2
 369              	.LC3:
 370 0000 72657472 		.ascii	"retransmitting packet\015\012\000"
 370      616E736D 
 370      69747469 
 370      6E672070 
 370      61636B65 
 371              	.LC5:
 372 0018 73746174 		.ascii	"status = %02X\015\012\000"
 372      7573203D 
 372      20253032 
 372      580D0A00 
 373              	.LC7:
 374 0028 64617461 		.ascii	"data = %02X, %02X \015\012\000"
 374      203D2025 
 374      3032582C 
 374      20253032 
 374      58200D0A 
 375 003d 000000   		.space	3
ARM GAS  C:\Users\AFDHAL~1\AppData\Local\Temp\ccx6A67i.s 			page 11


 376              	.LC9:
 377 0040 73746174 		.ascii	"status = %02X \015\012\000"
 377      7573203D 
 377      20253032 
 377      58200D0A 
 377      00
 378              		.text
 379              	.Letext0:
 380              		.file 2 "c:\\program files (x86)\\cypress\\psoc creator\\4.1\\psoc creator\\import\\gnu\\arm\\5.4.
 381              		.file 3 "c:\\program files (x86)\\cypress\\psoc creator\\4.1\\psoc creator\\import\\gnu\\arm\\5.4.
 382              		.file 4 "Generated_Source\\PSoC4/cytypes.h"
 383              		.file 5 "Generated_Source\\PSoC4/nRF24_REGS.h"
 384              		.file 6 "modbus_regs.h"
 385              		.file 7 "Generated_Source\\PSoC4/CyLib.h"
 386              		.file 8 "Generated_Source\\PSoC4/nRF24_FUNCS.h"
 387              		.file 9 "c:\\program files (x86)\\cypress\\psoc creator\\4.1\\psoc creator\\import\\gnu\\arm\\5.4.
 388              		.file 10 "Generated_Source\\PSoC4/USB_UART_SPI_UART.h"
 389              		.file 11 "Generated_Source\\PSoC4/LED.h"
 390              		.file 12 "nRF24_Adapter.h"
 391              		.file 13 "Generated_Source\\PSoC4/USB_UART.h"
 392              		.file 14 "Generated_Source\\PSoC4/CyLFClk.h"
 393              		.section	.debug_info,"",%progbits
 394              	.Ldebug_info0:
 395 0000 7F070000 		.4byte	0x77f
 396 0004 0400     		.2byte	0x4
 397 0006 00000000 		.4byte	.Ldebug_abbrev0
 398 000a 04       		.byte	0x4
 399 000b 01       		.uleb128 0x1
 400 000c 91040000 		.4byte	.LASF97
 401 0010 0C       		.byte	0xc
 402 0011 26050000 		.4byte	.LASF98
 403 0015 5B050000 		.4byte	.LASF99
 404 0019 38000000 		.4byte	.Ldebug_ranges0+0x38
 405 001d 00000000 		.4byte	0
 406 0021 00000000 		.4byte	.Ldebug_line0
 407 0025 02       		.uleb128 0x2
 408 0026 01       		.byte	0x1
 409 0027 06       		.byte	0x6
 410 0028 E1020000 		.4byte	.LASF0
 411 002c 03       		.uleb128 0x3
 412 002d 3E020000 		.4byte	.LASF12
 413 0031 02       		.byte	0x2
 414 0032 1D       		.byte	0x1d
 415 0033 37000000 		.4byte	0x37
 416 0037 02       		.uleb128 0x2
 417 0038 01       		.byte	0x1
 418 0039 08       		.byte	0x8
 419 003a 79020000 		.4byte	.LASF1
 420 003e 02       		.uleb128 0x2
 421 003f 02       		.byte	0x2
 422 0040 05       		.byte	0x5
 423 0041 A3000000 		.4byte	.LASF2
 424 0045 02       		.uleb128 0x2
 425 0046 02       		.byte	0x2
 426 0047 07       		.byte	0x7
 427 0048 76030000 		.4byte	.LASF3
 428 004c 02       		.uleb128 0x2
ARM GAS  C:\Users\AFDHAL~1\AppData\Local\Temp\ccx6A67i.s 			page 12


 429 004d 04       		.byte	0x4
 430 004e 05       		.byte	0x5
 431 004f F5010000 		.4byte	.LASF4
 432 0053 02       		.uleb128 0x2
 433 0054 04       		.byte	0x4
 434 0055 07       		.byte	0x7
 435 0056 32030000 		.4byte	.LASF5
 436 005a 02       		.uleb128 0x2
 437 005b 08       		.byte	0x8
 438 005c 05       		.byte	0x5
 439 005d 06010000 		.4byte	.LASF6
 440 0061 02       		.uleb128 0x2
 441 0062 08       		.byte	0x8
 442 0063 07       		.byte	0x7
 443 0064 ED020000 		.4byte	.LASF7
 444 0068 04       		.uleb128 0x4
 445 0069 04       		.byte	0x4
 446 006a 05       		.byte	0x5
 447 006b 696E7400 		.ascii	"int\000"
 448 006f 02       		.uleb128 0x2
 449 0070 04       		.byte	0x4
 450 0071 07       		.byte	0x7
 451 0072 25030000 		.4byte	.LASF8
 452 0076 02       		.uleb128 0x2
 453 0077 08       		.byte	0x8
 454 0078 04       		.byte	0x4
 455 0079 98020000 		.4byte	.LASF9
 456 007d 02       		.uleb128 0x2
 457 007e 04       		.byte	0x4
 458 007f 07       		.byte	0x7
 459 0080 C3000000 		.4byte	.LASF10
 460 0084 02       		.uleb128 0x2
 461 0085 01       		.byte	0x1
 462 0086 08       		.byte	0x8
 463 0087 C4030000 		.4byte	.LASF11
 464 008b 03       		.uleb128 0x3
 465 008c 77010000 		.4byte	.LASF13
 466 0090 03       		.byte	0x3
 467 0091 18       		.byte	0x18
 468 0092 2C000000 		.4byte	0x2c
 469 0096 05       		.uleb128 0x5
 470 0097 1F050000 		.4byte	.LASF14
 471 009b 04       		.byte	0x4
 472 009c D401     		.2byte	0x1d4
 473 009e 53000000 		.4byte	0x53
 474 00a2 02       		.uleb128 0x2
 475 00a3 04       		.byte	0x4
 476 00a4 04       		.byte	0x4
 477 00a5 93010000 		.4byte	.LASF15
 478 00a9 02       		.uleb128 0x2
 479 00aa 08       		.byte	0x8
 480 00ab 04       		.byte	0x4
 481 00ac 48060000 		.4byte	.LASF16
 482 00b0 06       		.uleb128 0x6
 483 00b1 01       		.byte	0x1
 484 00b2 37000000 		.4byte	0x37
 485 00b6 05       		.byte	0x5
ARM GAS  C:\Users\AFDHAL~1\AppData\Local\Temp\ccx6A67i.s 			page 13


 486 00b7 1F       		.byte	0x1f
 487 00b8 59010000 		.4byte	0x159
 488 00bc 07       		.uleb128 0x7
 489 00bd 4E040000 		.4byte	.LASF17
 490 00c1 00       		.byte	0
 491 00c2 07       		.uleb128 0x7
 492 00c3 2C010000 		.4byte	.LASF18
 493 00c7 01       		.byte	0x1
 494 00c8 07       		.uleb128 0x7
 495 00c9 99010000 		.4byte	.LASF19
 496 00cd 02       		.byte	0x2
 497 00ce 07       		.uleb128 0x7
 498 00cf 44030000 		.4byte	.LASF20
 499 00d3 03       		.byte	0x3
 500 00d4 07       		.uleb128 0x7
 501 00d5 5D040000 		.4byte	.LASF21
 502 00d9 04       		.byte	0x4
 503 00da 07       		.uleb128 0x7
 504 00db C7010000 		.4byte	.LASF22
 505 00df 05       		.byte	0x5
 506 00e0 07       		.uleb128 0x7
 507 00e1 87020000 		.4byte	.LASF23
 508 00e5 06       		.byte	0x6
 509 00e6 07       		.uleb128 0x7
 510 00e7 85060000 		.4byte	.LASF24
 511 00eb 07       		.byte	0x7
 512 00ec 07       		.uleb128 0x7
 513 00ed 70040000 		.4byte	.LASF25
 514 00f1 08       		.byte	0x8
 515 00f2 07       		.uleb128 0x7
 516 00f3 05060000 		.4byte	.LASF26
 517 00f7 09       		.byte	0x9
 518 00f8 07       		.uleb128 0x7
 519 00f9 C9030000 		.4byte	.LASF27
 520 00fd 0A       		.byte	0xa
 521 00fe 07       		.uleb128 0x7
 522 00ff A5060000 		.4byte	.LASF28
 523 0103 0B       		.byte	0xb
 524 0104 07       		.uleb128 0x7
 525 0105 D5010000 		.4byte	.LASF29
 526 0109 0C       		.byte	0xc
 527 010a 07       		.uleb128 0x7
 528 010b 31040000 		.4byte	.LASF30
 529 010f 0D       		.byte	0xd
 530 0110 07       		.uleb128 0x7
 531 0111 35000000 		.4byte	.LASF31
 532 0115 0E       		.byte	0xe
 533 0116 07       		.uleb128 0x7
 534 0117 1A020000 		.4byte	.LASF32
 535 011b 0F       		.byte	0xf
 536 011c 07       		.uleb128 0x7
 537 011d F1030000 		.4byte	.LASF33
 538 0121 10       		.byte	0x10
 539 0122 07       		.uleb128 0x7
 540 0123 94060000 		.4byte	.LASF34
 541 0127 11       		.byte	0x11
 542 0128 07       		.uleb128 0x7
ARM GAS  C:\Users\AFDHAL~1\AppData\Local\Temp\ccx6A67i.s 			page 14


 543 0129 48020000 		.4byte	.LASF35
 544 012d 12       		.byte	0x12
 545 012e 07       		.uleb128 0x7
 546 012f 5D000000 		.4byte	.LASF36
 547 0133 13       		.byte	0x13
 548 0134 07       		.uleb128 0x7
 549 0135 CC000000 		.4byte	.LASF37
 550 0139 14       		.byte	0x14
 551 013a 07       		.uleb128 0x7
 552 013b A4020000 		.4byte	.LASF38
 553 013f 15       		.byte	0x15
 554 0140 07       		.uleb128 0x7
 555 0141 F4050000 		.4byte	.LASF39
 556 0145 16       		.byte	0x16
 557 0146 07       		.uleb128 0x7
 558 0147 12000000 		.4byte	.LASF40
 559 014b 17       		.byte	0x17
 560 014c 07       		.uleb128 0x7
 561 014d DC030000 		.4byte	.LASF41
 562 0151 1C       		.byte	0x1c
 563 0152 07       		.uleb128 0x7
 564 0153 38060000 		.4byte	.LASF42
 565 0157 1D       		.byte	0x1d
 566 0158 00       		.byte	0
 567 0159 06       		.uleb128 0x6
 568 015a 01       		.byte	0x1
 569 015b 37000000 		.4byte	0x37
 570 015f 05       		.byte	0x5
 571 0160 69       		.byte	0x69
 572 0161 72010000 		.4byte	0x172
 573 0165 07       		.uleb128 0x7
 574 0166 79060000 		.4byte	.LASF43
 575 016a 00       		.byte	0
 576 016b 07       		.uleb128 0x7
 577 016c 59020000 		.4byte	.LASF44
 578 0170 01       		.byte	0x1
 579 0171 00       		.byte	0
 580 0172 06       		.uleb128 0x6
 581 0173 01       		.byte	0x1
 582 0174 37000000 		.4byte	0x37
 583 0178 05       		.byte	0x5
 584 0179 6E       		.byte	0x6e
 585 017a 97010000 		.4byte	0x197
 586 017e 07       		.uleb128 0x7
 587 017f BC050000 		.4byte	.LASF45
 588 0183 00       		.byte	0
 589 0184 07       		.uleb128 0x7
 590 0185 13040000 		.4byte	.LASF46
 591 0189 04       		.byte	0x4
 592 018a 07       		.uleb128 0x7
 593 018b CB020000 		.4byte	.LASF47
 594 018f 05       		.byte	0x5
 595 0190 07       		.uleb128 0x7
 596 0191 83040000 		.4byte	.LASF48
 597 0195 06       		.byte	0x6
 598 0196 00       		.byte	0
 599 0197 03       		.uleb128 0x3
ARM GAS  C:\Users\AFDHAL~1\AppData\Local\Temp\ccx6A67i.s 			page 15


 600 0198 04030000 		.4byte	.LASF49
 601 019c 05       		.byte	0x5
 602 019d 73       		.byte	0x73
 603 019e 72010000 		.4byte	0x172
 604 01a2 06       		.uleb128 0x6
 605 01a3 01       		.byte	0x1
 606 01a4 37000000 		.4byte	0x37
 607 01a8 05       		.byte	0x5
 608 01a9 E9       		.byte	0xe9
 609 01aa C1010000 		.4byte	0x1c1
 610 01ae 07       		.uleb128 0x7
 611 01af 8C000000 		.4byte	.LASF50
 612 01b3 10       		.byte	0x10
 613 01b4 07       		.uleb128 0x7
 614 01b5 AD000000 		.4byte	.LASF51
 615 01b9 20       		.byte	0x20
 616 01ba 07       		.uleb128 0x7
 617 01bb D3050000 		.4byte	.LASF52
 618 01bf 40       		.byte	0x40
 619 01c0 00       		.byte	0
 620 01c1 06       		.uleb128 0x6
 621 01c2 01       		.byte	0x1
 622 01c3 37000000 		.4byte	0x37
 623 01c7 06       		.byte	0x6
 624 01c8 0E       		.byte	0xe
 625 01c9 0D020000 		.4byte	0x20d
 626 01cd 08       		.uleb128 0x8
 627 01ce 4B7000   		.ascii	"Kp\000"
 628 01d1 00       		.byte	0
 629 01d2 08       		.uleb128 0x8
 630 01d3 4B6900   		.ascii	"Ki\000"
 631 01d6 01       		.byte	0x1
 632 01d7 08       		.uleb128 0x8
 633 01d8 4B6400   		.ascii	"Kd\000"
 634 01db 02       		.byte	0x2
 635 01dc 07       		.uleb128 0x7
 636 01dd E8010000 		.4byte	.LASF53
 637 01e1 03       		.byte	0x3
 638 01e2 07       		.uleb128 0x7
 639 01e3 42050000 		.4byte	.LASF54
 640 01e7 04       		.byte	0x4
 641 01e8 07       		.uleb128 0x7
 642 01e9 48000000 		.4byte	.LASF55
 643 01ed 05       		.byte	0x5
 644 01ee 07       		.uleb128 0x7
 645 01ef 0D020000 		.4byte	.LASF56
 646 01f3 06       		.byte	0x6
 647 01f4 07       		.uleb128 0x7
 648 01f5 6E060000 		.4byte	.LASF57
 649 01f9 07       		.byte	0x7
 650 01fa 07       		.uleb128 0x7
 651 01fb 14010000 		.4byte	.LASF58
 652 01ff 08       		.byte	0x8
 653 0200 07       		.uleb128 0x7
 654 0201 20010000 		.4byte	.LASF59
 655 0205 09       		.byte	0x9
 656 0206 07       		.uleb128 0x7
ARM GAS  C:\Users\AFDHAL~1\AppData\Local\Temp\ccx6A67i.s 			page 16


 657 0207 54000000 		.4byte	.LASF60
 658 020b 0A       		.byte	0xa
 659 020c 00       		.byte	0
 660 020d 09       		.uleb128 0x9
 661 020e F2000000 		.4byte	.LASF100
 662 0212 01       		.byte	0x1
 663 0213 1E       		.byte	0x1e
 664 0214 68000000 		.4byte	0x68
 665 0218 00000000 		.4byte	.LFB35
 666 021c 9C010000 		.4byte	.LFE35-.LFB35
 667 0220 01       		.uleb128 0x1
 668 0221 9C       		.byte	0x9c
 669 0222 67050000 		.4byte	0x567
 670 0226 0A       		.uleb128 0xa
 671 0227 72637600 		.ascii	"rcv\000"
 672 022b 01       		.byte	0x1
 673 022c 50       		.byte	0x50
 674 022d 67050000 		.4byte	0x567
 675 0231 03       		.uleb128 0x3
 676 0232 91       		.byte	0x91
 677 0233 987F     		.sleb128 -104
 678 0235 0A       		.uleb128 0xa
 679 0236 746D7400 		.ascii	"tmt\000"
 680 023a 01       		.byte	0x1
 681 023b 51       		.byte	0x51
 682 023c 77050000 		.4byte	0x577
 683 0240 03       		.uleb128 0x3
 684 0241 91       		.byte	0x91
 685 0242 B87F     		.sleb128 -72
 686 0244 0B       		.uleb128 0xb
 687 0245 C9050000 		.4byte	.LASF61
 688 0249 01       		.byte	0x1
 689 024a 52       		.byte	0x52
 690 024b 87050000 		.4byte	0x587
 691 024f 0B       		.uleb128 0xb
 692 0250 CE050000 		.4byte	.LASF62
 693 0254 01       		.byte	0x1
 694 0255 53       		.byte	0x53
 695 0256 97050000 		.4byte	0x597
 696 025a 0C       		.uleb128 0xc
 697 025b 00000000 		.4byte	.Ldebug_ranges0+0
 698 025f 55030000 		.4byte	0x355
 699 0263 0D       		.uleb128 0xd
 700 0264 4F060000 		.4byte	.LASF63
 701 0268 01       		.byte	0x1
 702 0269 6E       		.byte	0x6e
 703 026a 8B000000 		.4byte	0x8b
 704 026e 00000000 		.4byte	.LLST0
 705 0272 0E       		.uleb128 0xe
 706 0273 86000000 		.4byte	.LVL12
 707 0277 6E060000 		.4byte	0x66e
 708 027b 86020000 		.4byte	0x286
 709 027f 0F       		.uleb128 0xf
 710 0280 01       		.uleb128 0x1
 711 0281 50       		.byte	0x50
 712 0282 02       		.uleb128 0x2
 713 0283 08       		.byte	0x8
ARM GAS  C:\Users\AFDHAL~1\AppData\Local\Temp\ccx6A67i.s 			page 17


 714 0284 64       		.byte	0x64
 715 0285 00       		.byte	0
 716 0286 10       		.uleb128 0x10
 717 0287 8A000000 		.4byte	.LVL13
 718 028b 79060000 		.4byte	0x679
 719 028f 10       		.uleb128 0x10
 720 0290 90000000 		.4byte	.LVL15
 721 0294 84060000 		.4byte	0x684
 722 0298 0E       		.uleb128 0xe
 723 0299 9C000000 		.4byte	.LVL16
 724 029d 8F060000 		.4byte	0x68f
 725 02a1 B1020000 		.4byte	0x2b1
 726 02a5 0F       		.uleb128 0xf
 727 02a6 01       		.uleb128 0x1
 728 02a7 50       		.byte	0x50
 729 02a8 02       		.uleb128 0x2
 730 02a9 79       		.byte	0x79
 731 02aa 00       		.sleb128 0
 732 02ab 0F       		.uleb128 0xf
 733 02ac 01       		.uleb128 0x1
 734 02ad 51       		.byte	0x51
 735 02ae 01       		.uleb128 0x1
 736 02af 32       		.byte	0x32
 737 02b0 00       		.byte	0
 738 02b1 10       		.uleb128 0x10
 739 02b2 A0000000 		.4byte	.LVL17
 740 02b6 79060000 		.4byte	0x679
 741 02ba 0E       		.uleb128 0xe
 742 02bb AE000000 		.4byte	.LVL18
 743 02bf 9A060000 		.4byte	0x69a
 744 02c3 DA020000 		.4byte	0x2da
 745 02c7 0F       		.uleb128 0xf
 746 02c8 01       		.uleb128 0x1
 747 02c9 50       		.byte	0x50
 748 02ca 02       		.uleb128 0x2
 749 02cb 74       		.byte	0x74
 750 02cc 00       		.sleb128 0
 751 02cd 0F       		.uleb128 0xf
 752 02ce 01       		.uleb128 0x1
 753 02cf 51       		.byte	0x51
 754 02d0 02       		.uleb128 0x2
 755 02d1 78       		.byte	0x78
 756 02d2 00       		.sleb128 0
 757 02d3 0F       		.uleb128 0xf
 758 02d4 01       		.uleb128 0x1
 759 02d5 52       		.byte	0x52
 760 02d6 02       		.uleb128 0x2
 761 02d7 76       		.byte	0x76
 762 02d8 00       		.sleb128 0
 763 02d9 00       		.byte	0
 764 02da 0E       		.uleb128 0xe
 765 02db B6000000 		.4byte	.LVL19
 766 02df A5060000 		.4byte	0x6a5
 767 02e3 F4020000 		.4byte	0x2f4
 768 02e7 0F       		.uleb128 0xf
 769 02e8 01       		.uleb128 0x1
 770 02e9 50       		.byte	0x50
ARM GAS  C:\Users\AFDHAL~1\AppData\Local\Temp\ccx6A67i.s 			page 18


 771 02ea 02       		.uleb128 0x2
 772 02eb 74       		.byte	0x74
 773 02ec 00       		.sleb128 0
 774 02ed 0F       		.uleb128 0xf
 775 02ee 01       		.uleb128 0x1
 776 02ef 51       		.byte	0x51
 777 02f0 02       		.uleb128 0x2
 778 02f1 08       		.byte	0x8
 779 02f2 20       		.byte	0x20
 780 02f3 00       		.byte	0
 781 02f4 10       		.uleb128 0x10
 782 02f5 EE000000 		.4byte	.LVL29
 783 02f9 B1060000 		.4byte	0x6b1
 784 02fd 0E       		.uleb128 0xe
 785 02fe 02010000 		.4byte	.LVL30
 786 0302 A5060000 		.4byte	0x6a5
 787 0306 17030000 		.4byte	0x317
 788 030a 0F       		.uleb128 0xf
 789 030b 01       		.uleb128 0x1
 790 030c 50       		.byte	0x50
 791 030d 02       		.uleb128 0x2
 792 030e 74       		.byte	0x74
 793 030f 00       		.sleb128 0
 794 0310 0F       		.uleb128 0xf
 795 0311 01       		.uleb128 0x1
 796 0312 51       		.byte	0x51
 797 0313 02       		.uleb128 0x2
 798 0314 08       		.byte	0x8
 799 0315 20       		.byte	0x20
 800 0316 00       		.byte	0
 801 0317 0E       		.uleb128 0xe
 802 0318 08010000 		.4byte	.LVL31
 803 031c BC060000 		.4byte	0x6bc
 804 0320 2A030000 		.4byte	0x32a
 805 0324 0F       		.uleb128 0xf
 806 0325 01       		.uleb128 0x1
 807 0326 50       		.byte	0x50
 808 0327 01       		.uleb128 0x1
 809 0328 34       		.byte	0x34
 810 0329 00       		.byte	0
 811 032a 10       		.uleb128 0x10
 812 032b 0C010000 		.4byte	.LVL32
 813 032f 79060000 		.4byte	0x679
 814 0333 10       		.uleb128 0x10
 815 0334 14010000 		.4byte	.LVL33
 816 0338 C7060000 		.4byte	0x6c7
 817 033c 10       		.uleb128 0x10
 818 033d 1C010000 		.4byte	.LVL34
 819 0341 D2060000 		.4byte	0x6d2
 820 0345 11       		.uleb128 0x11
 821 0346 2E010000 		.4byte	.LVL35
 822 034a BC060000 		.4byte	0x6bc
 823 034e 0F       		.uleb128 0xf
 824 034f 01       		.uleb128 0x1
 825 0350 50       		.byte	0x50
 826 0351 01       		.uleb128 0x1
 827 0352 35       		.byte	0x35
ARM GAS  C:\Users\AFDHAL~1\AppData\Local\Temp\ccx6A67i.s 			page 19


 828 0353 00       		.byte	0
 829 0354 00       		.byte	0
 830 0355 0C       		.uleb128 0xc
 831 0356 20000000 		.4byte	.Ldebug_ranges0+0x20
 832 035a 51040000 		.4byte	0x451
 833 035e 0D       		.uleb128 0xd
 834 035f 4F060000 		.4byte	.LASF63
 835 0363 01       		.byte	0x1
 836 0364 8D       		.byte	0x8d
 837 0365 8B000000 		.4byte	0x8b
 838 0369 1E000000 		.4byte	.LLST1
 839 036d 10       		.uleb128 0x10
 840 036e C6000000 		.4byte	.LVL22
 841 0372 79060000 		.4byte	0x679
 842 0376 10       		.uleb128 0x10
 843 0377 CC000000 		.4byte	.LVL24
 844 037b DD060000 		.4byte	0x6dd
 845 037f 0E       		.uleb128 0xe
 846 0380 DA000000 		.4byte	.LVL25
 847 0384 9A060000 		.4byte	0x69a
 848 0388 A2030000 		.4byte	0x3a2
 849 038c 0F       		.uleb128 0xf
 850 038d 01       		.uleb128 0x1
 851 038e 50       		.byte	0x50
 852 038f 02       		.uleb128 0x2
 853 0390 74       		.byte	0x74
 854 0391 00       		.sleb128 0
 855 0392 0F       		.uleb128 0xf
 856 0393 01       		.uleb128 0x1
 857 0394 51       		.byte	0x51
 858 0395 05       		.uleb128 0x5
 859 0396 03       		.byte	0x3
 860 0397 40000000 		.4byte	.LC9
 861 039b 0F       		.uleb128 0xf
 862 039c 01       		.uleb128 0x1
 863 039d 52       		.byte	0x52
 864 039e 02       		.uleb128 0x2
 865 039f 76       		.byte	0x76
 866 03a0 00       		.sleb128 0
 867 03a1 00       		.byte	0
 868 03a2 0E       		.uleb128 0xe
 869 03a3 E2000000 		.4byte	.LVL26
 870 03a7 A5060000 		.4byte	0x6a5
 871 03ab BC030000 		.4byte	0x3bc
 872 03af 0F       		.uleb128 0xf
 873 03b0 01       		.uleb128 0x1
 874 03b1 50       		.byte	0x50
 875 03b2 02       		.uleb128 0x2
 876 03b3 74       		.byte	0x74
 877 03b4 00       		.sleb128 0
 878 03b5 0F       		.uleb128 0xf
 879 03b6 01       		.uleb128 0x1
 880 03b7 51       		.byte	0x51
 881 03b8 02       		.uleb128 0x2
 882 03b9 08       		.byte	0x8
 883 03ba 20       		.byte	0x20
 884 03bb 00       		.byte	0
ARM GAS  C:\Users\AFDHAL~1\AppData\Local\Temp\ccx6A67i.s 			page 20


 885 03bc 0E       		.uleb128 0xe
 886 03bd E8000000 		.4byte	.LVL27
 887 03c1 6E060000 		.4byte	0x66e
 888 03c5 CF030000 		.4byte	0x3cf
 889 03c9 0F       		.uleb128 0xf
 890 03ca 01       		.uleb128 0x1
 891 03cb 50       		.byte	0x50
 892 03cc 01       		.uleb128 0x1
 893 03cd 3A       		.byte	0x3a
 894 03ce 00       		.byte	0
 895 03cf 10       		.uleb128 0x10
 896 03d0 34010000 		.4byte	.LVL37
 897 03d4 C7060000 		.4byte	0x6c7
 898 03d8 10       		.uleb128 0x10
 899 03d9 3C010000 		.4byte	.LVL38
 900 03dd D2060000 		.4byte	0x6d2
 901 03e1 0E       		.uleb128 0xe
 902 03e2 42010000 		.4byte	.LVL39
 903 03e6 BC060000 		.4byte	0x6bc
 904 03ea F4030000 		.4byte	0x3f4
 905 03ee 0F       		.uleb128 0xf
 906 03ef 01       		.uleb128 0x1
 907 03f0 50       		.byte	0x50
 908 03f1 01       		.uleb128 0x1
 909 03f2 36       		.byte	0x36
 910 03f3 00       		.byte	0
 911 03f4 0E       		.uleb128 0xe
 912 03f5 4A010000 		.4byte	.LVL40
 913 03f9 E8060000 		.4byte	0x6e8
 914 03fd 0D040000 		.4byte	0x40d
 915 0401 0F       		.uleb128 0xf
 916 0402 01       		.uleb128 0x1
 917 0403 50       		.byte	0x50
 918 0404 02       		.uleb128 0x2
 919 0405 7D       		.byte	0x7d
 920 0406 00       		.sleb128 0
 921 0407 0F       		.uleb128 0xf
 922 0408 01       		.uleb128 0x1
 923 0409 51       		.byte	0x51
 924 040a 01       		.uleb128 0x1
 925 040b 32       		.byte	0x32
 926 040c 00       		.byte	0
 927 040d 0E       		.uleb128 0xe
 928 040e 5A010000 		.4byte	.LVL41
 929 0412 9A060000 		.4byte	0x69a
 930 0416 27040000 		.4byte	0x427
 931 041a 0F       		.uleb128 0xf
 932 041b 01       		.uleb128 0x1
 933 041c 50       		.byte	0x50
 934 041d 02       		.uleb128 0x2
 935 041e 74       		.byte	0x74
 936 041f 00       		.sleb128 0
 937 0420 0F       		.uleb128 0xf
 938 0421 01       		.uleb128 0x1
 939 0422 51       		.byte	0x51
 940 0423 02       		.uleb128 0x2
 941 0424 7A       		.byte	0x7a
ARM GAS  C:\Users\AFDHAL~1\AppData\Local\Temp\ccx6A67i.s 			page 21


 942 0425 00       		.sleb128 0
 943 0426 00       		.byte	0
 944 0427 0E       		.uleb128 0xe
 945 0428 62010000 		.4byte	.LVL42
 946 042c A5060000 		.4byte	0x6a5
 947 0430 41040000 		.4byte	0x441
 948 0434 0F       		.uleb128 0xf
 949 0435 01       		.uleb128 0x1
 950 0436 50       		.byte	0x50
 951 0437 02       		.uleb128 0x2
 952 0438 74       		.byte	0x74
 953 0439 00       		.sleb128 0
 954 043a 0F       		.uleb128 0xf
 955 043b 01       		.uleb128 0x1
 956 043c 51       		.byte	0x51
 957 043d 02       		.uleb128 0x2
 958 043e 08       		.byte	0x8
 959 043f 20       		.byte	0x20
 960 0440 00       		.byte	0
 961 0441 11       		.uleb128 0x11
 962 0442 68010000 		.4byte	.LVL43
 963 0446 6E060000 		.4byte	0x66e
 964 044a 0F       		.uleb128 0xf
 965 044b 01       		.uleb128 0x1
 966 044c 50       		.byte	0x50
 967 044d 01       		.uleb128 0x1
 968 044e 3A       		.byte	0x3a
 969 044f 00       		.byte	0
 970 0450 00       		.byte	0
 971 0451 0E       		.uleb128 0xe
 972 0452 16000000 		.4byte	.LVL0
 973 0456 D2060000 		.4byte	0x6d2
 974 045a 64040000 		.4byte	0x464
 975 045e 0F       		.uleb128 0xf
 976 045f 01       		.uleb128 0x1
 977 0460 50       		.byte	0x50
 978 0461 01       		.uleb128 0x1
 979 0462 30       		.byte	0x30
 980 0463 00       		.byte	0
 981 0464 10       		.uleb128 0x10
 982 0465 1A000000 		.4byte	.LVL1
 983 0469 F3060000 		.4byte	0x6f3
 984 046d 0E       		.uleb128 0xe
 985 046e 24000000 		.4byte	.LVL2
 986 0472 FE060000 		.4byte	0x6fe
 987 0476 86040000 		.4byte	0x486
 988 047a 0F       		.uleb128 0xf
 989 047b 01       		.uleb128 0x1
 990 047c 50       		.byte	0x50
 991 047d 02       		.uleb128 0x2
 992 047e 74       		.byte	0x74
 993 047f 00       		.sleb128 0
 994 0480 0F       		.uleb128 0xf
 995 0481 01       		.uleb128 0x1
 996 0482 51       		.byte	0x51
 997 0483 01       		.uleb128 0x1
 998 0484 35       		.byte	0x35
ARM GAS  C:\Users\AFDHAL~1\AppData\Local\Temp\ccx6A67i.s 			page 22


 999 0485 00       		.byte	0
 1000 0486 0E       		.uleb128 0xe
 1001 0487 2C000000 		.4byte	.LVL3
 1002 048b 09070000 		.4byte	0x709
 1003 048f 9F040000 		.4byte	0x49f
 1004 0493 0F       		.uleb128 0xf
 1005 0494 01       		.uleb128 0x1
 1006 0495 50       		.byte	0x50
 1007 0496 02       		.uleb128 0x2
 1008 0497 74       		.byte	0x74
 1009 0498 00       		.sleb128 0
 1010 0499 0F       		.uleb128 0xf
 1011 049a 01       		.uleb128 0x1
 1012 049b 51       		.byte	0x51
 1013 049c 01       		.uleb128 0x1
 1014 049d 35       		.byte	0x35
 1015 049e 00       		.byte	0
 1016 049f 10       		.uleb128 0x10
 1017 04a0 30000000 		.4byte	.LVL4
 1018 04a4 14070000 		.4byte	0x714
 1019 04a8 0E       		.uleb128 0xe
 1020 04a9 3C000000 		.4byte	.LVL5
 1021 04ad 1F070000 		.4byte	0x71f
 1022 04b1 BB040000 		.4byte	0x4bb
 1023 04b5 0F       		.uleb128 0xf
 1024 04b6 01       		.uleb128 0x1
 1025 04b7 50       		.byte	0x50
 1026 04b8 01       		.uleb128 0x1
 1027 04b9 31       		.byte	0x31
 1028 04ba 00       		.byte	0
 1029 04bb 0E       		.uleb128 0xe
 1030 04bc 42000000 		.4byte	.LVL6
 1031 04c0 2A070000 		.4byte	0x72a
 1032 04c4 CE040000 		.4byte	0x4ce
 1033 04c8 0F       		.uleb128 0xf
 1034 04c9 01       		.uleb128 0x1
 1035 04ca 50       		.byte	0x50
 1036 04cb 01       		.uleb128 0x1
 1037 04cc 49       		.byte	0x49
 1038 04cd 00       		.byte	0
 1039 04ce 0E       		.uleb128 0xe
 1040 04cf 54000000 		.4byte	.LVL7
 1041 04d3 35070000 		.4byte	0x735
 1042 04d7 E1040000 		.4byte	0x4e1
 1043 04db 0F       		.uleb128 0xf
 1044 04dc 01       		.uleb128 0x1
 1045 04dd 50       		.byte	0x50
 1046 04de 01       		.uleb128 0x1
 1047 04df 30       		.byte	0x30
 1048 04e0 00       		.byte	0
 1049 04e1 10       		.uleb128 0x10
 1050 04e2 58000000 		.4byte	.LVL8
 1051 04e6 40070000 		.4byte	0x740
 1052 04ea 0E       		.uleb128 0xe
 1053 04eb 5E000000 		.4byte	.LVL9
 1054 04ef 4B070000 		.4byte	0x74b
 1055 04f3 FE040000 		.4byte	0x4fe
ARM GAS  C:\Users\AFDHAL~1\AppData\Local\Temp\ccx6A67i.s 			page 23


 1056 04f7 0F       		.uleb128 0xf
 1057 04f8 01       		.uleb128 0x1
 1058 04f9 50       		.byte	0x50
 1059 04fa 02       		.uleb128 0x2
 1060 04fb 08       		.byte	0x8
 1061 04fc 78       		.byte	0x78
 1062 04fd 00       		.byte	0
 1063 04fe 10       		.uleb128 0x10
 1064 04ff 62000000 		.4byte	.LVL10
 1065 0503 56070000 		.4byte	0x756
 1066 0507 0E       		.uleb128 0xe
 1067 0508 7A000000 		.4byte	.LVL11
 1068 050c 61070000 		.4byte	0x761
 1069 0510 1A050000 		.4byte	0x51a
 1070 0514 0F       		.uleb128 0xf
 1071 0515 01       		.uleb128 0x1
 1072 0516 50       		.byte	0x50
 1073 0517 01       		.uleb128 0x1
 1074 0518 30       		.byte	0x30
 1075 0519 00       		.byte	0
 1076 051a 0E       		.uleb128 0xe
 1077 051b BC000000 		.4byte	.LVL20
 1078 051f 61070000 		.4byte	0x761
 1079 0523 2D050000 		.4byte	0x52d
 1080 0527 0F       		.uleb128 0xf
 1081 0528 01       		.uleb128 0x1
 1082 0529 50       		.byte	0x50
 1083 052a 01       		.uleb128 0x1
 1084 052b 30       		.byte	0x30
 1085 052c 00       		.byte	0
 1086 052d 0E       		.uleb128 0xe
 1087 052e 70010000 		.4byte	.LVL45
 1088 0532 35070000 		.4byte	0x735
 1089 0536 40050000 		.4byte	0x540
 1090 053a 0F       		.uleb128 0xf
 1091 053b 01       		.uleb128 0x1
 1092 053c 50       		.byte	0x50
 1093 053d 01       		.uleb128 0x1
 1094 053e 31       		.byte	0x31
 1095 053f 00       		.byte	0
 1096 0540 10       		.uleb128 0x10
 1097 0541 74010000 		.4byte	.LVL46
 1098 0545 6C070000 		.4byte	0x76c
 1099 0549 0E       		.uleb128 0xe
 1100 054a 7A010000 		.4byte	.LVL47
 1101 054e 4B070000 		.4byte	0x74b
 1102 0552 5D050000 		.4byte	0x55d
 1103 0556 0F       		.uleb128 0xf
 1104 0557 01       		.uleb128 0x1
 1105 0558 50       		.byte	0x50
 1106 0559 02       		.uleb128 0x2
 1107 055a 08       		.byte	0x8
 1108 055b 78       		.byte	0x78
 1109 055c 00       		.byte	0
 1110 055d 10       		.uleb128 0x10
 1111 055e 7E010000 		.4byte	.LVL48
 1112 0562 77070000 		.4byte	0x777
ARM GAS  C:\Users\AFDHAL~1\AppData\Local\Temp\ccx6A67i.s 			page 24


 1113 0566 00       		.byte	0
 1114 0567 12       		.uleb128 0x12
 1115 0568 8B000000 		.4byte	0x8b
 1116 056c 77050000 		.4byte	0x577
 1117 0570 13       		.uleb128 0x13
 1118 0571 7D000000 		.4byte	0x7d
 1119 0575 1F       		.byte	0x1f
 1120 0576 00       		.byte	0
 1121 0577 12       		.uleb128 0x12
 1122 0578 84000000 		.4byte	0x84
 1123 057c 87050000 		.4byte	0x587
 1124 0580 13       		.uleb128 0x13
 1125 0581 7D000000 		.4byte	0x7d
 1126 0585 1F       		.byte	0x1f
 1127 0586 00       		.byte	0
 1128 0587 12       		.uleb128 0x12
 1129 0588 84000000 		.4byte	0x84
 1130 058c 97050000 		.4byte	0x597
 1131 0590 13       		.uleb128 0x13
 1132 0591 7D000000 		.4byte	0x7d
 1133 0595 08       		.byte	0x8
 1134 0596 00       		.byte	0
 1135 0597 12       		.uleb128 0x12
 1136 0598 84000000 		.4byte	0x84
 1137 059c A7050000 		.4byte	0x5a7
 1138 05a0 13       		.uleb128 0x13
 1139 05a1 7D000000 		.4byte	0x7d
 1140 05a5 0C       		.byte	0xc
 1141 05a6 00       		.byte	0
 1142 05a7 12       		.uleb128 0x12
 1143 05a8 68000000 		.4byte	0x68
 1144 05ac B7050000 		.4byte	0x5b7
 1145 05b0 13       		.uleb128 0x13
 1146 05b1 7D000000 		.4byte	0x7d
 1147 05b5 09       		.byte	0x9
 1148 05b6 00       		.byte	0
 1149 05b7 14       		.uleb128 0x14
 1150 05b8 65020000 		.4byte	.LASF64
 1151 05bc 06       		.byte	0x6
 1152 05bd 1C       		.byte	0x1c
 1153 05be A7050000 		.4byte	0x5a7
 1154 05c2 05       		.uleb128 0x5
 1155 05c3 03       		.byte	0x3
 1156 05c4 00000000 		.4byte	modbus_holding_regs
 1157 05c8 14       		.uleb128 0x14
 1158 05c9 78000000 		.4byte	.LASF65
 1159 05cd 01       		.byte	0x1
 1160 05ce 1A       		.byte	0x1a
 1161 05cf D9050000 		.4byte	0x5d9
 1162 05d3 05       		.uleb128 0x5
 1163 05d4 03       		.byte	0x3
 1164 05d5 00000000 		.4byte	nRF24_Adapter_Flags
 1165 05d9 15       		.uleb128 0x15
 1166 05da 97010000 		.4byte	0x197
 1167 05de 14       		.uleb128 0x14
 1168 05df 44040000 		.4byte	.LASF66
 1169 05e3 01       		.byte	0x1
ARM GAS  C:\Users\AFDHAL~1\AppData\Local\Temp\ccx6A67i.s 			page 25


 1170 05e4 16       		.byte	0x16
 1171 05e5 A2000000 		.4byte	0xa2
 1172 05e9 05       		.uleb128 0x5
 1173 05ea 03       		.byte	0x3
 1174 05eb 00000000 		.4byte	motor_pwm
 1175 05ef 14       		.uleb128 0x14
 1176 05f0 54060000 		.4byte	.LASF67
 1177 05f4 01       		.byte	0x1
 1178 05f5 16       		.byte	0x16
 1179 05f6 A2000000 		.4byte	0xa2
 1180 05fa 05       		.uleb128 0x5
 1181 05fb 03       		.byte	0x3
 1182 05fc 00000000 		.4byte	setpoint
 1183 0600 14       		.uleb128 0x14
 1184 0601 EA030000 		.4byte	.LASF68
 1185 0605 01       		.byte	0x1
 1186 0606 16       		.byte	0x16
 1187 0607 A2000000 		.4byte	0xa2
 1188 060b 05       		.uleb128 0x5
 1189 060c 03       		.byte	0x3
 1190 060d 00000000 		.4byte	pid_fb
 1191 0611 12       		.uleb128 0x12
 1192 0612 21060000 		.4byte	0x621
 1193 0616 21060000 		.4byte	0x621
 1194 061a 13       		.uleb128 0x13
 1195 061b 7D000000 		.4byte	0x7d
 1196 061f 04       		.byte	0x4
 1197 0620 00       		.byte	0
 1198 0621 16       		.uleb128 0x16
 1199 0622 8B000000 		.4byte	0x8b
 1200 0626 14       		.uleb128 0x14
 1201 0627 1E030000 		.4byte	.LASF69
 1202 062b 01       		.byte	0x1
 1203 062c 17       		.byte	0x17
 1204 062d 37060000 		.4byte	0x637
 1205 0631 05       		.uleb128 0x5
 1206 0632 03       		.byte	0x3
 1207 0633 00000000 		.4byte	nrfAdd
 1208 0637 16       		.uleb128 0x16
 1209 0638 11060000 		.4byte	0x611
 1210 063c 12       		.uleb128 0x12
 1211 063d 8B000000 		.4byte	0x8b
 1212 0641 4C060000 		.4byte	0x64c
 1213 0645 13       		.uleb128 0x13
 1214 0646 7D000000 		.4byte	0x7d
 1215 064a 01       		.byte	0x1
 1216 064b 00       		.byte	0
 1217 064c 14       		.uleb128 0x14
 1218 064d E9050000 		.4byte	.LASF70
 1219 0651 01       		.byte	0x1
 1220 0652 18       		.byte	0x18
 1221 0653 3C060000 		.4byte	0x63c
 1222 0657 05       		.uleb128 0x5
 1223 0658 03       		.byte	0x3
 1224 0659 00000000 		.4byte	dataToSend
 1225 065d 14       		.uleb128 0x14
 1226 065e 55030000 		.4byte	.LASF71
ARM GAS  C:\Users\AFDHAL~1\AppData\Local\Temp\ccx6A67i.s 			page 26


 1227 0662 01       		.byte	0x1
 1228 0663 1C       		.byte	0x1c
 1229 0664 8B000000 		.4byte	0x8b
 1230 0668 05       		.uleb128 0x5
 1231 0669 03       		.byte	0x3
 1232 066a 00000000 		.4byte	mode_tx
 1233 066e 17       		.uleb128 0x17
 1234 066f 66060000 		.4byte	.LASF72
 1235 0673 66060000 		.4byte	.LASF72
 1236 0677 07       		.byte	0x7
 1237 0678 D9       		.byte	0xd9
 1238 0679 17       		.uleb128 0x17
 1239 067a 2D020000 		.4byte	.LASF73
 1240 067e 2D020000 		.4byte	.LASF73
 1241 0682 08       		.byte	0x8
 1242 0683 78       		.byte	0x78
 1243 0684 17       		.uleb128 0x17
 1244 0685 B5020000 		.4byte	.LASF74
 1245 0689 B5020000 		.4byte	.LASF74
 1246 068d 08       		.byte	0x8
 1247 068e 84       		.byte	0x84
 1248 068f 17       		.uleb128 0x17
 1249 0690 F7000000 		.4byte	.LASF75
 1250 0694 F7000000 		.4byte	.LASF75
 1251 0698 08       		.byte	0x8
 1252 0699 7C       		.byte	0x7c
 1253 069a 17       		.uleb128 0x17
 1254 069b D9020000 		.4byte	.LASF76
 1255 069f D9020000 		.4byte	.LASF76
 1256 06a3 09       		.byte	0x9
 1257 06a4 E7       		.byte	0xe7
 1258 06a5 18       		.uleb128 0x18
 1259 06a6 5D030000 		.4byte	.LASF77
 1260 06aa 5D030000 		.4byte	.LASF77
 1261 06ae 0A       		.byte	0xa
 1262 06af 4503     		.2byte	0x345
 1263 06b1 17       		.uleb128 0x17
 1264 06b2 89030000 		.4byte	.LASF78
 1265 06b6 89030000 		.4byte	.LASF78
 1266 06ba 08       		.byte	0x8
 1267 06bb 67       		.byte	0x67
 1268 06bc 17       		.uleb128 0x17
 1269 06bd 3A010000 		.4byte	.LASF79
 1270 06c1 3A010000 		.4byte	.LASF79
 1271 06c5 08       		.byte	0x8
 1272 06c6 89       		.byte	0x89
 1273 06c7 17       		.uleb128 0x17
 1274 06c8 5D060000 		.4byte	.LASF80
 1275 06cc 5D060000 		.4byte	.LASF80
 1276 06d0 0B       		.byte	0xb
 1277 06d1 32       		.byte	0x32
 1278 06d2 17       		.uleb128 0x17
 1279 06d3 6E000000 		.4byte	.LASF81
 1280 06d7 6E000000 		.4byte	.LASF81
 1281 06db 0B       		.byte	0xb
 1282 06dc 33       		.byte	0x33
 1283 06dd 17       		.uleb128 0x17
ARM GAS  C:\Users\AFDHAL~1\AppData\Local\Temp\ccx6A67i.s 			page 27


 1284 06de 63010000 		.4byte	.LASF82
 1285 06e2 63010000 		.4byte	.LASF82
 1286 06e6 08       		.byte	0x8
 1287 06e7 7D       		.byte	0x7d
 1288 06e8 17       		.uleb128 0x17
 1289 06e9 DD000000 		.4byte	.LASF83
 1290 06ed DD000000 		.4byte	.LASF83
 1291 06f1 08       		.byte	0x8
 1292 06f2 7E       		.byte	0x7e
 1293 06f3 17       		.uleb128 0x17
 1294 06f4 4F010000 		.4byte	.LASF84
 1295 06f8 4F010000 		.4byte	.LASF84
 1296 06fc 0C       		.byte	0xc
 1297 06fd 12       		.byte	0x12
 1298 06fe 17       		.uleb128 0x17
 1299 06ff 2D050000 		.4byte	.LASF85
 1300 0703 2D050000 		.4byte	.LASF85
 1301 0707 08       		.byte	0x8
 1302 0708 5E       		.byte	0x5e
 1303 0709 17       		.uleb128 0x17
 1304 070a AB010000 		.4byte	.LASF86
 1305 070e AB010000 		.4byte	.LASF86
 1306 0712 08       		.byte	0x8
 1307 0713 4C       		.byte	0x4c
 1308 0714 17       		.uleb128 0x17
 1309 0715 FE010000 		.4byte	.LASF87
 1310 0719 FE010000 		.4byte	.LASF87
 1311 071d 0D       		.byte	0xd
 1312 071e 72       		.byte	0x72
 1313 071f 17       		.uleb128 0x17
 1314 0720 26000000 		.4byte	.LASF88
 1315 0724 26000000 		.4byte	.LASF88
 1316 0728 0E       		.byte	0xe
 1317 0729 6C       		.byte	0x6c
 1318 072a 17       		.uleb128 0x17
 1319 072b 7F010000 		.4byte	.LASF89
 1320 072f 7F010000 		.4byte	.LASF89
 1321 0733 07       		.byte	0x7
 1322 0734 E8       		.byte	0xe8
 1323 0735 17       		.uleb128 0x17
 1324 0736 22040000 		.4byte	.LASF90
 1325 073a 22040000 		.4byte	.LASF90
 1326 073e 08       		.byte	0x8
 1327 073f 34       		.byte	0x34
 1328 0740 17       		.uleb128 0x17
 1329 0741 11060000 		.4byte	.LASF91
 1330 0745 11060000 		.4byte	.LASF91
 1331 0749 08       		.byte	0x8
 1332 074a 39       		.byte	0x39
 1333 074b 17       		.uleb128 0x17
 1334 074c 00000000 		.4byte	.LASF92
 1335 0750 00000000 		.4byte	.LASF92
 1336 0754 08       		.byte	0x8
 1337 0755 45       		.byte	0x45
 1338 0756 17       		.uleb128 0x17
 1339 0757 23060000 		.4byte	.LASF93
 1340 075b 23060000 		.4byte	.LASF93
ARM GAS  C:\Users\AFDHAL~1\AppData\Local\Temp\ccx6A67i.s 			page 28


 1341 075f 08       		.byte	0x8
 1342 0760 76       		.byte	0x76
 1343 0761 17       		.uleb128 0x17
 1344 0762 0C030000 		.4byte	.LASF94
 1345 0766 0C030000 		.4byte	.LASF94
 1346 076a 0E       		.byte	0xe
 1347 076b 7C       		.byte	0x7c
 1348 076c 17       		.uleb128 0x17
 1349 076d 01040000 		.4byte	.LASF95
 1350 0771 01040000 		.4byte	.LASF95
 1351 0775 08       		.byte	0x8
 1352 0776 38       		.byte	0x38
 1353 0777 17       		.uleb128 0x17
 1354 0778 AE030000 		.4byte	.LASF96
 1355 077c AE030000 		.4byte	.LASF96
 1356 0780 08       		.byte	0x8
 1357 0781 75       		.byte	0x75
 1358 0782 00       		.byte	0
 1359              		.section	.debug_abbrev,"",%progbits
 1360              	.Ldebug_abbrev0:
 1361 0000 01       		.uleb128 0x1
 1362 0001 11       		.uleb128 0x11
 1363 0002 01       		.byte	0x1
 1364 0003 25       		.uleb128 0x25
 1365 0004 0E       		.uleb128 0xe
 1366 0005 13       		.uleb128 0x13
 1367 0006 0B       		.uleb128 0xb
 1368 0007 03       		.uleb128 0x3
 1369 0008 0E       		.uleb128 0xe
 1370 0009 1B       		.uleb128 0x1b
 1371 000a 0E       		.uleb128 0xe
 1372 000b 55       		.uleb128 0x55
 1373 000c 17       		.uleb128 0x17
 1374 000d 11       		.uleb128 0x11
 1375 000e 01       		.uleb128 0x1
 1376 000f 10       		.uleb128 0x10
 1377 0010 17       		.uleb128 0x17
 1378 0011 00       		.byte	0
 1379 0012 00       		.byte	0
 1380 0013 02       		.uleb128 0x2
 1381 0014 24       		.uleb128 0x24
 1382 0015 00       		.byte	0
 1383 0016 0B       		.uleb128 0xb
 1384 0017 0B       		.uleb128 0xb
 1385 0018 3E       		.uleb128 0x3e
 1386 0019 0B       		.uleb128 0xb
 1387 001a 03       		.uleb128 0x3
 1388 001b 0E       		.uleb128 0xe
 1389 001c 00       		.byte	0
 1390 001d 00       		.byte	0
 1391 001e 03       		.uleb128 0x3
 1392 001f 16       		.uleb128 0x16
 1393 0020 00       		.byte	0
 1394 0021 03       		.uleb128 0x3
 1395 0022 0E       		.uleb128 0xe
 1396 0023 3A       		.uleb128 0x3a
 1397 0024 0B       		.uleb128 0xb
ARM GAS  C:\Users\AFDHAL~1\AppData\Local\Temp\ccx6A67i.s 			page 29


 1398 0025 3B       		.uleb128 0x3b
 1399 0026 0B       		.uleb128 0xb
 1400 0027 49       		.uleb128 0x49
 1401 0028 13       		.uleb128 0x13
 1402 0029 00       		.byte	0
 1403 002a 00       		.byte	0
 1404 002b 04       		.uleb128 0x4
 1405 002c 24       		.uleb128 0x24
 1406 002d 00       		.byte	0
 1407 002e 0B       		.uleb128 0xb
 1408 002f 0B       		.uleb128 0xb
 1409 0030 3E       		.uleb128 0x3e
 1410 0031 0B       		.uleb128 0xb
 1411 0032 03       		.uleb128 0x3
 1412 0033 08       		.uleb128 0x8
 1413 0034 00       		.byte	0
 1414 0035 00       		.byte	0
 1415 0036 05       		.uleb128 0x5
 1416 0037 16       		.uleb128 0x16
 1417 0038 00       		.byte	0
 1418 0039 03       		.uleb128 0x3
 1419 003a 0E       		.uleb128 0xe
 1420 003b 3A       		.uleb128 0x3a
 1421 003c 0B       		.uleb128 0xb
 1422 003d 3B       		.uleb128 0x3b
 1423 003e 05       		.uleb128 0x5
 1424 003f 49       		.uleb128 0x49
 1425 0040 13       		.uleb128 0x13
 1426 0041 00       		.byte	0
 1427 0042 00       		.byte	0
 1428 0043 06       		.uleb128 0x6
 1429 0044 04       		.uleb128 0x4
 1430 0045 01       		.byte	0x1
 1431 0046 0B       		.uleb128 0xb
 1432 0047 0B       		.uleb128 0xb
 1433 0048 49       		.uleb128 0x49
 1434 0049 13       		.uleb128 0x13
 1435 004a 3A       		.uleb128 0x3a
 1436 004b 0B       		.uleb128 0xb
 1437 004c 3B       		.uleb128 0x3b
 1438 004d 0B       		.uleb128 0xb
 1439 004e 01       		.uleb128 0x1
 1440 004f 13       		.uleb128 0x13
 1441 0050 00       		.byte	0
 1442 0051 00       		.byte	0
 1443 0052 07       		.uleb128 0x7
 1444 0053 28       		.uleb128 0x28
 1445 0054 00       		.byte	0
 1446 0055 03       		.uleb128 0x3
 1447 0056 0E       		.uleb128 0xe
 1448 0057 1C       		.uleb128 0x1c
 1449 0058 0B       		.uleb128 0xb
 1450 0059 00       		.byte	0
 1451 005a 00       		.byte	0
 1452 005b 08       		.uleb128 0x8
 1453 005c 28       		.uleb128 0x28
 1454 005d 00       		.byte	0
ARM GAS  C:\Users\AFDHAL~1\AppData\Local\Temp\ccx6A67i.s 			page 30


 1455 005e 03       		.uleb128 0x3
 1456 005f 08       		.uleb128 0x8
 1457 0060 1C       		.uleb128 0x1c
 1458 0061 0B       		.uleb128 0xb
 1459 0062 00       		.byte	0
 1460 0063 00       		.byte	0
 1461 0064 09       		.uleb128 0x9
 1462 0065 2E       		.uleb128 0x2e
 1463 0066 01       		.byte	0x1
 1464 0067 3F       		.uleb128 0x3f
 1465 0068 19       		.uleb128 0x19
 1466 0069 03       		.uleb128 0x3
 1467 006a 0E       		.uleb128 0xe
 1468 006b 3A       		.uleb128 0x3a
 1469 006c 0B       		.uleb128 0xb
 1470 006d 3B       		.uleb128 0x3b
 1471 006e 0B       		.uleb128 0xb
 1472 006f 27       		.uleb128 0x27
 1473 0070 19       		.uleb128 0x19
 1474 0071 49       		.uleb128 0x49
 1475 0072 13       		.uleb128 0x13
 1476 0073 8701     		.uleb128 0x87
 1477 0075 19       		.uleb128 0x19
 1478 0076 11       		.uleb128 0x11
 1479 0077 01       		.uleb128 0x1
 1480 0078 12       		.uleb128 0x12
 1481 0079 06       		.uleb128 0x6
 1482 007a 40       		.uleb128 0x40
 1483 007b 18       		.uleb128 0x18
 1484 007c 9742     		.uleb128 0x2117
 1485 007e 19       		.uleb128 0x19
 1486 007f 01       		.uleb128 0x1
 1487 0080 13       		.uleb128 0x13
 1488 0081 00       		.byte	0
 1489 0082 00       		.byte	0
 1490 0083 0A       		.uleb128 0xa
 1491 0084 34       		.uleb128 0x34
 1492 0085 00       		.byte	0
 1493 0086 03       		.uleb128 0x3
 1494 0087 08       		.uleb128 0x8
 1495 0088 3A       		.uleb128 0x3a
 1496 0089 0B       		.uleb128 0xb
 1497 008a 3B       		.uleb128 0x3b
 1498 008b 0B       		.uleb128 0xb
 1499 008c 49       		.uleb128 0x49
 1500 008d 13       		.uleb128 0x13
 1501 008e 02       		.uleb128 0x2
 1502 008f 18       		.uleb128 0x18
 1503 0090 00       		.byte	0
 1504 0091 00       		.byte	0
 1505 0092 0B       		.uleb128 0xb
 1506 0093 34       		.uleb128 0x34
 1507 0094 00       		.byte	0
 1508 0095 03       		.uleb128 0x3
 1509 0096 0E       		.uleb128 0xe
 1510 0097 3A       		.uleb128 0x3a
 1511 0098 0B       		.uleb128 0xb
ARM GAS  C:\Users\AFDHAL~1\AppData\Local\Temp\ccx6A67i.s 			page 31


 1512 0099 3B       		.uleb128 0x3b
 1513 009a 0B       		.uleb128 0xb
 1514 009b 49       		.uleb128 0x49
 1515 009c 13       		.uleb128 0x13
 1516 009d 00       		.byte	0
 1517 009e 00       		.byte	0
 1518 009f 0C       		.uleb128 0xc
 1519 00a0 0B       		.uleb128 0xb
 1520 00a1 01       		.byte	0x1
 1521 00a2 55       		.uleb128 0x55
 1522 00a3 17       		.uleb128 0x17
 1523 00a4 01       		.uleb128 0x1
 1524 00a5 13       		.uleb128 0x13
 1525 00a6 00       		.byte	0
 1526 00a7 00       		.byte	0
 1527 00a8 0D       		.uleb128 0xd
 1528 00a9 34       		.uleb128 0x34
 1529 00aa 00       		.byte	0
 1530 00ab 03       		.uleb128 0x3
 1531 00ac 0E       		.uleb128 0xe
 1532 00ad 3A       		.uleb128 0x3a
 1533 00ae 0B       		.uleb128 0xb
 1534 00af 3B       		.uleb128 0x3b
 1535 00b0 0B       		.uleb128 0xb
 1536 00b1 49       		.uleb128 0x49
 1537 00b2 13       		.uleb128 0x13
 1538 00b3 02       		.uleb128 0x2
 1539 00b4 17       		.uleb128 0x17
 1540 00b5 00       		.byte	0
 1541 00b6 00       		.byte	0
 1542 00b7 0E       		.uleb128 0xe
 1543 00b8 898201   		.uleb128 0x4109
 1544 00bb 01       		.byte	0x1
 1545 00bc 11       		.uleb128 0x11
 1546 00bd 01       		.uleb128 0x1
 1547 00be 31       		.uleb128 0x31
 1548 00bf 13       		.uleb128 0x13
 1549 00c0 01       		.uleb128 0x1
 1550 00c1 13       		.uleb128 0x13
 1551 00c2 00       		.byte	0
 1552 00c3 00       		.byte	0
 1553 00c4 0F       		.uleb128 0xf
 1554 00c5 8A8201   		.uleb128 0x410a
 1555 00c8 00       		.byte	0
 1556 00c9 02       		.uleb128 0x2
 1557 00ca 18       		.uleb128 0x18
 1558 00cb 9142     		.uleb128 0x2111
 1559 00cd 18       		.uleb128 0x18
 1560 00ce 00       		.byte	0
 1561 00cf 00       		.byte	0
 1562 00d0 10       		.uleb128 0x10
 1563 00d1 898201   		.uleb128 0x4109
 1564 00d4 00       		.byte	0
 1565 00d5 11       		.uleb128 0x11
 1566 00d6 01       		.uleb128 0x1
 1567 00d7 31       		.uleb128 0x31
 1568 00d8 13       		.uleb128 0x13
ARM GAS  C:\Users\AFDHAL~1\AppData\Local\Temp\ccx6A67i.s 			page 32


 1569 00d9 00       		.byte	0
 1570 00da 00       		.byte	0
 1571 00db 11       		.uleb128 0x11
 1572 00dc 898201   		.uleb128 0x4109
 1573 00df 01       		.byte	0x1
 1574 00e0 11       		.uleb128 0x11
 1575 00e1 01       		.uleb128 0x1
 1576 00e2 31       		.uleb128 0x31
 1577 00e3 13       		.uleb128 0x13
 1578 00e4 00       		.byte	0
 1579 00e5 00       		.byte	0
 1580 00e6 12       		.uleb128 0x12
 1581 00e7 01       		.uleb128 0x1
 1582 00e8 01       		.byte	0x1
 1583 00e9 49       		.uleb128 0x49
 1584 00ea 13       		.uleb128 0x13
 1585 00eb 01       		.uleb128 0x1
 1586 00ec 13       		.uleb128 0x13
 1587 00ed 00       		.byte	0
 1588 00ee 00       		.byte	0
 1589 00ef 13       		.uleb128 0x13
 1590 00f0 21       		.uleb128 0x21
 1591 00f1 00       		.byte	0
 1592 00f2 49       		.uleb128 0x49
 1593 00f3 13       		.uleb128 0x13
 1594 00f4 2F       		.uleb128 0x2f
 1595 00f5 0B       		.uleb128 0xb
 1596 00f6 00       		.byte	0
 1597 00f7 00       		.byte	0
 1598 00f8 14       		.uleb128 0x14
 1599 00f9 34       		.uleb128 0x34
 1600 00fa 00       		.byte	0
 1601 00fb 03       		.uleb128 0x3
 1602 00fc 0E       		.uleb128 0xe
 1603 00fd 3A       		.uleb128 0x3a
 1604 00fe 0B       		.uleb128 0xb
 1605 00ff 3B       		.uleb128 0x3b
 1606 0100 0B       		.uleb128 0xb
 1607 0101 49       		.uleb128 0x49
 1608 0102 13       		.uleb128 0x13
 1609 0103 3F       		.uleb128 0x3f
 1610 0104 19       		.uleb128 0x19
 1611 0105 02       		.uleb128 0x2
 1612 0106 18       		.uleb128 0x18
 1613 0107 00       		.byte	0
 1614 0108 00       		.byte	0
 1615 0109 15       		.uleb128 0x15
 1616 010a 35       		.uleb128 0x35
 1617 010b 00       		.byte	0
 1618 010c 49       		.uleb128 0x49
 1619 010d 13       		.uleb128 0x13
 1620 010e 00       		.byte	0
 1621 010f 00       		.byte	0
 1622 0110 16       		.uleb128 0x16
 1623 0111 26       		.uleb128 0x26
 1624 0112 00       		.byte	0
 1625 0113 49       		.uleb128 0x49
ARM GAS  C:\Users\AFDHAL~1\AppData\Local\Temp\ccx6A67i.s 			page 33


 1626 0114 13       		.uleb128 0x13
 1627 0115 00       		.byte	0
 1628 0116 00       		.byte	0
 1629 0117 17       		.uleb128 0x17
 1630 0118 2E       		.uleb128 0x2e
 1631 0119 00       		.byte	0
 1632 011a 3F       		.uleb128 0x3f
 1633 011b 19       		.uleb128 0x19
 1634 011c 3C       		.uleb128 0x3c
 1635 011d 19       		.uleb128 0x19
 1636 011e 6E       		.uleb128 0x6e
 1637 011f 0E       		.uleb128 0xe
 1638 0120 03       		.uleb128 0x3
 1639 0121 0E       		.uleb128 0xe
 1640 0122 3A       		.uleb128 0x3a
 1641 0123 0B       		.uleb128 0xb
 1642 0124 3B       		.uleb128 0x3b
 1643 0125 0B       		.uleb128 0xb
 1644 0126 00       		.byte	0
 1645 0127 00       		.byte	0
 1646 0128 18       		.uleb128 0x18
 1647 0129 2E       		.uleb128 0x2e
 1648 012a 00       		.byte	0
 1649 012b 3F       		.uleb128 0x3f
 1650 012c 19       		.uleb128 0x19
 1651 012d 3C       		.uleb128 0x3c
 1652 012e 19       		.uleb128 0x19
 1653 012f 6E       		.uleb128 0x6e
 1654 0130 0E       		.uleb128 0xe
 1655 0131 03       		.uleb128 0x3
 1656 0132 0E       		.uleb128 0xe
 1657 0133 3A       		.uleb128 0x3a
 1658 0134 0B       		.uleb128 0xb
 1659 0135 3B       		.uleb128 0x3b
 1660 0136 05       		.uleb128 0x5
 1661 0137 00       		.byte	0
 1662 0138 00       		.byte	0
 1663 0139 00       		.byte	0
 1664              		.section	.debug_loc,"",%progbits
 1665              	.Ldebug_loc0:
 1666              	.LLST0:
 1667 0000 8C000000 		.4byte	.LVL14
 1668 0004 C2000000 		.4byte	.LVL21
 1669 0008 0100     		.2byte	0x1
 1670 000a 56       		.byte	0x56
 1671 000b EA000000 		.4byte	.LVL28
 1672 000f 30010000 		.4byte	.LVL36
 1673 0013 0100     		.2byte	0x1
 1674 0015 56       		.byte	0x56
 1675 0016 00000000 		.4byte	0
 1676 001a 00000000 		.4byte	0
 1677              	.LLST1:
 1678 001e C8000000 		.4byte	.LVL23
 1679 0022 EA000000 		.4byte	.LVL28
 1680 0026 0100     		.2byte	0x1
 1681 0028 56       		.byte	0x56
 1682 0029 30010000 		.4byte	.LVL36
ARM GAS  C:\Users\AFDHAL~1\AppData\Local\Temp\ccx6A67i.s 			page 34


 1683 002d 6A010000 		.4byte	.LVL44
 1684 0031 0100     		.2byte	0x1
 1685 0033 56       		.byte	0x56
 1686 0034 00000000 		.4byte	0
 1687 0038 00000000 		.4byte	0
 1688              		.section	.debug_aranges,"",%progbits
 1689 0000 1C000000 		.4byte	0x1c
 1690 0004 0200     		.2byte	0x2
 1691 0006 00000000 		.4byte	.Ldebug_info0
 1692 000a 04       		.byte	0x4
 1693 000b 00       		.byte	0
 1694 000c 0000     		.2byte	0
 1695 000e 0000     		.2byte	0
 1696 0010 00000000 		.4byte	.LFB35
 1697 0014 9C010000 		.4byte	.LFE35-.LFB35
 1698 0018 00000000 		.4byte	0
 1699 001c 00000000 		.4byte	0
 1700              		.section	.debug_ranges,"",%progbits
 1701              	.Ldebug_ranges0:
 1702 0000 70000000 		.4byte	.LBB2
 1703 0004 74000000 		.4byte	.LBE2
 1704 0008 80000000 		.4byte	.LBB3
 1705 000c B6000000 		.4byte	.LBE3
 1706 0010 EA000000 		.4byte	.LBB5
 1707 0014 30010000 		.4byte	.LBE5
 1708 0018 00000000 		.4byte	0
 1709 001c 00000000 		.4byte	0
 1710 0020 C2000000 		.4byte	.LBB4
 1711 0024 EA000000 		.4byte	.LBE4
 1712 0028 30010000 		.4byte	.LBB6
 1713 002c 6A010000 		.4byte	.LBE6
 1714 0030 00000000 		.4byte	0
 1715 0034 00000000 		.4byte	0
 1716 0038 00000000 		.4byte	.LFB35
 1717 003c 9C010000 		.4byte	.LFE35
 1718 0040 00000000 		.4byte	0
 1719 0044 00000000 		.4byte	0
 1720              		.section	.debug_line,"",%progbits
 1721              	.Ldebug_line0:
 1722 0000 9E020000 		.section	.debug_str,"MS",%progbits,1
 1722      02003C02 
 1722      00000201 
 1722      FB0E0D00 
 1722      01010101 
 1723              	.LASF92:
 1724 0000 6E524632 		.ascii	"nRF24_set_channel\000"
 1724      345F7365 
 1724      745F6368 
 1724      616E6E65 
 1724      6C00
 1725              	.LASF40:
 1726 0012 4E52465F 		.ascii	"NRF_FIFO_STATUS_REG\000"
 1726      4649464F 
 1726      5F535441 
 1726      5455535F 
 1726      52454700 
 1727              	.LASF88:
ARM GAS  C:\Users\AFDHAL~1\AppData\Local\Temp\ccx6A67i.s 			page 35


 1728 0026 43795379 		.ascii	"CySysWdtEnable\000"
 1728      73576474 
 1728      456E6162 
 1728      6C6500
 1729              	.LASF31:
 1730 0035 4E52465F 		.ascii	"NRF_RX_ADDR_P4_REG\000"
 1730      52585F41 
 1730      4444525F 
 1730      50345F52 
 1730      454700
 1731              	.LASF55:
 1732 0048 43757272 		.ascii	"Current_PWM\000"
 1732      656E745F 
 1732      50574D00 
 1733              	.LASF60:
 1734 0054 4D425F48 		.ascii	"MB_HREGS\000"
 1734      52454753 
 1734      00
 1735              	.LASF36:
 1736 005d 4E52465F 		.ascii	"NRF_RX_PW_P2_REG\000"
 1736      52585F50 
 1736      575F5032 
 1736      5F524547 
 1736      00
 1737              	.LASF81:
 1738 006e 4C45445F 		.ascii	"LED_Write\000"
 1738      57726974 
 1738      6500
 1739              	.LASF65:
 1740 0078 6E524632 		.ascii	"nRF24_Adapter_Flags\000"
 1740      345F4164 
 1740      61707465 
 1740      725F466C 
 1740      61677300 
 1741              	.LASF50:
 1742 008c 4E52465F 		.ascii	"NRF_STATUS_MAX_RT_MASK\000"
 1742      53544154 
 1742      55535F4D 
 1742      41585F52 
 1742      545F4D41 
 1743              	.LASF2:
 1744 00a3 73686F72 		.ascii	"short int\000"
 1744      7420696E 
 1744      7400
 1745              	.LASF51:
 1746 00ad 4E52465F 		.ascii	"NRF_STATUS_TX_DS_MASK\000"
 1746      53544154 
 1746      55535F54 
 1746      585F4453 
 1746      5F4D4153 
 1747              	.LASF10:
 1748 00c3 73697A65 		.ascii	"sizetype\000"
 1748      74797065 
 1748      00
 1749              	.LASF37:
 1750 00cc 4E52465F 		.ascii	"NRF_RX_PW_P3_REG\000"
 1750      52585F50 
ARM GAS  C:\Users\AFDHAL~1\AppData\Local\Temp\ccx6A67i.s 			page 36


 1750      575F5033 
 1750      5F524547 
 1750      00
 1751              	.LASF83:
 1752 00dd 6E524632 		.ascii	"nRF24_get_rx_payload\000"
 1752      345F6765 
 1752      745F7278 
 1752      5F706179 
 1752      6C6F6164 
 1753              	.LASF100:
 1754 00f2 6D61696E 		.ascii	"main\000"
 1754      00
 1755              	.LASF75:
 1756 00f7 6E524632 		.ascii	"nRF24_transmit\000"
 1756      345F7472 
 1756      616E736D 
 1756      697400
 1757              	.LASF6:
 1758 0106 6C6F6E67 		.ascii	"long long int\000"
 1758      206C6F6E 
 1758      6720696E 
 1758      7400
 1759              	.LASF58:
 1760 0114 43757272 		.ascii	"CurrSense_A\000"
 1760      53656E73 
 1760      655F4100 
 1761              	.LASF59:
 1762 0120 43757272 		.ascii	"CurrSense_B\000"
 1762      53656E73 
 1762      655F4200 
 1763              	.LASF18:
 1764 012c 4E52465F 		.ascii	"NRF_EN_AA_REG\000"
 1764      454E5F41 
 1764      415F5245 
 1764      4700
 1765              	.LASF79:
 1766 013a 6E524632 		.ascii	"nRF24_clear_irq_flag\000"
 1766      345F636C 
 1766      6561725F 
 1766      6972715F 
 1766      666C6167 
 1767              	.LASF84:
 1768 014f 6E524632 		.ascii	"nRF24_Adapter_Start\000"
 1768      345F4164 
 1768      61707465 
 1768      725F5374 
 1768      61727400 
 1769              	.LASF82:
 1770 0163 6E524632 		.ascii	"nRF24_is_data_ready\000"
 1770      345F6973 
 1770      5F646174 
 1770      615F7265 
 1770      61647900 
 1771              	.LASF13:
 1772 0177 75696E74 		.ascii	"uint8_t\000"
 1772      385F7400 
 1773              	.LASF89:
ARM GAS  C:\Users\AFDHAL~1\AppData\Local\Temp\ccx6A67i.s 			page 37


 1774 017f 43795379 		.ascii	"CySysGetResetReason\000"
 1774      73476574 
 1774      52657365 
 1774      74526561 
 1774      736F6E00 
 1775              	.LASF15:
 1776 0193 666C6F61 		.ascii	"float\000"
 1776      7400
 1777              	.LASF19:
 1778 0199 4E52465F 		.ascii	"NRF_EN_RXADDR_REG\000"
 1778      454E5F52 
 1778      58414444 
 1778      525F5245 
 1778      4700
 1779              	.LASF86:
 1780 01ab 6E524632 		.ascii	"nRF24_set_rx_pipe_0_address\000"
 1780      345F7365 
 1780      745F7278 
 1780      5F706970 
 1780      655F305F 
 1781              	.LASF22:
 1782 01c7 4E52465F 		.ascii	"NRF_RF_CH_REG\000"
 1782      52465F43 
 1782      485F5245 
 1782      4700
 1783              	.LASF29:
 1784 01d5 4E52465F 		.ascii	"NRF_RX_ADDR_P2_REG\000"
 1784      52585F41 
 1784      4444525F 
 1784      50325F52 
 1784      454700
 1785              	.LASF53:
 1786 01e8 5049445F 		.ascii	"PID_Setpoint\000"
 1786      53657470 
 1786      6F696E74 
 1786      00
 1787              	.LASF4:
 1788 01f5 6C6F6E67 		.ascii	"long int\000"
 1788      20696E74 
 1788      00
 1789              	.LASF87:
 1790 01fe 5553425F 		.ascii	"USB_UART_Start\000"
 1790      55415254 
 1790      5F537461 
 1790      727400
 1791              	.LASF56:
 1792 020d 52657365 		.ascii	"Reset_Source\000"
 1792      745F536F 
 1792      75726365 
 1792      00
 1793              	.LASF32:
 1794 021a 4E52465F 		.ascii	"NRF_RX_ADDR_P5_REG\000"
 1794      52585F41 
 1794      4444525F 
 1794      50355F52 
 1794      454700
 1795              	.LASF73:
ARM GAS  C:\Users\AFDHAL~1\AppData\Local\Temp\ccx6A67i.s 			page 38


 1796 022d 6E524632 		.ascii	"nRF24_get_status\000"
 1796      345F6765 
 1796      745F7374 
 1796      61747573 
 1796      00
 1797              	.LASF12:
 1798 023e 5F5F7569 		.ascii	"__uint8_t\000"
 1798      6E74385F 
 1798      7400
 1799              	.LASF35:
 1800 0248 4E52465F 		.ascii	"NRF_RX_PW_P1_REG\000"
 1800      52585F50 
 1800      575F5031 
 1800      5F524547 
 1800      00
 1801              	.LASF44:
 1802 0259 4E52465F 		.ascii	"NRF_MODE_RX\000"
 1802      4D4F4445 
 1802      5F525800 
 1803              	.LASF64:
 1804 0265 6D6F6462 		.ascii	"modbus_holding_regs\000"
 1804      75735F68 
 1804      6F6C6469 
 1804      6E675F72 
 1804      65677300 
 1805              	.LASF1:
 1806 0279 756E7369 		.ascii	"unsigned char\000"
 1806      676E6564 
 1806      20636861 
 1806      7200
 1807              	.LASF23:
 1808 0287 4E52465F 		.ascii	"NRF_RF_SETUP_REG\000"
 1808      52465F53 
 1808      45545550 
 1808      5F524547 
 1808      00
 1809              	.LASF9:
 1810 0298 6C6F6E67 		.ascii	"long double\000"
 1810      20646F75 
 1810      626C6500 
 1811              	.LASF38:
 1812 02a4 4E52465F 		.ascii	"NRF_RX_PW_P4_REG\000"
 1812      52585F50 
 1812      575F5034 
 1812      5F524547 
 1812      00
 1813              	.LASF74:
 1814 02b5 6E524632 		.ascii	"nRF24_is_tx_fifo_full\000"
 1814      345F6973 
 1814      5F74785F 
 1814      6669666F 
 1814      5F66756C 
 1815              	.LASF47:
 1816 02cb 4E52465F 		.ascii	"NRF_TX_DS_IRQ\000"
 1816      54585F44 
 1816      535F4952 
 1816      5100
ARM GAS  C:\Users\AFDHAL~1\AppData\Local\Temp\ccx6A67i.s 			page 39


 1817              	.LASF76:
 1818 02d9 73707269 		.ascii	"sprintf\000"
 1818      6E746600 
 1819              	.LASF0:
 1820 02e1 7369676E 		.ascii	"signed char\000"
 1820      65642063 
 1820      68617200 
 1821              	.LASF7:
 1822 02ed 6C6F6E67 		.ascii	"long long unsigned int\000"
 1822      206C6F6E 
 1822      6720756E 
 1822      7369676E 
 1822      65642069 
 1823              	.LASF49:
 1824 0304 6E72665F 		.ascii	"nrf_irq\000"
 1824      69727100 
 1825              	.LASF94:
 1826 030c 43795379 		.ascii	"CySysWatchdogFeed\000"
 1826      73576174 
 1826      6368646F 
 1826      67466565 
 1826      6400
 1827              	.LASF69:
 1828 031e 6E726641 		.ascii	"nrfAdd\000"
 1828      646400
 1829              	.LASF8:
 1830 0325 756E7369 		.ascii	"unsigned int\000"
 1830      676E6564 
 1830      20696E74 
 1830      00
 1831              	.LASF5:
 1832 0332 6C6F6E67 		.ascii	"long unsigned int\000"
 1832      20756E73 
 1832      69676E65 
 1832      6420696E 
 1832      7400
 1833              	.LASF20:
 1834 0344 4E52465F 		.ascii	"NRF_SETUP_AW_REG\000"
 1834      53455455 
 1834      505F4157 
 1834      5F524547 
 1834      00
 1835              	.LASF71:
 1836 0355 6D6F6465 		.ascii	"mode_tx\000"
 1836      5F747800 
 1837              	.LASF77:
 1838 035d 5553425F 		.ascii	"USB_UART_SpiUartPutArray\000"
 1838      55415254 
 1838      5F537069 
 1838      55617274 
 1838      50757441 
 1839              	.LASF3:
 1840 0376 73686F72 		.ascii	"short unsigned int\000"
 1840      7420756E 
 1840      7369676E 
 1840      65642069 
 1840      6E7400
ARM GAS  C:\Users\AFDHAL~1\AppData\Local\Temp\ccx6A67i.s 			page 40


 1841              	.LASF78:
 1842 0389 6E524632 		.ascii	"nRF24_reuse_last_transmitted_payload\000"
 1842      345F7265 
 1842      7573655F 
 1842      6C617374 
 1842      5F747261 
 1843              	.LASF96:
 1844 03ae 6E524632 		.ascii	"nRF24_start_listening\000"
 1844      345F7374 
 1844      6172745F 
 1844      6C697374 
 1844      656E696E 
 1845              	.LASF11:
 1846 03c4 63686172 		.ascii	"char\000"
 1846      00
 1847              	.LASF27:
 1848 03c9 4E52465F 		.ascii	"NRF_RX_ADDR_P0_REG\000"
 1848      52585F41 
 1848      4444525F 
 1848      50305F52 
 1848      454700
 1849              	.LASF41:
 1850 03dc 4E52465F 		.ascii	"NRF_DYNPD_REG\000"
 1850      44594E50 
 1850      445F5245 
 1850      4700
 1851              	.LASF68:
 1852 03ea 7069645F 		.ascii	"pid_fb\000"
 1852      666200
 1853              	.LASF33:
 1854 03f1 4E52465F 		.ascii	"NRF_TX_ADDR_REG\000"
 1854      54585F41 
 1854      4444525F 
 1854      52454700 
 1855              	.LASF95:
 1856 0401 6E524632 		.ascii	"nRF24_set_rx_mode\000"
 1856      345F7365 
 1856      745F7278 
 1856      5F6D6F64 
 1856      6500
 1857              	.LASF46:
 1858 0413 4E52465F 		.ascii	"NRF_MAX_RT_IRQ\000"
 1858      4D41585F 
 1858      52545F49 
 1858      525100
 1859              	.LASF90:
 1860 0422 6E524632 		.ascii	"nRF24_set_mode\000"
 1860      345F7365 
 1860      745F6D6F 
 1860      646500
 1861              	.LASF30:
 1862 0431 4E52465F 		.ascii	"NRF_RX_ADDR_P3_REG\000"
 1862      52585F41 
 1862      4444525F 
 1862      50335F52 
 1862      454700
 1863              	.LASF66:
ARM GAS  C:\Users\AFDHAL~1\AppData\Local\Temp\ccx6A67i.s 			page 41


 1864 0444 6D6F746F 		.ascii	"motor_pwm\000"
 1864      725F7077 
 1864      6D00
 1865              	.LASF17:
 1866 044e 4E52465F 		.ascii	"NRF_CONFIG_REG\000"
 1866      434F4E46 
 1866      49475F52 
 1866      454700
 1867              	.LASF21:
 1868 045d 4E52465F 		.ascii	"NRF_SETUP_RETR_REG\000"
 1868      53455455 
 1868      505F5245 
 1868      54525F52 
 1868      454700
 1869              	.LASF25:
 1870 0470 4E52465F 		.ascii	"NRF_OBSERVE_TX_REG\000"
 1870      4F425345 
 1870      5256455F 
 1870      54585F52 
 1870      454700
 1871              	.LASF48:
 1872 0483 4E52465F 		.ascii	"NRF_RX_DR_IRQ\000"
 1872      52585F44 
 1872      525F4952 
 1872      5100
 1873              	.LASF97:
 1874 0491 474E5520 		.ascii	"GNU C11 5.4.1 20160609 (release) [ARM/embedded-5-br"
 1874      43313120 
 1874      352E342E 
 1874      31203230 
 1874      31363036 
 1875 04c4 616E6368 		.ascii	"anch revision 237715] -mcpu=cortex-m0 -mthumb -g -O"
 1875      20726576 
 1875      6973696F 
 1875      6E203233 
 1875      37373135 
 1876 04f7 33202D66 		.ascii	"3 -ffunction-sections -ffat-lto-objects\000"
 1876      66756E63 
 1876      74696F6E 
 1876      2D736563 
 1876      74696F6E 
 1877              	.LASF14:
 1878 051f 75696E74 		.ascii	"uint32\000"
 1878      333200
 1879              	.LASF98:
 1880 0526 6D61696E 		.ascii	"main.c\000"
 1880      2E6300
 1881              	.LASF85:
 1882 052d 6E524632 		.ascii	"nRF24_set_tx_address\000"
 1882      345F7365 
 1882      745F7478 
 1882      5F616464 
 1882      72657373 
 1883              	.LASF54:
 1884 0542 43757272 		.ascii	"Current_Encoder_Position\000"
 1884      656E745F 
 1884      456E636F 
ARM GAS  C:\Users\AFDHAL~1\AppData\Local\Temp\ccx6A67i.s 			page 42


 1884      6465725F 
 1884      506F7369 
 1885              	.LASF99:
 1886 055b 433A5C55 		.ascii	"C:\\Users\\AfdhalAtiffTan\\Documents\\PSoC Creator\\"
 1886      73657273 
 1886      5C416664 
 1886      68616C41 
 1886      74696666 
 1887 058a 736D6172 		.ascii	"smart_winch_prototype\\Workspace01\\Prototype.cydsn"
 1887      745F7769 
 1887      6E63685F 
 1887      70726F74 
 1887      6F747970 
 1888 05bb 00       		.ascii	"\000"
 1889              	.LASF45:
 1890 05bc 4E52465F 		.ascii	"NRF_NONE_IRQ\000"
 1890      4E4F4E45 
 1890      5F495251 
 1890      00
 1891              	.LASF61:
 1892 05c9 746D7431 		.ascii	"tmt1\000"
 1892      00
 1893              	.LASF62:
 1894 05ce 746D7432 		.ascii	"tmt2\000"
 1894      00
 1895              	.LASF52:
 1896 05d3 4E52465F 		.ascii	"NRF_STATUS_RX_DR_MASK\000"
 1896      53544154 
 1896      55535F52 
 1896      585F4452 
 1896      5F4D4153 
 1897              	.LASF70:
 1898 05e9 64617461 		.ascii	"dataToSend\000"
 1898      546F5365 
 1898      6E6400
 1899              	.LASF39:
 1900 05f4 4E52465F 		.ascii	"NRF_RX_PW_P5_REG\000"
 1900      52585F50 
 1900      575F5035 
 1900      5F524547 
 1900      00
 1901              	.LASF26:
 1902 0605 4E52465F 		.ascii	"NRF_RPD_REG\000"
 1902      5250445F 
 1902      52454700 
 1903              	.LASF91:
 1904 0611 6E524632 		.ascii	"nRF24_set_tx_mode\000"
 1904      345F7365 
 1904      745F7478 
 1904      5F6D6F64 
 1904      6500
 1905              	.LASF93:
 1906 0623 6E524632 		.ascii	"nRF24_stop_listening\000"
 1906      345F7374 
 1906      6F705F6C 
 1906      69737465 
 1906      6E696E67 
ARM GAS  C:\Users\AFDHAL~1\AppData\Local\Temp\ccx6A67i.s 			page 43


 1907              	.LASF42:
 1908 0638 4E52465F 		.ascii	"NRF_FEATURE_REG\000"
 1908      46454154 
 1908      5552455F 
 1908      52454700 
 1909              	.LASF16:
 1910 0648 646F7562 		.ascii	"double\000"
 1910      6C6500
 1911              	.LASF63:
 1912 064f 73746174 		.ascii	"stat\000"
 1912      00
 1913              	.LASF67:
 1914 0654 73657470 		.ascii	"setpoint\000"
 1914      6F696E74 
 1914      00
 1915              	.LASF80:
 1916 065d 4C45445F 		.ascii	"LED_Read\000"
 1916      52656164 
 1916      00
 1917              	.LASF72:
 1918 0666 43794465 		.ascii	"CyDelay\000"
 1918      6C617900 
 1919              	.LASF57:
 1920 066e 536F6674 		.ascii	"Soft_Reset\000"
 1920      5F526573 
 1920      657400
 1921              	.LASF43:
 1922 0679 4E52465F 		.ascii	"NRF_MODE_TX\000"
 1922      4D4F4445 
 1922      5F545800 
 1923              	.LASF24:
 1924 0685 4E52465F 		.ascii	"NRF_STATUS_REG\000"
 1924      53544154 
 1924      55535F52 
 1924      454700
 1925              	.LASF34:
 1926 0694 4E52465F 		.ascii	"NRF_RX_PW_P0_REG\000"
 1926      52585F50 
 1926      575F5030 
 1926      5F524547 
 1926      00
 1927              	.LASF28:
 1928 06a5 4E52465F 		.ascii	"NRF_RX_ADDR_P1_REG\000"
 1928      52585F41 
 1928      4444525F 
 1928      50315F52 
 1928      454700
 1929              		.ident	"GCC: (GNU Tools for ARM Embedded Processors) 5.4.1 20160609 (release) [ARM/embedded-5-bran
