ARM GAS  C:\Users\AFDHAL~1\AppData\Local\Temp\ccYIvFop.s 			page 1


   1              		.syntax unified
   2              		.cpu cortex-m0
   3              		.fpu softvfp
   4              		.eabi_attribute 20, 1
   5              		.eabi_attribute 21, 1
   6              		.eabi_attribute 23, 3
   7              		.eabi_attribute 24, 1
   8              		.eabi_attribute 25, 1
   9              		.eabi_attribute 26, 1
  10              		.eabi_attribute 30, 2
  11              		.eabi_attribute 34, 0
  12              		.eabi_attribute 18, 4
  13              		.thumb
  14              		.syntax unified
  15              		.file	"motor.c"
  16              		.text
  17              	.Ltext0:
  18              		.cfi_sections	.debug_frame
  19              		.section	.text.Motor_Bidirectional,"ax",%progbits
  20              		.align	2
  21              		.global	Motor_Bidirectional
  22              		.code	16
  23              		.thumb_func
  24              		.type	Motor_Bidirectional, %function
  25              	Motor_Bidirectional:
  26              	.LFB34:
  27              		.file 1 "motor.c"
   1:motor.c       **** /*******************************************************************************
   2:motor.c       **** * File Name: motor.c  
   3:motor.c       **** * Version 0.1
   4:motor.c       **** * 6th November 2017
   5:motor.c       **** *
   6:motor.c       **** *  Description:
   7:motor.c       **** *   APIs for motor controller.
   8:motor.c       **** ********************************************************************************
   9:motor.c       ****  * Copyright AfdhalAtiffTan, 2017
  10:motor.c       ****  * All Rights Reserved
  11:motor.c       ****  * UNPUBLISHED, LICENSED SOFTWARE.
  12:motor.c       **** *******************************************************************************/
  13:motor.c       **** 
  14:motor.c       **** #include "motor.h"
  15:motor.c       **** 
  16:motor.c       **** /*******************************************************************************
  17:motor.c       **** * Function Name: Motor_Bidirectional
  18:motor.c       **** ********************************************************************************
  19:motor.c       **** *
  20:motor.c       **** * Summary:
  21:motor.c       **** *  -Control the speed and the direction of the motor.
  22:motor.c       **** *  -It accepts 0 to 65535 as the duty cycle.
  23:motor.c       **** *  -Positive and negative value correspond to forward and backward respectively.
  24:motor.c       **** *
  25:motor.c       **** * Parameters:  
  26:motor.c       **** *   *pwm: Set the speed and the direction of the motor by giving it +/- 0 to 65535 
  27:motor.c       **** *
  28:motor.c       **** * Return:
  29:motor.c       **** *   None
  30:motor.c       **** *
ARM GAS  C:\Users\AFDHAL~1\AppData\Local\Temp\ccYIvFop.s 			page 2


  31:motor.c       **** *******************************************************************************/
  32:motor.c       **** void Motor_Bidirectional(int pwm)
  33:motor.c       **** {
  28              		.loc 1 33 0
  29              		.cfi_startproc
  30              		@ args = 0, pretend = 0, frame = 0
  31              		@ frame_needed = 0, uses_anonymous_args = 0
  32              	.LVL0:
  34:motor.c       ****     //boundaries check
  35:motor.c       ****     if (pwm>65535)
  33              		.loc 1 35 0
  34 0000 0C4B     		ldr	r3, .L10
  33:motor.c       ****     //boundaries check
  35              		.loc 1 33 0
  36 0002 10B5     		push	{r4, lr}
  37              		.cfi_def_cfa_offset 8
  38              		.cfi_offset 4, -8
  39              		.cfi_offset 14, -4
  40              		.loc 1 35 0
  41 0004 9842     		cmp	r0, r3
  42 0006 07DC     		bgt	.L6
  36:motor.c       ****         pwm = 65535;
  37:motor.c       ****     else if (pwm<-65535)
  43              		.loc 1 37 0
  44 0008 0B4A     		ldr	r2, .L10+4
  45 000a 9042     		cmp	r0, r2
  46 000c 0CDA     		bge	.L9
  47 000e 1C00     		movs	r4, r3
  48              	.L3:
  49              	.LVL1:
  38:motor.c       ****         pwm = -65535;
  39:motor.c       ****     
  40:motor.c       ****     //set direction first
  41:motor.c       ****     if (pwm<0) //reverse
  42:motor.c       ****     {    
  43:motor.c       ****         Motor_Dir_Write(1);
  50              		.loc 1 43 0
  51 0010 0120     		movs	r0, #1
  52 0012 FFF7FEFF 		bl	Motor_Dir_Write
  53              	.LVL2:
  54 0016 03E0     		b	.L5
  55              	.LVL3:
  56              	.L6:
  57 0018 1C00     		movs	r4, r3
  58              	.L2:
  59              	.LVL4:
  44:motor.c       ****         pwm *= -1; //take only the magnitude
  45:motor.c       ****     }
  46:motor.c       ****     else //forward
  47:motor.c       ****     {
  48:motor.c       ****         Motor_Dir_Write(0);
  60              		.loc 1 48 0
  61 001a 0020     		movs	r0, #0
  62 001c FFF7FEFF 		bl	Motor_Dir_Write
  63              	.LVL5:
  64              	.L5:
  49:motor.c       ****     }
ARM GAS  C:\Users\AFDHAL~1\AppData\Local\Temp\ccYIvFop.s 			page 3


  50:motor.c       ****             
  51:motor.c       ****     //then, set duty cycle
  52:motor.c       ****     PWM_WriteCompare(pwm);    
  65              		.loc 1 52 0
  66 0020 2000     		movs	r0, r4
  67 0022 FFF7FEFF 		bl	PWM_WriteCompare
  68              	.LVL6:
  53:motor.c       **** }
  69              		.loc 1 53 0
  70              		@ sp needed
  71 0026 10BD     		pop	{r4, pc}
  72              	.LVL7:
  73              	.L9:
  41:motor.c       ****     {    
  74              		.loc 1 41 0
  75 0028 0028     		cmp	r0, #0
  76 002a 01DB     		blt	.L4
  77 002c 0400     		movs	r4, r0
  78 002e F4E7     		b	.L2
  79              	.L4:
  80 0030 4442     		rsbs	r4, r0, #0
  81 0032 EDE7     		b	.L3
  82              	.L11:
  83              		.align	2
  84              	.L10:
  85 0034 FFFF0000 		.word	65535
  86 0038 0100FFFF 		.word	-65535
  87              		.cfi_endproc
  88              	.LFE34:
  89              		.size	Motor_Bidirectional, .-Motor_Bidirectional
  90              		.section	.text.Motor_Start,"ax",%progbits
  91              		.align	2
  92              		.global	Motor_Start
  93              		.code	16
  94              		.thumb_func
  95              		.type	Motor_Start, %function
  96              	Motor_Start:
  97              	.LFB35:
  54:motor.c       **** 
  55:motor.c       **** 
  56:motor.c       **** /*******************************************************************************
  57:motor.c       **** * Function Name: Motor_Start
  58:motor.c       **** ********************************************************************************
  59:motor.c       **** *
  60:motor.c       **** * Summary:
  61:motor.c       **** *  Initiates the required module for motor control
  62:motor.c       **** *
  63:motor.c       **** * Parameters:  
  64:motor.c       **** *   None
  65:motor.c       **** *
  66:motor.c       **** * Return:
  67:motor.c       **** *   None
  68:motor.c       **** *
  69:motor.c       **** *******************************************************************************/
  70:motor.c       **** void Motor_Start()
  71:motor.c       **** {
  98              		.loc 1 71 0
ARM GAS  C:\Users\AFDHAL~1\AppData\Local\Temp\ccYIvFop.s 			page 4


  99              		.cfi_startproc
 100              		@ args = 0, pretend = 0, frame = 0
 101              		@ frame_needed = 0, uses_anonymous_args = 0
 102 0000 10B5     		push	{r4, lr}
 103              		.cfi_def_cfa_offset 8
 104              		.cfi_offset 4, -8
 105              		.cfi_offset 14, -4
  72:motor.c       ****     Motor_Dir_Write(0); //default to forward
 106              		.loc 1 72 0
 107 0002 0020     		movs	r0, #0
 108 0004 FFF7FEFF 		bl	Motor_Dir_Write
 109              	.LVL8:
  73:motor.c       ****     PWM_WriteCompare(0); //0% duty cycle (maximum is 65535)
 110              		.loc 1 73 0
 111 0008 0020     		movs	r0, #0
 112 000a FFF7FEFF 		bl	PWM_WriteCompare
 113              	.LVL9:
  74:motor.c       ****     PWM_Start(); //pwm for winch motor 
  75:motor.c       **** }
 114              		.loc 1 75 0
 115              		@ sp needed
  74:motor.c       ****     PWM_Start(); //pwm for winch motor 
 116              		.loc 1 74 0
 117 000e FFF7FEFF 		bl	PWM_Start
 118              	.LVL10:
 119              		.loc 1 75 0
 120 0012 10BD     		pop	{r4, pc}
 121              		.cfi_endproc
 122              	.LFE35:
 123              		.size	Motor_Start, .-Motor_Start
 124              		.text
 125              	.Letext0:
 126              		.file 2 "Generated_Source\\PSoC4/Motor_Dir.h"
 127              		.file 3 "Generated_Source\\PSoC4/PWM.h"
 128              		.section	.debug_info,"",%progbits
 129              	.Ldebug_info0:
 130 0000 4E010000 		.4byte	0x14e
 131 0004 0400     		.2byte	0x4
 132 0006 00000000 		.4byte	.Ldebug_abbrev0
 133 000a 04       		.byte	0x4
 134 000b 01       		.uleb128 0x1
 135 000c 70000000 		.4byte	.LASF17
 136 0010 0C       		.byte	0xc
 137 0011 68000000 		.4byte	.LASF18
 138 0015 11010000 		.4byte	.LASF19
 139 0019 00000000 		.4byte	.Ldebug_ranges0+0
 140 001d 00000000 		.4byte	0
 141 0021 00000000 		.4byte	.Ldebug_line0
 142 0025 02       		.uleb128 0x2
 143 0026 01       		.byte	0x1
 144 0027 06       		.byte	0x6
 145 0028 A1010000 		.4byte	.LASF0
 146 002c 02       		.uleb128 0x2
 147 002d 01       		.byte	0x1
 148 002e 08       		.byte	0x8
 149 002f 5A000000 		.4byte	.LASF1
 150 0033 02       		.uleb128 0x2
ARM GAS  C:\Users\AFDHAL~1\AppData\Local\Temp\ccYIvFop.s 			page 5


 151 0034 02       		.byte	0x2
 152 0035 05       		.byte	0x5
 153 0036 07010000 		.4byte	.LASF2
 154 003a 02       		.uleb128 0x2
 155 003b 02       		.byte	0x2
 156 003c 07       		.byte	0x7
 157 003d 8E010000 		.4byte	.LASF3
 158 0041 02       		.uleb128 0x2
 159 0042 04       		.byte	0x4
 160 0043 05       		.byte	0x5
 161 0044 FE000000 		.4byte	.LASF4
 162 0048 02       		.uleb128 0x2
 163 0049 04       		.byte	0x4
 164 004a 07       		.byte	0x7
 165 004b 1B000000 		.4byte	.LASF5
 166 004f 02       		.uleb128 0x2
 167 0050 08       		.byte	0x8
 168 0051 05       		.byte	0x5
 169 0052 00000000 		.4byte	.LASF6
 170 0056 02       		.uleb128 0x2
 171 0057 08       		.byte	0x8
 172 0058 07       		.byte	0x7
 173 0059 3D000000 		.4byte	.LASF7
 174 005d 03       		.uleb128 0x3
 175 005e 04       		.byte	0x4
 176 005f 05       		.byte	0x5
 177 0060 696E7400 		.ascii	"int\000"
 178 0064 02       		.uleb128 0x2
 179 0065 04       		.byte	0x4
 180 0066 07       		.byte	0x7
 181 0067 0E000000 		.4byte	.LASF8
 182 006b 02       		.uleb128 0x2
 183 006c 04       		.byte	0x4
 184 006d 04       		.byte	0x4
 185 006e 54000000 		.4byte	.LASF9
 186 0072 02       		.uleb128 0x2
 187 0073 08       		.byte	0x8
 188 0074 04       		.byte	0x4
 189 0075 72010000 		.4byte	.LASF10
 190 0079 02       		.uleb128 0x2
 191 007a 01       		.byte	0x1
 192 007b 08       		.byte	0x8
 193 007c E8010000 		.4byte	.LASF11
 194 0080 02       		.uleb128 0x2
 195 0081 08       		.byte	0x8
 196 0082 04       		.byte	0x4
 197 0083 79010000 		.4byte	.LASF12
 198 0087 02       		.uleb128 0x2
 199 0088 04       		.byte	0x4
 200 0089 07       		.byte	0x7
 201 008a 85010000 		.4byte	.LASF13
 202 008e 04       		.uleb128 0x4
 203 008f B9010000 		.4byte	.LASF20
 204 0093 01       		.byte	0x1
 205 0094 20       		.byte	0x20
 206 0095 00000000 		.4byte	.LFB34
 207 0099 3C000000 		.4byte	.LFE34-.LFB34
ARM GAS  C:\Users\AFDHAL~1\AppData\Local\Temp\ccYIvFop.s 			page 6


 208 009d 01       		.uleb128 0x1
 209 009e 9C       		.byte	0x9c
 210 009f E9000000 		.4byte	0xe9
 211 00a3 05       		.uleb128 0x5
 212 00a4 70776D00 		.ascii	"pwm\000"
 213 00a8 01       		.byte	0x1
 214 00a9 20       		.byte	0x20
 215 00aa 5D000000 		.4byte	0x5d
 216 00ae 00000000 		.4byte	.LLST0
 217 00b2 06       		.uleb128 0x6
 218 00b3 16000000 		.4byte	.LVL2
 219 00b7 2E010000 		.4byte	0x12e
 220 00bb C5000000 		.4byte	0xc5
 221 00bf 07       		.uleb128 0x7
 222 00c0 01       		.uleb128 0x1
 223 00c1 50       		.byte	0x50
 224 00c2 01       		.uleb128 0x1
 225 00c3 31       		.byte	0x31
 226 00c4 00       		.byte	0
 227 00c5 06       		.uleb128 0x6
 228 00c6 20000000 		.4byte	.LVL5
 229 00ca 2E010000 		.4byte	0x12e
 230 00ce D8000000 		.4byte	0xd8
 231 00d2 07       		.uleb128 0x7
 232 00d3 01       		.uleb128 0x1
 233 00d4 50       		.byte	0x50
 234 00d5 01       		.uleb128 0x1
 235 00d6 30       		.byte	0x30
 236 00d7 00       		.byte	0
 237 00d8 08       		.uleb128 0x8
 238 00d9 26000000 		.4byte	.LVL6
 239 00dd 39010000 		.4byte	0x139
 240 00e1 07       		.uleb128 0x7
 241 00e2 01       		.uleb128 0x1
 242 00e3 50       		.byte	0x50
 243 00e4 02       		.uleb128 0x2
 244 00e5 74       		.byte	0x74
 245 00e6 00       		.sleb128 0
 246 00e7 00       		.byte	0
 247 00e8 00       		.byte	0
 248 00e9 09       		.uleb128 0x9
 249 00ea AD010000 		.4byte	.LASF21
 250 00ee 01       		.byte	0x1
 251 00ef 46       		.byte	0x46
 252 00f0 00000000 		.4byte	.LFB35
 253 00f4 14000000 		.4byte	.LFE35-.LFB35
 254 00f8 01       		.uleb128 0x1
 255 00f9 9C       		.byte	0x9c
 256 00fa 2E010000 		.4byte	0x12e
 257 00fe 06       		.uleb128 0x6
 258 00ff 08000000 		.4byte	.LVL8
 259 0103 2E010000 		.4byte	0x12e
 260 0107 11010000 		.4byte	0x111
 261 010b 07       		.uleb128 0x7
 262 010c 01       		.uleb128 0x1
 263 010d 50       		.byte	0x50
 264 010e 01       		.uleb128 0x1
ARM GAS  C:\Users\AFDHAL~1\AppData\Local\Temp\ccYIvFop.s 			page 7


 265 010f 30       		.byte	0x30
 266 0110 00       		.byte	0
 267 0111 06       		.uleb128 0x6
 268 0112 0E000000 		.4byte	.LVL9
 269 0116 39010000 		.4byte	0x139
 270 011a 24010000 		.4byte	0x124
 271 011e 07       		.uleb128 0x7
 272 011f 01       		.uleb128 0x1
 273 0120 50       		.byte	0x50
 274 0121 01       		.uleb128 0x1
 275 0122 30       		.byte	0x30
 276 0123 00       		.byte	0
 277 0124 0A       		.uleb128 0xa
 278 0125 12000000 		.4byte	.LVL10
 279 0129 45010000 		.4byte	0x145
 280 012d 00       		.byte	0
 281 012e 0B       		.uleb128 0xb
 282 012f 2D000000 		.4byte	.LASF14
 283 0133 2D000000 		.4byte	.LASF14
 284 0137 02       		.byte	0x2
 285 0138 2F       		.byte	0x2f
 286 0139 0C       		.uleb128 0xc
 287 013a D7010000 		.4byte	.LASF15
 288 013e D7010000 		.4byte	.LASF15
 289 0142 03       		.byte	0x3
 290 0143 5501     		.2byte	0x155
 291 0145 0C       		.uleb128 0xc
 292 0146 CD010000 		.4byte	.LASF16
 293 014a CD010000 		.4byte	.LASF16
 294 014e 03       		.byte	0x3
 295 014f 3201     		.2byte	0x132
 296 0151 00       		.byte	0
 297              		.section	.debug_abbrev,"",%progbits
 298              	.Ldebug_abbrev0:
 299 0000 01       		.uleb128 0x1
 300 0001 11       		.uleb128 0x11
 301 0002 01       		.byte	0x1
 302 0003 25       		.uleb128 0x25
 303 0004 0E       		.uleb128 0xe
 304 0005 13       		.uleb128 0x13
 305 0006 0B       		.uleb128 0xb
 306 0007 03       		.uleb128 0x3
 307 0008 0E       		.uleb128 0xe
 308 0009 1B       		.uleb128 0x1b
 309 000a 0E       		.uleb128 0xe
 310 000b 55       		.uleb128 0x55
 311 000c 17       		.uleb128 0x17
 312 000d 11       		.uleb128 0x11
 313 000e 01       		.uleb128 0x1
 314 000f 10       		.uleb128 0x10
 315 0010 17       		.uleb128 0x17
 316 0011 00       		.byte	0
 317 0012 00       		.byte	0
 318 0013 02       		.uleb128 0x2
 319 0014 24       		.uleb128 0x24
 320 0015 00       		.byte	0
 321 0016 0B       		.uleb128 0xb
ARM GAS  C:\Users\AFDHAL~1\AppData\Local\Temp\ccYIvFop.s 			page 8


 322 0017 0B       		.uleb128 0xb
 323 0018 3E       		.uleb128 0x3e
 324 0019 0B       		.uleb128 0xb
 325 001a 03       		.uleb128 0x3
 326 001b 0E       		.uleb128 0xe
 327 001c 00       		.byte	0
 328 001d 00       		.byte	0
 329 001e 03       		.uleb128 0x3
 330 001f 24       		.uleb128 0x24
 331 0020 00       		.byte	0
 332 0021 0B       		.uleb128 0xb
 333 0022 0B       		.uleb128 0xb
 334 0023 3E       		.uleb128 0x3e
 335 0024 0B       		.uleb128 0xb
 336 0025 03       		.uleb128 0x3
 337 0026 08       		.uleb128 0x8
 338 0027 00       		.byte	0
 339 0028 00       		.byte	0
 340 0029 04       		.uleb128 0x4
 341 002a 2E       		.uleb128 0x2e
 342 002b 01       		.byte	0x1
 343 002c 3F       		.uleb128 0x3f
 344 002d 19       		.uleb128 0x19
 345 002e 03       		.uleb128 0x3
 346 002f 0E       		.uleb128 0xe
 347 0030 3A       		.uleb128 0x3a
 348 0031 0B       		.uleb128 0xb
 349 0032 3B       		.uleb128 0x3b
 350 0033 0B       		.uleb128 0xb
 351 0034 27       		.uleb128 0x27
 352 0035 19       		.uleb128 0x19
 353 0036 11       		.uleb128 0x11
 354 0037 01       		.uleb128 0x1
 355 0038 12       		.uleb128 0x12
 356 0039 06       		.uleb128 0x6
 357 003a 40       		.uleb128 0x40
 358 003b 18       		.uleb128 0x18
 359 003c 9742     		.uleb128 0x2117
 360 003e 19       		.uleb128 0x19
 361 003f 01       		.uleb128 0x1
 362 0040 13       		.uleb128 0x13
 363 0041 00       		.byte	0
 364 0042 00       		.byte	0
 365 0043 05       		.uleb128 0x5
 366 0044 05       		.uleb128 0x5
 367 0045 00       		.byte	0
 368 0046 03       		.uleb128 0x3
 369 0047 08       		.uleb128 0x8
 370 0048 3A       		.uleb128 0x3a
 371 0049 0B       		.uleb128 0xb
 372 004a 3B       		.uleb128 0x3b
 373 004b 0B       		.uleb128 0xb
 374 004c 49       		.uleb128 0x49
 375 004d 13       		.uleb128 0x13
 376 004e 02       		.uleb128 0x2
 377 004f 17       		.uleb128 0x17
 378 0050 00       		.byte	0
ARM GAS  C:\Users\AFDHAL~1\AppData\Local\Temp\ccYIvFop.s 			page 9


 379 0051 00       		.byte	0
 380 0052 06       		.uleb128 0x6
 381 0053 898201   		.uleb128 0x4109
 382 0056 01       		.byte	0x1
 383 0057 11       		.uleb128 0x11
 384 0058 01       		.uleb128 0x1
 385 0059 31       		.uleb128 0x31
 386 005a 13       		.uleb128 0x13
 387 005b 01       		.uleb128 0x1
 388 005c 13       		.uleb128 0x13
 389 005d 00       		.byte	0
 390 005e 00       		.byte	0
 391 005f 07       		.uleb128 0x7
 392 0060 8A8201   		.uleb128 0x410a
 393 0063 00       		.byte	0
 394 0064 02       		.uleb128 0x2
 395 0065 18       		.uleb128 0x18
 396 0066 9142     		.uleb128 0x2111
 397 0068 18       		.uleb128 0x18
 398 0069 00       		.byte	0
 399 006a 00       		.byte	0
 400 006b 08       		.uleb128 0x8
 401 006c 898201   		.uleb128 0x4109
 402 006f 01       		.byte	0x1
 403 0070 11       		.uleb128 0x11
 404 0071 01       		.uleb128 0x1
 405 0072 31       		.uleb128 0x31
 406 0073 13       		.uleb128 0x13
 407 0074 00       		.byte	0
 408 0075 00       		.byte	0
 409 0076 09       		.uleb128 0x9
 410 0077 2E       		.uleb128 0x2e
 411 0078 01       		.byte	0x1
 412 0079 3F       		.uleb128 0x3f
 413 007a 19       		.uleb128 0x19
 414 007b 03       		.uleb128 0x3
 415 007c 0E       		.uleb128 0xe
 416 007d 3A       		.uleb128 0x3a
 417 007e 0B       		.uleb128 0xb
 418 007f 3B       		.uleb128 0x3b
 419 0080 0B       		.uleb128 0xb
 420 0081 11       		.uleb128 0x11
 421 0082 01       		.uleb128 0x1
 422 0083 12       		.uleb128 0x12
 423 0084 06       		.uleb128 0x6
 424 0085 40       		.uleb128 0x40
 425 0086 18       		.uleb128 0x18
 426 0087 9742     		.uleb128 0x2117
 427 0089 19       		.uleb128 0x19
 428 008a 01       		.uleb128 0x1
 429 008b 13       		.uleb128 0x13
 430 008c 00       		.byte	0
 431 008d 00       		.byte	0
 432 008e 0A       		.uleb128 0xa
 433 008f 898201   		.uleb128 0x4109
 434 0092 00       		.byte	0
 435 0093 11       		.uleb128 0x11
ARM GAS  C:\Users\AFDHAL~1\AppData\Local\Temp\ccYIvFop.s 			page 10


 436 0094 01       		.uleb128 0x1
 437 0095 31       		.uleb128 0x31
 438 0096 13       		.uleb128 0x13
 439 0097 00       		.byte	0
 440 0098 00       		.byte	0
 441 0099 0B       		.uleb128 0xb
 442 009a 2E       		.uleb128 0x2e
 443 009b 00       		.byte	0
 444 009c 3F       		.uleb128 0x3f
 445 009d 19       		.uleb128 0x19
 446 009e 3C       		.uleb128 0x3c
 447 009f 19       		.uleb128 0x19
 448 00a0 6E       		.uleb128 0x6e
 449 00a1 0E       		.uleb128 0xe
 450 00a2 03       		.uleb128 0x3
 451 00a3 0E       		.uleb128 0xe
 452 00a4 3A       		.uleb128 0x3a
 453 00a5 0B       		.uleb128 0xb
 454 00a6 3B       		.uleb128 0x3b
 455 00a7 0B       		.uleb128 0xb
 456 00a8 00       		.byte	0
 457 00a9 00       		.byte	0
 458 00aa 0C       		.uleb128 0xc
 459 00ab 2E       		.uleb128 0x2e
 460 00ac 00       		.byte	0
 461 00ad 3F       		.uleb128 0x3f
 462 00ae 19       		.uleb128 0x19
 463 00af 3C       		.uleb128 0x3c
 464 00b0 19       		.uleb128 0x19
 465 00b1 6E       		.uleb128 0x6e
 466 00b2 0E       		.uleb128 0xe
 467 00b3 03       		.uleb128 0x3
 468 00b4 0E       		.uleb128 0xe
 469 00b5 3A       		.uleb128 0x3a
 470 00b6 0B       		.uleb128 0xb
 471 00b7 3B       		.uleb128 0x3b
 472 00b8 05       		.uleb128 0x5
 473 00b9 00       		.byte	0
 474 00ba 00       		.byte	0
 475 00bb 00       		.byte	0
 476              		.section	.debug_loc,"",%progbits
 477              	.Ldebug_loc0:
 478              	.LLST0:
 479 0000 00000000 		.4byte	.LVL0
 480 0004 10000000 		.4byte	.LVL1
 481 0008 0100     		.2byte	0x1
 482 000a 50       		.byte	0x50
 483 000b 18000000 		.4byte	.LVL3
 484 000f 1A000000 		.4byte	.LVL4
 485 0013 0100     		.2byte	0x1
 486 0015 50       		.byte	0x50
 487 0016 28000000 		.4byte	.LVL7
 488 001a 3C000000 		.4byte	.LFE34
 489 001e 0100     		.2byte	0x1
 490 0020 50       		.byte	0x50
 491 0021 00000000 		.4byte	0
 492 0025 00000000 		.4byte	0
ARM GAS  C:\Users\AFDHAL~1\AppData\Local\Temp\ccYIvFop.s 			page 11


 493              		.section	.debug_aranges,"",%progbits
 494 0000 24000000 		.4byte	0x24
 495 0004 0200     		.2byte	0x2
 496 0006 00000000 		.4byte	.Ldebug_info0
 497 000a 04       		.byte	0x4
 498 000b 00       		.byte	0
 499 000c 0000     		.2byte	0
 500 000e 0000     		.2byte	0
 501 0010 00000000 		.4byte	.LFB34
 502 0014 3C000000 		.4byte	.LFE34-.LFB34
 503 0018 00000000 		.4byte	.LFB35
 504 001c 14000000 		.4byte	.LFE35-.LFB35
 505 0020 00000000 		.4byte	0
 506 0024 00000000 		.4byte	0
 507              		.section	.debug_ranges,"",%progbits
 508              	.Ldebug_ranges0:
 509 0000 00000000 		.4byte	.LFB34
 510 0004 3C000000 		.4byte	.LFE34
 511 0008 00000000 		.4byte	.LFB35
 512 000c 14000000 		.4byte	.LFE35
 513 0010 00000000 		.4byte	0
 514 0014 00000000 		.4byte	0
 515              		.section	.debug_line,"",%progbits
 516              	.Ldebug_line0:
 517 0000 82000000 		.section	.debug_str,"MS",%progbits,1
 517      02004D00 
 517      00000201 
 517      FB0E0D00 
 517      01010101 
 518              	.LASF6:
 519 0000 6C6F6E67 		.ascii	"long long int\000"
 519      206C6F6E 
 519      6720696E 
 519      7400
 520              	.LASF8:
 521 000e 756E7369 		.ascii	"unsigned int\000"
 521      676E6564 
 521      20696E74 
 521      00
 522              	.LASF5:
 523 001b 6C6F6E67 		.ascii	"long unsigned int\000"
 523      20756E73 
 523      69676E65 
 523      6420696E 
 523      7400
 524              	.LASF14:
 525 002d 4D6F746F 		.ascii	"Motor_Dir_Write\000"
 525      725F4469 
 525      725F5772 
 525      69746500 
 526              	.LASF7:
 527 003d 6C6F6E67 		.ascii	"long long unsigned int\000"
 527      206C6F6E 
 527      6720756E 
 527      7369676E 
 527      65642069 
 528              	.LASF9:
ARM GAS  C:\Users\AFDHAL~1\AppData\Local\Temp\ccYIvFop.s 			page 12


 529 0054 666C6F61 		.ascii	"float\000"
 529      7400
 530              	.LASF1:
 531 005a 756E7369 		.ascii	"unsigned char\000"
 531      676E6564 
 531      20636861 
 531      7200
 532              	.LASF18:
 533 0068 6D6F746F 		.ascii	"motor.c\000"
 533      722E6300 
 534              	.LASF17:
 535 0070 474E5520 		.ascii	"GNU C11 5.4.1 20160609 (release) [ARM/embedded-5-br"
 535      43313120 
 535      352E342E 
 535      31203230 
 535      31363036 
 536 00a3 616E6368 		.ascii	"anch revision 237715] -mcpu=cortex-m0 -mthumb -g -O"
 536      20726576 
 536      6973696F 
 536      6E203233 
 536      37373135 
 537 00d6 33202D66 		.ascii	"3 -ffunction-sections -ffat-lto-objects\000"
 537      66756E63 
 537      74696F6E 
 537      2D736563 
 537      74696F6E 
 538              	.LASF4:
 539 00fe 6C6F6E67 		.ascii	"long int\000"
 539      20696E74 
 539      00
 540              	.LASF2:
 541 0107 73686F72 		.ascii	"short int\000"
 541      7420696E 
 541      7400
 542              	.LASF19:
 543 0111 433A5C55 		.ascii	"C:\\Users\\AfdhalAtiffTan\\Documents\\PSoC Creator\\"
 543      73657273 
 543      5C416664 
 543      68616C41 
 543      74696666 
 544 0140 736D6172 		.ascii	"smart_winch_prototype\\Workspace01\\Prototype.cydsn"
 544      745F7769 
 544      6E63685F 
 544      70726F74 
 544      6F747970 
 545 0171 00       		.ascii	"\000"
 546              	.LASF10:
 547 0172 646F7562 		.ascii	"double\000"
 547      6C6500
 548              	.LASF12:
 549 0179 6C6F6E67 		.ascii	"long double\000"
 549      20646F75 
 549      626C6500 
 550              	.LASF13:
 551 0185 73697A65 		.ascii	"sizetype\000"
 551      74797065 
 551      00
ARM GAS  C:\Users\AFDHAL~1\AppData\Local\Temp\ccYIvFop.s 			page 13


 552              	.LASF3:
 553 018e 73686F72 		.ascii	"short unsigned int\000"
 553      7420756E 
 553      7369676E 
 553      65642069 
 553      6E7400
 554              	.LASF0:
 555 01a1 7369676E 		.ascii	"signed char\000"
 555      65642063 
 555      68617200 
 556              	.LASF21:
 557 01ad 4D6F746F 		.ascii	"Motor_Start\000"
 557      725F5374 
 557      61727400 
 558              	.LASF20:
 559 01b9 4D6F746F 		.ascii	"Motor_Bidirectional\000"
 559      725F4269 
 559      64697265 
 559      6374696F 
 559      6E616C00 
 560              	.LASF16:
 561 01cd 50574D5F 		.ascii	"PWM_Start\000"
 561      53746172 
 561      7400
 562              	.LASF15:
 563 01d7 50574D5F 		.ascii	"PWM_WriteCompare\000"
 563      57726974 
 563      65436F6D 
 563      70617265 
 563      00
 564              	.LASF11:
 565 01e8 63686172 		.ascii	"char\000"
 565      00
 566              		.ident	"GCC: (GNU Tools for ARM Embedded Processors) 5.4.1 20160609 (release) [ARM/embedded-5-bran
