ARM GAS  C:\Users\AFDHAL~1\AppData\Local\Temp\cc5l8bzQ.s 			page 1


   1              		.syntax unified
   2              		.cpu cortex-m0
   3              		.fpu softvfp
   4              		.eabi_attribute 20, 1
   5              		.eabi_attribute 21, 1
   6              		.eabi_attribute 23, 3
   7              		.eabi_attribute 24, 1
   8              		.eabi_attribute 25, 1
   9              		.eabi_attribute 26, 1
  10              		.eabi_attribute 30, 2
  11              		.eabi_attribute 34, 0
  12              		.eabi_attribute 18, 4
  13              		.thumb
  14              		.syntax unified
  15              		.file	"SPI_SPI_UART.c"
  16              		.text
  17              	.Ltext0:
  18              		.cfi_sections	.debug_frame
  19              		.section	.text.SPI_SpiUartReadRxData,"ax",%progbits
  20              		.align	2
  21              		.global	SPI_SpiUartReadRxData
  22              		.code	16
  23              		.thumb_func
  24              		.type	SPI_SpiUartReadRxData, %function
  25              	SPI_SpiUartReadRxData:
  26              	.LFB1:
  27              		.file 1 "Generated_Source\\PSoC4\\SPI_SPI_UART.c"
   1:Generated_Source\PSoC4/SPI_SPI_UART.c **** /***************************************************************************//**
   2:Generated_Source\PSoC4/SPI_SPI_UART.c **** * \file SPI_SPI_UART.c
   3:Generated_Source\PSoC4/SPI_SPI_UART.c **** * \version 4.0
   4:Generated_Source\PSoC4/SPI_SPI_UART.c **** *
   5:Generated_Source\PSoC4/SPI_SPI_UART.c **** * \brief
   6:Generated_Source\PSoC4/SPI_SPI_UART.c **** *  This file provides the source code to the API for the SCB Component in
   7:Generated_Source\PSoC4/SPI_SPI_UART.c **** *  SPI and UART modes.
   8:Generated_Source\PSoC4/SPI_SPI_UART.c **** *
   9:Generated_Source\PSoC4/SPI_SPI_UART.c **** * Note:
  10:Generated_Source\PSoC4/SPI_SPI_UART.c **** *
  11:Generated_Source\PSoC4/SPI_SPI_UART.c **** *******************************************************************************
  12:Generated_Source\PSoC4/SPI_SPI_UART.c **** * \copyright
  13:Generated_Source\PSoC4/SPI_SPI_UART.c **** * Copyright 2013-2017, Cypress Semiconductor Corporation.  All rights reserved.
  14:Generated_Source\PSoC4/SPI_SPI_UART.c **** * You may use this file only in accordance with the license, terms, conditions,
  15:Generated_Source\PSoC4/SPI_SPI_UART.c **** * disclaimers, and limitations in the end user license agreement accompanying
  16:Generated_Source\PSoC4/SPI_SPI_UART.c **** * the software package with which this file was provided.
  17:Generated_Source\PSoC4/SPI_SPI_UART.c **** *******************************************************************************/
  18:Generated_Source\PSoC4/SPI_SPI_UART.c **** 
  19:Generated_Source\PSoC4/SPI_SPI_UART.c **** #include "SPI_PVT.h"
  20:Generated_Source\PSoC4/SPI_SPI_UART.c **** #include "SPI_SPI_UART_PVT.h"
  21:Generated_Source\PSoC4/SPI_SPI_UART.c **** 
  22:Generated_Source\PSoC4/SPI_SPI_UART.c **** /***************************************
  23:Generated_Source\PSoC4/SPI_SPI_UART.c **** *        SPI/UART Private Vars
  24:Generated_Source\PSoC4/SPI_SPI_UART.c **** ***************************************/
  25:Generated_Source\PSoC4/SPI_SPI_UART.c **** 
  26:Generated_Source\PSoC4/SPI_SPI_UART.c **** #if(SPI_INTERNAL_RX_SW_BUFFER_CONST)
  27:Generated_Source\PSoC4/SPI_SPI_UART.c ****     /* Start index to put data into the software receive buffer.*/
  28:Generated_Source\PSoC4/SPI_SPI_UART.c ****     volatile uint32 SPI_rxBufferHead;
  29:Generated_Source\PSoC4/SPI_SPI_UART.c ****     /* Start index to get data from the software receive buffer.*/
  30:Generated_Source\PSoC4/SPI_SPI_UART.c ****     volatile uint32 SPI_rxBufferTail;
ARM GAS  C:\Users\AFDHAL~1\AppData\Local\Temp\cc5l8bzQ.s 			page 2


  31:Generated_Source\PSoC4/SPI_SPI_UART.c ****     /**
  32:Generated_Source\PSoC4/SPI_SPI_UART.c ****     * \addtogroup group_globals
  33:Generated_Source\PSoC4/SPI_SPI_UART.c ****     * \{
  34:Generated_Source\PSoC4/SPI_SPI_UART.c ****     */
  35:Generated_Source\PSoC4/SPI_SPI_UART.c ****     /** Sets when internal software receive buffer overflow
  36:Generated_Source\PSoC4/SPI_SPI_UART.c ****     *  was occurred.
  37:Generated_Source\PSoC4/SPI_SPI_UART.c ****     */
  38:Generated_Source\PSoC4/SPI_SPI_UART.c ****     volatile uint8  SPI_rxBufferOverflow;
  39:Generated_Source\PSoC4/SPI_SPI_UART.c ****     /** \} globals */
  40:Generated_Source\PSoC4/SPI_SPI_UART.c **** #endif /* (SPI_INTERNAL_RX_SW_BUFFER_CONST) */
  41:Generated_Source\PSoC4/SPI_SPI_UART.c **** 
  42:Generated_Source\PSoC4/SPI_SPI_UART.c **** #if(SPI_INTERNAL_TX_SW_BUFFER_CONST)
  43:Generated_Source\PSoC4/SPI_SPI_UART.c ****     /* Start index to put data into the software transmit buffer.*/
  44:Generated_Source\PSoC4/SPI_SPI_UART.c ****     volatile uint32 SPI_txBufferHead;
  45:Generated_Source\PSoC4/SPI_SPI_UART.c ****     /* Start index to get data from the software transmit buffer.*/
  46:Generated_Source\PSoC4/SPI_SPI_UART.c ****     volatile uint32 SPI_txBufferTail;
  47:Generated_Source\PSoC4/SPI_SPI_UART.c **** #endif /* (SPI_INTERNAL_TX_SW_BUFFER_CONST) */
  48:Generated_Source\PSoC4/SPI_SPI_UART.c **** 
  49:Generated_Source\PSoC4/SPI_SPI_UART.c **** #if(SPI_INTERNAL_RX_SW_BUFFER)
  50:Generated_Source\PSoC4/SPI_SPI_UART.c ****     /* Add one element to the buffer to receive full packet. One byte in receive buffer is always e
  51:Generated_Source\PSoC4/SPI_SPI_UART.c ****     volatile uint8 SPI_rxBufferInternal[SPI_INTERNAL_RX_BUFFER_SIZE];
  52:Generated_Source\PSoC4/SPI_SPI_UART.c **** #endif /* (SPI_INTERNAL_RX_SW_BUFFER) */
  53:Generated_Source\PSoC4/SPI_SPI_UART.c **** 
  54:Generated_Source\PSoC4/SPI_SPI_UART.c **** #if(SPI_INTERNAL_TX_SW_BUFFER)
  55:Generated_Source\PSoC4/SPI_SPI_UART.c ****     volatile uint8 SPI_txBufferInternal[SPI_TX_BUFFER_SIZE];
  56:Generated_Source\PSoC4/SPI_SPI_UART.c **** #endif /* (SPI_INTERNAL_TX_SW_BUFFER) */
  57:Generated_Source\PSoC4/SPI_SPI_UART.c **** 
  58:Generated_Source\PSoC4/SPI_SPI_UART.c **** 
  59:Generated_Source\PSoC4/SPI_SPI_UART.c **** #if(SPI_RX_DIRECTION)
  60:Generated_Source\PSoC4/SPI_SPI_UART.c ****     /*******************************************************************************
  61:Generated_Source\PSoC4/SPI_SPI_UART.c ****     * Function Name: SPI_SpiUartReadRxData
  62:Generated_Source\PSoC4/SPI_SPI_UART.c ****     ****************************************************************************//**
  63:Generated_Source\PSoC4/SPI_SPI_UART.c ****     *
  64:Generated_Source\PSoC4/SPI_SPI_UART.c ****     *  Retrieves the next data element from the receive buffer.
  65:Generated_Source\PSoC4/SPI_SPI_UART.c ****     *   - RX software buffer is disabled: Returns data element retrieved from
  66:Generated_Source\PSoC4/SPI_SPI_UART.c ****     *     RX FIFO. Undefined data will be returned if the RX FIFO is empty.
  67:Generated_Source\PSoC4/SPI_SPI_UART.c ****     *   - RX software buffer is enabled: Returns data element from the software
  68:Generated_Source\PSoC4/SPI_SPI_UART.c ****     *     receive buffer. Zero value is returned if the software receive buffer
  69:Generated_Source\PSoC4/SPI_SPI_UART.c ****     *     is empty.
  70:Generated_Source\PSoC4/SPI_SPI_UART.c ****     *
  71:Generated_Source\PSoC4/SPI_SPI_UART.c ****     * \return
  72:Generated_Source\PSoC4/SPI_SPI_UART.c ****     *  Next data element from the receive buffer. 
  73:Generated_Source\PSoC4/SPI_SPI_UART.c ****     *  The amount of data bits to be received depends on RX data bits selection 
  74:Generated_Source\PSoC4/SPI_SPI_UART.c ****     *  (the data bit counting starts from LSB of return value).
  75:Generated_Source\PSoC4/SPI_SPI_UART.c ****     *
  76:Generated_Source\PSoC4/SPI_SPI_UART.c ****     * \globalvars
  77:Generated_Source\PSoC4/SPI_SPI_UART.c ****     *  SPI_rxBufferHead - the start index to put data into the 
  78:Generated_Source\PSoC4/SPI_SPI_UART.c ****     *  software receive buffer.
  79:Generated_Source\PSoC4/SPI_SPI_UART.c ****     *  SPI_rxBufferTail - the start index to get data from the 
  80:Generated_Source\PSoC4/SPI_SPI_UART.c ****     *  software receive buffer.
  81:Generated_Source\PSoC4/SPI_SPI_UART.c ****     *
  82:Generated_Source\PSoC4/SPI_SPI_UART.c ****     *******************************************************************************/
  83:Generated_Source\PSoC4/SPI_SPI_UART.c ****     uint32 SPI_SpiUartReadRxData(void)
  84:Generated_Source\PSoC4/SPI_SPI_UART.c ****     {
  28              		.loc 1 84 0
  29              		.cfi_startproc
  30              		@ args = 0, pretend = 0, frame = 0
ARM GAS  C:\Users\AFDHAL~1\AppData\Local\Temp\cc5l8bzQ.s 			page 3


  31              		@ frame_needed = 0, uses_anonymous_args = 0
  32              		@ link register save eliminated.
  33              	.LVL0:
  85:Generated_Source\PSoC4/SPI_SPI_UART.c ****         uint32 rxData = 0u;
  86:Generated_Source\PSoC4/SPI_SPI_UART.c **** 
  87:Generated_Source\PSoC4/SPI_SPI_UART.c ****     #if (SPI_INTERNAL_RX_SW_BUFFER_CONST)
  88:Generated_Source\PSoC4/SPI_SPI_UART.c ****         uint32 locTail;
  89:Generated_Source\PSoC4/SPI_SPI_UART.c ****     #endif /* (SPI_INTERNAL_RX_SW_BUFFER_CONST) */
  90:Generated_Source\PSoC4/SPI_SPI_UART.c **** 
  91:Generated_Source\PSoC4/SPI_SPI_UART.c ****         #if (SPI_CHECK_RX_SW_BUFFER)
  92:Generated_Source\PSoC4/SPI_SPI_UART.c ****         {
  93:Generated_Source\PSoC4/SPI_SPI_UART.c ****             if (SPI_rxBufferHead != SPI_rxBufferTail)
  94:Generated_Source\PSoC4/SPI_SPI_UART.c ****             {
  95:Generated_Source\PSoC4/SPI_SPI_UART.c ****                 /* There is data in RX software buffer */
  96:Generated_Source\PSoC4/SPI_SPI_UART.c **** 
  97:Generated_Source\PSoC4/SPI_SPI_UART.c ****                 /* Calculate index to read from */
  98:Generated_Source\PSoC4/SPI_SPI_UART.c ****                 locTail = (SPI_rxBufferTail + 1u);
  99:Generated_Source\PSoC4/SPI_SPI_UART.c **** 
 100:Generated_Source\PSoC4/SPI_SPI_UART.c ****                 if (SPI_INTERNAL_RX_BUFFER_SIZE == locTail)
 101:Generated_Source\PSoC4/SPI_SPI_UART.c ****                 {
 102:Generated_Source\PSoC4/SPI_SPI_UART.c ****                     locTail = 0u;
 103:Generated_Source\PSoC4/SPI_SPI_UART.c ****                 }
 104:Generated_Source\PSoC4/SPI_SPI_UART.c **** 
 105:Generated_Source\PSoC4/SPI_SPI_UART.c ****                 /* Get data from RX software buffer */
 106:Generated_Source\PSoC4/SPI_SPI_UART.c ****                 rxData = SPI_GetWordFromRxBuffer(locTail);
 107:Generated_Source\PSoC4/SPI_SPI_UART.c **** 
 108:Generated_Source\PSoC4/SPI_SPI_UART.c ****                 /* Change index in the buffer */
 109:Generated_Source\PSoC4/SPI_SPI_UART.c ****                 SPI_rxBufferTail = locTail;
 110:Generated_Source\PSoC4/SPI_SPI_UART.c **** 
 111:Generated_Source\PSoC4/SPI_SPI_UART.c ****                 #if (SPI_CHECK_UART_RTS_CONTROL_FLOW)
 112:Generated_Source\PSoC4/SPI_SPI_UART.c ****                 {
 113:Generated_Source\PSoC4/SPI_SPI_UART.c ****                     /* Check if RX Not Empty is disabled in the interrupt */
 114:Generated_Source\PSoC4/SPI_SPI_UART.c ****                     if (0u == (SPI_INTR_RX_MASK_REG & SPI_INTR_RX_NOT_EMPTY))
 115:Generated_Source\PSoC4/SPI_SPI_UART.c ****                     {
 116:Generated_Source\PSoC4/SPI_SPI_UART.c ****                         /* Enable RX Not Empty interrupt source to continue
 117:Generated_Source\PSoC4/SPI_SPI_UART.c ****                         * receiving data into software buffer.
 118:Generated_Source\PSoC4/SPI_SPI_UART.c ****                         */
 119:Generated_Source\PSoC4/SPI_SPI_UART.c ****                         SPI_INTR_RX_MASK_REG |= SPI_INTR_RX_NOT_EMPTY;
 120:Generated_Source\PSoC4/SPI_SPI_UART.c ****                     }
 121:Generated_Source\PSoC4/SPI_SPI_UART.c ****                 }
 122:Generated_Source\PSoC4/SPI_SPI_UART.c ****                 #endif
 123:Generated_Source\PSoC4/SPI_SPI_UART.c **** 
 124:Generated_Source\PSoC4/SPI_SPI_UART.c ****             }
 125:Generated_Source\PSoC4/SPI_SPI_UART.c ****         }
 126:Generated_Source\PSoC4/SPI_SPI_UART.c ****         #else
 127:Generated_Source\PSoC4/SPI_SPI_UART.c ****         {
 128:Generated_Source\PSoC4/SPI_SPI_UART.c ****             /* Read data from RX FIFO */
 129:Generated_Source\PSoC4/SPI_SPI_UART.c ****             rxData = SPI_RX_FIFO_RD_REG;
  34              		.loc 1 129 0
  35 0000 014B     		ldr	r3, .L2
 130:Generated_Source\PSoC4/SPI_SPI_UART.c ****         }
 131:Generated_Source\PSoC4/SPI_SPI_UART.c ****         #endif
 132:Generated_Source\PSoC4/SPI_SPI_UART.c **** 
 133:Generated_Source\PSoC4/SPI_SPI_UART.c ****         return (rxData);
 134:Generated_Source\PSoC4/SPI_SPI_UART.c ****     }
  36              		.loc 1 134 0
  37              		@ sp needed
ARM GAS  C:\Users\AFDHAL~1\AppData\Local\Temp\cc5l8bzQ.s 			page 4


 129:Generated_Source\PSoC4/SPI_SPI_UART.c ****         }
  38              		.loc 1 129 0
  39 0002 1868     		ldr	r0, [r3]
  40              	.LVL1:
  41              		.loc 1 134 0
  42 0004 7047     		bx	lr
  43              	.L3:
  44 0006 C046     		.align	2
  45              	.L2:
  46 0008 40032440 		.word	1076101952
  47              		.cfi_endproc
  48              	.LFE1:
  49              		.size	SPI_SpiUartReadRxData, .-SPI_SpiUartReadRxData
  50              		.section	.text.SPI_SpiUartGetRxBufferSize,"ax",%progbits
  51              		.align	2
  52              		.global	SPI_SpiUartGetRxBufferSize
  53              		.code	16
  54              		.thumb_func
  55              		.type	SPI_SpiUartGetRxBufferSize, %function
  56              	SPI_SpiUartGetRxBufferSize:
  57              	.LFB2:
 135:Generated_Source\PSoC4/SPI_SPI_UART.c **** 
 136:Generated_Source\PSoC4/SPI_SPI_UART.c **** 
 137:Generated_Source\PSoC4/SPI_SPI_UART.c ****     /*******************************************************************************
 138:Generated_Source\PSoC4/SPI_SPI_UART.c ****     * Function Name: SPI_SpiUartGetRxBufferSize
 139:Generated_Source\PSoC4/SPI_SPI_UART.c ****     ****************************************************************************//**
 140:Generated_Source\PSoC4/SPI_SPI_UART.c ****     *
 141:Generated_Source\PSoC4/SPI_SPI_UART.c ****     *  Returns the number of received data elements in the receive buffer.
 142:Generated_Source\PSoC4/SPI_SPI_UART.c ****     *   - RX software buffer disabled: returns the number of used entries in
 143:Generated_Source\PSoC4/SPI_SPI_UART.c ****     *     RX FIFO.
 144:Generated_Source\PSoC4/SPI_SPI_UART.c ****     *   - RX software buffer enabled: returns the number of elements which were
 145:Generated_Source\PSoC4/SPI_SPI_UART.c ****     *     placed in the receive buffer. This does not include the hardware RX FIFO.
 146:Generated_Source\PSoC4/SPI_SPI_UART.c ****     *
 147:Generated_Source\PSoC4/SPI_SPI_UART.c ****     * \return
 148:Generated_Source\PSoC4/SPI_SPI_UART.c ****     *  Number of received data elements.
 149:Generated_Source\PSoC4/SPI_SPI_UART.c ****     *
 150:Generated_Source\PSoC4/SPI_SPI_UART.c ****     * \globalvars
 151:Generated_Source\PSoC4/SPI_SPI_UART.c ****     *  SPI_rxBufferHead - the start index to put data into the 
 152:Generated_Source\PSoC4/SPI_SPI_UART.c ****     *  software receive buffer.
 153:Generated_Source\PSoC4/SPI_SPI_UART.c ****     *  SPI_rxBufferTail - the start index to get data from the 
 154:Generated_Source\PSoC4/SPI_SPI_UART.c ****     *  software receive buffer.
 155:Generated_Source\PSoC4/SPI_SPI_UART.c ****     *
 156:Generated_Source\PSoC4/SPI_SPI_UART.c ****     *******************************************************************************/
 157:Generated_Source\PSoC4/SPI_SPI_UART.c ****     uint32 SPI_SpiUartGetRxBufferSize(void)
 158:Generated_Source\PSoC4/SPI_SPI_UART.c ****     {
  58              		.loc 1 158 0
  59              		.cfi_startproc
  60              		@ args = 0, pretend = 0, frame = 0
  61              		@ frame_needed = 0, uses_anonymous_args = 0
  62              		@ link register save eliminated.
 159:Generated_Source\PSoC4/SPI_SPI_UART.c ****         uint32 size;
 160:Generated_Source\PSoC4/SPI_SPI_UART.c ****     #if (SPI_INTERNAL_RX_SW_BUFFER_CONST)
 161:Generated_Source\PSoC4/SPI_SPI_UART.c ****         uint32 locHead;
 162:Generated_Source\PSoC4/SPI_SPI_UART.c ****     #endif /* (SPI_INTERNAL_RX_SW_BUFFER_CONST) */
 163:Generated_Source\PSoC4/SPI_SPI_UART.c **** 
 164:Generated_Source\PSoC4/SPI_SPI_UART.c ****         #if (SPI_CHECK_RX_SW_BUFFER)
 165:Generated_Source\PSoC4/SPI_SPI_UART.c ****         {
ARM GAS  C:\Users\AFDHAL~1\AppData\Local\Temp\cc5l8bzQ.s 			page 5


 166:Generated_Source\PSoC4/SPI_SPI_UART.c ****             locHead = SPI_rxBufferHead;
 167:Generated_Source\PSoC4/SPI_SPI_UART.c **** 
 168:Generated_Source\PSoC4/SPI_SPI_UART.c ****             if(locHead >= SPI_rxBufferTail)
 169:Generated_Source\PSoC4/SPI_SPI_UART.c ****             {
 170:Generated_Source\PSoC4/SPI_SPI_UART.c ****                 size = (locHead - SPI_rxBufferTail);
 171:Generated_Source\PSoC4/SPI_SPI_UART.c ****             }
 172:Generated_Source\PSoC4/SPI_SPI_UART.c ****             else
 173:Generated_Source\PSoC4/SPI_SPI_UART.c ****             {
 174:Generated_Source\PSoC4/SPI_SPI_UART.c ****                 size = (locHead + (SPI_INTERNAL_RX_BUFFER_SIZE - SPI_rxBufferTail));
 175:Generated_Source\PSoC4/SPI_SPI_UART.c ****             }
 176:Generated_Source\PSoC4/SPI_SPI_UART.c ****         }
 177:Generated_Source\PSoC4/SPI_SPI_UART.c ****         #else
 178:Generated_Source\PSoC4/SPI_SPI_UART.c ****         {
 179:Generated_Source\PSoC4/SPI_SPI_UART.c ****             size = SPI_GET_RX_FIFO_ENTRIES;
 180:Generated_Source\PSoC4/SPI_SPI_UART.c ****         }
 181:Generated_Source\PSoC4/SPI_SPI_UART.c ****         #endif
 182:Generated_Source\PSoC4/SPI_SPI_UART.c **** 
 183:Generated_Source\PSoC4/SPI_SPI_UART.c ****         return (size);
  63              		.loc 1 183 0
  64 0000 1F20     		movs	r0, #31
 179:Generated_Source\PSoC4/SPI_SPI_UART.c ****         }
  65              		.loc 1 179 0
  66 0002 024B     		ldr	r3, .L5
 184:Generated_Source\PSoC4/SPI_SPI_UART.c ****     }
  67              		.loc 1 184 0
  68              		@ sp needed
 179:Generated_Source\PSoC4/SPI_SPI_UART.c ****         }
  69              		.loc 1 179 0
  70 0004 1B68     		ldr	r3, [r3]
  71              	.LVL2:
 183:Generated_Source\PSoC4/SPI_SPI_UART.c ****     }
  72              		.loc 1 183 0
  73 0006 1840     		ands	r0, r3
  74              	.LVL3:
  75              		.loc 1 184 0
  76 0008 7047     		bx	lr
  77              	.L6:
  78 000a C046     		.align	2
  79              	.L5:
  80 000c 08032440 		.word	1076101896
  81              		.cfi_endproc
  82              	.LFE2:
  83              		.size	SPI_SpiUartGetRxBufferSize, .-SPI_SpiUartGetRxBufferSize
  84              		.section	.text.SPI_SpiUartClearRxBuffer,"ax",%progbits
  85              		.align	2
  86              		.global	SPI_SpiUartClearRxBuffer
  87              		.code	16
  88              		.thumb_func
  89              		.type	SPI_SpiUartClearRxBuffer, %function
  90              	SPI_SpiUartClearRxBuffer:
  91              	.LFB3:
 185:Generated_Source\PSoC4/SPI_SPI_UART.c **** 
 186:Generated_Source\PSoC4/SPI_SPI_UART.c **** 
 187:Generated_Source\PSoC4/SPI_SPI_UART.c ****     /*******************************************************************************
 188:Generated_Source\PSoC4/SPI_SPI_UART.c ****     * Function Name: SPI_SpiUartClearRxBuffer
 189:Generated_Source\PSoC4/SPI_SPI_UART.c ****     ****************************************************************************//**
 190:Generated_Source\PSoC4/SPI_SPI_UART.c ****     *
ARM GAS  C:\Users\AFDHAL~1\AppData\Local\Temp\cc5l8bzQ.s 			page 6


 191:Generated_Source\PSoC4/SPI_SPI_UART.c ****     *  Clears the receive buffer and RX FIFO.
 192:Generated_Source\PSoC4/SPI_SPI_UART.c ****     *
 193:Generated_Source\PSoC4/SPI_SPI_UART.c ****     * \globalvars
 194:Generated_Source\PSoC4/SPI_SPI_UART.c ****     *  SPI_rxBufferHead - the start index to put data into the 
 195:Generated_Source\PSoC4/SPI_SPI_UART.c ****     *  software receive buffer.
 196:Generated_Source\PSoC4/SPI_SPI_UART.c ****     *  SPI_rxBufferTail - the start index to get data from the 
 197:Generated_Source\PSoC4/SPI_SPI_UART.c ****     *  software receive buffer.
 198:Generated_Source\PSoC4/SPI_SPI_UART.c ****     *
 199:Generated_Source\PSoC4/SPI_SPI_UART.c ****     *******************************************************************************/
 200:Generated_Source\PSoC4/SPI_SPI_UART.c ****     void SPI_SpiUartClearRxBuffer(void)
 201:Generated_Source\PSoC4/SPI_SPI_UART.c ****     {
  92              		.loc 1 201 0
  93              		.cfi_startproc
  94              		@ args = 0, pretend = 0, frame = 0
  95              		@ frame_needed = 0, uses_anonymous_args = 0
  96              		@ link register save eliminated.
 202:Generated_Source\PSoC4/SPI_SPI_UART.c ****         #if (SPI_CHECK_RX_SW_BUFFER)
 203:Generated_Source\PSoC4/SPI_SPI_UART.c ****         {
 204:Generated_Source\PSoC4/SPI_SPI_UART.c ****             /* Lock from component interruption */
 205:Generated_Source\PSoC4/SPI_SPI_UART.c ****             SPI_DisableInt();
 206:Generated_Source\PSoC4/SPI_SPI_UART.c **** 
 207:Generated_Source\PSoC4/SPI_SPI_UART.c ****             /* Flush RX software buffer */
 208:Generated_Source\PSoC4/SPI_SPI_UART.c ****             SPI_rxBufferHead = SPI_rxBufferTail;
 209:Generated_Source\PSoC4/SPI_SPI_UART.c ****             SPI_rxBufferOverflow = 0u;
 210:Generated_Source\PSoC4/SPI_SPI_UART.c **** 
 211:Generated_Source\PSoC4/SPI_SPI_UART.c ****             SPI_CLEAR_RX_FIFO;
 212:Generated_Source\PSoC4/SPI_SPI_UART.c ****             SPI_ClearRxInterruptSource(SPI_INTR_RX_ALL);
 213:Generated_Source\PSoC4/SPI_SPI_UART.c **** 
 214:Generated_Source\PSoC4/SPI_SPI_UART.c ****             #if (SPI_CHECK_UART_RTS_CONTROL_FLOW)
 215:Generated_Source\PSoC4/SPI_SPI_UART.c ****             {
 216:Generated_Source\PSoC4/SPI_SPI_UART.c ****                 /* Enable RX Not Empty interrupt source to continue receiving
 217:Generated_Source\PSoC4/SPI_SPI_UART.c ****                 * data into software buffer.
 218:Generated_Source\PSoC4/SPI_SPI_UART.c ****                 */
 219:Generated_Source\PSoC4/SPI_SPI_UART.c ****                 SPI_INTR_RX_MASK_REG |= SPI_INTR_RX_NOT_EMPTY;
 220:Generated_Source\PSoC4/SPI_SPI_UART.c ****             }
 221:Generated_Source\PSoC4/SPI_SPI_UART.c ****             #endif
 222:Generated_Source\PSoC4/SPI_SPI_UART.c ****             
 223:Generated_Source\PSoC4/SPI_SPI_UART.c ****             /* Release lock */
 224:Generated_Source\PSoC4/SPI_SPI_UART.c ****             SPI_EnableInt();
 225:Generated_Source\PSoC4/SPI_SPI_UART.c ****         }
 226:Generated_Source\PSoC4/SPI_SPI_UART.c ****         #else
 227:Generated_Source\PSoC4/SPI_SPI_UART.c ****         {
 228:Generated_Source\PSoC4/SPI_SPI_UART.c ****             SPI_CLEAR_RX_FIFO;
  97              		.loc 1 228 0
  98 0000 8021     		movs	r1, #128
  99 0002 054B     		ldr	r3, .L8
 100 0004 4902     		lsls	r1, r1, #9
 101 0006 1A68     		ldr	r2, [r3]
 229:Generated_Source\PSoC4/SPI_SPI_UART.c ****         }
 230:Generated_Source\PSoC4/SPI_SPI_UART.c ****         #endif
 231:Generated_Source\PSoC4/SPI_SPI_UART.c ****     }
 102              		.loc 1 231 0
 103              		@ sp needed
 228:Generated_Source\PSoC4/SPI_SPI_UART.c ****         }
 104              		.loc 1 228 0
 105 0008 0A43     		orrs	r2, r1
 106 000a 1A60     		str	r2, [r3]
ARM GAS  C:\Users\AFDHAL~1\AppData\Local\Temp\cc5l8bzQ.s 			page 7


 107 000c 1968     		ldr	r1, [r3]
 108 000e 034A     		ldr	r2, .L8+4
 109 0010 0A40     		ands	r2, r1
 110 0012 1A60     		str	r2, [r3]
 111              		.loc 1 231 0
 112 0014 7047     		bx	lr
 113              	.L9:
 114 0016 C046     		.align	2
 115              	.L8:
 116 0018 04032440 		.word	1076101892
 117 001c FFFFFEFF 		.word	-65537
 118              		.cfi_endproc
 119              	.LFE3:
 120              		.size	SPI_SpiUartClearRxBuffer, .-SPI_SpiUartClearRxBuffer
 121              		.section	.text.SPI_SpiUartWriteTxData,"ax",%progbits
 122              		.align	2
 123              		.global	SPI_SpiUartWriteTxData
 124              		.code	16
 125              		.thumb_func
 126              		.type	SPI_SpiUartWriteTxData, %function
 127              	SPI_SpiUartWriteTxData:
 128              	.LFB4:
 232:Generated_Source\PSoC4/SPI_SPI_UART.c **** 
 233:Generated_Source\PSoC4/SPI_SPI_UART.c **** #endif /* (SPI_RX_DIRECTION) */
 234:Generated_Source\PSoC4/SPI_SPI_UART.c **** 
 235:Generated_Source\PSoC4/SPI_SPI_UART.c **** 
 236:Generated_Source\PSoC4/SPI_SPI_UART.c **** #if(SPI_TX_DIRECTION)
 237:Generated_Source\PSoC4/SPI_SPI_UART.c ****     /*******************************************************************************
 238:Generated_Source\PSoC4/SPI_SPI_UART.c ****     * Function Name: SPI_SpiUartWriteTxData
 239:Generated_Source\PSoC4/SPI_SPI_UART.c ****     ****************************************************************************//**
 240:Generated_Source\PSoC4/SPI_SPI_UART.c ****     *
 241:Generated_Source\PSoC4/SPI_SPI_UART.c ****     *  Places a data entry into the transmit buffer to be sent at the next available
 242:Generated_Source\PSoC4/SPI_SPI_UART.c ****     *  bus time.
 243:Generated_Source\PSoC4/SPI_SPI_UART.c ****     *  This function is blocking and waits until there is space available to put the
 244:Generated_Source\PSoC4/SPI_SPI_UART.c ****     *  requested data in the transmit buffer.
 245:Generated_Source\PSoC4/SPI_SPI_UART.c ****     *
 246:Generated_Source\PSoC4/SPI_SPI_UART.c ****     *  \param txDataByte: the data to be transmitted.
 247:Generated_Source\PSoC4/SPI_SPI_UART.c ****     *   The amount of data bits to be transmitted depends on TX data bits selection 
 248:Generated_Source\PSoC4/SPI_SPI_UART.c ****     *   (the data bit counting starts from LSB of txDataByte).
 249:Generated_Source\PSoC4/SPI_SPI_UART.c ****     *
 250:Generated_Source\PSoC4/SPI_SPI_UART.c ****     * \globalvars
 251:Generated_Source\PSoC4/SPI_SPI_UART.c ****     *  SPI_txBufferHead - the start index to put data into the 
 252:Generated_Source\PSoC4/SPI_SPI_UART.c ****     *  software transmit buffer.
 253:Generated_Source\PSoC4/SPI_SPI_UART.c ****     *  SPI_txBufferTail - start index to get data from the software
 254:Generated_Source\PSoC4/SPI_SPI_UART.c ****     *  transmit buffer.
 255:Generated_Source\PSoC4/SPI_SPI_UART.c ****     *
 256:Generated_Source\PSoC4/SPI_SPI_UART.c ****     *******************************************************************************/
 257:Generated_Source\PSoC4/SPI_SPI_UART.c ****     void SPI_SpiUartWriteTxData(uint32 txData)
 258:Generated_Source\PSoC4/SPI_SPI_UART.c ****     {
 129              		.loc 1 258 0
 130              		.cfi_startproc
 131              		@ args = 0, pretend = 0, frame = 0
 132              		@ frame_needed = 0, uses_anonymous_args = 0
 133              		@ link register save eliminated.
 134              	.LVL4:
 259:Generated_Source\PSoC4/SPI_SPI_UART.c ****     #if (SPI_INTERNAL_TX_SW_BUFFER_CONST)
 260:Generated_Source\PSoC4/SPI_SPI_UART.c ****         uint32 locHead;
ARM GAS  C:\Users\AFDHAL~1\AppData\Local\Temp\cc5l8bzQ.s 			page 8


 261:Generated_Source\PSoC4/SPI_SPI_UART.c ****     #endif /* (SPI_INTERNAL_TX_SW_BUFFER_CONST) */
 262:Generated_Source\PSoC4/SPI_SPI_UART.c **** 
 263:Generated_Source\PSoC4/SPI_SPI_UART.c ****         #if (SPI_CHECK_TX_SW_BUFFER)
 264:Generated_Source\PSoC4/SPI_SPI_UART.c ****         {
 265:Generated_Source\PSoC4/SPI_SPI_UART.c ****             /* Put data directly into the TX FIFO */
 266:Generated_Source\PSoC4/SPI_SPI_UART.c ****             if ((SPI_txBufferHead == SPI_txBufferTail) &&
 267:Generated_Source\PSoC4/SPI_SPI_UART.c ****                 (SPI_SPI_UART_FIFO_SIZE != SPI_GET_TX_FIFO_ENTRIES))
 268:Generated_Source\PSoC4/SPI_SPI_UART.c ****             {
 269:Generated_Source\PSoC4/SPI_SPI_UART.c ****                 /* TX software buffer is empty: put data directly in TX FIFO */
 270:Generated_Source\PSoC4/SPI_SPI_UART.c ****                 SPI_TX_FIFO_WR_REG = txData;
 271:Generated_Source\PSoC4/SPI_SPI_UART.c ****             }
 272:Generated_Source\PSoC4/SPI_SPI_UART.c ****             /* Put data into TX software buffer */
 273:Generated_Source\PSoC4/SPI_SPI_UART.c ****             else
 274:Generated_Source\PSoC4/SPI_SPI_UART.c ****             {
 275:Generated_Source\PSoC4/SPI_SPI_UART.c ****                 /* Head index to put data */
 276:Generated_Source\PSoC4/SPI_SPI_UART.c ****                 locHead = (SPI_txBufferHead + 1u);
 277:Generated_Source\PSoC4/SPI_SPI_UART.c **** 
 278:Generated_Source\PSoC4/SPI_SPI_UART.c ****                 /* Adjust TX software buffer index */
 279:Generated_Source\PSoC4/SPI_SPI_UART.c ****                 if (SPI_TX_BUFFER_SIZE == locHead)
 280:Generated_Source\PSoC4/SPI_SPI_UART.c ****                 {
 281:Generated_Source\PSoC4/SPI_SPI_UART.c ****                     locHead = 0u;
 282:Generated_Source\PSoC4/SPI_SPI_UART.c ****                 }
 283:Generated_Source\PSoC4/SPI_SPI_UART.c **** 
 284:Generated_Source\PSoC4/SPI_SPI_UART.c ****                 /* Wait for space in TX software buffer */
 285:Generated_Source\PSoC4/SPI_SPI_UART.c ****                 while (locHead == SPI_txBufferTail)
 286:Generated_Source\PSoC4/SPI_SPI_UART.c ****                 {
 287:Generated_Source\PSoC4/SPI_SPI_UART.c ****                 }
 288:Generated_Source\PSoC4/SPI_SPI_UART.c **** 
 289:Generated_Source\PSoC4/SPI_SPI_UART.c ****                 /* TX software buffer has at least one room */
 290:Generated_Source\PSoC4/SPI_SPI_UART.c **** 
 291:Generated_Source\PSoC4/SPI_SPI_UART.c ****                 /* Clear old status of INTR_TX_NOT_FULL. It sets at the end of transfer when TX FIF
 292:Generated_Source\PSoC4/SPI_SPI_UART.c ****                 SPI_ClearTxInterruptSource(SPI_INTR_TX_NOT_FULL);
 293:Generated_Source\PSoC4/SPI_SPI_UART.c **** 
 294:Generated_Source\PSoC4/SPI_SPI_UART.c ****                 SPI_PutWordInTxBuffer(locHead, txData);
 295:Generated_Source\PSoC4/SPI_SPI_UART.c **** 
 296:Generated_Source\PSoC4/SPI_SPI_UART.c ****                 SPI_txBufferHead = locHead;
 297:Generated_Source\PSoC4/SPI_SPI_UART.c **** 
 298:Generated_Source\PSoC4/SPI_SPI_UART.c ****                 /* Check if TX Not Full is disabled in interrupt */
 299:Generated_Source\PSoC4/SPI_SPI_UART.c ****                 if (0u == (SPI_INTR_TX_MASK_REG & SPI_INTR_TX_NOT_FULL))
 300:Generated_Source\PSoC4/SPI_SPI_UART.c ****                 {
 301:Generated_Source\PSoC4/SPI_SPI_UART.c ****                     /* Enable TX Not Full interrupt source to transmit from software buffer */
 302:Generated_Source\PSoC4/SPI_SPI_UART.c ****                     SPI_INTR_TX_MASK_REG |= (uint32) SPI_INTR_TX_NOT_FULL;
 303:Generated_Source\PSoC4/SPI_SPI_UART.c ****                 }
 304:Generated_Source\PSoC4/SPI_SPI_UART.c ****             }
 305:Generated_Source\PSoC4/SPI_SPI_UART.c ****         }
 306:Generated_Source\PSoC4/SPI_SPI_UART.c ****         #else
 307:Generated_Source\PSoC4/SPI_SPI_UART.c ****         {
 308:Generated_Source\PSoC4/SPI_SPI_UART.c ****             /* Wait until TX FIFO has space to put data element */
 309:Generated_Source\PSoC4/SPI_SPI_UART.c ****             while (SPI_SPI_UART_FIFO_SIZE == SPI_GET_TX_FIFO_ENTRIES)
 135              		.loc 1 309 0
 136 0000 1F22     		movs	r2, #31
 137 0002 0449     		ldr	r1, .L15
 138              	.L11:
 139              		.loc 1 309 0 is_stmt 0 discriminator 1
 140 0004 0B68     		ldr	r3, [r1]
 141 0006 1340     		ands	r3, r2
 142 0008 082B     		cmp	r3, #8
ARM GAS  C:\Users\AFDHAL~1\AppData\Local\Temp\cc5l8bzQ.s 			page 9


 143 000a FBD0     		beq	.L11
 310:Generated_Source\PSoC4/SPI_SPI_UART.c ****             {
 311:Generated_Source\PSoC4/SPI_SPI_UART.c ****             }
 312:Generated_Source\PSoC4/SPI_SPI_UART.c **** 
 313:Generated_Source\PSoC4/SPI_SPI_UART.c ****             SPI_TX_FIFO_WR_REG = txData;
 144              		.loc 1 313 0 is_stmt 1
 145 000c 024B     		ldr	r3, .L15+4
 314:Generated_Source\PSoC4/SPI_SPI_UART.c ****         }
 315:Generated_Source\PSoC4/SPI_SPI_UART.c ****         #endif
 316:Generated_Source\PSoC4/SPI_SPI_UART.c ****     }
 146              		.loc 1 316 0
 147              		@ sp needed
 313:Generated_Source\PSoC4/SPI_SPI_UART.c ****         }
 148              		.loc 1 313 0
 149 000e 1860     		str	r0, [r3]
 150              		.loc 1 316 0
 151 0010 7047     		bx	lr
 152              	.L16:
 153 0012 C046     		.align	2
 154              	.L15:
 155 0014 08022440 		.word	1076101640
 156 0018 40022440 		.word	1076101696
 157              		.cfi_endproc
 158              	.LFE4:
 159              		.size	SPI_SpiUartWriteTxData, .-SPI_SpiUartWriteTxData
 160              		.section	.text.SPI_SpiUartPutArray,"ax",%progbits
 161              		.align	2
 162              		.global	SPI_SpiUartPutArray
 163              		.code	16
 164              		.thumb_func
 165              		.type	SPI_SpiUartPutArray, %function
 166              	SPI_SpiUartPutArray:
 167              	.LFB5:
 317:Generated_Source\PSoC4/SPI_SPI_UART.c **** 
 318:Generated_Source\PSoC4/SPI_SPI_UART.c **** 
 319:Generated_Source\PSoC4/SPI_SPI_UART.c ****     /*******************************************************************************
 320:Generated_Source\PSoC4/SPI_SPI_UART.c ****     * Function Name: SPI_SpiUartPutArray
 321:Generated_Source\PSoC4/SPI_SPI_UART.c ****     ****************************************************************************//**
 322:Generated_Source\PSoC4/SPI_SPI_UART.c ****     *
 323:Generated_Source\PSoC4/SPI_SPI_UART.c ****     *  Places an array of data into the transmit buffer to be sent.
 324:Generated_Source\PSoC4/SPI_SPI_UART.c ****     *  This function is blocking and waits until there is a space available to put
 325:Generated_Source\PSoC4/SPI_SPI_UART.c ****     *  all the requested data in the transmit buffer. The array size can be greater
 326:Generated_Source\PSoC4/SPI_SPI_UART.c ****     *  than transmit buffer size.
 327:Generated_Source\PSoC4/SPI_SPI_UART.c ****     *
 328:Generated_Source\PSoC4/SPI_SPI_UART.c ****     * \param wrBuf: pointer to an array of data to be placed in transmit buffer. 
 329:Generated_Source\PSoC4/SPI_SPI_UART.c ****     *  The width of the data to be transmitted depends on TX data width selection 
 330:Generated_Source\PSoC4/SPI_SPI_UART.c ****     *  (the data bit counting starts from LSB for each array element).
 331:Generated_Source\PSoC4/SPI_SPI_UART.c ****     * \param count: number of data elements to be placed in the transmit buffer.
 332:Generated_Source\PSoC4/SPI_SPI_UART.c ****     *
 333:Generated_Source\PSoC4/SPI_SPI_UART.c ****     * \globalvars
 334:Generated_Source\PSoC4/SPI_SPI_UART.c ****     *  SPI_txBufferHead - the start index to put data into the 
 335:Generated_Source\PSoC4/SPI_SPI_UART.c ****     *  software transmit buffer.
 336:Generated_Source\PSoC4/SPI_SPI_UART.c ****     *  SPI_txBufferTail - start index to get data from the software
 337:Generated_Source\PSoC4/SPI_SPI_UART.c ****     *  transmit buffer.
 338:Generated_Source\PSoC4/SPI_SPI_UART.c ****     *
 339:Generated_Source\PSoC4/SPI_SPI_UART.c ****     *******************************************************************************/
 340:Generated_Source\PSoC4/SPI_SPI_UART.c ****     void SPI_SpiUartPutArray(const uint8 wrBuf[], uint32 count)
ARM GAS  C:\Users\AFDHAL~1\AppData\Local\Temp\cc5l8bzQ.s 			page 10


 341:Generated_Source\PSoC4/SPI_SPI_UART.c ****     {
 168              		.loc 1 341 0
 169              		.cfi_startproc
 170              		@ args = 0, pretend = 0, frame = 0
 171              		@ frame_needed = 0, uses_anonymous_args = 0
 172              	.LVL5:
 173 0000 70B5     		push	{r4, r5, r6, lr}
 174              		.cfi_def_cfa_offset 16
 175              		.cfi_offset 4, -16
 176              		.cfi_offset 5, -12
 177              		.cfi_offset 6, -8
 178              		.cfi_offset 14, -4
 179 0002 4618     		adds	r6, r0, r1
 342:Generated_Source\PSoC4/SPI_SPI_UART.c ****         uint32 i;
 343:Generated_Source\PSoC4/SPI_SPI_UART.c **** 
 344:Generated_Source\PSoC4/SPI_SPI_UART.c ****         for (i=0u; i < count; i++)
 180              		.loc 1 344 0
 181 0004 0029     		cmp	r1, #0
 182 0006 0BD0     		beq	.L17
 183              	.LBB4:
 184              	.LBB5:
 309:Generated_Source\PSoC4/SPI_SPI_UART.c ****             {
 185              		.loc 1 309 0 discriminator 3
 186 0008 1F22     		movs	r2, #31
 187 000a 0649     		ldr	r1, .L26
 188              	.LVL6:
 313:Generated_Source\PSoC4/SPI_SPI_UART.c ****         }
 189              		.loc 1 313 0 discriminator 3
 190 000c 064D     		ldr	r5, .L26+4
 191              	.LVL7:
 192              	.L23:
 193              	.LBE5:
 194              	.LBE4:
 345:Generated_Source\PSoC4/SPI_SPI_UART.c ****         {
 346:Generated_Source\PSoC4/SPI_SPI_UART.c ****             SPI_SpiUartWriteTxData((uint32) wrBuf[i]);
 195              		.loc 1 346 0 discriminator 3
 196 000e 0478     		ldrb	r4, [r0]
 197              	.LVL8:
 198              	.L19:
 199              	.LBB7:
 200              	.LBB6:
 309:Generated_Source\PSoC4/SPI_SPI_UART.c ****             {
 201              		.loc 1 309 0
 202 0010 0B68     		ldr	r3, [r1]
 203 0012 1340     		ands	r3, r2
 204 0014 082B     		cmp	r3, #8
 205 0016 FBD0     		beq	.L19
 206 0018 0130     		adds	r0, r0, #1
 207              	.LVL9:
 313:Generated_Source\PSoC4/SPI_SPI_UART.c ****         }
 208              		.loc 1 313 0
 209 001a 2C60     		str	r4, [r5]
 210              	.LVL10:
 211              	.LBE6:
 212              	.LBE7:
 344:Generated_Source\PSoC4/SPI_SPI_UART.c ****         {
 213              		.loc 1 344 0
ARM GAS  C:\Users\AFDHAL~1\AppData\Local\Temp\cc5l8bzQ.s 			page 11


 214 001c B042     		cmp	r0, r6
 215 001e F6D1     		bne	.L23
 216              	.L17:
 347:Generated_Source\PSoC4/SPI_SPI_UART.c ****         }
 348:Generated_Source\PSoC4/SPI_SPI_UART.c ****     }
 217              		.loc 1 348 0
 218              		@ sp needed
 219 0020 70BD     		pop	{r4, r5, r6, pc}
 220              	.L27:
 221 0022 C046     		.align	2
 222              	.L26:
 223 0024 08022440 		.word	1076101640
 224 0028 40022440 		.word	1076101696
 225              		.cfi_endproc
 226              	.LFE5:
 227              		.size	SPI_SpiUartPutArray, .-SPI_SpiUartPutArray
 228              		.section	.text.SPI_SpiUartGetTxBufferSize,"ax",%progbits
 229              		.align	2
 230              		.global	SPI_SpiUartGetTxBufferSize
 231              		.code	16
 232              		.thumb_func
 233              		.type	SPI_SpiUartGetTxBufferSize, %function
 234              	SPI_SpiUartGetTxBufferSize:
 235              	.LFB6:
 349:Generated_Source\PSoC4/SPI_SPI_UART.c **** 
 350:Generated_Source\PSoC4/SPI_SPI_UART.c **** 
 351:Generated_Source\PSoC4/SPI_SPI_UART.c ****     /*******************************************************************************
 352:Generated_Source\PSoC4/SPI_SPI_UART.c ****     * Function Name: SPI_SpiUartGetTxBufferSize
 353:Generated_Source\PSoC4/SPI_SPI_UART.c ****     ****************************************************************************//**
 354:Generated_Source\PSoC4/SPI_SPI_UART.c ****     *
 355:Generated_Source\PSoC4/SPI_SPI_UART.c ****     *  Returns the number of elements currently in the transmit buffer.
 356:Generated_Source\PSoC4/SPI_SPI_UART.c ****     *   - TX software buffer is disabled: returns the number of used entries in
 357:Generated_Source\PSoC4/SPI_SPI_UART.c ****     *     TX FIFO.
 358:Generated_Source\PSoC4/SPI_SPI_UART.c ****     *   - TX software buffer is enabled: returns the number of elements currently
 359:Generated_Source\PSoC4/SPI_SPI_UART.c ****     *     used in the transmit buffer. This number does not include used entries in
 360:Generated_Source\PSoC4/SPI_SPI_UART.c ****     *     the TX FIFO. The transmit buffer size is zero until the TX FIFO is
 361:Generated_Source\PSoC4/SPI_SPI_UART.c ****     *     not full.
 362:Generated_Source\PSoC4/SPI_SPI_UART.c ****     *
 363:Generated_Source\PSoC4/SPI_SPI_UART.c ****     * \return
 364:Generated_Source\PSoC4/SPI_SPI_UART.c ****     *  Number of data elements ready to transmit.
 365:Generated_Source\PSoC4/SPI_SPI_UART.c ****     *
 366:Generated_Source\PSoC4/SPI_SPI_UART.c ****     * \globalvars
 367:Generated_Source\PSoC4/SPI_SPI_UART.c ****     *  SPI_txBufferHead - the start index to put data into the 
 368:Generated_Source\PSoC4/SPI_SPI_UART.c ****     *  software transmit buffer.
 369:Generated_Source\PSoC4/SPI_SPI_UART.c ****     *  SPI_txBufferTail - start index to get data from the software
 370:Generated_Source\PSoC4/SPI_SPI_UART.c ****     *  transmit buffer.
 371:Generated_Source\PSoC4/SPI_SPI_UART.c ****     *
 372:Generated_Source\PSoC4/SPI_SPI_UART.c ****     *******************************************************************************/
 373:Generated_Source\PSoC4/SPI_SPI_UART.c ****     uint32 SPI_SpiUartGetTxBufferSize(void)
 374:Generated_Source\PSoC4/SPI_SPI_UART.c ****     {
 236              		.loc 1 374 0
 237              		.cfi_startproc
 238              		@ args = 0, pretend = 0, frame = 0
 239              		@ frame_needed = 0, uses_anonymous_args = 0
 240              		@ link register save eliminated.
 375:Generated_Source\PSoC4/SPI_SPI_UART.c ****         uint32 size;
 376:Generated_Source\PSoC4/SPI_SPI_UART.c ****     #if (SPI_INTERNAL_TX_SW_BUFFER_CONST)
ARM GAS  C:\Users\AFDHAL~1\AppData\Local\Temp\cc5l8bzQ.s 			page 12


 377:Generated_Source\PSoC4/SPI_SPI_UART.c ****         uint32 locTail;
 378:Generated_Source\PSoC4/SPI_SPI_UART.c ****     #endif /* (SPI_INTERNAL_TX_SW_BUFFER_CONST) */
 379:Generated_Source\PSoC4/SPI_SPI_UART.c **** 
 380:Generated_Source\PSoC4/SPI_SPI_UART.c ****         #if (SPI_CHECK_TX_SW_BUFFER)
 381:Generated_Source\PSoC4/SPI_SPI_UART.c ****         {
 382:Generated_Source\PSoC4/SPI_SPI_UART.c ****             /* Get current Tail index */
 383:Generated_Source\PSoC4/SPI_SPI_UART.c ****             locTail = SPI_txBufferTail;
 384:Generated_Source\PSoC4/SPI_SPI_UART.c **** 
 385:Generated_Source\PSoC4/SPI_SPI_UART.c ****             if (SPI_txBufferHead >= locTail)
 386:Generated_Source\PSoC4/SPI_SPI_UART.c ****             {
 387:Generated_Source\PSoC4/SPI_SPI_UART.c ****                 size = (SPI_txBufferHead - locTail);
 388:Generated_Source\PSoC4/SPI_SPI_UART.c ****             }
 389:Generated_Source\PSoC4/SPI_SPI_UART.c ****             else
 390:Generated_Source\PSoC4/SPI_SPI_UART.c ****             {
 391:Generated_Source\PSoC4/SPI_SPI_UART.c ****                 size = (SPI_txBufferHead + (SPI_TX_BUFFER_SIZE - locTail));
 392:Generated_Source\PSoC4/SPI_SPI_UART.c ****             }
 393:Generated_Source\PSoC4/SPI_SPI_UART.c ****         }
 394:Generated_Source\PSoC4/SPI_SPI_UART.c ****         #else
 395:Generated_Source\PSoC4/SPI_SPI_UART.c ****         {
 396:Generated_Source\PSoC4/SPI_SPI_UART.c ****             size = SPI_GET_TX_FIFO_ENTRIES;
 397:Generated_Source\PSoC4/SPI_SPI_UART.c ****         }
 398:Generated_Source\PSoC4/SPI_SPI_UART.c ****         #endif
 399:Generated_Source\PSoC4/SPI_SPI_UART.c **** 
 400:Generated_Source\PSoC4/SPI_SPI_UART.c ****         return (size);
 241              		.loc 1 400 0
 242 0000 1F20     		movs	r0, #31
 396:Generated_Source\PSoC4/SPI_SPI_UART.c ****         }
 243              		.loc 1 396 0
 244 0002 024B     		ldr	r3, .L29
 401:Generated_Source\PSoC4/SPI_SPI_UART.c ****     }
 245              		.loc 1 401 0
 246              		@ sp needed
 396:Generated_Source\PSoC4/SPI_SPI_UART.c ****         }
 247              		.loc 1 396 0
 248 0004 1B68     		ldr	r3, [r3]
 249              	.LVL11:
 400:Generated_Source\PSoC4/SPI_SPI_UART.c ****     }
 250              		.loc 1 400 0
 251 0006 1840     		ands	r0, r3
 252              	.LVL12:
 253              		.loc 1 401 0
 254 0008 7047     		bx	lr
 255              	.L30:
 256 000a C046     		.align	2
 257              	.L29:
 258 000c 08022440 		.word	1076101640
 259              		.cfi_endproc
 260              	.LFE6:
 261              		.size	SPI_SpiUartGetTxBufferSize, .-SPI_SpiUartGetTxBufferSize
 262              		.section	.text.SPI_SpiUartClearTxBuffer,"ax",%progbits
 263              		.align	2
 264              		.global	SPI_SpiUartClearTxBuffer
 265              		.code	16
 266              		.thumb_func
 267              		.type	SPI_SpiUartClearTxBuffer, %function
 268              	SPI_SpiUartClearTxBuffer:
 269              	.LFB7:
ARM GAS  C:\Users\AFDHAL~1\AppData\Local\Temp\cc5l8bzQ.s 			page 13


 402:Generated_Source\PSoC4/SPI_SPI_UART.c **** 
 403:Generated_Source\PSoC4/SPI_SPI_UART.c **** 
 404:Generated_Source\PSoC4/SPI_SPI_UART.c ****     /*******************************************************************************
 405:Generated_Source\PSoC4/SPI_SPI_UART.c ****     * Function Name: SPI_SpiUartClearTxBuffer
 406:Generated_Source\PSoC4/SPI_SPI_UART.c ****     ****************************************************************************//**
 407:Generated_Source\PSoC4/SPI_SPI_UART.c ****     *
 408:Generated_Source\PSoC4/SPI_SPI_UART.c ****     *  Clears the transmit buffer and TX FIFO.
 409:Generated_Source\PSoC4/SPI_SPI_UART.c ****     *
 410:Generated_Source\PSoC4/SPI_SPI_UART.c ****     * \globalvars
 411:Generated_Source\PSoC4/SPI_SPI_UART.c ****     *  SPI_txBufferHead - the start index to put data into the 
 412:Generated_Source\PSoC4/SPI_SPI_UART.c ****     *  software transmit buffer.
 413:Generated_Source\PSoC4/SPI_SPI_UART.c ****     *  SPI_txBufferTail - start index to get data from the software
 414:Generated_Source\PSoC4/SPI_SPI_UART.c ****     *  transmit buffer.
 415:Generated_Source\PSoC4/SPI_SPI_UART.c ****     *
 416:Generated_Source\PSoC4/SPI_SPI_UART.c ****     *******************************************************************************/
 417:Generated_Source\PSoC4/SPI_SPI_UART.c ****     void SPI_SpiUartClearTxBuffer(void)
 418:Generated_Source\PSoC4/SPI_SPI_UART.c ****     {
 270              		.loc 1 418 0
 271              		.cfi_startproc
 272              		@ args = 0, pretend = 0, frame = 0
 273              		@ frame_needed = 0, uses_anonymous_args = 0
 274              		@ link register save eliminated.
 419:Generated_Source\PSoC4/SPI_SPI_UART.c ****         #if (SPI_CHECK_TX_SW_BUFFER)
 420:Generated_Source\PSoC4/SPI_SPI_UART.c ****         {
 421:Generated_Source\PSoC4/SPI_SPI_UART.c ****             /* Lock from component interruption */
 422:Generated_Source\PSoC4/SPI_SPI_UART.c ****             SPI_DisableInt();
 423:Generated_Source\PSoC4/SPI_SPI_UART.c **** 
 424:Generated_Source\PSoC4/SPI_SPI_UART.c ****             /* Flush TX software buffer */
 425:Generated_Source\PSoC4/SPI_SPI_UART.c ****             SPI_txBufferHead = SPI_txBufferTail;
 426:Generated_Source\PSoC4/SPI_SPI_UART.c **** 
 427:Generated_Source\PSoC4/SPI_SPI_UART.c ****             SPI_INTR_TX_MASK_REG &= (uint32) ~SPI_INTR_TX_NOT_FULL;
 428:Generated_Source\PSoC4/SPI_SPI_UART.c ****             SPI_CLEAR_TX_FIFO;
 429:Generated_Source\PSoC4/SPI_SPI_UART.c ****             SPI_ClearTxInterruptSource(SPI_INTR_TX_ALL);
 430:Generated_Source\PSoC4/SPI_SPI_UART.c **** 
 431:Generated_Source\PSoC4/SPI_SPI_UART.c ****             /* Release lock */
 432:Generated_Source\PSoC4/SPI_SPI_UART.c ****             SPI_EnableInt();
 433:Generated_Source\PSoC4/SPI_SPI_UART.c ****         }
 434:Generated_Source\PSoC4/SPI_SPI_UART.c ****         #else
 435:Generated_Source\PSoC4/SPI_SPI_UART.c ****         {
 436:Generated_Source\PSoC4/SPI_SPI_UART.c ****             SPI_CLEAR_TX_FIFO;
 275              		.loc 1 436 0
 276 0000 8021     		movs	r1, #128
 277 0002 054B     		ldr	r3, .L32
 278 0004 4902     		lsls	r1, r1, #9
 279 0006 1A68     		ldr	r2, [r3]
 437:Generated_Source\PSoC4/SPI_SPI_UART.c ****         }
 438:Generated_Source\PSoC4/SPI_SPI_UART.c ****         #endif
 439:Generated_Source\PSoC4/SPI_SPI_UART.c ****     }
 280              		.loc 1 439 0
 281              		@ sp needed
 436:Generated_Source\PSoC4/SPI_SPI_UART.c ****         }
 282              		.loc 1 436 0
 283 0008 0A43     		orrs	r2, r1
 284 000a 1A60     		str	r2, [r3]
 285 000c 1968     		ldr	r1, [r3]
 286 000e 034A     		ldr	r2, .L32+4
 287 0010 0A40     		ands	r2, r1
ARM GAS  C:\Users\AFDHAL~1\AppData\Local\Temp\cc5l8bzQ.s 			page 14


 288 0012 1A60     		str	r2, [r3]
 289              		.loc 1 439 0
 290 0014 7047     		bx	lr
 291              	.L33:
 292 0016 C046     		.align	2
 293              	.L32:
 294 0018 04022440 		.word	1076101636
 295 001c FFFFFEFF 		.word	-65537
 296              		.cfi_endproc
 297              	.LFE7:
 298              		.size	SPI_SpiUartClearTxBuffer, .-SPI_SpiUartClearTxBuffer
 299              		.section	.text.SPI_SpiUartDisableIntRx,"ax",%progbits
 300              		.align	2
 301              		.global	SPI_SpiUartDisableIntRx
 302              		.code	16
 303              		.thumb_func
 304              		.type	SPI_SpiUartDisableIntRx, %function
 305              	SPI_SpiUartDisableIntRx:
 306              	.LFB8:
 440:Generated_Source\PSoC4/SPI_SPI_UART.c **** 
 441:Generated_Source\PSoC4/SPI_SPI_UART.c **** #endif /* (SPI_TX_DIRECTION) */
 442:Generated_Source\PSoC4/SPI_SPI_UART.c **** 
 443:Generated_Source\PSoC4/SPI_SPI_UART.c **** 
 444:Generated_Source\PSoC4/SPI_SPI_UART.c **** /*******************************************************************************
 445:Generated_Source\PSoC4/SPI_SPI_UART.c **** * Function Name: SPI_SpiUartDisableIntRx
 446:Generated_Source\PSoC4/SPI_SPI_UART.c **** ****************************************************************************//**
 447:Generated_Source\PSoC4/SPI_SPI_UART.c **** *
 448:Generated_Source\PSoC4/SPI_SPI_UART.c **** *  Disables the RX interrupt sources.
 449:Generated_Source\PSoC4/SPI_SPI_UART.c **** *
 450:Generated_Source\PSoC4/SPI_SPI_UART.c **** *  \return
 451:Generated_Source\PSoC4/SPI_SPI_UART.c **** *   Returns the RX interrupt sources enabled before the function call.
 452:Generated_Source\PSoC4/SPI_SPI_UART.c **** *
 453:Generated_Source\PSoC4/SPI_SPI_UART.c **** *******************************************************************************/
 454:Generated_Source\PSoC4/SPI_SPI_UART.c **** uint32 SPI_SpiUartDisableIntRx(void)
 455:Generated_Source\PSoC4/SPI_SPI_UART.c **** {
 307              		.loc 1 455 0
 308              		.cfi_startproc
 309              		@ args = 0, pretend = 0, frame = 0
 310              		@ frame_needed = 0, uses_anonymous_args = 0
 311              		@ link register save eliminated.
 456:Generated_Source\PSoC4/SPI_SPI_UART.c ****     uint32 intSource;
 457:Generated_Source\PSoC4/SPI_SPI_UART.c **** 
 458:Generated_Source\PSoC4/SPI_SPI_UART.c ****     intSource = SPI_GetRxInterruptMode();
 459:Generated_Source\PSoC4/SPI_SPI_UART.c **** 
 460:Generated_Source\PSoC4/SPI_SPI_UART.c ****     SPI_SetRxInterruptMode(SPI_NO_INTR_SOURCES);
 312              		.loc 1 460 0
 313 0000 0022     		movs	r2, #0
 458:Generated_Source\PSoC4/SPI_SPI_UART.c **** 
 314              		.loc 1 458 0
 315 0002 024B     		ldr	r3, .L35
 461:Generated_Source\PSoC4/SPI_SPI_UART.c **** 
 462:Generated_Source\PSoC4/SPI_SPI_UART.c ****     return (intSource);
 463:Generated_Source\PSoC4/SPI_SPI_UART.c **** }
 316              		.loc 1 463 0
 317              		@ sp needed
 458:Generated_Source\PSoC4/SPI_SPI_UART.c **** 
 318              		.loc 1 458 0
ARM GAS  C:\Users\AFDHAL~1\AppData\Local\Temp\cc5l8bzQ.s 			page 15


 319 0004 1868     		ldr	r0, [r3]
 320              	.LVL13:
 460:Generated_Source\PSoC4/SPI_SPI_UART.c **** 
 321              		.loc 1 460 0
 322 0006 1A60     		str	r2, [r3]
 323              		.loc 1 463 0
 324 0008 7047     		bx	lr
 325              	.L36:
 326 000a C046     		.align	2
 327              	.L35:
 328 000c C80F2440 		.word	1076105160
 329              		.cfi_endproc
 330              	.LFE8:
 331              		.size	SPI_SpiUartDisableIntRx, .-SPI_SpiUartDisableIntRx
 332              		.section	.text.SPI_SpiUartDisableIntTx,"ax",%progbits
 333              		.align	2
 334              		.global	SPI_SpiUartDisableIntTx
 335              		.code	16
 336              		.thumb_func
 337              		.type	SPI_SpiUartDisableIntTx, %function
 338              	SPI_SpiUartDisableIntTx:
 339              	.LFB9:
 464:Generated_Source\PSoC4/SPI_SPI_UART.c **** 
 465:Generated_Source\PSoC4/SPI_SPI_UART.c **** 
 466:Generated_Source\PSoC4/SPI_SPI_UART.c **** /*******************************************************************************
 467:Generated_Source\PSoC4/SPI_SPI_UART.c **** * Function Name: SPI_SpiUartDisableIntTx
 468:Generated_Source\PSoC4/SPI_SPI_UART.c **** ****************************************************************************//**
 469:Generated_Source\PSoC4/SPI_SPI_UART.c **** *
 470:Generated_Source\PSoC4/SPI_SPI_UART.c **** *  Disables TX interrupt sources.
 471:Generated_Source\PSoC4/SPI_SPI_UART.c **** *
 472:Generated_Source\PSoC4/SPI_SPI_UART.c **** *  \return
 473:Generated_Source\PSoC4/SPI_SPI_UART.c **** *   Returns TX interrupt sources enabled before function call.
 474:Generated_Source\PSoC4/SPI_SPI_UART.c **** *
 475:Generated_Source\PSoC4/SPI_SPI_UART.c **** *******************************************************************************/
 476:Generated_Source\PSoC4/SPI_SPI_UART.c **** uint32 SPI_SpiUartDisableIntTx(void)
 477:Generated_Source\PSoC4/SPI_SPI_UART.c **** {
 340              		.loc 1 477 0
 341              		.cfi_startproc
 342              		@ args = 0, pretend = 0, frame = 0
 343              		@ frame_needed = 0, uses_anonymous_args = 0
 344              		@ link register save eliminated.
 478:Generated_Source\PSoC4/SPI_SPI_UART.c ****     uint32 intSourceMask;
 479:Generated_Source\PSoC4/SPI_SPI_UART.c **** 
 480:Generated_Source\PSoC4/SPI_SPI_UART.c ****     intSourceMask = SPI_GetTxInterruptMode();
 481:Generated_Source\PSoC4/SPI_SPI_UART.c **** 
 482:Generated_Source\PSoC4/SPI_SPI_UART.c ****     SPI_SetTxInterruptMode(SPI_NO_INTR_SOURCES);
 345              		.loc 1 482 0
 346 0000 0022     		movs	r2, #0
 480:Generated_Source\PSoC4/SPI_SPI_UART.c **** 
 347              		.loc 1 480 0
 348 0002 024B     		ldr	r3, .L38
 483:Generated_Source\PSoC4/SPI_SPI_UART.c **** 
 484:Generated_Source\PSoC4/SPI_SPI_UART.c ****     return (intSourceMask);
 485:Generated_Source\PSoC4/SPI_SPI_UART.c **** }
 349              		.loc 1 485 0
 350              		@ sp needed
 480:Generated_Source\PSoC4/SPI_SPI_UART.c **** 
ARM GAS  C:\Users\AFDHAL~1\AppData\Local\Temp\cc5l8bzQ.s 			page 16


 351              		.loc 1 480 0
 352 0004 1868     		ldr	r0, [r3]
 353              	.LVL14:
 482:Generated_Source\PSoC4/SPI_SPI_UART.c **** 
 354              		.loc 1 482 0
 355 0006 1A60     		str	r2, [r3]
 356              		.loc 1 485 0
 357 0008 7047     		bx	lr
 358              	.L39:
 359 000a C046     		.align	2
 360              	.L38:
 361 000c 880F2440 		.word	1076105096
 362              		.cfi_endproc
 363              	.LFE9:
 364              		.size	SPI_SpiUartDisableIntTx, .-SPI_SpiUartDisableIntTx
 365              		.text
 366              	.Letext0:
 367              		.file 2 "Generated_Source\\PSoC4/cytypes.h"
 368              		.section	.debug_info,"",%progbits
 369              	.Ldebug_info0:
 370 0000 41020000 		.4byte	0x241
 371 0004 0400     		.2byte	0x4
 372 0006 00000000 		.4byte	.Ldebug_abbrev0
 373 000a 04       		.byte	0x4
 374 000b 01       		.uleb128 0x1
 375 000c 03010000 		.4byte	.LASF31
 376 0010 0C       		.byte	0xc
 377 0011 FC010000 		.4byte	.LASF32
 378 0015 6A020000 		.4byte	.LASF33
 379 0019 18000000 		.4byte	.Ldebug_ranges0+0x18
 380 001d 00000000 		.4byte	0
 381 0021 00000000 		.4byte	.Ldebug_line0
 382 0025 02       		.uleb128 0x2
 383 0026 01       		.byte	0x1
 384 0027 06       		.byte	0x6
 385 0028 D7020000 		.4byte	.LASF0
 386 002c 02       		.uleb128 0x2
 387 002d 01       		.byte	0x1
 388 002e 08       		.byte	0x8
 389 002f F5000000 		.4byte	.LASF1
 390 0033 02       		.uleb128 0x2
 391 0034 02       		.byte	0x2
 392 0035 05       		.byte	0x5
 393 0036 57020000 		.4byte	.LASF2
 394 003a 02       		.uleb128 0x2
 395 003b 02       		.byte	0x2
 396 003c 07       		.byte	0x7
 397 003d 13000000 		.4byte	.LASF3
 398 0041 02       		.uleb128 0x2
 399 0042 04       		.byte	0x4
 400 0043 05       		.byte	0x5
 401 0044 61020000 		.4byte	.LASF4
 402 0048 02       		.uleb128 0x2
 403 0049 04       		.byte	0x4
 404 004a 07       		.byte	0x7
 405 004b D0000000 		.4byte	.LASF5
 406 004f 02       		.uleb128 0x2
ARM GAS  C:\Users\AFDHAL~1\AppData\Local\Temp\cc5l8bzQ.s 			page 17


 407 0050 08       		.byte	0x8
 408 0051 05       		.byte	0x5
 409 0052 2B020000 		.4byte	.LASF6
 410 0056 02       		.uleb128 0x2
 411 0057 08       		.byte	0x8
 412 0058 07       		.byte	0x7
 413 0059 E5010000 		.4byte	.LASF7
 414 005d 03       		.uleb128 0x3
 415 005e 04       		.byte	0x4
 416 005f 05       		.byte	0x5
 417 0060 696E7400 		.ascii	"int\000"
 418 0064 02       		.uleb128 0x2
 419 0065 04       		.byte	0x4
 420 0066 07       		.byte	0x7
 421 0067 26000000 		.4byte	.LASF8
 422 006b 04       		.uleb128 0x4
 423 006c E2000000 		.4byte	.LASF9
 424 0070 02       		.byte	0x2
 425 0071 D201     		.2byte	0x1d2
 426 0073 2C000000 		.4byte	0x2c
 427 0077 04       		.uleb128 0x4
 428 0078 AE010000 		.4byte	.LASF10
 429 007c 02       		.byte	0x2
 430 007d D401     		.2byte	0x1d4
 431 007f 48000000 		.4byte	0x48
 432 0083 02       		.uleb128 0x2
 433 0084 04       		.byte	0x4
 434 0085 04       		.byte	0x4
 435 0086 63000000 		.4byte	.LASF11
 436 008a 02       		.uleb128 0x2
 437 008b 08       		.byte	0x8
 438 008c 04       		.byte	0x4
 439 008d 91010000 		.4byte	.LASF12
 440 0091 02       		.uleb128 0x2
 441 0092 01       		.byte	0x1
 442 0093 08       		.byte	0x8
 443 0094 39020000 		.4byte	.LASF13
 444 0098 04       		.uleb128 0x4
 445 0099 00000000 		.4byte	.LASF14
 446 009d 02       		.byte	0x2
 447 009e 7E02     		.2byte	0x27e
 448 00a0 A4000000 		.4byte	0xa4
 449 00a4 05       		.uleb128 0x5
 450 00a5 77000000 		.4byte	0x77
 451 00a9 02       		.uleb128 0x2
 452 00aa 08       		.byte	0x8
 453 00ab 04       		.byte	0x4
 454 00ac CB020000 		.4byte	.LASF15
 455 00b0 02       		.uleb128 0x2
 456 00b1 04       		.byte	0x4
 457 00b2 07       		.byte	0x7
 458 00b3 22020000 		.4byte	.LASF16
 459 00b7 06       		.uleb128 0x6
 460 00b8 33000000 		.4byte	.LASF34
 461 00bc 01       		.byte	0x1
 462 00bd 0101     		.2byte	0x101
 463 00bf 01       		.byte	0x1
ARM GAS  C:\Users\AFDHAL~1\AppData\Local\Temp\cc5l8bzQ.s 			page 18


 464 00c0 D1000000 		.4byte	0xd1
 465 00c4 07       		.uleb128 0x7
 466 00c5 0C000000 		.4byte	.LASF35
 467 00c9 01       		.byte	0x1
 468 00ca 0101     		.2byte	0x101
 469 00cc 77000000 		.4byte	0x77
 470 00d0 00       		.byte	0
 471 00d1 08       		.uleb128 0x8
 472 00d2 98010000 		.4byte	.LASF17
 473 00d6 01       		.byte	0x1
 474 00d7 53       		.byte	0x53
 475 00d8 77000000 		.4byte	0x77
 476 00dc 00000000 		.4byte	.LFB1
 477 00e0 0C000000 		.4byte	.LFE1-.LFB1
 478 00e4 01       		.uleb128 0x1
 479 00e5 9C       		.byte	0x9c
 480 00e6 FA000000 		.4byte	0xfa
 481 00ea 09       		.uleb128 0x9
 482 00eb E8000000 		.4byte	.LASF19
 483 00ef 01       		.byte	0x1
 484 00f0 55       		.byte	0x55
 485 00f1 77000000 		.4byte	0x77
 486 00f5 00000000 		.4byte	.LLST0
 487 00f9 00       		.byte	0
 488 00fa 08       		.uleb128 0x8
 489 00fb A1000000 		.4byte	.LASF18
 490 00ff 01       		.byte	0x1
 491 0100 9D       		.byte	0x9d
 492 0101 77000000 		.4byte	0x77
 493 0105 00000000 		.4byte	.LFB2
 494 0109 10000000 		.4byte	.LFE2-.LFB2
 495 010d 01       		.uleb128 0x1
 496 010e 9C       		.byte	0x9c
 497 010f 23010000 		.4byte	0x123
 498 0113 09       		.uleb128 0x9
 499 0114 84000000 		.4byte	.LASF20
 500 0118 01       		.byte	0x1
 501 0119 9F       		.byte	0x9f
 502 011a 77000000 		.4byte	0x77
 503 011e 1F000000 		.4byte	.LLST1
 504 0122 00       		.byte	0
 505 0123 0A       		.uleb128 0xa
 506 0124 4A000000 		.4byte	.LASF24
 507 0128 01       		.byte	0x1
 508 0129 C8       		.byte	0xc8
 509 012a 00000000 		.4byte	.LFB3
 510 012e 20000000 		.4byte	.LFE3-.LFB3
 511 0132 01       		.uleb128 0x1
 512 0133 9C       		.byte	0x9c
 513 0134 0B       		.uleb128 0xb
 514 0135 B7000000 		.4byte	0xb7
 515 0139 00000000 		.4byte	.LFB4
 516 013d 1C000000 		.4byte	.LFE4-.LFB4
 517 0141 01       		.uleb128 0x1
 518 0142 9C       		.byte	0x9c
 519 0143 4F010000 		.4byte	0x14f
 520 0147 0C       		.uleb128 0xc
ARM GAS  C:\Users\AFDHAL~1\AppData\Local\Temp\cc5l8bzQ.s 			page 19


 521 0148 C4000000 		.4byte	0xc4
 522 014c 01       		.uleb128 0x1
 523 014d 50       		.byte	0x50
 524 014e 00       		.byte	0
 525 014f 0D       		.uleb128 0xd
 526 0150 BC000000 		.4byte	.LASF28
 527 0154 01       		.byte	0x1
 528 0155 5401     		.2byte	0x154
 529 0157 00000000 		.4byte	.LFB5
 530 015b 2C000000 		.4byte	.LFE5-.LFB5
 531 015f 01       		.uleb128 0x1
 532 0160 9C       		.byte	0x9c
 533 0161 AE010000 		.4byte	0x1ae
 534 0165 0E       		.uleb128 0xe
 535 0166 EF000000 		.4byte	.LASF21
 536 016a 01       		.byte	0x1
 537 016b 5401     		.2byte	0x154
 538 016d AE010000 		.4byte	0x1ae
 539 0171 41000000 		.4byte	.LLST2
 540 0175 0E       		.uleb128 0xe
 541 0176 06000000 		.4byte	.LASF22
 542 017a 01       		.byte	0x1
 543 017b 5401     		.2byte	0x154
 544 017d 77000000 		.4byte	0x77
 545 0181 62000000 		.4byte	.LLST3
 546 0185 0F       		.uleb128 0xf
 547 0186 6900     		.ascii	"i\000"
 548 0188 01       		.byte	0x1
 549 0189 5601     		.2byte	0x156
 550 018b 77000000 		.4byte	0x77
 551 018f 83000000 		.4byte	.LLST4
 552 0193 10       		.uleb128 0x10
 553 0194 B7000000 		.4byte	0xb7
 554 0198 08000000 		.4byte	.LBB4
 555 019c 00000000 		.4byte	.Ldebug_ranges0+0
 556 01a0 01       		.byte	0x1
 557 01a1 5A01     		.2byte	0x15a
 558 01a3 11       		.uleb128 0x11
 559 01a4 C4000000 		.4byte	0xc4
 560 01a8 BA000000 		.4byte	.LLST5
 561 01ac 00       		.byte	0
 562 01ad 00       		.byte	0
 563 01ae 12       		.uleb128 0x12
 564 01af 04       		.byte	0x4
 565 01b0 B4010000 		.4byte	0x1b4
 566 01b4 13       		.uleb128 0x13
 567 01b5 6B000000 		.4byte	0x6b
 568 01b9 14       		.uleb128 0x14
 569 01ba 69000000 		.4byte	.LASF23
 570 01be 01       		.byte	0x1
 571 01bf 7501     		.2byte	0x175
 572 01c1 77000000 		.4byte	0x77
 573 01c5 00000000 		.4byte	.LFB6
 574 01c9 10000000 		.4byte	.LFE6-.LFB6
 575 01cd 01       		.uleb128 0x1
 576 01ce 9C       		.byte	0x9c
 577 01cf E4010000 		.4byte	0x1e4
ARM GAS  C:\Users\AFDHAL~1\AppData\Local\Temp\cc5l8bzQ.s 			page 20


 578 01d3 15       		.uleb128 0x15
 579 01d4 84000000 		.4byte	.LASF20
 580 01d8 01       		.byte	0x1
 581 01d9 7701     		.2byte	0x177
 582 01db 77000000 		.4byte	0x77
 583 01df CD000000 		.4byte	.LLST6
 584 01e3 00       		.byte	0
 585 01e4 16       		.uleb128 0x16
 586 01e5 3E020000 		.4byte	.LASF25
 587 01e9 01       		.byte	0x1
 588 01ea A101     		.2byte	0x1a1
 589 01ec 00000000 		.4byte	.LFB7
 590 01f0 20000000 		.4byte	.LFE7-.LFB7
 591 01f4 01       		.uleb128 0x1
 592 01f5 9C       		.byte	0x9c
 593 01f6 14       		.uleb128 0x14
 594 01f7 89000000 		.4byte	.LASF26
 595 01fb 01       		.byte	0x1
 596 01fc C601     		.2byte	0x1c6
 597 01fe 77000000 		.4byte	0x77
 598 0202 00000000 		.4byte	.LFB8
 599 0206 10000000 		.4byte	.LFE8-.LFB8
 600 020a 01       		.uleb128 0x1
 601 020b 9C       		.byte	0x9c
 602 020c 1F020000 		.4byte	0x21f
 603 0210 17       		.uleb128 0x17
 604 0211 DB010000 		.4byte	.LASF27
 605 0215 01       		.byte	0x1
 606 0216 C801     		.2byte	0x1c8
 607 0218 77000000 		.4byte	0x77
 608 021c 01       		.uleb128 0x1
 609 021d 50       		.byte	0x50
 610 021e 00       		.byte	0
 611 021f 18       		.uleb128 0x18
 612 0220 B5010000 		.4byte	.LASF29
 613 0224 01       		.byte	0x1
 614 0225 DC01     		.2byte	0x1dc
 615 0227 77000000 		.4byte	0x77
 616 022b 00000000 		.4byte	.LFB9
 617 022f 10000000 		.4byte	.LFE9-.LFB9
 618 0233 01       		.uleb128 0x1
 619 0234 9C       		.byte	0x9c
 620 0235 17       		.uleb128 0x17
 621 0236 CD010000 		.4byte	.LASF30
 622 023a 01       		.byte	0x1
 623 023b DE01     		.2byte	0x1de
 624 023d 77000000 		.4byte	0x77
 625 0241 01       		.uleb128 0x1
 626 0242 50       		.byte	0x50
 627 0243 00       		.byte	0
 628 0244 00       		.byte	0
 629              		.section	.debug_abbrev,"",%progbits
 630              	.Ldebug_abbrev0:
 631 0000 01       		.uleb128 0x1
 632 0001 11       		.uleb128 0x11
 633 0002 01       		.byte	0x1
 634 0003 25       		.uleb128 0x25
ARM GAS  C:\Users\AFDHAL~1\AppData\Local\Temp\cc5l8bzQ.s 			page 21


 635 0004 0E       		.uleb128 0xe
 636 0005 13       		.uleb128 0x13
 637 0006 0B       		.uleb128 0xb
 638 0007 03       		.uleb128 0x3
 639 0008 0E       		.uleb128 0xe
 640 0009 1B       		.uleb128 0x1b
 641 000a 0E       		.uleb128 0xe
 642 000b 55       		.uleb128 0x55
 643 000c 17       		.uleb128 0x17
 644 000d 11       		.uleb128 0x11
 645 000e 01       		.uleb128 0x1
 646 000f 10       		.uleb128 0x10
 647 0010 17       		.uleb128 0x17
 648 0011 00       		.byte	0
 649 0012 00       		.byte	0
 650 0013 02       		.uleb128 0x2
 651 0014 24       		.uleb128 0x24
 652 0015 00       		.byte	0
 653 0016 0B       		.uleb128 0xb
 654 0017 0B       		.uleb128 0xb
 655 0018 3E       		.uleb128 0x3e
 656 0019 0B       		.uleb128 0xb
 657 001a 03       		.uleb128 0x3
 658 001b 0E       		.uleb128 0xe
 659 001c 00       		.byte	0
 660 001d 00       		.byte	0
 661 001e 03       		.uleb128 0x3
 662 001f 24       		.uleb128 0x24
 663 0020 00       		.byte	0
 664 0021 0B       		.uleb128 0xb
 665 0022 0B       		.uleb128 0xb
 666 0023 3E       		.uleb128 0x3e
 667 0024 0B       		.uleb128 0xb
 668 0025 03       		.uleb128 0x3
 669 0026 08       		.uleb128 0x8
 670 0027 00       		.byte	0
 671 0028 00       		.byte	0
 672 0029 04       		.uleb128 0x4
 673 002a 16       		.uleb128 0x16
 674 002b 00       		.byte	0
 675 002c 03       		.uleb128 0x3
 676 002d 0E       		.uleb128 0xe
 677 002e 3A       		.uleb128 0x3a
 678 002f 0B       		.uleb128 0xb
 679 0030 3B       		.uleb128 0x3b
 680 0031 05       		.uleb128 0x5
 681 0032 49       		.uleb128 0x49
 682 0033 13       		.uleb128 0x13
 683 0034 00       		.byte	0
 684 0035 00       		.byte	0
 685 0036 05       		.uleb128 0x5
 686 0037 35       		.uleb128 0x35
 687 0038 00       		.byte	0
 688 0039 49       		.uleb128 0x49
 689 003a 13       		.uleb128 0x13
 690 003b 00       		.byte	0
 691 003c 00       		.byte	0
ARM GAS  C:\Users\AFDHAL~1\AppData\Local\Temp\cc5l8bzQ.s 			page 22


 692 003d 06       		.uleb128 0x6
 693 003e 2E       		.uleb128 0x2e
 694 003f 01       		.byte	0x1
 695 0040 3F       		.uleb128 0x3f
 696 0041 19       		.uleb128 0x19
 697 0042 03       		.uleb128 0x3
 698 0043 0E       		.uleb128 0xe
 699 0044 3A       		.uleb128 0x3a
 700 0045 0B       		.uleb128 0xb
 701 0046 3B       		.uleb128 0x3b
 702 0047 05       		.uleb128 0x5
 703 0048 27       		.uleb128 0x27
 704 0049 19       		.uleb128 0x19
 705 004a 20       		.uleb128 0x20
 706 004b 0B       		.uleb128 0xb
 707 004c 01       		.uleb128 0x1
 708 004d 13       		.uleb128 0x13
 709 004e 00       		.byte	0
 710 004f 00       		.byte	0
 711 0050 07       		.uleb128 0x7
 712 0051 05       		.uleb128 0x5
 713 0052 00       		.byte	0
 714 0053 03       		.uleb128 0x3
 715 0054 0E       		.uleb128 0xe
 716 0055 3A       		.uleb128 0x3a
 717 0056 0B       		.uleb128 0xb
 718 0057 3B       		.uleb128 0x3b
 719 0058 05       		.uleb128 0x5
 720 0059 49       		.uleb128 0x49
 721 005a 13       		.uleb128 0x13
 722 005b 00       		.byte	0
 723 005c 00       		.byte	0
 724 005d 08       		.uleb128 0x8
 725 005e 2E       		.uleb128 0x2e
 726 005f 01       		.byte	0x1
 727 0060 3F       		.uleb128 0x3f
 728 0061 19       		.uleb128 0x19
 729 0062 03       		.uleb128 0x3
 730 0063 0E       		.uleb128 0xe
 731 0064 3A       		.uleb128 0x3a
 732 0065 0B       		.uleb128 0xb
 733 0066 3B       		.uleb128 0x3b
 734 0067 0B       		.uleb128 0xb
 735 0068 27       		.uleb128 0x27
 736 0069 19       		.uleb128 0x19
 737 006a 49       		.uleb128 0x49
 738 006b 13       		.uleb128 0x13
 739 006c 11       		.uleb128 0x11
 740 006d 01       		.uleb128 0x1
 741 006e 12       		.uleb128 0x12
 742 006f 06       		.uleb128 0x6
 743 0070 40       		.uleb128 0x40
 744 0071 18       		.uleb128 0x18
 745 0072 9742     		.uleb128 0x2117
 746 0074 19       		.uleb128 0x19
 747 0075 01       		.uleb128 0x1
 748 0076 13       		.uleb128 0x13
ARM GAS  C:\Users\AFDHAL~1\AppData\Local\Temp\cc5l8bzQ.s 			page 23


 749 0077 00       		.byte	0
 750 0078 00       		.byte	0
 751 0079 09       		.uleb128 0x9
 752 007a 34       		.uleb128 0x34
 753 007b 00       		.byte	0
 754 007c 03       		.uleb128 0x3
 755 007d 0E       		.uleb128 0xe
 756 007e 3A       		.uleb128 0x3a
 757 007f 0B       		.uleb128 0xb
 758 0080 3B       		.uleb128 0x3b
 759 0081 0B       		.uleb128 0xb
 760 0082 49       		.uleb128 0x49
 761 0083 13       		.uleb128 0x13
 762 0084 02       		.uleb128 0x2
 763 0085 17       		.uleb128 0x17
 764 0086 00       		.byte	0
 765 0087 00       		.byte	0
 766 0088 0A       		.uleb128 0xa
 767 0089 2E       		.uleb128 0x2e
 768 008a 00       		.byte	0
 769 008b 3F       		.uleb128 0x3f
 770 008c 19       		.uleb128 0x19
 771 008d 03       		.uleb128 0x3
 772 008e 0E       		.uleb128 0xe
 773 008f 3A       		.uleb128 0x3a
 774 0090 0B       		.uleb128 0xb
 775 0091 3B       		.uleb128 0x3b
 776 0092 0B       		.uleb128 0xb
 777 0093 27       		.uleb128 0x27
 778 0094 19       		.uleb128 0x19
 779 0095 11       		.uleb128 0x11
 780 0096 01       		.uleb128 0x1
 781 0097 12       		.uleb128 0x12
 782 0098 06       		.uleb128 0x6
 783 0099 40       		.uleb128 0x40
 784 009a 18       		.uleb128 0x18
 785 009b 9742     		.uleb128 0x2117
 786 009d 19       		.uleb128 0x19
 787 009e 00       		.byte	0
 788 009f 00       		.byte	0
 789 00a0 0B       		.uleb128 0xb
 790 00a1 2E       		.uleb128 0x2e
 791 00a2 01       		.byte	0x1
 792 00a3 31       		.uleb128 0x31
 793 00a4 13       		.uleb128 0x13
 794 00a5 11       		.uleb128 0x11
 795 00a6 01       		.uleb128 0x1
 796 00a7 12       		.uleb128 0x12
 797 00a8 06       		.uleb128 0x6
 798 00a9 40       		.uleb128 0x40
 799 00aa 18       		.uleb128 0x18
 800 00ab 9742     		.uleb128 0x2117
 801 00ad 19       		.uleb128 0x19
 802 00ae 01       		.uleb128 0x1
 803 00af 13       		.uleb128 0x13
 804 00b0 00       		.byte	0
 805 00b1 00       		.byte	0
ARM GAS  C:\Users\AFDHAL~1\AppData\Local\Temp\cc5l8bzQ.s 			page 24


 806 00b2 0C       		.uleb128 0xc
 807 00b3 05       		.uleb128 0x5
 808 00b4 00       		.byte	0
 809 00b5 31       		.uleb128 0x31
 810 00b6 13       		.uleb128 0x13
 811 00b7 02       		.uleb128 0x2
 812 00b8 18       		.uleb128 0x18
 813 00b9 00       		.byte	0
 814 00ba 00       		.byte	0
 815 00bb 0D       		.uleb128 0xd
 816 00bc 2E       		.uleb128 0x2e
 817 00bd 01       		.byte	0x1
 818 00be 3F       		.uleb128 0x3f
 819 00bf 19       		.uleb128 0x19
 820 00c0 03       		.uleb128 0x3
 821 00c1 0E       		.uleb128 0xe
 822 00c2 3A       		.uleb128 0x3a
 823 00c3 0B       		.uleb128 0xb
 824 00c4 3B       		.uleb128 0x3b
 825 00c5 05       		.uleb128 0x5
 826 00c6 27       		.uleb128 0x27
 827 00c7 19       		.uleb128 0x19
 828 00c8 11       		.uleb128 0x11
 829 00c9 01       		.uleb128 0x1
 830 00ca 12       		.uleb128 0x12
 831 00cb 06       		.uleb128 0x6
 832 00cc 40       		.uleb128 0x40
 833 00cd 18       		.uleb128 0x18
 834 00ce 9742     		.uleb128 0x2117
 835 00d0 19       		.uleb128 0x19
 836 00d1 01       		.uleb128 0x1
 837 00d2 13       		.uleb128 0x13
 838 00d3 00       		.byte	0
 839 00d4 00       		.byte	0
 840 00d5 0E       		.uleb128 0xe
 841 00d6 05       		.uleb128 0x5
 842 00d7 00       		.byte	0
 843 00d8 03       		.uleb128 0x3
 844 00d9 0E       		.uleb128 0xe
 845 00da 3A       		.uleb128 0x3a
 846 00db 0B       		.uleb128 0xb
 847 00dc 3B       		.uleb128 0x3b
 848 00dd 05       		.uleb128 0x5
 849 00de 49       		.uleb128 0x49
 850 00df 13       		.uleb128 0x13
 851 00e0 02       		.uleb128 0x2
 852 00e1 17       		.uleb128 0x17
 853 00e2 00       		.byte	0
 854 00e3 00       		.byte	0
 855 00e4 0F       		.uleb128 0xf
 856 00e5 34       		.uleb128 0x34
 857 00e6 00       		.byte	0
 858 00e7 03       		.uleb128 0x3
 859 00e8 08       		.uleb128 0x8
 860 00e9 3A       		.uleb128 0x3a
 861 00ea 0B       		.uleb128 0xb
 862 00eb 3B       		.uleb128 0x3b
ARM GAS  C:\Users\AFDHAL~1\AppData\Local\Temp\cc5l8bzQ.s 			page 25


 863 00ec 05       		.uleb128 0x5
 864 00ed 49       		.uleb128 0x49
 865 00ee 13       		.uleb128 0x13
 866 00ef 02       		.uleb128 0x2
 867 00f0 17       		.uleb128 0x17
 868 00f1 00       		.byte	0
 869 00f2 00       		.byte	0
 870 00f3 10       		.uleb128 0x10
 871 00f4 1D       		.uleb128 0x1d
 872 00f5 01       		.byte	0x1
 873 00f6 31       		.uleb128 0x31
 874 00f7 13       		.uleb128 0x13
 875 00f8 52       		.uleb128 0x52
 876 00f9 01       		.uleb128 0x1
 877 00fa 55       		.uleb128 0x55
 878 00fb 17       		.uleb128 0x17
 879 00fc 58       		.uleb128 0x58
 880 00fd 0B       		.uleb128 0xb
 881 00fe 59       		.uleb128 0x59
 882 00ff 05       		.uleb128 0x5
 883 0100 00       		.byte	0
 884 0101 00       		.byte	0
 885 0102 11       		.uleb128 0x11
 886 0103 05       		.uleb128 0x5
 887 0104 00       		.byte	0
 888 0105 31       		.uleb128 0x31
 889 0106 13       		.uleb128 0x13
 890 0107 02       		.uleb128 0x2
 891 0108 17       		.uleb128 0x17
 892 0109 00       		.byte	0
 893 010a 00       		.byte	0
 894 010b 12       		.uleb128 0x12
 895 010c 0F       		.uleb128 0xf
 896 010d 00       		.byte	0
 897 010e 0B       		.uleb128 0xb
 898 010f 0B       		.uleb128 0xb
 899 0110 49       		.uleb128 0x49
 900 0111 13       		.uleb128 0x13
 901 0112 00       		.byte	0
 902 0113 00       		.byte	0
 903 0114 13       		.uleb128 0x13
 904 0115 26       		.uleb128 0x26
 905 0116 00       		.byte	0
 906 0117 49       		.uleb128 0x49
 907 0118 13       		.uleb128 0x13
 908 0119 00       		.byte	0
 909 011a 00       		.byte	0
 910 011b 14       		.uleb128 0x14
 911 011c 2E       		.uleb128 0x2e
 912 011d 01       		.byte	0x1
 913 011e 3F       		.uleb128 0x3f
 914 011f 19       		.uleb128 0x19
 915 0120 03       		.uleb128 0x3
 916 0121 0E       		.uleb128 0xe
 917 0122 3A       		.uleb128 0x3a
 918 0123 0B       		.uleb128 0xb
 919 0124 3B       		.uleb128 0x3b
ARM GAS  C:\Users\AFDHAL~1\AppData\Local\Temp\cc5l8bzQ.s 			page 26


 920 0125 05       		.uleb128 0x5
 921 0126 27       		.uleb128 0x27
 922 0127 19       		.uleb128 0x19
 923 0128 49       		.uleb128 0x49
 924 0129 13       		.uleb128 0x13
 925 012a 11       		.uleb128 0x11
 926 012b 01       		.uleb128 0x1
 927 012c 12       		.uleb128 0x12
 928 012d 06       		.uleb128 0x6
 929 012e 40       		.uleb128 0x40
 930 012f 18       		.uleb128 0x18
 931 0130 9742     		.uleb128 0x2117
 932 0132 19       		.uleb128 0x19
 933 0133 01       		.uleb128 0x1
 934 0134 13       		.uleb128 0x13
 935 0135 00       		.byte	0
 936 0136 00       		.byte	0
 937 0137 15       		.uleb128 0x15
 938 0138 34       		.uleb128 0x34
 939 0139 00       		.byte	0
 940 013a 03       		.uleb128 0x3
 941 013b 0E       		.uleb128 0xe
 942 013c 3A       		.uleb128 0x3a
 943 013d 0B       		.uleb128 0xb
 944 013e 3B       		.uleb128 0x3b
 945 013f 05       		.uleb128 0x5
 946 0140 49       		.uleb128 0x49
 947 0141 13       		.uleb128 0x13
 948 0142 02       		.uleb128 0x2
 949 0143 17       		.uleb128 0x17
 950 0144 00       		.byte	0
 951 0145 00       		.byte	0
 952 0146 16       		.uleb128 0x16
 953 0147 2E       		.uleb128 0x2e
 954 0148 00       		.byte	0
 955 0149 3F       		.uleb128 0x3f
 956 014a 19       		.uleb128 0x19
 957 014b 03       		.uleb128 0x3
 958 014c 0E       		.uleb128 0xe
 959 014d 3A       		.uleb128 0x3a
 960 014e 0B       		.uleb128 0xb
 961 014f 3B       		.uleb128 0x3b
 962 0150 05       		.uleb128 0x5
 963 0151 27       		.uleb128 0x27
 964 0152 19       		.uleb128 0x19
 965 0153 11       		.uleb128 0x11
 966 0154 01       		.uleb128 0x1
 967 0155 12       		.uleb128 0x12
 968 0156 06       		.uleb128 0x6
 969 0157 40       		.uleb128 0x40
 970 0158 18       		.uleb128 0x18
 971 0159 9742     		.uleb128 0x2117
 972 015b 19       		.uleb128 0x19
 973 015c 00       		.byte	0
 974 015d 00       		.byte	0
 975 015e 17       		.uleb128 0x17
 976 015f 34       		.uleb128 0x34
ARM GAS  C:\Users\AFDHAL~1\AppData\Local\Temp\cc5l8bzQ.s 			page 27


 977 0160 00       		.byte	0
 978 0161 03       		.uleb128 0x3
 979 0162 0E       		.uleb128 0xe
 980 0163 3A       		.uleb128 0x3a
 981 0164 0B       		.uleb128 0xb
 982 0165 3B       		.uleb128 0x3b
 983 0166 05       		.uleb128 0x5
 984 0167 49       		.uleb128 0x49
 985 0168 13       		.uleb128 0x13
 986 0169 02       		.uleb128 0x2
 987 016a 18       		.uleb128 0x18
 988 016b 00       		.byte	0
 989 016c 00       		.byte	0
 990 016d 18       		.uleb128 0x18
 991 016e 2E       		.uleb128 0x2e
 992 016f 01       		.byte	0x1
 993 0170 3F       		.uleb128 0x3f
 994 0171 19       		.uleb128 0x19
 995 0172 03       		.uleb128 0x3
 996 0173 0E       		.uleb128 0xe
 997 0174 3A       		.uleb128 0x3a
 998 0175 0B       		.uleb128 0xb
 999 0176 3B       		.uleb128 0x3b
 1000 0177 05       		.uleb128 0x5
 1001 0178 27       		.uleb128 0x27
 1002 0179 19       		.uleb128 0x19
 1003 017a 49       		.uleb128 0x49
 1004 017b 13       		.uleb128 0x13
 1005 017c 11       		.uleb128 0x11
 1006 017d 01       		.uleb128 0x1
 1007 017e 12       		.uleb128 0x12
 1008 017f 06       		.uleb128 0x6
 1009 0180 40       		.uleb128 0x40
 1010 0181 18       		.uleb128 0x18
 1011 0182 9742     		.uleb128 0x2117
 1012 0184 19       		.uleb128 0x19
 1013 0185 00       		.byte	0
 1014 0186 00       		.byte	0
 1015 0187 00       		.byte	0
 1016              		.section	.debug_loc,"",%progbits
 1017              	.Ldebug_loc0:
 1018              	.LLST0:
 1019 0000 00000000 		.4byte	.LVL0
 1020 0004 04000000 		.4byte	.LVL1
 1021 0008 0200     		.2byte	0x2
 1022 000a 30       		.byte	0x30
 1023 000b 9F       		.byte	0x9f
 1024 000c 04000000 		.4byte	.LVL1
 1025 0010 0C000000 		.4byte	.LFE1
 1026 0014 0100     		.2byte	0x1
 1027 0016 50       		.byte	0x50
 1028 0017 00000000 		.4byte	0
 1029 001b 00000000 		.4byte	0
 1030              	.LLST1:
 1031 001f 06000000 		.4byte	.LVL2
 1032 0023 08000000 		.4byte	.LVL3
 1033 0027 0500     		.2byte	0x5
ARM GAS  C:\Users\AFDHAL~1\AppData\Local\Temp\cc5l8bzQ.s 			page 28


 1034 0029 73       		.byte	0x73
 1035 002a 00       		.sleb128 0
 1036 002b 4F       		.byte	0x4f
 1037 002c 1A       		.byte	0x1a
 1038 002d 9F       		.byte	0x9f
 1039 002e 08000000 		.4byte	.LVL3
 1040 0032 10000000 		.4byte	.LFE2
 1041 0036 0100     		.2byte	0x1
 1042 0038 50       		.byte	0x50
 1043 0039 00000000 		.4byte	0
 1044 003d 00000000 		.4byte	0
 1045              	.LLST2:
 1046 0041 00000000 		.4byte	.LVL5
 1047 0045 0E000000 		.4byte	.LVL7
 1048 0049 0100     		.2byte	0x1
 1049 004b 50       		.byte	0x50
 1050 004c 0E000000 		.4byte	.LVL7
 1051 0050 2C000000 		.4byte	.LFE5
 1052 0054 0400     		.2byte	0x4
 1053 0056 F3       		.byte	0xf3
 1054 0057 01       		.uleb128 0x1
 1055 0058 50       		.byte	0x50
 1056 0059 9F       		.byte	0x9f
 1057 005a 00000000 		.4byte	0
 1058 005e 00000000 		.4byte	0
 1059              	.LLST3:
 1060 0062 00000000 		.4byte	.LVL5
 1061 0066 0C000000 		.4byte	.LVL6
 1062 006a 0100     		.2byte	0x1
 1063 006c 51       		.byte	0x51
 1064 006d 0C000000 		.4byte	.LVL6
 1065 0071 2C000000 		.4byte	.LFE5
 1066 0075 0400     		.2byte	0x4
 1067 0077 F3       		.byte	0xf3
 1068 0078 01       		.uleb128 0x1
 1069 0079 51       		.byte	0x51
 1070 007a 9F       		.byte	0x9f
 1071 007b 00000000 		.4byte	0
 1072 007f 00000000 		.4byte	0
 1073              	.LLST4:
 1074 0083 00000000 		.4byte	.LVL5
 1075 0087 0E000000 		.4byte	.LVL7
 1076 008b 0200     		.2byte	0x2
 1077 008d 30       		.byte	0x30
 1078 008e 9F       		.byte	0x9f
 1079 008f 0E000000 		.4byte	.LVL7
 1080 0093 1A000000 		.4byte	.LVL9
 1081 0097 0700     		.2byte	0x7
 1082 0099 70       		.byte	0x70
 1083 009a 00       		.sleb128 0
 1084 009b F3       		.byte	0xf3
 1085 009c 01       		.uleb128 0x1
 1086 009d 50       		.byte	0x50
 1087 009e 1C       		.byte	0x1c
 1088 009f 9F       		.byte	0x9f
 1089 00a0 1A000000 		.4byte	.LVL9
 1090 00a4 1C000000 		.4byte	.LVL10
ARM GAS  C:\Users\AFDHAL~1\AppData\Local\Temp\cc5l8bzQ.s 			page 29


 1091 00a8 0800     		.2byte	0x8
 1092 00aa F3       		.byte	0xf3
 1093 00ab 01       		.uleb128 0x1
 1094 00ac 50       		.byte	0x50
 1095 00ad 20       		.byte	0x20
 1096 00ae 70       		.byte	0x70
 1097 00af 00       		.sleb128 0
 1098 00b0 22       		.byte	0x22
 1099 00b1 9F       		.byte	0x9f
 1100 00b2 00000000 		.4byte	0
 1101 00b6 00000000 		.4byte	0
 1102              	.LLST5:
 1103 00ba 10000000 		.4byte	.LVL8
 1104 00be 1C000000 		.4byte	.LVL10
 1105 00c2 0100     		.2byte	0x1
 1106 00c4 54       		.byte	0x54
 1107 00c5 00000000 		.4byte	0
 1108 00c9 00000000 		.4byte	0
 1109              	.LLST6:
 1110 00cd 06000000 		.4byte	.LVL11
 1111 00d1 08000000 		.4byte	.LVL12
 1112 00d5 0500     		.2byte	0x5
 1113 00d7 73       		.byte	0x73
 1114 00d8 00       		.sleb128 0
 1115 00d9 4F       		.byte	0x4f
 1116 00da 1A       		.byte	0x1a
 1117 00db 9F       		.byte	0x9f
 1118 00dc 08000000 		.4byte	.LVL12
 1119 00e0 10000000 		.4byte	.LFE6
 1120 00e4 0100     		.2byte	0x1
 1121 00e6 50       		.byte	0x50
 1122 00e7 00000000 		.4byte	0
 1123 00eb 00000000 		.4byte	0
 1124              		.section	.debug_aranges,"",%progbits
 1125 0000 5C000000 		.4byte	0x5c
 1126 0004 0200     		.2byte	0x2
 1127 0006 00000000 		.4byte	.Ldebug_info0
 1128 000a 04       		.byte	0x4
 1129 000b 00       		.byte	0
 1130 000c 0000     		.2byte	0
 1131 000e 0000     		.2byte	0
 1132 0010 00000000 		.4byte	.LFB1
 1133 0014 0C000000 		.4byte	.LFE1-.LFB1
 1134 0018 00000000 		.4byte	.LFB2
 1135 001c 10000000 		.4byte	.LFE2-.LFB2
 1136 0020 00000000 		.4byte	.LFB3
 1137 0024 20000000 		.4byte	.LFE3-.LFB3
 1138 0028 00000000 		.4byte	.LFB4
 1139 002c 1C000000 		.4byte	.LFE4-.LFB4
 1140 0030 00000000 		.4byte	.LFB5
 1141 0034 2C000000 		.4byte	.LFE5-.LFB5
 1142 0038 00000000 		.4byte	.LFB6
 1143 003c 10000000 		.4byte	.LFE6-.LFB6
 1144 0040 00000000 		.4byte	.LFB7
 1145 0044 20000000 		.4byte	.LFE7-.LFB7
 1146 0048 00000000 		.4byte	.LFB8
 1147 004c 10000000 		.4byte	.LFE8-.LFB8
ARM GAS  C:\Users\AFDHAL~1\AppData\Local\Temp\cc5l8bzQ.s 			page 30


 1148 0050 00000000 		.4byte	.LFB9
 1149 0054 10000000 		.4byte	.LFE9-.LFB9
 1150 0058 00000000 		.4byte	0
 1151 005c 00000000 		.4byte	0
 1152              		.section	.debug_ranges,"",%progbits
 1153              	.Ldebug_ranges0:
 1154 0000 08000000 		.4byte	.LBB4
 1155 0004 0E000000 		.4byte	.LBE4
 1156 0008 10000000 		.4byte	.LBB7
 1157 000c 1C000000 		.4byte	.LBE7
 1158 0010 00000000 		.4byte	0
 1159 0014 00000000 		.4byte	0
 1160 0018 00000000 		.4byte	.LFB1
 1161 001c 0C000000 		.4byte	.LFE1
 1162 0020 00000000 		.4byte	.LFB2
 1163 0024 10000000 		.4byte	.LFE2
 1164 0028 00000000 		.4byte	.LFB3
 1165 002c 20000000 		.4byte	.LFE3
 1166 0030 00000000 		.4byte	.LFB4
 1167 0034 1C000000 		.4byte	.LFE4
 1168 0038 00000000 		.4byte	.LFB5
 1169 003c 2C000000 		.4byte	.LFE5
 1170 0040 00000000 		.4byte	.LFB6
 1171 0044 10000000 		.4byte	.LFE6
 1172 0048 00000000 		.4byte	.LFB7
 1173 004c 20000000 		.4byte	.LFE7
 1174 0050 00000000 		.4byte	.LFB8
 1175 0054 10000000 		.4byte	.LFE8
 1176 0058 00000000 		.4byte	.LFB9
 1177 005c 10000000 		.4byte	.LFE9
 1178 0060 00000000 		.4byte	0
 1179 0064 00000000 		.4byte	0
 1180              		.section	.debug_line,"",%progbits
 1181              	.Ldebug_line0:
 1182 0000 37010000 		.section	.debug_str,"MS",%progbits,1
 1182      02004900 
 1182      00000201 
 1182      FB0E0D00 
 1182      01010101 
 1183              	.LASF14:
 1184 0000 72656733 		.ascii	"reg32\000"
 1184      3200
 1185              	.LASF22:
 1186 0006 636F756E 		.ascii	"count\000"
 1186      7400
 1187              	.LASF35:
 1188 000c 74784461 		.ascii	"txData\000"
 1188      746100
 1189              	.LASF3:
 1190 0013 73686F72 		.ascii	"short unsigned int\000"
 1190      7420756E 
 1190      7369676E 
 1190      65642069 
 1190      6E7400
 1191              	.LASF8:
 1192 0026 756E7369 		.ascii	"unsigned int\000"
 1192      676E6564 
ARM GAS  C:\Users\AFDHAL~1\AppData\Local\Temp\cc5l8bzQ.s 			page 31


 1192      20696E74 
 1192      00
 1193              	.LASF34:
 1194 0033 5350495F 		.ascii	"SPI_SpiUartWriteTxData\000"
 1194      53706955 
 1194      61727457 
 1194      72697465 
 1194      54784461 
 1195              	.LASF24:
 1196 004a 5350495F 		.ascii	"SPI_SpiUartClearRxBuffer\000"
 1196      53706955 
 1196      61727443 
 1196      6C656172 
 1196      52784275 
 1197              	.LASF11:
 1198 0063 666C6F61 		.ascii	"float\000"
 1198      7400
 1199              	.LASF23:
 1200 0069 5350495F 		.ascii	"SPI_SpiUartGetTxBufferSize\000"
 1200      53706955 
 1200      61727447 
 1200      65745478 
 1200      42756666 
 1201              	.LASF20:
 1202 0084 73697A65 		.ascii	"size\000"
 1202      00
 1203              	.LASF26:
 1204 0089 5350495F 		.ascii	"SPI_SpiUartDisableIntRx\000"
 1204      53706955 
 1204      61727444 
 1204      69736162 
 1204      6C65496E 
 1205              	.LASF18:
 1206 00a1 5350495F 		.ascii	"SPI_SpiUartGetRxBufferSize\000"
 1206      53706955 
 1206      61727447 
 1206      65745278 
 1206      42756666 
 1207              	.LASF28:
 1208 00bc 5350495F 		.ascii	"SPI_SpiUartPutArray\000"
 1208      53706955 
 1208      61727450 
 1208      75744172 
 1208      72617900 
 1209              	.LASF5:
 1210 00d0 6C6F6E67 		.ascii	"long unsigned int\000"
 1210      20756E73 
 1210      69676E65 
 1210      6420696E 
 1210      7400
 1211              	.LASF9:
 1212 00e2 75696E74 		.ascii	"uint8\000"
 1212      3800
 1213              	.LASF19:
 1214 00e8 72784461 		.ascii	"rxData\000"
 1214      746100
 1215              	.LASF21:
ARM GAS  C:\Users\AFDHAL~1\AppData\Local\Temp\cc5l8bzQ.s 			page 32


 1216 00ef 77724275 		.ascii	"wrBuf\000"
 1216      6600
 1217              	.LASF1:
 1218 00f5 756E7369 		.ascii	"unsigned char\000"
 1218      676E6564 
 1218      20636861 
 1218      7200
 1219              	.LASF31:
 1220 0103 474E5520 		.ascii	"GNU C11 5.4.1 20160609 (release) [ARM/embedded-5-br"
 1220      43313120 
 1220      352E342E 
 1220      31203230 
 1220      31363036 
 1221 0136 616E6368 		.ascii	"anch revision 237715] -mcpu=cortex-m0 -mthumb -g -O"
 1221      20726576 
 1221      6973696F 
 1221      6E203233 
 1221      37373135 
 1222 0169 33202D66 		.ascii	"3 -ffunction-sections -ffat-lto-objects\000"
 1222      66756E63 
 1222      74696F6E 
 1222      2D736563 
 1222      74696F6E 
 1223              	.LASF12:
 1224 0191 646F7562 		.ascii	"double\000"
 1224      6C6500
 1225              	.LASF17:
 1226 0198 5350495F 		.ascii	"SPI_SpiUartReadRxData\000"
 1226      53706955 
 1226      61727452 
 1226      65616452 
 1226      78446174 
 1227              	.LASF10:
 1228 01ae 75696E74 		.ascii	"uint32\000"
 1228      333200
 1229              	.LASF29:
 1230 01b5 5350495F 		.ascii	"SPI_SpiUartDisableIntTx\000"
 1230      53706955 
 1230      61727444 
 1230      69736162 
 1230      6C65496E 
 1231              	.LASF30:
 1232 01cd 696E7453 		.ascii	"intSourceMask\000"
 1232      6F757263 
 1232      654D6173 
 1232      6B00
 1233              	.LASF27:
 1234 01db 696E7453 		.ascii	"intSource\000"
 1234      6F757263 
 1234      6500
 1235              	.LASF7:
 1236 01e5 6C6F6E67 		.ascii	"long long unsigned int\000"
 1236      206C6F6E 
 1236      6720756E 
 1236      7369676E 
 1236      65642069 
 1237              	.LASF32:
ARM GAS  C:\Users\AFDHAL~1\AppData\Local\Temp\cc5l8bzQ.s 			page 33


 1238 01fc 47656E65 		.ascii	"Generated_Source\\PSoC4\\SPI_SPI_UART.c\000"
 1238      72617465 
 1238      645F536F 
 1238      75726365 
 1238      5C50536F 
 1239              	.LASF16:
 1240 0222 73697A65 		.ascii	"sizetype\000"
 1240      74797065 
 1240      00
 1241              	.LASF6:
 1242 022b 6C6F6E67 		.ascii	"long long int\000"
 1242      206C6F6E 
 1242      6720696E 
 1242      7400
 1243              	.LASF13:
 1244 0239 63686172 		.ascii	"char\000"
 1244      00
 1245              	.LASF25:
 1246 023e 5350495F 		.ascii	"SPI_SpiUartClearTxBuffer\000"
 1246      53706955 
 1246      61727443 
 1246      6C656172 
 1246      54784275 
 1247              	.LASF2:
 1248 0257 73686F72 		.ascii	"short int\000"
 1248      7420696E 
 1248      7400
 1249              	.LASF4:
 1250 0261 6C6F6E67 		.ascii	"long int\000"
 1250      20696E74 
 1250      00
 1251              	.LASF33:
 1252 026a 433A5C55 		.ascii	"C:\\Users\\AfdhalAtiffTan\\Documents\\PSoC Creator\\"
 1252      73657273 
 1252      5C416664 
 1252      68616C41 
 1252      74696666 
 1253 0299 736D6172 		.ascii	"smart_winch_prototype\\Workspace01\\Prototype.cydsn"
 1253      745F7769 
 1253      6E63685F 
 1253      70726F74 
 1253      6F747970 
 1254 02ca 00       		.ascii	"\000"
 1255              	.LASF15:
 1256 02cb 6C6F6E67 		.ascii	"long double\000"
 1256      20646F75 
 1256      626C6500 
 1257              	.LASF0:
 1258 02d7 7369676E 		.ascii	"signed char\000"
 1258      65642063 
 1258      68617200 
 1259              		.ident	"GCC: (GNU Tools for ARM Embedded Processors) 5.4.1 20160609 (release) [ARM/embedded-5-bran
