ARM GAS  C:\Users\AFDHAL~1\AppData\Local\Temp\cc3OtZUa.s 			page 1


   1              		.syntax unified
   2              		.cpu cortex-m0
   3              		.fpu softvfp
   4              		.eabi_attribute 20, 1
   5              		.eabi_attribute 21, 1
   6              		.eabi_attribute 23, 3
   7              		.eabi_attribute 24, 1
   8              		.eabi_attribute 25, 1
   9              		.eabi_attribute 26, 1
  10              		.eabi_attribute 30, 2
  11              		.eabi_attribute 34, 0
  12              		.eabi_attribute 18, 4
  13              		.thumb
  14              		.syntax unified
  15              		.file	"USB_UART.c"
  16              		.text
  17              	.Ltext0:
  18              		.cfi_sections	.debug_frame
  19              		.section	.text.USB_UART_Init,"ax",%progbits
  20              		.align	2
  21              		.global	USB_UART_Init
  22              		.code	16
  23              		.thumb_func
  24              		.type	USB_UART_Init, %function
  25              	USB_UART_Init:
  26              	.LFB1:
  27              		.file 1 "Generated_Source\\PSoC4\\USB_UART.c"
   1:Generated_Source\PSoC4/USB_UART.c **** /***************************************************************************//**
   2:Generated_Source\PSoC4/USB_UART.c **** * \file USB_UART.c
   3:Generated_Source\PSoC4/USB_UART.c **** * \version 4.0
   4:Generated_Source\PSoC4/USB_UART.c **** *
   5:Generated_Source\PSoC4/USB_UART.c **** * \brief
   6:Generated_Source\PSoC4/USB_UART.c **** *  This file provides the source code to the API for the SCB Component.
   7:Generated_Source\PSoC4/USB_UART.c **** *
   8:Generated_Source\PSoC4/USB_UART.c **** * Note:
   9:Generated_Source\PSoC4/USB_UART.c **** *
  10:Generated_Source\PSoC4/USB_UART.c **** *******************************************************************************
  11:Generated_Source\PSoC4/USB_UART.c **** * \copyright
  12:Generated_Source\PSoC4/USB_UART.c **** * Copyright 2013-2017, Cypress Semiconductor Corporation.  All rights reserved.
  13:Generated_Source\PSoC4/USB_UART.c **** * You may use this file only in accordance with the license, terms, conditions,
  14:Generated_Source\PSoC4/USB_UART.c **** * disclaimers, and limitations in the end user license agreement accompanying
  15:Generated_Source\PSoC4/USB_UART.c **** * the software package with which this file was provided.
  16:Generated_Source\PSoC4/USB_UART.c **** *******************************************************************************/
  17:Generated_Source\PSoC4/USB_UART.c **** 
  18:Generated_Source\PSoC4/USB_UART.c **** #include "USB_UART_PVT.h"
  19:Generated_Source\PSoC4/USB_UART.c **** 
  20:Generated_Source\PSoC4/USB_UART.c **** #if (USB_UART_SCB_MODE_I2C_INC)
  21:Generated_Source\PSoC4/USB_UART.c ****     #include "USB_UART_I2C_PVT.h"
  22:Generated_Source\PSoC4/USB_UART.c **** #endif /* (USB_UART_SCB_MODE_I2C_INC) */
  23:Generated_Source\PSoC4/USB_UART.c **** 
  24:Generated_Source\PSoC4/USB_UART.c **** #if (USB_UART_SCB_MODE_EZI2C_INC)
  25:Generated_Source\PSoC4/USB_UART.c ****     #include "USB_UART_EZI2C_PVT.h"
  26:Generated_Source\PSoC4/USB_UART.c **** #endif /* (USB_UART_SCB_MODE_EZI2C_INC) */
  27:Generated_Source\PSoC4/USB_UART.c **** 
  28:Generated_Source\PSoC4/USB_UART.c **** #if (USB_UART_SCB_MODE_SPI_INC || USB_UART_SCB_MODE_UART_INC)
  29:Generated_Source\PSoC4/USB_UART.c ****     #include "USB_UART_SPI_UART_PVT.h"
  30:Generated_Source\PSoC4/USB_UART.c **** #endif /* (USB_UART_SCB_MODE_SPI_INC || USB_UART_SCB_MODE_UART_INC) */
ARM GAS  C:\Users\AFDHAL~1\AppData\Local\Temp\cc3OtZUa.s 			page 2


  31:Generated_Source\PSoC4/USB_UART.c **** 
  32:Generated_Source\PSoC4/USB_UART.c **** 
  33:Generated_Source\PSoC4/USB_UART.c **** /***************************************
  34:Generated_Source\PSoC4/USB_UART.c **** *    Run Time Configuration Vars
  35:Generated_Source\PSoC4/USB_UART.c **** ***************************************/
  36:Generated_Source\PSoC4/USB_UART.c **** 
  37:Generated_Source\PSoC4/USB_UART.c **** /* Stores internal component configuration for Unconfigured mode */
  38:Generated_Source\PSoC4/USB_UART.c **** #if (USB_UART_SCB_MODE_UNCONFIG_CONST_CFG)
  39:Generated_Source\PSoC4/USB_UART.c ****     /* Common configuration variables */
  40:Generated_Source\PSoC4/USB_UART.c ****     uint8 USB_UART_scbMode = USB_UART_SCB_MODE_UNCONFIG;
  41:Generated_Source\PSoC4/USB_UART.c ****     uint8 USB_UART_scbEnableWake;
  42:Generated_Source\PSoC4/USB_UART.c ****     uint8 USB_UART_scbEnableIntr;
  43:Generated_Source\PSoC4/USB_UART.c **** 
  44:Generated_Source\PSoC4/USB_UART.c ****     /* I2C configuration variables */
  45:Generated_Source\PSoC4/USB_UART.c ****     uint8 USB_UART_mode;
  46:Generated_Source\PSoC4/USB_UART.c ****     uint8 USB_UART_acceptAddr;
  47:Generated_Source\PSoC4/USB_UART.c **** 
  48:Generated_Source\PSoC4/USB_UART.c ****     /* SPI/UART configuration variables */
  49:Generated_Source\PSoC4/USB_UART.c ****     volatile uint8 * USB_UART_rxBuffer;
  50:Generated_Source\PSoC4/USB_UART.c ****     uint8  USB_UART_rxDataBits;
  51:Generated_Source\PSoC4/USB_UART.c ****     uint32 USB_UART_rxBufferSize;
  52:Generated_Source\PSoC4/USB_UART.c **** 
  53:Generated_Source\PSoC4/USB_UART.c ****     volatile uint8 * USB_UART_txBuffer;
  54:Generated_Source\PSoC4/USB_UART.c ****     uint8  USB_UART_txDataBits;
  55:Generated_Source\PSoC4/USB_UART.c ****     uint32 USB_UART_txBufferSize;
  56:Generated_Source\PSoC4/USB_UART.c **** 
  57:Generated_Source\PSoC4/USB_UART.c ****     /* EZI2C configuration variables */
  58:Generated_Source\PSoC4/USB_UART.c ****     uint8 USB_UART_numberOfAddr;
  59:Generated_Source\PSoC4/USB_UART.c ****     uint8 USB_UART_subAddrSize;
  60:Generated_Source\PSoC4/USB_UART.c **** #endif /* (USB_UART_SCB_MODE_UNCONFIG_CONST_CFG) */
  61:Generated_Source\PSoC4/USB_UART.c **** 
  62:Generated_Source\PSoC4/USB_UART.c **** 
  63:Generated_Source\PSoC4/USB_UART.c **** /***************************************
  64:Generated_Source\PSoC4/USB_UART.c **** *     Common SCB Vars
  65:Generated_Source\PSoC4/USB_UART.c **** ***************************************/
  66:Generated_Source\PSoC4/USB_UART.c **** /**
  67:Generated_Source\PSoC4/USB_UART.c **** * \addtogroup group_general
  68:Generated_Source\PSoC4/USB_UART.c **** * \{
  69:Generated_Source\PSoC4/USB_UART.c **** */
  70:Generated_Source\PSoC4/USB_UART.c **** 
  71:Generated_Source\PSoC4/USB_UART.c **** /** USB_UART_initVar indicates whether the USB_UART 
  72:Generated_Source\PSoC4/USB_UART.c **** *  component has been initialized. The variable is initialized to 0 
  73:Generated_Source\PSoC4/USB_UART.c **** *  and set to 1 the first time SCB_Start() is called. This allows 
  74:Generated_Source\PSoC4/USB_UART.c **** *  the component to restart without reinitialization after the first 
  75:Generated_Source\PSoC4/USB_UART.c **** *  call to the USB_UART_Start() routine.
  76:Generated_Source\PSoC4/USB_UART.c **** *
  77:Generated_Source\PSoC4/USB_UART.c **** *  If re-initialization of the component is required, then the 
  78:Generated_Source\PSoC4/USB_UART.c **** *  USB_UART_Init() function can be called before the 
  79:Generated_Source\PSoC4/USB_UART.c **** *  USB_UART_Start() or USB_UART_Enable() function.
  80:Generated_Source\PSoC4/USB_UART.c **** */
  81:Generated_Source\PSoC4/USB_UART.c **** uint8 USB_UART_initVar = 0u;
  82:Generated_Source\PSoC4/USB_UART.c **** 
  83:Generated_Source\PSoC4/USB_UART.c **** 
  84:Generated_Source\PSoC4/USB_UART.c **** #if (! (USB_UART_SCB_MODE_I2C_CONST_CFG || \
  85:Generated_Source\PSoC4/USB_UART.c ****         USB_UART_SCB_MODE_EZI2C_CONST_CFG))
  86:Generated_Source\PSoC4/USB_UART.c ****     /** This global variable stores TX interrupt sources after 
  87:Generated_Source\PSoC4/USB_UART.c ****     * USB_UART_Stop() is called. Only these TX interrupt sources 
ARM GAS  C:\Users\AFDHAL~1\AppData\Local\Temp\cc3OtZUa.s 			page 3


  88:Generated_Source\PSoC4/USB_UART.c ****     * will be restored on a subsequent USB_UART_Enable() call.
  89:Generated_Source\PSoC4/USB_UART.c ****     */
  90:Generated_Source\PSoC4/USB_UART.c ****     uint16 USB_UART_IntrTxMask = 0u;
  91:Generated_Source\PSoC4/USB_UART.c **** #endif /* (! (USB_UART_SCB_MODE_I2C_CONST_CFG || \
  92:Generated_Source\PSoC4/USB_UART.c ****               USB_UART_SCB_MODE_EZI2C_CONST_CFG)) */
  93:Generated_Source\PSoC4/USB_UART.c **** /** \} globals */
  94:Generated_Source\PSoC4/USB_UART.c **** 
  95:Generated_Source\PSoC4/USB_UART.c **** #if (USB_UART_SCB_IRQ_INTERNAL)
  96:Generated_Source\PSoC4/USB_UART.c **** #if !defined (CY_REMOVE_USB_UART_CUSTOM_INTR_HANDLER)
  97:Generated_Source\PSoC4/USB_UART.c ****     void (*USB_UART_customIntrHandler)(void) = NULL;
  98:Generated_Source\PSoC4/USB_UART.c **** #endif /* !defined (CY_REMOVE_USB_UART_CUSTOM_INTR_HANDLER) */
  99:Generated_Source\PSoC4/USB_UART.c **** #endif /* (USB_UART_SCB_IRQ_INTERNAL) */
 100:Generated_Source\PSoC4/USB_UART.c **** 
 101:Generated_Source\PSoC4/USB_UART.c **** 
 102:Generated_Source\PSoC4/USB_UART.c **** /***************************************
 103:Generated_Source\PSoC4/USB_UART.c **** *    Private Function Prototypes
 104:Generated_Source\PSoC4/USB_UART.c **** ***************************************/
 105:Generated_Source\PSoC4/USB_UART.c **** 
 106:Generated_Source\PSoC4/USB_UART.c **** static void USB_UART_ScbEnableIntr(void);
 107:Generated_Source\PSoC4/USB_UART.c **** static void USB_UART_ScbModeStop(void);
 108:Generated_Source\PSoC4/USB_UART.c **** static void USB_UART_ScbModePostEnable(void);
 109:Generated_Source\PSoC4/USB_UART.c **** 
 110:Generated_Source\PSoC4/USB_UART.c **** 
 111:Generated_Source\PSoC4/USB_UART.c **** /*******************************************************************************
 112:Generated_Source\PSoC4/USB_UART.c **** * Function Name: USB_UART_Init
 113:Generated_Source\PSoC4/USB_UART.c **** ****************************************************************************//**
 114:Generated_Source\PSoC4/USB_UART.c **** *
 115:Generated_Source\PSoC4/USB_UART.c **** *  Initializes the USB_UART component to operate in one of the selected
 116:Generated_Source\PSoC4/USB_UART.c **** *  configurations: I2C, SPI, UART or EZI2C.
 117:Generated_Source\PSoC4/USB_UART.c **** *  When the configuration is set to "Unconfigured SCB", this function does
 118:Generated_Source\PSoC4/USB_UART.c **** *  not do any initialization. Use mode-specific initialization APIs instead:
 119:Generated_Source\PSoC4/USB_UART.c **** *  USB_UART_I2CInit, USB_UART_SpiInit, 
 120:Generated_Source\PSoC4/USB_UART.c **** *  USB_UART_UartInit or USB_UART_EzI2CInit.
 121:Generated_Source\PSoC4/USB_UART.c **** *
 122:Generated_Source\PSoC4/USB_UART.c **** *******************************************************************************/
 123:Generated_Source\PSoC4/USB_UART.c **** void USB_UART_Init(void)
 124:Generated_Source\PSoC4/USB_UART.c **** {
  28              		.loc 1 124 0
  29              		.cfi_startproc
  30              		@ args = 0, pretend = 0, frame = 0
  31              		@ frame_needed = 0, uses_anonymous_args = 0
  32 0000 10B5     		push	{r4, lr}
  33              		.cfi_def_cfa_offset 8
  34              		.cfi_offset 4, -8
  35              		.cfi_offset 14, -4
 125:Generated_Source\PSoC4/USB_UART.c **** #if (USB_UART_SCB_MODE_UNCONFIG_CONST_CFG)
 126:Generated_Source\PSoC4/USB_UART.c ****     if (USB_UART_SCB_MODE_UNCONFIG_RUNTM_CFG)
 127:Generated_Source\PSoC4/USB_UART.c ****     {
 128:Generated_Source\PSoC4/USB_UART.c ****         USB_UART_initVar = 0u;
 129:Generated_Source\PSoC4/USB_UART.c ****     }
 130:Generated_Source\PSoC4/USB_UART.c ****     else
 131:Generated_Source\PSoC4/USB_UART.c ****     {
 132:Generated_Source\PSoC4/USB_UART.c ****         /* Initialization was done before this function call */
 133:Generated_Source\PSoC4/USB_UART.c ****     }
 134:Generated_Source\PSoC4/USB_UART.c **** 
 135:Generated_Source\PSoC4/USB_UART.c **** #elif (USB_UART_SCB_MODE_I2C_CONST_CFG)
 136:Generated_Source\PSoC4/USB_UART.c ****     USB_UART_I2CInit();
ARM GAS  C:\Users\AFDHAL~1\AppData\Local\Temp\cc3OtZUa.s 			page 4


 137:Generated_Source\PSoC4/USB_UART.c **** 
 138:Generated_Source\PSoC4/USB_UART.c **** #elif (USB_UART_SCB_MODE_SPI_CONST_CFG)
 139:Generated_Source\PSoC4/USB_UART.c ****     USB_UART_SpiInit();
 140:Generated_Source\PSoC4/USB_UART.c **** 
 141:Generated_Source\PSoC4/USB_UART.c **** #elif (USB_UART_SCB_MODE_UART_CONST_CFG)
 142:Generated_Source\PSoC4/USB_UART.c ****     USB_UART_UartInit();
  36              		.loc 1 142 0
  37 0002 FFF7FEFF 		bl	USB_UART_UartInit
  38              	.LVL0:
 143:Generated_Source\PSoC4/USB_UART.c **** 
 144:Generated_Source\PSoC4/USB_UART.c **** #elif (USB_UART_SCB_MODE_EZI2C_CONST_CFG)
 145:Generated_Source\PSoC4/USB_UART.c ****     USB_UART_EzI2CInit();
 146:Generated_Source\PSoC4/USB_UART.c **** 
 147:Generated_Source\PSoC4/USB_UART.c **** #endif /* (USB_UART_SCB_MODE_UNCONFIG_CONST_CFG) */
 148:Generated_Source\PSoC4/USB_UART.c **** }
  39              		.loc 1 148 0
  40              		@ sp needed
  41 0006 10BD     		pop	{r4, pc}
  42              		.cfi_endproc
  43              	.LFE1:
  44              		.size	USB_UART_Init, .-USB_UART_Init
  45              		.section	.text.USB_UART_Enable,"ax",%progbits
  46              		.align	2
  47              		.global	USB_UART_Enable
  48              		.code	16
  49              		.thumb_func
  50              		.type	USB_UART_Enable, %function
  51              	USB_UART_Enable:
  52              	.LFB2:
 149:Generated_Source\PSoC4/USB_UART.c **** 
 150:Generated_Source\PSoC4/USB_UART.c **** 
 151:Generated_Source\PSoC4/USB_UART.c **** /*******************************************************************************
 152:Generated_Source\PSoC4/USB_UART.c **** * Function Name: USB_UART_Enable
 153:Generated_Source\PSoC4/USB_UART.c **** ****************************************************************************//**
 154:Generated_Source\PSoC4/USB_UART.c **** *
 155:Generated_Source\PSoC4/USB_UART.c **** *  Enables USB_UART component operation: activates the hardware and 
 156:Generated_Source\PSoC4/USB_UART.c **** *  internal interrupt. It also restores TX interrupt sources disabled after the 
 157:Generated_Source\PSoC4/USB_UART.c **** *  USB_UART_Stop() function was called (note that level-triggered TX 
 158:Generated_Source\PSoC4/USB_UART.c **** *  interrupt sources remain disabled to not cause code lock-up).
 159:Generated_Source\PSoC4/USB_UART.c **** *  For I2C and EZI2C modes the interrupt is internal and mandatory for 
 160:Generated_Source\PSoC4/USB_UART.c **** *  operation. For SPI and UART modes the interrupt can be configured as none, 
 161:Generated_Source\PSoC4/USB_UART.c **** *  internal or external.
 162:Generated_Source\PSoC4/USB_UART.c **** *  The USB_UART configuration should be not changed when the component
 163:Generated_Source\PSoC4/USB_UART.c **** *  is enabled. Any configuration changes should be made after disabling the 
 164:Generated_Source\PSoC4/USB_UART.c **** *  component.
 165:Generated_Source\PSoC4/USB_UART.c **** *  When configuration is set to “Unconfigured USB_UART”, the component 
 166:Generated_Source\PSoC4/USB_UART.c **** *  must first be initialized to operate in one of the following configurations: 
 167:Generated_Source\PSoC4/USB_UART.c **** *  I2C, SPI, UART or EZ I2C, using the mode-specific initialization API. 
 168:Generated_Source\PSoC4/USB_UART.c **** *  Otherwise this function does not enable the component.
 169:Generated_Source\PSoC4/USB_UART.c **** *
 170:Generated_Source\PSoC4/USB_UART.c **** *******************************************************************************/
 171:Generated_Source\PSoC4/USB_UART.c **** void USB_UART_Enable(void)
 172:Generated_Source\PSoC4/USB_UART.c **** {
  53              		.loc 1 172 0
  54              		.cfi_startproc
  55              		@ args = 0, pretend = 0, frame = 0
  56              		@ frame_needed = 0, uses_anonymous_args = 0
ARM GAS  C:\Users\AFDHAL~1\AppData\Local\Temp\cc3OtZUa.s 			page 5


 173:Generated_Source\PSoC4/USB_UART.c **** #if (USB_UART_SCB_MODE_UNCONFIG_CONST_CFG)
 174:Generated_Source\PSoC4/USB_UART.c ****     /* Enable SCB block, only if it is already configured */
 175:Generated_Source\PSoC4/USB_UART.c ****     if (!USB_UART_SCB_MODE_UNCONFIG_RUNTM_CFG)
 176:Generated_Source\PSoC4/USB_UART.c ****     {
 177:Generated_Source\PSoC4/USB_UART.c ****         USB_UART_CTRL_REG |= USB_UART_CTRL_ENABLED;
 178:Generated_Source\PSoC4/USB_UART.c **** 
 179:Generated_Source\PSoC4/USB_UART.c ****         USB_UART_ScbEnableIntr();
 180:Generated_Source\PSoC4/USB_UART.c **** 
 181:Generated_Source\PSoC4/USB_UART.c ****         /* Call PostEnable function specific to current operation mode */
 182:Generated_Source\PSoC4/USB_UART.c ****         USB_UART_ScbModePostEnable();
 183:Generated_Source\PSoC4/USB_UART.c ****     }
 184:Generated_Source\PSoC4/USB_UART.c **** #else
 185:Generated_Source\PSoC4/USB_UART.c ****     USB_UART_CTRL_REG |= USB_UART_CTRL_ENABLED;
  57              		.loc 1 185 0
  58 0000 8021     		movs	r1, #128
  59 0002 064A     		ldr	r2, .L3
 172:Generated_Source\PSoC4/USB_UART.c **** #if (USB_UART_SCB_MODE_UNCONFIG_CONST_CFG)
  60              		.loc 1 172 0
  61 0004 10B5     		push	{r4, lr}
  62              		.cfi_def_cfa_offset 8
  63              		.cfi_offset 4, -8
  64              		.cfi_offset 14, -4
  65              		.loc 1 185 0
  66 0006 1368     		ldr	r3, [r2]
  67 0008 0906     		lsls	r1, r1, #24
  68 000a 0B43     		orrs	r3, r1
  69 000c 1360     		str	r3, [r2]
  70              	.LBB14:
  71              	.LBB15:
 186:Generated_Source\PSoC4/USB_UART.c **** 
 187:Generated_Source\PSoC4/USB_UART.c ****     USB_UART_ScbEnableIntr();
 188:Generated_Source\PSoC4/USB_UART.c **** 
 189:Generated_Source\PSoC4/USB_UART.c ****     /* Call PostEnable function specific to current operation mode */
 190:Generated_Source\PSoC4/USB_UART.c ****     USB_UART_ScbModePostEnable();
 191:Generated_Source\PSoC4/USB_UART.c **** #endif /* (USB_UART_SCB_MODE_UNCONFIG_CONST_CFG) */
 192:Generated_Source\PSoC4/USB_UART.c **** }
 193:Generated_Source\PSoC4/USB_UART.c **** 
 194:Generated_Source\PSoC4/USB_UART.c **** 
 195:Generated_Source\PSoC4/USB_UART.c **** /*******************************************************************************
 196:Generated_Source\PSoC4/USB_UART.c **** * Function Name: USB_UART_Start
 197:Generated_Source\PSoC4/USB_UART.c **** ****************************************************************************//**
 198:Generated_Source\PSoC4/USB_UART.c **** *
 199:Generated_Source\PSoC4/USB_UART.c **** *  Invokes USB_UART_Init() and USB_UART_Enable().
 200:Generated_Source\PSoC4/USB_UART.c **** *  After this function call, the component is enabled and ready for operation.
 201:Generated_Source\PSoC4/USB_UART.c **** *  When configuration is set to "Unconfigured SCB", the component must first be
 202:Generated_Source\PSoC4/USB_UART.c **** *  initialized to operate in one of the following configurations: I2C, SPI, UART
 203:Generated_Source\PSoC4/USB_UART.c **** *  or EZI2C. Otherwise this function does not enable the component.
 204:Generated_Source\PSoC4/USB_UART.c **** *
 205:Generated_Source\PSoC4/USB_UART.c **** * \globalvars
 206:Generated_Source\PSoC4/USB_UART.c **** *  USB_UART_initVar - used to check initial configuration, modified
 207:Generated_Source\PSoC4/USB_UART.c **** *  on first function call.
 208:Generated_Source\PSoC4/USB_UART.c **** *
 209:Generated_Source\PSoC4/USB_UART.c **** *******************************************************************************/
 210:Generated_Source\PSoC4/USB_UART.c **** void USB_UART_Start(void)
 211:Generated_Source\PSoC4/USB_UART.c **** {
 212:Generated_Source\PSoC4/USB_UART.c ****     if (0u == USB_UART_initVar)
 213:Generated_Source\PSoC4/USB_UART.c ****     {
ARM GAS  C:\Users\AFDHAL~1\AppData\Local\Temp\cc3OtZUa.s 			page 6


 214:Generated_Source\PSoC4/USB_UART.c ****         USB_UART_Init();
 215:Generated_Source\PSoC4/USB_UART.c ****         USB_UART_initVar = 1u; /* Component was initialized */
 216:Generated_Source\PSoC4/USB_UART.c ****     }
 217:Generated_Source\PSoC4/USB_UART.c **** 
 218:Generated_Source\PSoC4/USB_UART.c ****     USB_UART_Enable();
 219:Generated_Source\PSoC4/USB_UART.c **** }
 220:Generated_Source\PSoC4/USB_UART.c **** 
 221:Generated_Source\PSoC4/USB_UART.c **** 
 222:Generated_Source\PSoC4/USB_UART.c **** /*******************************************************************************
 223:Generated_Source\PSoC4/USB_UART.c **** * Function Name: USB_UART_Stop
 224:Generated_Source\PSoC4/USB_UART.c **** ****************************************************************************//**
 225:Generated_Source\PSoC4/USB_UART.c **** *
 226:Generated_Source\PSoC4/USB_UART.c **** *  Disables the USB_UART component: disable the hardware and internal 
 227:Generated_Source\PSoC4/USB_UART.c **** *  interrupt. It also disables all TX interrupt sources so as not to cause an 
 228:Generated_Source\PSoC4/USB_UART.c **** *  unexpected interrupt trigger because after the component is enabled, the 
 229:Generated_Source\PSoC4/USB_UART.c **** *  TX FIFO is empty.
 230:Generated_Source\PSoC4/USB_UART.c **** *  Refer to the function USB_UART_Enable() for the interrupt 
 231:Generated_Source\PSoC4/USB_UART.c **** *  configuration details.
 232:Generated_Source\PSoC4/USB_UART.c **** *  This function disables the SCB component without checking to see if 
 233:Generated_Source\PSoC4/USB_UART.c **** *  communication is in progress. Before calling this function it may be 
 234:Generated_Source\PSoC4/USB_UART.c **** *  necessary to check the status of communication to make sure communication 
 235:Generated_Source\PSoC4/USB_UART.c **** *  is complete. If this is not done then communication could be stopped mid 
 236:Generated_Source\PSoC4/USB_UART.c **** *  byte and corrupted data could result.
 237:Generated_Source\PSoC4/USB_UART.c **** *
 238:Generated_Source\PSoC4/USB_UART.c **** *******************************************************************************/
 239:Generated_Source\PSoC4/USB_UART.c **** void USB_UART_Stop(void)
 240:Generated_Source\PSoC4/USB_UART.c **** {
 241:Generated_Source\PSoC4/USB_UART.c **** #if (USB_UART_SCB_IRQ_INTERNAL)
 242:Generated_Source\PSoC4/USB_UART.c ****     USB_UART_DisableInt();
 243:Generated_Source\PSoC4/USB_UART.c **** #endif /* (USB_UART_SCB_IRQ_INTERNAL) */
 244:Generated_Source\PSoC4/USB_UART.c **** 
 245:Generated_Source\PSoC4/USB_UART.c ****     /* Call Stop function specific to current operation mode */
 246:Generated_Source\PSoC4/USB_UART.c ****     USB_UART_ScbModeStop();
 247:Generated_Source\PSoC4/USB_UART.c **** 
 248:Generated_Source\PSoC4/USB_UART.c ****     /* Disable SCB IP */
 249:Generated_Source\PSoC4/USB_UART.c ****     USB_UART_CTRL_REG &= (uint32) ~USB_UART_CTRL_ENABLED;
 250:Generated_Source\PSoC4/USB_UART.c **** 
 251:Generated_Source\PSoC4/USB_UART.c ****     /* Disable all TX interrupt sources so as not to cause an unexpected
 252:Generated_Source\PSoC4/USB_UART.c ****     * interrupt trigger after the component will be enabled because the 
 253:Generated_Source\PSoC4/USB_UART.c ****     * TX FIFO is empty.
 254:Generated_Source\PSoC4/USB_UART.c ****     * For SCB IP v0, it is critical as it does not mask-out interrupt
 255:Generated_Source\PSoC4/USB_UART.c ****     * sources when it is disabled. This can cause a code lock-up in the
 256:Generated_Source\PSoC4/USB_UART.c ****     * interrupt handler because TX FIFO cannot be loaded after the block
 257:Generated_Source\PSoC4/USB_UART.c ****     * is disabled.
 258:Generated_Source\PSoC4/USB_UART.c ****     */
 259:Generated_Source\PSoC4/USB_UART.c ****     USB_UART_SetTxInterruptMode(USB_UART_NO_INTR_SOURCES);
 260:Generated_Source\PSoC4/USB_UART.c **** 
 261:Generated_Source\PSoC4/USB_UART.c **** #if (USB_UART_SCB_IRQ_INTERNAL)
 262:Generated_Source\PSoC4/USB_UART.c ****     USB_UART_ClearPendingInt();
 263:Generated_Source\PSoC4/USB_UART.c **** #endif /* (USB_UART_SCB_IRQ_INTERNAL) */
 264:Generated_Source\PSoC4/USB_UART.c **** }
 265:Generated_Source\PSoC4/USB_UART.c **** 
 266:Generated_Source\PSoC4/USB_UART.c **** 
 267:Generated_Source\PSoC4/USB_UART.c **** /*******************************************************************************
 268:Generated_Source\PSoC4/USB_UART.c **** * Function Name: USB_UART_SetRxFifoLevel
 269:Generated_Source\PSoC4/USB_UART.c **** ****************************************************************************//**
 270:Generated_Source\PSoC4/USB_UART.c **** *
ARM GAS  C:\Users\AFDHAL~1\AppData\Local\Temp\cc3OtZUa.s 			page 7


 271:Generated_Source\PSoC4/USB_UART.c **** *  Sets level in the RX FIFO to generate a RX level interrupt.
 272:Generated_Source\PSoC4/USB_UART.c **** *  When the RX FIFO has more entries than the RX FIFO level an RX level
 273:Generated_Source\PSoC4/USB_UART.c **** *  interrupt request is generated.
 274:Generated_Source\PSoC4/USB_UART.c **** *
 275:Generated_Source\PSoC4/USB_UART.c **** *  \param level: Level in the RX FIFO to generate RX level interrupt.
 276:Generated_Source\PSoC4/USB_UART.c **** *   The range of valid level values is between 0 and RX FIFO depth - 1.
 277:Generated_Source\PSoC4/USB_UART.c **** *
 278:Generated_Source\PSoC4/USB_UART.c **** *******************************************************************************/
 279:Generated_Source\PSoC4/USB_UART.c **** void USB_UART_SetRxFifoLevel(uint32 level)
 280:Generated_Source\PSoC4/USB_UART.c **** {
 281:Generated_Source\PSoC4/USB_UART.c ****     uint32 rxFifoCtrl;
 282:Generated_Source\PSoC4/USB_UART.c **** 
 283:Generated_Source\PSoC4/USB_UART.c ****     rxFifoCtrl = USB_UART_RX_FIFO_CTRL_REG;
 284:Generated_Source\PSoC4/USB_UART.c **** 
 285:Generated_Source\PSoC4/USB_UART.c ****     rxFifoCtrl &= ((uint32) ~USB_UART_RX_FIFO_CTRL_TRIGGER_LEVEL_MASK); /* Clear level mask bits */
 286:Generated_Source\PSoC4/USB_UART.c ****     rxFifoCtrl |= ((uint32) (USB_UART_RX_FIFO_CTRL_TRIGGER_LEVEL_MASK & level));
 287:Generated_Source\PSoC4/USB_UART.c **** 
 288:Generated_Source\PSoC4/USB_UART.c ****     USB_UART_RX_FIFO_CTRL_REG = rxFifoCtrl;
 289:Generated_Source\PSoC4/USB_UART.c **** }
 290:Generated_Source\PSoC4/USB_UART.c **** 
 291:Generated_Source\PSoC4/USB_UART.c **** 
 292:Generated_Source\PSoC4/USB_UART.c **** /*******************************************************************************
 293:Generated_Source\PSoC4/USB_UART.c **** * Function Name: USB_UART_SetTxFifoLevel
 294:Generated_Source\PSoC4/USB_UART.c **** ****************************************************************************//**
 295:Generated_Source\PSoC4/USB_UART.c **** *
 296:Generated_Source\PSoC4/USB_UART.c **** *  Sets level in the TX FIFO to generate a TX level interrupt.
 297:Generated_Source\PSoC4/USB_UART.c **** *  When the TX FIFO has less entries than the TX FIFO level an TX level
 298:Generated_Source\PSoC4/USB_UART.c **** *  interrupt request is generated.
 299:Generated_Source\PSoC4/USB_UART.c **** *
 300:Generated_Source\PSoC4/USB_UART.c **** *  \param level: Level in the TX FIFO to generate TX level interrupt.
 301:Generated_Source\PSoC4/USB_UART.c **** *   The range of valid level values is between 0 and TX FIFO depth - 1.
 302:Generated_Source\PSoC4/USB_UART.c **** *
 303:Generated_Source\PSoC4/USB_UART.c **** *******************************************************************************/
 304:Generated_Source\PSoC4/USB_UART.c **** void USB_UART_SetTxFifoLevel(uint32 level)
 305:Generated_Source\PSoC4/USB_UART.c **** {
 306:Generated_Source\PSoC4/USB_UART.c ****     uint32 txFifoCtrl;
 307:Generated_Source\PSoC4/USB_UART.c **** 
 308:Generated_Source\PSoC4/USB_UART.c ****     txFifoCtrl = USB_UART_TX_FIFO_CTRL_REG;
 309:Generated_Source\PSoC4/USB_UART.c **** 
 310:Generated_Source\PSoC4/USB_UART.c ****     txFifoCtrl &= ((uint32) ~USB_UART_TX_FIFO_CTRL_TRIGGER_LEVEL_MASK); /* Clear level mask bits */
 311:Generated_Source\PSoC4/USB_UART.c ****     txFifoCtrl |= ((uint32) (USB_UART_TX_FIFO_CTRL_TRIGGER_LEVEL_MASK & level));
 312:Generated_Source\PSoC4/USB_UART.c **** 
 313:Generated_Source\PSoC4/USB_UART.c ****     USB_UART_TX_FIFO_CTRL_REG = txFifoCtrl;
 314:Generated_Source\PSoC4/USB_UART.c **** }
 315:Generated_Source\PSoC4/USB_UART.c **** 
 316:Generated_Source\PSoC4/USB_UART.c **** 
 317:Generated_Source\PSoC4/USB_UART.c **** #if (USB_UART_SCB_IRQ_INTERNAL)
 318:Generated_Source\PSoC4/USB_UART.c ****     /*******************************************************************************
 319:Generated_Source\PSoC4/USB_UART.c ****     * Function Name: USB_UART_SetCustomInterruptHandler
 320:Generated_Source\PSoC4/USB_UART.c ****     ****************************************************************************//**
 321:Generated_Source\PSoC4/USB_UART.c ****     *
 322:Generated_Source\PSoC4/USB_UART.c ****     *  Registers a function to be called by the internal interrupt handler.
 323:Generated_Source\PSoC4/USB_UART.c ****     *  First the function that is registered is called, then the internal interrupt
 324:Generated_Source\PSoC4/USB_UART.c ****     *  handler performs any operation such as software buffer management functions
 325:Generated_Source\PSoC4/USB_UART.c ****     *  before the interrupt returns.  It is the user's responsibility not to break
 326:Generated_Source\PSoC4/USB_UART.c ****     *  the software buffer operations. Only one custom handler is supported, which
 327:Generated_Source\PSoC4/USB_UART.c ****     *  is the function provided by the most recent call.
ARM GAS  C:\Users\AFDHAL~1\AppData\Local\Temp\cc3OtZUa.s 			page 8


 328:Generated_Source\PSoC4/USB_UART.c ****     *  At the initialization time no custom handler is registered.
 329:Generated_Source\PSoC4/USB_UART.c ****     *
 330:Generated_Source\PSoC4/USB_UART.c ****     *  \param func: Pointer to the function to register.
 331:Generated_Source\PSoC4/USB_UART.c ****     *        The value NULL indicates to remove the current custom interrupt
 332:Generated_Source\PSoC4/USB_UART.c ****     *        handler.
 333:Generated_Source\PSoC4/USB_UART.c ****     *
 334:Generated_Source\PSoC4/USB_UART.c ****     *******************************************************************************/
 335:Generated_Source\PSoC4/USB_UART.c ****     void USB_UART_SetCustomInterruptHandler(void (*func)(void))
 336:Generated_Source\PSoC4/USB_UART.c ****     {
 337:Generated_Source\PSoC4/USB_UART.c ****     #if !defined (CY_REMOVE_USB_UART_CUSTOM_INTR_HANDLER)
 338:Generated_Source\PSoC4/USB_UART.c ****         USB_UART_customIntrHandler = func; /* Register interrupt handler */
 339:Generated_Source\PSoC4/USB_UART.c ****     #else
 340:Generated_Source\PSoC4/USB_UART.c ****         if (NULL != func)
 341:Generated_Source\PSoC4/USB_UART.c ****         {
 342:Generated_Source\PSoC4/USB_UART.c ****             /* Suppress compiler warning */
 343:Generated_Source\PSoC4/USB_UART.c ****         }
 344:Generated_Source\PSoC4/USB_UART.c ****     #endif /* !defined (CY_REMOVE_USB_UART_CUSTOM_INTR_HANDLER) */
 345:Generated_Source\PSoC4/USB_UART.c ****     }
 346:Generated_Source\PSoC4/USB_UART.c **** #endif /* (USB_UART_SCB_IRQ_INTERNAL) */
 347:Generated_Source\PSoC4/USB_UART.c **** 
 348:Generated_Source\PSoC4/USB_UART.c **** 
 349:Generated_Source\PSoC4/USB_UART.c **** /*******************************************************************************
 350:Generated_Source\PSoC4/USB_UART.c **** * Function Name: USB_UART_ScbModeEnableIntr
 351:Generated_Source\PSoC4/USB_UART.c **** ****************************************************************************//**
 352:Generated_Source\PSoC4/USB_UART.c **** *
 353:Generated_Source\PSoC4/USB_UART.c **** *  Enables an interrupt for a specific mode.
 354:Generated_Source\PSoC4/USB_UART.c **** *
 355:Generated_Source\PSoC4/USB_UART.c **** *******************************************************************************/
 356:Generated_Source\PSoC4/USB_UART.c **** static void USB_UART_ScbEnableIntr(void)
 357:Generated_Source\PSoC4/USB_UART.c **** {
 358:Generated_Source\PSoC4/USB_UART.c **** #if (USB_UART_SCB_IRQ_INTERNAL)
 359:Generated_Source\PSoC4/USB_UART.c ****     /* Enable interrupt in NVIC */
 360:Generated_Source\PSoC4/USB_UART.c ****     #if (USB_UART_SCB_MODE_UNCONFIG_CONST_CFG)
 361:Generated_Source\PSoC4/USB_UART.c ****         if (0u != USB_UART_scbEnableIntr)
 362:Generated_Source\PSoC4/USB_UART.c ****         {
 363:Generated_Source\PSoC4/USB_UART.c ****             USB_UART_EnableInt();
 364:Generated_Source\PSoC4/USB_UART.c ****         }
 365:Generated_Source\PSoC4/USB_UART.c **** 
 366:Generated_Source\PSoC4/USB_UART.c ****     #else
 367:Generated_Source\PSoC4/USB_UART.c ****         USB_UART_EnableInt();
  72              		.loc 1 367 0
  73 000e 0B20     		movs	r0, #11
  74 0010 FFF7FEFF 		bl	CyIntEnable
  75              	.LVL1:
  76              	.LBE15:
  77              	.LBE14:
 192:Generated_Source\PSoC4/USB_UART.c **** 
  78              		.loc 1 192 0
  79              		@ sp needed
  80              	.LBB16:
  81              	.LBB17:
 368:Generated_Source\PSoC4/USB_UART.c **** 
 369:Generated_Source\PSoC4/USB_UART.c ****     #endif /* (USB_UART_SCB_MODE_UNCONFIG_CONST_CFG) */
 370:Generated_Source\PSoC4/USB_UART.c **** #endif /* (USB_UART_SCB_IRQ_INTERNAL) */
 371:Generated_Source\PSoC4/USB_UART.c **** }
 372:Generated_Source\PSoC4/USB_UART.c **** 
 373:Generated_Source\PSoC4/USB_UART.c **** 
ARM GAS  C:\Users\AFDHAL~1\AppData\Local\Temp\cc3OtZUa.s 			page 9


 374:Generated_Source\PSoC4/USB_UART.c **** /*******************************************************************************
 375:Generated_Source\PSoC4/USB_UART.c **** * Function Name: USB_UART_ScbModePostEnable
 376:Generated_Source\PSoC4/USB_UART.c **** ****************************************************************************//**
 377:Generated_Source\PSoC4/USB_UART.c **** *
 378:Generated_Source\PSoC4/USB_UART.c **** *  Calls the PostEnable function for a specific operation mode.
 379:Generated_Source\PSoC4/USB_UART.c **** *
 380:Generated_Source\PSoC4/USB_UART.c **** *******************************************************************************/
 381:Generated_Source\PSoC4/USB_UART.c **** static void USB_UART_ScbModePostEnable(void)
 382:Generated_Source\PSoC4/USB_UART.c **** {
 383:Generated_Source\PSoC4/USB_UART.c **** #if (USB_UART_SCB_MODE_UNCONFIG_CONST_CFG)
 384:Generated_Source\PSoC4/USB_UART.c **** #if (!USB_UART_CY_SCBIP_V1)
 385:Generated_Source\PSoC4/USB_UART.c ****     if (USB_UART_SCB_MODE_SPI_RUNTM_CFG)
 386:Generated_Source\PSoC4/USB_UART.c ****     {
 387:Generated_Source\PSoC4/USB_UART.c ****         USB_UART_SpiPostEnable();
 388:Generated_Source\PSoC4/USB_UART.c ****     }
 389:Generated_Source\PSoC4/USB_UART.c ****     else if (USB_UART_SCB_MODE_UART_RUNTM_CFG)
 390:Generated_Source\PSoC4/USB_UART.c ****     {
 391:Generated_Source\PSoC4/USB_UART.c ****         USB_UART_UartPostEnable();
 392:Generated_Source\PSoC4/USB_UART.c ****     }
 393:Generated_Source\PSoC4/USB_UART.c ****     else
 394:Generated_Source\PSoC4/USB_UART.c ****     {
 395:Generated_Source\PSoC4/USB_UART.c ****         /* Unknown mode: do nothing */
 396:Generated_Source\PSoC4/USB_UART.c ****     }
 397:Generated_Source\PSoC4/USB_UART.c **** #endif /* (!USB_UART_CY_SCBIP_V1) */
 398:Generated_Source\PSoC4/USB_UART.c **** 
 399:Generated_Source\PSoC4/USB_UART.c **** #elif (USB_UART_SCB_MODE_SPI_CONST_CFG)
 400:Generated_Source\PSoC4/USB_UART.c ****     USB_UART_SpiPostEnable();
 401:Generated_Source\PSoC4/USB_UART.c **** 
 402:Generated_Source\PSoC4/USB_UART.c **** #elif (USB_UART_SCB_MODE_UART_CONST_CFG)
 403:Generated_Source\PSoC4/USB_UART.c ****     USB_UART_UartPostEnable();
  82              		.loc 1 403 0
  83 0014 FFF7FEFF 		bl	USB_UART_UartPostEnable
  84              	.LVL2:
  85              	.LBE17:
  86              	.LBE16:
 192:Generated_Source\PSoC4/USB_UART.c **** 
  87              		.loc 1 192 0
  88 0018 10BD     		pop	{r4, pc}
  89              	.L4:
  90 001a C046     		.align	2
  91              	.L3:
  92 001c 00002740 		.word	1076297728
  93              		.cfi_endproc
  94              	.LFE2:
  95              		.size	USB_UART_Enable, .-USB_UART_Enable
  96              		.section	.text.USB_UART_Start,"ax",%progbits
  97              		.align	2
  98              		.global	USB_UART_Start
  99              		.code	16
 100              		.thumb_func
 101              		.type	USB_UART_Start, %function
 102              	USB_UART_Start:
 103              	.LFB3:
 211:Generated_Source\PSoC4/USB_UART.c ****     if (0u == USB_UART_initVar)
 104              		.loc 1 211 0
 105              		.cfi_startproc
 106              		@ args = 0, pretend = 0, frame = 0
ARM GAS  C:\Users\AFDHAL~1\AppData\Local\Temp\cc3OtZUa.s 			page 10


 107              		@ frame_needed = 0, uses_anonymous_args = 0
 108 0000 10B5     		push	{r4, lr}
 109              		.cfi_def_cfa_offset 8
 110              		.cfi_offset 4, -8
 111              		.cfi_offset 14, -4
 212:Generated_Source\PSoC4/USB_UART.c ****     {
 112              		.loc 1 212 0
 113 0002 0A4C     		ldr	r4, .L8
 114 0004 2378     		ldrb	r3, [r4]
 115 0006 002B     		cmp	r3, #0
 116 0008 03D1     		bne	.L6
 117              	.LBB26:
 118              	.LBB27:
 142:Generated_Source\PSoC4/USB_UART.c **** 
 119              		.loc 1 142 0
 120 000a FFF7FEFF 		bl	USB_UART_UartInit
 121              	.LVL3:
 122              	.LBE27:
 123              	.LBE26:
 215:Generated_Source\PSoC4/USB_UART.c ****     }
 124              		.loc 1 215 0
 125 000e 0123     		movs	r3, #1
 126 0010 2370     		strb	r3, [r4]
 127              	.L6:
 128              	.LBB28:
 129              	.LBB29:
 185:Generated_Source\PSoC4/USB_UART.c **** 
 130              		.loc 1 185 0
 131 0012 8021     		movs	r1, #128
 132 0014 064A     		ldr	r2, .L8+4
 133 0016 0906     		lsls	r1, r1, #24
 134 0018 1368     		ldr	r3, [r2]
 135              	.LBB30:
 136              	.LBB31:
 367:Generated_Source\PSoC4/USB_UART.c **** 
 137              		.loc 1 367 0
 138 001a 0B20     		movs	r0, #11
 139              	.LBE31:
 140              	.LBE30:
 185:Generated_Source\PSoC4/USB_UART.c **** 
 141              		.loc 1 185 0
 142 001c 0B43     		orrs	r3, r1
 143 001e 1360     		str	r3, [r2]
 144              	.LBB33:
 145              	.LBB32:
 367:Generated_Source\PSoC4/USB_UART.c **** 
 146              		.loc 1 367 0
 147 0020 FFF7FEFF 		bl	CyIntEnable
 148              	.LVL4:
 149              	.LBE32:
 150              	.LBE33:
 151              	.LBE29:
 152              	.LBE28:
 219:Generated_Source\PSoC4/USB_UART.c **** 
 153              		.loc 1 219 0
 154              		@ sp needed
 155              	.LBB37:
ARM GAS  C:\Users\AFDHAL~1\AppData\Local\Temp\cc3OtZUa.s 			page 11


 156              	.LBB36:
 157              	.LBB34:
 158              	.LBB35:
 159              		.loc 1 403 0
 160 0024 FFF7FEFF 		bl	USB_UART_UartPostEnable
 161              	.LVL5:
 162              	.LBE35:
 163              	.LBE34:
 164              	.LBE36:
 165              	.LBE37:
 219:Generated_Source\PSoC4/USB_UART.c **** 
 166              		.loc 1 219 0
 167 0028 10BD     		pop	{r4, pc}
 168              	.L9:
 169 002a C046     		.align	2
 170              	.L8:
 171 002c 00000000 		.word	.LANCHOR0
 172 0030 00002740 		.word	1076297728
 173              		.cfi_endproc
 174              	.LFE3:
 175              		.size	USB_UART_Start, .-USB_UART_Start
 176              		.section	.text.USB_UART_Stop,"ax",%progbits
 177              		.align	2
 178              		.global	USB_UART_Stop
 179              		.code	16
 180              		.thumb_func
 181              		.type	USB_UART_Stop, %function
 182              	USB_UART_Stop:
 183              	.LFB4:
 240:Generated_Source\PSoC4/USB_UART.c **** #if (USB_UART_SCB_IRQ_INTERNAL)
 184              		.loc 1 240 0
 185              		.cfi_startproc
 186              		@ args = 0, pretend = 0, frame = 0
 187              		@ frame_needed = 0, uses_anonymous_args = 0
 188 0000 10B5     		push	{r4, lr}
 189              		.cfi_def_cfa_offset 8
 190              		.cfi_offset 4, -8
 191              		.cfi_offset 14, -4
 242:Generated_Source\PSoC4/USB_UART.c **** #endif /* (USB_UART_SCB_IRQ_INTERNAL) */
 192              		.loc 1 242 0
 193 0002 0B20     		movs	r0, #11
 194 0004 FFF7FEFF 		bl	CyIntDisable
 195              	.LVL6:
 196              	.LBB38:
 197              	.LBB39:
 404:Generated_Source\PSoC4/USB_UART.c **** 
 405:Generated_Source\PSoC4/USB_UART.c **** #else
 406:Generated_Source\PSoC4/USB_UART.c ****     /* Unknown mode: do nothing */
 407:Generated_Source\PSoC4/USB_UART.c **** #endif /* (USB_UART_SCB_MODE_UNCONFIG_CONST_CFG) */
 408:Generated_Source\PSoC4/USB_UART.c **** }
 409:Generated_Source\PSoC4/USB_UART.c **** 
 410:Generated_Source\PSoC4/USB_UART.c **** 
 411:Generated_Source\PSoC4/USB_UART.c **** /*******************************************************************************
 412:Generated_Source\PSoC4/USB_UART.c **** * Function Name: USB_UART_ScbModeStop
 413:Generated_Source\PSoC4/USB_UART.c **** ****************************************************************************//**
 414:Generated_Source\PSoC4/USB_UART.c **** *
 415:Generated_Source\PSoC4/USB_UART.c **** *  Calls the Stop function for a specific operation mode.
ARM GAS  C:\Users\AFDHAL~1\AppData\Local\Temp\cc3OtZUa.s 			page 12


 416:Generated_Source\PSoC4/USB_UART.c **** *
 417:Generated_Source\PSoC4/USB_UART.c **** *******************************************************************************/
 418:Generated_Source\PSoC4/USB_UART.c **** static void USB_UART_ScbModeStop(void)
 419:Generated_Source\PSoC4/USB_UART.c **** {
 420:Generated_Source\PSoC4/USB_UART.c **** #if (USB_UART_SCB_MODE_UNCONFIG_CONST_CFG)
 421:Generated_Source\PSoC4/USB_UART.c ****     if (USB_UART_SCB_MODE_I2C_RUNTM_CFG)
 422:Generated_Source\PSoC4/USB_UART.c ****     {
 423:Generated_Source\PSoC4/USB_UART.c ****         USB_UART_I2CStop();
 424:Generated_Source\PSoC4/USB_UART.c ****     }
 425:Generated_Source\PSoC4/USB_UART.c ****     else if (USB_UART_SCB_MODE_EZI2C_RUNTM_CFG)
 426:Generated_Source\PSoC4/USB_UART.c ****     {
 427:Generated_Source\PSoC4/USB_UART.c ****         USB_UART_EzI2CStop();
 428:Generated_Source\PSoC4/USB_UART.c ****     }
 429:Generated_Source\PSoC4/USB_UART.c **** #if (!USB_UART_CY_SCBIP_V1)
 430:Generated_Source\PSoC4/USB_UART.c ****     else if (USB_UART_SCB_MODE_SPI_RUNTM_CFG)
 431:Generated_Source\PSoC4/USB_UART.c ****     {
 432:Generated_Source\PSoC4/USB_UART.c ****         USB_UART_SpiStop();
 433:Generated_Source\PSoC4/USB_UART.c ****     }
 434:Generated_Source\PSoC4/USB_UART.c ****     else if (USB_UART_SCB_MODE_UART_RUNTM_CFG)
 435:Generated_Source\PSoC4/USB_UART.c ****     {
 436:Generated_Source\PSoC4/USB_UART.c ****         USB_UART_UartStop();
 437:Generated_Source\PSoC4/USB_UART.c ****     }
 438:Generated_Source\PSoC4/USB_UART.c **** #endif /* (!USB_UART_CY_SCBIP_V1) */
 439:Generated_Source\PSoC4/USB_UART.c ****     else
 440:Generated_Source\PSoC4/USB_UART.c ****     {
 441:Generated_Source\PSoC4/USB_UART.c ****         /* Unknown mode: do nothing */
 442:Generated_Source\PSoC4/USB_UART.c ****     }
 443:Generated_Source\PSoC4/USB_UART.c **** #elif (USB_UART_SCB_MODE_I2C_CONST_CFG)
 444:Generated_Source\PSoC4/USB_UART.c ****     USB_UART_I2CStop();
 445:Generated_Source\PSoC4/USB_UART.c **** 
 446:Generated_Source\PSoC4/USB_UART.c **** #elif (USB_UART_SCB_MODE_EZI2C_CONST_CFG)
 447:Generated_Source\PSoC4/USB_UART.c ****     USB_UART_EzI2CStop();
 448:Generated_Source\PSoC4/USB_UART.c **** 
 449:Generated_Source\PSoC4/USB_UART.c **** #elif (USB_UART_SCB_MODE_SPI_CONST_CFG)
 450:Generated_Source\PSoC4/USB_UART.c ****     USB_UART_SpiStop();
 451:Generated_Source\PSoC4/USB_UART.c **** 
 452:Generated_Source\PSoC4/USB_UART.c **** #elif (USB_UART_SCB_MODE_UART_CONST_CFG)
 453:Generated_Source\PSoC4/USB_UART.c ****     USB_UART_UartStop();
 198              		.loc 1 453 0
 199 0008 FFF7FEFF 		bl	USB_UART_UartStop
 200              	.LVL7:
 201              	.LBE39:
 202              	.LBE38:
 249:Generated_Source\PSoC4/USB_UART.c **** 
 203              		.loc 1 249 0
 204 000c 054A     		ldr	r2, .L11
 262:Generated_Source\PSoC4/USB_UART.c **** #endif /* (USB_UART_SCB_IRQ_INTERNAL) */
 205              		.loc 1 262 0
 206 000e 0B20     		movs	r0, #11
 249:Generated_Source\PSoC4/USB_UART.c **** 
 207              		.loc 1 249 0
 208 0010 1368     		ldr	r3, [r2]
 264:Generated_Source\PSoC4/USB_UART.c **** 
 209              		.loc 1 264 0
 210              		@ sp needed
 249:Generated_Source\PSoC4/USB_UART.c **** 
 211              		.loc 1 249 0
ARM GAS  C:\Users\AFDHAL~1\AppData\Local\Temp\cc3OtZUa.s 			page 13


 212 0012 5B00     		lsls	r3, r3, #1
 213 0014 5B08     		lsrs	r3, r3, #1
 214 0016 1360     		str	r3, [r2]
 259:Generated_Source\PSoC4/USB_UART.c **** 
 215              		.loc 1 259 0
 216 0018 0022     		movs	r2, #0
 217 001a 034B     		ldr	r3, .L11+4
 218 001c 1A60     		str	r2, [r3]
 262:Generated_Source\PSoC4/USB_UART.c **** #endif /* (USB_UART_SCB_IRQ_INTERNAL) */
 219              		.loc 1 262 0
 220 001e FFF7FEFF 		bl	CyIntClearPending
 221              	.LVL8:
 264:Generated_Source\PSoC4/USB_UART.c **** 
 222              		.loc 1 264 0
 223 0022 10BD     		pop	{r4, pc}
 224              	.L12:
 225              		.align	2
 226              	.L11:
 227 0024 00002740 		.word	1076297728
 228 0028 880F2740 		.word	1076301704
 229              		.cfi_endproc
 230              	.LFE4:
 231              		.size	USB_UART_Stop, .-USB_UART_Stop
 232              		.section	.text.USB_UART_SetRxFifoLevel,"ax",%progbits
 233              		.align	2
 234              		.global	USB_UART_SetRxFifoLevel
 235              		.code	16
 236              		.thumb_func
 237              		.type	USB_UART_SetRxFifoLevel, %function
 238              	USB_UART_SetRxFifoLevel:
 239              	.LFB5:
 280:Generated_Source\PSoC4/USB_UART.c ****     uint32 rxFifoCtrl;
 240              		.loc 1 280 0
 241              		.cfi_startproc
 242              		@ args = 0, pretend = 0, frame = 0
 243              		@ frame_needed = 0, uses_anonymous_args = 0
 244              		@ link register save eliminated.
 245              	.LVL9:
 285:Generated_Source\PSoC4/USB_UART.c ****     rxFifoCtrl |= ((uint32) (USB_UART_RX_FIFO_CTRL_TRIGGER_LEVEL_MASK & level));
 246              		.loc 1 285 0
 247 0000 0F21     		movs	r1, #15
 283:Generated_Source\PSoC4/USB_UART.c **** 
 248              		.loc 1 283 0
 249 0002 034A     		ldr	r2, .L14
 286:Generated_Source\PSoC4/USB_UART.c **** 
 250              		.loc 1 286 0
 251 0004 0840     		ands	r0, r1
 252              	.LVL10:
 283:Generated_Source\PSoC4/USB_UART.c **** 
 253              		.loc 1 283 0
 254 0006 1368     		ldr	r3, [r2]
 255              	.LVL11:
 289:Generated_Source\PSoC4/USB_UART.c **** 
 256              		.loc 1 289 0
 257              		@ sp needed
 285:Generated_Source\PSoC4/USB_UART.c ****     rxFifoCtrl |= ((uint32) (USB_UART_RX_FIFO_CTRL_TRIGGER_LEVEL_MASK & level));
 258              		.loc 1 285 0
ARM GAS  C:\Users\AFDHAL~1\AppData\Local\Temp\cc3OtZUa.s 			page 14


 259 0008 8B43     		bics	r3, r1
 260              	.LVL12:
 286:Generated_Source\PSoC4/USB_UART.c **** 
 261              		.loc 1 286 0
 262 000a 1843     		orrs	r0, r3
 263              	.LVL13:
 288:Generated_Source\PSoC4/USB_UART.c **** }
 264              		.loc 1 288 0
 265 000c 1060     		str	r0, [r2]
 289:Generated_Source\PSoC4/USB_UART.c **** 
 266              		.loc 1 289 0
 267 000e 7047     		bx	lr
 268              	.L15:
 269              		.align	2
 270              	.L14:
 271 0010 04032740 		.word	1076298500
 272              		.cfi_endproc
 273              	.LFE5:
 274              		.size	USB_UART_SetRxFifoLevel, .-USB_UART_SetRxFifoLevel
 275              		.section	.text.USB_UART_SetTxFifoLevel,"ax",%progbits
 276              		.align	2
 277              		.global	USB_UART_SetTxFifoLevel
 278              		.code	16
 279              		.thumb_func
 280              		.type	USB_UART_SetTxFifoLevel, %function
 281              	USB_UART_SetTxFifoLevel:
 282              	.LFB6:
 305:Generated_Source\PSoC4/USB_UART.c ****     uint32 txFifoCtrl;
 283              		.loc 1 305 0
 284              		.cfi_startproc
 285              		@ args = 0, pretend = 0, frame = 0
 286              		@ frame_needed = 0, uses_anonymous_args = 0
 287              		@ link register save eliminated.
 288              	.LVL14:
 310:Generated_Source\PSoC4/USB_UART.c ****     txFifoCtrl |= ((uint32) (USB_UART_TX_FIFO_CTRL_TRIGGER_LEVEL_MASK & level));
 289              		.loc 1 310 0
 290 0000 0F21     		movs	r1, #15
 308:Generated_Source\PSoC4/USB_UART.c **** 
 291              		.loc 1 308 0
 292 0002 034A     		ldr	r2, .L17
 311:Generated_Source\PSoC4/USB_UART.c **** 
 293              		.loc 1 311 0
 294 0004 0840     		ands	r0, r1
 295              	.LVL15:
 308:Generated_Source\PSoC4/USB_UART.c **** 
 296              		.loc 1 308 0
 297 0006 1368     		ldr	r3, [r2]
 298              	.LVL16:
 314:Generated_Source\PSoC4/USB_UART.c **** 
 299              		.loc 1 314 0
 300              		@ sp needed
 310:Generated_Source\PSoC4/USB_UART.c ****     txFifoCtrl |= ((uint32) (USB_UART_TX_FIFO_CTRL_TRIGGER_LEVEL_MASK & level));
 301              		.loc 1 310 0
 302 0008 8B43     		bics	r3, r1
 303              	.LVL17:
 311:Generated_Source\PSoC4/USB_UART.c **** 
 304              		.loc 1 311 0
ARM GAS  C:\Users\AFDHAL~1\AppData\Local\Temp\cc3OtZUa.s 			page 15


 305 000a 1843     		orrs	r0, r3
 306              	.LVL18:
 313:Generated_Source\PSoC4/USB_UART.c **** }
 307              		.loc 1 313 0
 308 000c 1060     		str	r0, [r2]
 314:Generated_Source\PSoC4/USB_UART.c **** 
 309              		.loc 1 314 0
 310 000e 7047     		bx	lr
 311              	.L18:
 312              		.align	2
 313              	.L17:
 314 0010 04022740 		.word	1076298244
 315              		.cfi_endproc
 316              	.LFE6:
 317              		.size	USB_UART_SetTxFifoLevel, .-USB_UART_SetTxFifoLevel
 318              		.section	.text.USB_UART_SetCustomInterruptHandler,"ax",%progbits
 319              		.align	2
 320              		.global	USB_UART_SetCustomInterruptHandler
 321              		.code	16
 322              		.thumb_func
 323              		.type	USB_UART_SetCustomInterruptHandler, %function
 324              	USB_UART_SetCustomInterruptHandler:
 325              	.LFB7:
 336:Generated_Source\PSoC4/USB_UART.c ****     #if !defined (CY_REMOVE_USB_UART_CUSTOM_INTR_HANDLER)
 326              		.loc 1 336 0
 327              		.cfi_startproc
 328              		@ args = 0, pretend = 0, frame = 0
 329              		@ frame_needed = 0, uses_anonymous_args = 0
 330              		@ link register save eliminated.
 331              	.LVL19:
 338:Generated_Source\PSoC4/USB_UART.c ****     #else
 332              		.loc 1 338 0
 333 0000 014B     		ldr	r3, .L20
 345:Generated_Source\PSoC4/USB_UART.c **** #endif /* (USB_UART_SCB_IRQ_INTERNAL) */
 334              		.loc 1 345 0
 335              		@ sp needed
 338:Generated_Source\PSoC4/USB_UART.c ****     #else
 336              		.loc 1 338 0
 337 0002 5860     		str	r0, [r3, #4]
 345:Generated_Source\PSoC4/USB_UART.c **** #endif /* (USB_UART_SCB_IRQ_INTERNAL) */
 338              		.loc 1 345 0
 339 0004 7047     		bx	lr
 340              	.L21:
 341 0006 C046     		.align	2
 342              	.L20:
 343 0008 00000000 		.word	.LANCHOR0
 344              		.cfi_endproc
 345              	.LFE7:
 346              		.size	USB_UART_SetCustomInterruptHandler, .-USB_UART_SetCustomInterruptHandler
 347              		.global	USB_UART_customIntrHandler
 348              		.global	USB_UART_IntrTxMask
 349              		.global	USB_UART_initVar
 350              		.bss
 351              		.align	2
 352              		.set	.LANCHOR0,. + 0
 353              		.type	USB_UART_initVar, %object
 354              		.size	USB_UART_initVar, 1
ARM GAS  C:\Users\AFDHAL~1\AppData\Local\Temp\cc3OtZUa.s 			page 16


 355              	USB_UART_initVar:
 356 0000 00       		.space	1
 357 0001 000000   		.space	3
 358              		.type	USB_UART_customIntrHandler, %object
 359              		.size	USB_UART_customIntrHandler, 4
 360              	USB_UART_customIntrHandler:
 361 0004 00000000 		.space	4
 362              		.type	USB_UART_IntrTxMask, %object
 363              		.size	USB_UART_IntrTxMask, 2
 364              	USB_UART_IntrTxMask:
 365 0008 0000     		.space	2
 366              		.text
 367              	.Letext0:
 368              		.file 2 "Generated_Source\\PSoC4/cytypes.h"
 369              		.file 3 "Generated_Source\\PSoC4\\USB_UART_SPI_UART_PVT.h"
 370              		.file 4 "Generated_Source\\PSoC4/CyLib.h"
 371              		.section	.debug_info,"",%progbits
 372              	.Ldebug_info0:
 373 0000 3B030000 		.4byte	0x33b
 374 0004 0400     		.2byte	0x4
 375 0006 00000000 		.4byte	.Ldebug_abbrev0
 376 000a 04       		.byte	0x4
 377 000b 01       		.uleb128 0x1
 378 000c 10010000 		.4byte	.LASF41
 379 0010 0C       		.byte	0xc
 380 0011 75000000 		.4byte	.LASF42
 381 0015 AE020000 		.4byte	.LASF43
 382 0019 30000000 		.4byte	.Ldebug_ranges0+0x30
 383 001d 00000000 		.4byte	0
 384 0021 00000000 		.4byte	.Ldebug_line0
 385 0025 02       		.uleb128 0x2
 386 0026 01       		.byte	0x1
 387 0027 06       		.byte	0x6
 388 0028 1B030000 		.4byte	.LASF0
 389 002c 02       		.uleb128 0x2
 390 002d 01       		.byte	0x1
 391 002e 08       		.byte	0x8
 392 002f D2000000 		.4byte	.LASF1
 393 0033 02       		.uleb128 0x2
 394 0034 02       		.byte	0x2
 395 0035 05       		.byte	0x5
 396 0036 90020000 		.4byte	.LASF2
 397 003a 02       		.uleb128 0x2
 398 003b 02       		.byte	0x2
 399 003c 07       		.byte	0x7
 400 003d 97000000 		.4byte	.LASF3
 401 0041 02       		.uleb128 0x2
 402 0042 04       		.byte	0x4
 403 0043 05       		.byte	0x5
 404 0044 A5020000 		.4byte	.LASF4
 405 0048 02       		.uleb128 0x2
 406 0049 04       		.byte	0x4
 407 004a 07       		.byte	0x7
 408 004b E0000000 		.4byte	.LASF5
 409 004f 02       		.uleb128 0x2
 410 0050 08       		.byte	0x8
 411 0051 05       		.byte	0x5
ARM GAS  C:\Users\AFDHAL~1\AppData\Local\Temp\cc3OtZUa.s 			page 17


 412 0052 3D020000 		.4byte	.LASF6
 413 0056 02       		.uleb128 0x2
 414 0057 08       		.byte	0x8
 415 0058 07       		.byte	0x7
 416 0059 FC010000 		.4byte	.LASF7
 417 005d 03       		.uleb128 0x3
 418 005e 04       		.byte	0x4
 419 005f 05       		.byte	0x5
 420 0060 696E7400 		.ascii	"int\000"
 421 0064 02       		.uleb128 0x2
 422 0065 04       		.byte	0x4
 423 0066 07       		.byte	0x7
 424 0067 EF010000 		.4byte	.LASF8
 425 006b 04       		.uleb128 0x4
 426 006c F2000000 		.4byte	.LASF9
 427 0070 02       		.byte	0x2
 428 0071 D201     		.2byte	0x1d2
 429 0073 2C000000 		.4byte	0x2c
 430 0077 04       		.uleb128 0x4
 431 0078 E1010000 		.4byte	.LASF10
 432 007c 02       		.byte	0x2
 433 007d D301     		.2byte	0x1d3
 434 007f 3A000000 		.4byte	0x3a
 435 0083 04       		.uleb128 0x4
 436 0084 E8010000 		.4byte	.LASF11
 437 0088 02       		.byte	0x2
 438 0089 D401     		.2byte	0x1d4
 439 008b 48000000 		.4byte	0x48
 440 008f 02       		.uleb128 0x2
 441 0090 04       		.byte	0x4
 442 0091 04       		.byte	0x4
 443 0092 CC000000 		.4byte	.LASF12
 444 0096 02       		.uleb128 0x2
 445 0097 08       		.byte	0x8
 446 0098 04       		.byte	0x4
 447 0099 9E010000 		.4byte	.LASF13
 448 009d 02       		.uleb128 0x2
 449 009e 01       		.byte	0x1
 450 009f 08       		.byte	0x8
 451 00a0 4B020000 		.4byte	.LASF14
 452 00a4 04       		.uleb128 0x4
 453 00a5 00000000 		.4byte	.LASF15
 454 00a9 02       		.byte	0x2
 455 00aa 7E02     		.2byte	0x27e
 456 00ac B0000000 		.4byte	0xb0
 457 00b0 05       		.uleb128 0x5
 458 00b1 83000000 		.4byte	0x83
 459 00b5 06       		.uleb128 0x6
 460 00b6 04       		.byte	0x4
 461 00b7 BB000000 		.4byte	0xbb
 462 00bb 07       		.uleb128 0x7
 463 00bc 02       		.uleb128 0x2
 464 00bd 08       		.byte	0x8
 465 00be 04       		.byte	0x4
 466 00bf 0F030000 		.4byte	.LASF16
 467 00c3 02       		.uleb128 0x2
 468 00c4 04       		.byte	0x4
ARM GAS  C:\Users\AFDHAL~1\AppData\Local\Temp\cc3OtZUa.s 			page 18


 469 00c5 07       		.byte	0x7
 470 00c6 34020000 		.4byte	.LASF17
 471 00ca 08       		.uleb128 0x8
 472 00cb 58030000 		.4byte	.LASF18
 473 00cf 01       		.byte	0x1
 474 00d0 7D01     		.2byte	0x17d
 475 00d2 01       		.byte	0x1
 476 00d3 08       		.uleb128 0x8
 477 00d4 A5010000 		.4byte	.LASF19
 478 00d8 01       		.byte	0x1
 479 00d9 6401     		.2byte	0x164
 480 00db 01       		.byte	0x1
 481 00dc 09       		.uleb128 0x9
 482 00dd 27030000 		.4byte	.LASF21
 483 00e1 01       		.byte	0x1
 484 00e2 7B       		.byte	0x7b
 485 00e3 01       		.byte	0x1
 486 00e4 08       		.uleb128 0x8
 487 00e5 35030000 		.4byte	.LASF20
 488 00e9 01       		.byte	0x1
 489 00ea A201     		.2byte	0x1a2
 490 00ec 01       		.byte	0x1
 491 00ed 0A       		.uleb128 0xa
 492 00ee DC000000 		.4byte	0xdc
 493 00f2 00000000 		.4byte	.LFB1
 494 00f6 08000000 		.4byte	.LFE1-.LFB1
 495 00fa 01       		.uleb128 0x1
 496 00fb 9C       		.byte	0x9c
 497 00fc 0A010000 		.4byte	0x10a
 498 0100 0B       		.uleb128 0xb
 499 0101 06000000 		.4byte	.LVL0
 500 0105 FC020000 		.4byte	0x2fc
 501 0109 00       		.byte	0
 502 010a 09       		.uleb128 0x9
 503 010b AA000000 		.4byte	.LASF22
 504 010f 01       		.byte	0x1
 505 0110 AB       		.byte	0xab
 506 0111 01       		.byte	0x1
 507 0112 0A       		.uleb128 0xa
 508 0113 0A010000 		.4byte	0x10a
 509 0117 00000000 		.4byte	.LFB2
 510 011b 20000000 		.4byte	.LFE2-.LFB2
 511 011f 01       		.uleb128 0x1
 512 0120 9C       		.byte	0x9c
 513 0121 62010000 		.4byte	0x162
 514 0125 0C       		.uleb128 0xc
 515 0126 D3000000 		.4byte	0xd3
 516 012a 0E000000 		.4byte	.LBB14
 517 012e 06000000 		.4byte	.LBE14-.LBB14
 518 0132 01       		.byte	0x1
 519 0133 BB       		.byte	0xbb
 520 0134 48010000 		.4byte	0x148
 521 0138 0D       		.uleb128 0xd
 522 0139 14000000 		.4byte	.LVL1
 523 013d 07030000 		.4byte	0x307
 524 0141 0E       		.uleb128 0xe
 525 0142 01       		.uleb128 0x1
ARM GAS  C:\Users\AFDHAL~1\AppData\Local\Temp\cc3OtZUa.s 			page 19


 526 0143 50       		.byte	0x50
 527 0144 01       		.uleb128 0x1
 528 0145 3B       		.byte	0x3b
 529 0146 00       		.byte	0
 530 0147 00       		.byte	0
 531 0148 0F       		.uleb128 0xf
 532 0149 CA000000 		.4byte	0xca
 533 014d 14000000 		.4byte	.LBB16
 534 0151 04000000 		.4byte	.LBE16-.LBB16
 535 0155 01       		.byte	0x1
 536 0156 BE       		.byte	0xbe
 537 0157 0B       		.uleb128 0xb
 538 0158 18000000 		.4byte	.LVL2
 539 015c 12030000 		.4byte	0x312
 540 0160 00       		.byte	0
 541 0161 00       		.byte	0
 542 0162 10       		.uleb128 0x10
 543 0163 13020000 		.4byte	.LASF23
 544 0167 01       		.byte	0x1
 545 0168 D2       		.byte	0xd2
 546 0169 00000000 		.4byte	.LFB3
 547 016d 34000000 		.4byte	.LFE3-.LFB3
 548 0171 01       		.uleb128 0x1
 549 0172 9C       		.byte	0x9c
 550 0173 E1010000 		.4byte	0x1e1
 551 0177 0C       		.uleb128 0xc
 552 0178 DC000000 		.4byte	0xdc
 553 017c 0A000000 		.4byte	.LBB26
 554 0180 04000000 		.4byte	.LBE26-.LBB26
 555 0184 01       		.byte	0x1
 556 0185 D6       		.byte	0xd6
 557 0186 94010000 		.4byte	0x194
 558 018a 0B       		.uleb128 0xb
 559 018b 0E000000 		.4byte	.LVL3
 560 018f FC020000 		.4byte	0x2fc
 561 0193 00       		.byte	0
 562 0194 11       		.uleb128 0x11
 563 0195 0A010000 		.4byte	0x10a
 564 0199 12000000 		.4byte	.LBB28
 565 019d 00000000 		.4byte	.Ldebug_ranges0+0
 566 01a1 01       		.byte	0x1
 567 01a2 DA       		.byte	0xda
 568 01a3 12       		.uleb128 0x12
 569 01a4 D3000000 		.4byte	0xd3
 570 01a8 1A000000 		.4byte	.LBB30
 571 01ac 18000000 		.4byte	.Ldebug_ranges0+0x18
 572 01b0 01       		.byte	0x1
 573 01b1 BB       		.byte	0xbb
 574 01b2 C6010000 		.4byte	0x1c6
 575 01b6 0D       		.uleb128 0xd
 576 01b7 24000000 		.4byte	.LVL4
 577 01bb 07030000 		.4byte	0x307
 578 01bf 0E       		.uleb128 0xe
 579 01c0 01       		.uleb128 0x1
 580 01c1 50       		.byte	0x50
 581 01c2 01       		.uleb128 0x1
 582 01c3 3B       		.byte	0x3b
ARM GAS  C:\Users\AFDHAL~1\AppData\Local\Temp\cc3OtZUa.s 			page 20


 583 01c4 00       		.byte	0
 584 01c5 00       		.byte	0
 585 01c6 0F       		.uleb128 0xf
 586 01c7 CA000000 		.4byte	0xca
 587 01cb 24000000 		.4byte	.LBB34
 588 01cf 04000000 		.4byte	.LBE34-.LBB34
 589 01d3 01       		.byte	0x1
 590 01d4 BE       		.byte	0xbe
 591 01d5 0B       		.uleb128 0xb
 592 01d6 28000000 		.4byte	.LVL5
 593 01da 12030000 		.4byte	0x312
 594 01de 00       		.byte	0
 595 01df 00       		.byte	0
 596 01e0 00       		.byte	0
 597 01e1 10       		.uleb128 0x10
 598 01e2 4A030000 		.4byte	.LASF24
 599 01e6 01       		.byte	0x1
 600 01e7 EF       		.byte	0xef
 601 01e8 00000000 		.4byte	.LFB4
 602 01ec 2C000000 		.4byte	.LFE4-.LFB4
 603 01f0 01       		.uleb128 0x1
 604 01f1 9C       		.byte	0x9c
 605 01f2 36020000 		.4byte	0x236
 606 01f6 0C       		.uleb128 0xc
 607 01f7 E4000000 		.4byte	0xe4
 608 01fb 08000000 		.4byte	.LBB38
 609 01ff 04000000 		.4byte	.LBE38-.LBB38
 610 0203 01       		.byte	0x1
 611 0204 F6       		.byte	0xf6
 612 0205 13020000 		.4byte	0x213
 613 0209 0B       		.uleb128 0xb
 614 020a 0C000000 		.4byte	.LVL7
 615 020e 1D030000 		.4byte	0x31d
 616 0212 00       		.byte	0
 617 0213 13       		.uleb128 0x13
 618 0214 08000000 		.4byte	.LVL6
 619 0218 28030000 		.4byte	0x328
 620 021c 26020000 		.4byte	0x226
 621 0220 0E       		.uleb128 0xe
 622 0221 01       		.uleb128 0x1
 623 0222 50       		.byte	0x50
 624 0223 01       		.uleb128 0x1
 625 0224 3B       		.byte	0x3b
 626 0225 00       		.byte	0
 627 0226 0D       		.uleb128 0xd
 628 0227 22000000 		.4byte	.LVL8
 629 022b 33030000 		.4byte	0x333
 630 022f 0E       		.uleb128 0xe
 631 0230 01       		.uleb128 0x1
 632 0231 50       		.byte	0x50
 633 0232 01       		.uleb128 0x1
 634 0233 3B       		.byte	0x3b
 635 0234 00       		.byte	0
 636 0235 00       		.byte	0
 637 0236 14       		.uleb128 0x14
 638 0237 F8000000 		.4byte	.LASF25
 639 023b 01       		.byte	0x1
ARM GAS  C:\Users\AFDHAL~1\AppData\Local\Temp\cc3OtZUa.s 			page 21


 640 023c 1701     		.2byte	0x117
 641 023e 00000000 		.4byte	.LFB5
 642 0242 14000000 		.4byte	.LFE5-.LFB5
 643 0246 01       		.uleb128 0x1
 644 0247 9C       		.byte	0x9c
 645 0248 6D020000 		.4byte	0x26d
 646 024c 15       		.uleb128 0x15
 647 024d 3A000000 		.4byte	.LASF27
 648 0251 01       		.byte	0x1
 649 0252 1701     		.2byte	0x117
 650 0254 83000000 		.4byte	0x83
 651 0258 00000000 		.4byte	.LLST0
 652 025c 16       		.uleb128 0x16
 653 025d 9A020000 		.4byte	.LASF28
 654 0261 01       		.byte	0x1
 655 0262 1901     		.2byte	0x119
 656 0264 83000000 		.4byte	0x83
 657 0268 21000000 		.4byte	.LLST1
 658 026c 00       		.byte	0
 659 026d 14       		.uleb128 0x14
 660 026e 6B020000 		.4byte	.LASF26
 661 0272 01       		.byte	0x1
 662 0273 3001     		.2byte	0x130
 663 0275 00000000 		.4byte	.LFB6
 664 0279 14000000 		.4byte	.LFE6-.LFB6
 665 027d 01       		.uleb128 0x1
 666 027e 9C       		.byte	0x9c
 667 027f A4020000 		.4byte	0x2a4
 668 0283 15       		.uleb128 0x15
 669 0284 3A000000 		.4byte	.LASF27
 670 0288 01       		.byte	0x1
 671 0289 3001     		.2byte	0x130
 672 028b 83000000 		.4byte	0x83
 673 028f 3F000000 		.4byte	.LLST2
 674 0293 16       		.uleb128 0x16
 675 0294 1E000000 		.4byte	.LASF29
 676 0298 01       		.byte	0x1
 677 0299 3201     		.2byte	0x132
 678 029b 83000000 		.4byte	0x83
 679 029f 60000000 		.4byte	.LLST3
 680 02a3 00       		.byte	0
 681 02a4 14       		.uleb128 0x14
 682 02a5 52000000 		.4byte	.LASF30
 683 02a9 01       		.byte	0x1
 684 02aa 4F01     		.2byte	0x14f
 685 02ac 00000000 		.4byte	.LFB7
 686 02b0 0C000000 		.4byte	.LFE7-.LFB7
 687 02b4 01       		.uleb128 0x1
 688 02b5 9C       		.byte	0x9c
 689 02b6 C9020000 		.4byte	0x2c9
 690 02ba 17       		.uleb128 0x17
 691 02bb BC010000 		.4byte	.LASF31
 692 02bf 01       		.byte	0x1
 693 02c0 4F01     		.2byte	0x14f
 694 02c2 B5000000 		.4byte	0xb5
 695 02c6 01       		.uleb128 0x1
 696 02c7 50       		.byte	0x50
ARM GAS  C:\Users\AFDHAL~1\AppData\Local\Temp\cc3OtZUa.s 			page 22


 697 02c8 00       		.byte	0
 698 02c9 18       		.uleb128 0x18
 699 02ca 29000000 		.4byte	.LASF32
 700 02ce 01       		.byte	0x1
 701 02cf 51       		.byte	0x51
 702 02d0 6B000000 		.4byte	0x6b
 703 02d4 05       		.uleb128 0x5
 704 02d5 03       		.byte	0x3
 705 02d6 00000000 		.4byte	USB_UART_initVar
 706 02da 18       		.uleb128 0x18
 707 02db 50020000 		.4byte	.LASF33
 708 02df 01       		.byte	0x1
 709 02e0 61       		.byte	0x61
 710 02e1 B5000000 		.4byte	0xb5
 711 02e5 05       		.uleb128 0x5
 712 02e6 03       		.byte	0x3
 713 02e7 00000000 		.4byte	USB_UART_customIntrHandler
 714 02eb 18       		.uleb128 0x18
 715 02ec CD010000 		.4byte	.LASF34
 716 02f0 01       		.byte	0x1
 717 02f1 5A       		.byte	0x5a
 718 02f2 77000000 		.4byte	0x77
 719 02f6 05       		.uleb128 0x5
 720 02f7 03       		.byte	0x3
 721 02f8 00000000 		.4byte	USB_UART_IntrTxMask
 722 02fc 19       		.uleb128 0x19
 723 02fd 40000000 		.4byte	.LASF35
 724 0301 40000000 		.4byte	.LASF35
 725 0305 03       		.byte	0x3
 726 0306 50       		.byte	0x50
 727 0307 19       		.uleb128 0x19
 728 0308 C1010000 		.4byte	.LASF36
 729 030c C1010000 		.4byte	.LASF36
 730 0310 04       		.byte	0x4
 731 0311 C3       		.byte	0xc3
 732 0312 19       		.uleb128 0x19
 733 0313 06000000 		.4byte	.LASF37
 734 0317 06000000 		.4byte	.LASF37
 735 031b 03       		.byte	0x3
 736 031c 4C       		.byte	0x4c
 737 031d 19       		.uleb128 0x19
 738 031e BA000000 		.4byte	.LASF38
 739 0322 BA000000 		.4byte	.LASF38
 740 0326 03       		.byte	0x3
 741 0327 4D       		.byte	0x4d
 742 0328 19       		.uleb128 0x19
 743 0329 83020000 		.4byte	.LASF39
 744 032d 83020000 		.4byte	.LASF39
 745 0331 04       		.byte	0x4
 746 0332 C5       		.byte	0xc5
 747 0333 19       		.uleb128 0x19
 748 0334 22020000 		.4byte	.LASF40
 749 0338 22020000 		.4byte	.LASF40
 750 033c 04       		.byte	0x4
 751 033d C8       		.byte	0xc8
 752 033e 00       		.byte	0
 753              		.section	.debug_abbrev,"",%progbits
ARM GAS  C:\Users\AFDHAL~1\AppData\Local\Temp\cc3OtZUa.s 			page 23


 754              	.Ldebug_abbrev0:
 755 0000 01       		.uleb128 0x1
 756 0001 11       		.uleb128 0x11
 757 0002 01       		.byte	0x1
 758 0003 25       		.uleb128 0x25
 759 0004 0E       		.uleb128 0xe
 760 0005 13       		.uleb128 0x13
 761 0006 0B       		.uleb128 0xb
 762 0007 03       		.uleb128 0x3
 763 0008 0E       		.uleb128 0xe
 764 0009 1B       		.uleb128 0x1b
 765 000a 0E       		.uleb128 0xe
 766 000b 55       		.uleb128 0x55
 767 000c 17       		.uleb128 0x17
 768 000d 11       		.uleb128 0x11
 769 000e 01       		.uleb128 0x1
 770 000f 10       		.uleb128 0x10
 771 0010 17       		.uleb128 0x17
 772 0011 00       		.byte	0
 773 0012 00       		.byte	0
 774 0013 02       		.uleb128 0x2
 775 0014 24       		.uleb128 0x24
 776 0015 00       		.byte	0
 777 0016 0B       		.uleb128 0xb
 778 0017 0B       		.uleb128 0xb
 779 0018 3E       		.uleb128 0x3e
 780 0019 0B       		.uleb128 0xb
 781 001a 03       		.uleb128 0x3
 782 001b 0E       		.uleb128 0xe
 783 001c 00       		.byte	0
 784 001d 00       		.byte	0
 785 001e 03       		.uleb128 0x3
 786 001f 24       		.uleb128 0x24
 787 0020 00       		.byte	0
 788 0021 0B       		.uleb128 0xb
 789 0022 0B       		.uleb128 0xb
 790 0023 3E       		.uleb128 0x3e
 791 0024 0B       		.uleb128 0xb
 792 0025 03       		.uleb128 0x3
 793 0026 08       		.uleb128 0x8
 794 0027 00       		.byte	0
 795 0028 00       		.byte	0
 796 0029 04       		.uleb128 0x4
 797 002a 16       		.uleb128 0x16
 798 002b 00       		.byte	0
 799 002c 03       		.uleb128 0x3
 800 002d 0E       		.uleb128 0xe
 801 002e 3A       		.uleb128 0x3a
 802 002f 0B       		.uleb128 0xb
 803 0030 3B       		.uleb128 0x3b
 804 0031 05       		.uleb128 0x5
 805 0032 49       		.uleb128 0x49
 806 0033 13       		.uleb128 0x13
 807 0034 00       		.byte	0
 808 0035 00       		.byte	0
 809 0036 05       		.uleb128 0x5
 810 0037 35       		.uleb128 0x35
ARM GAS  C:\Users\AFDHAL~1\AppData\Local\Temp\cc3OtZUa.s 			page 24


 811 0038 00       		.byte	0
 812 0039 49       		.uleb128 0x49
 813 003a 13       		.uleb128 0x13
 814 003b 00       		.byte	0
 815 003c 00       		.byte	0
 816 003d 06       		.uleb128 0x6
 817 003e 0F       		.uleb128 0xf
 818 003f 00       		.byte	0
 819 0040 0B       		.uleb128 0xb
 820 0041 0B       		.uleb128 0xb
 821 0042 49       		.uleb128 0x49
 822 0043 13       		.uleb128 0x13
 823 0044 00       		.byte	0
 824 0045 00       		.byte	0
 825 0046 07       		.uleb128 0x7
 826 0047 15       		.uleb128 0x15
 827 0048 00       		.byte	0
 828 0049 27       		.uleb128 0x27
 829 004a 19       		.uleb128 0x19
 830 004b 00       		.byte	0
 831 004c 00       		.byte	0
 832 004d 08       		.uleb128 0x8
 833 004e 2E       		.uleb128 0x2e
 834 004f 00       		.byte	0
 835 0050 03       		.uleb128 0x3
 836 0051 0E       		.uleb128 0xe
 837 0052 3A       		.uleb128 0x3a
 838 0053 0B       		.uleb128 0xb
 839 0054 3B       		.uleb128 0x3b
 840 0055 05       		.uleb128 0x5
 841 0056 27       		.uleb128 0x27
 842 0057 19       		.uleb128 0x19
 843 0058 20       		.uleb128 0x20
 844 0059 0B       		.uleb128 0xb
 845 005a 00       		.byte	0
 846 005b 00       		.byte	0
 847 005c 09       		.uleb128 0x9
 848 005d 2E       		.uleb128 0x2e
 849 005e 00       		.byte	0
 850 005f 3F       		.uleb128 0x3f
 851 0060 19       		.uleb128 0x19
 852 0061 03       		.uleb128 0x3
 853 0062 0E       		.uleb128 0xe
 854 0063 3A       		.uleb128 0x3a
 855 0064 0B       		.uleb128 0xb
 856 0065 3B       		.uleb128 0x3b
 857 0066 0B       		.uleb128 0xb
 858 0067 27       		.uleb128 0x27
 859 0068 19       		.uleb128 0x19
 860 0069 20       		.uleb128 0x20
 861 006a 0B       		.uleb128 0xb
 862 006b 00       		.byte	0
 863 006c 00       		.byte	0
 864 006d 0A       		.uleb128 0xa
 865 006e 2E       		.uleb128 0x2e
 866 006f 01       		.byte	0x1
 867 0070 31       		.uleb128 0x31
ARM GAS  C:\Users\AFDHAL~1\AppData\Local\Temp\cc3OtZUa.s 			page 25


 868 0071 13       		.uleb128 0x13
 869 0072 11       		.uleb128 0x11
 870 0073 01       		.uleb128 0x1
 871 0074 12       		.uleb128 0x12
 872 0075 06       		.uleb128 0x6
 873 0076 40       		.uleb128 0x40
 874 0077 18       		.uleb128 0x18
 875 0078 9742     		.uleb128 0x2117
 876 007a 19       		.uleb128 0x19
 877 007b 01       		.uleb128 0x1
 878 007c 13       		.uleb128 0x13
 879 007d 00       		.byte	0
 880 007e 00       		.byte	0
 881 007f 0B       		.uleb128 0xb
 882 0080 898201   		.uleb128 0x4109
 883 0083 00       		.byte	0
 884 0084 11       		.uleb128 0x11
 885 0085 01       		.uleb128 0x1
 886 0086 31       		.uleb128 0x31
 887 0087 13       		.uleb128 0x13
 888 0088 00       		.byte	0
 889 0089 00       		.byte	0
 890 008a 0C       		.uleb128 0xc
 891 008b 1D       		.uleb128 0x1d
 892 008c 01       		.byte	0x1
 893 008d 31       		.uleb128 0x31
 894 008e 13       		.uleb128 0x13
 895 008f 11       		.uleb128 0x11
 896 0090 01       		.uleb128 0x1
 897 0091 12       		.uleb128 0x12
 898 0092 06       		.uleb128 0x6
 899 0093 58       		.uleb128 0x58
 900 0094 0B       		.uleb128 0xb
 901 0095 59       		.uleb128 0x59
 902 0096 0B       		.uleb128 0xb
 903 0097 01       		.uleb128 0x1
 904 0098 13       		.uleb128 0x13
 905 0099 00       		.byte	0
 906 009a 00       		.byte	0
 907 009b 0D       		.uleb128 0xd
 908 009c 898201   		.uleb128 0x4109
 909 009f 01       		.byte	0x1
 910 00a0 11       		.uleb128 0x11
 911 00a1 01       		.uleb128 0x1
 912 00a2 31       		.uleb128 0x31
 913 00a3 13       		.uleb128 0x13
 914 00a4 00       		.byte	0
 915 00a5 00       		.byte	0
 916 00a6 0E       		.uleb128 0xe
 917 00a7 8A8201   		.uleb128 0x410a
 918 00aa 00       		.byte	0
 919 00ab 02       		.uleb128 0x2
 920 00ac 18       		.uleb128 0x18
 921 00ad 9142     		.uleb128 0x2111
 922 00af 18       		.uleb128 0x18
 923 00b0 00       		.byte	0
 924 00b1 00       		.byte	0
ARM GAS  C:\Users\AFDHAL~1\AppData\Local\Temp\cc3OtZUa.s 			page 26


 925 00b2 0F       		.uleb128 0xf
 926 00b3 1D       		.uleb128 0x1d
 927 00b4 01       		.byte	0x1
 928 00b5 31       		.uleb128 0x31
 929 00b6 13       		.uleb128 0x13
 930 00b7 11       		.uleb128 0x11
 931 00b8 01       		.uleb128 0x1
 932 00b9 12       		.uleb128 0x12
 933 00ba 06       		.uleb128 0x6
 934 00bb 58       		.uleb128 0x58
 935 00bc 0B       		.uleb128 0xb
 936 00bd 59       		.uleb128 0x59
 937 00be 0B       		.uleb128 0xb
 938 00bf 00       		.byte	0
 939 00c0 00       		.byte	0
 940 00c1 10       		.uleb128 0x10
 941 00c2 2E       		.uleb128 0x2e
 942 00c3 01       		.byte	0x1
 943 00c4 3F       		.uleb128 0x3f
 944 00c5 19       		.uleb128 0x19
 945 00c6 03       		.uleb128 0x3
 946 00c7 0E       		.uleb128 0xe
 947 00c8 3A       		.uleb128 0x3a
 948 00c9 0B       		.uleb128 0xb
 949 00ca 3B       		.uleb128 0x3b
 950 00cb 0B       		.uleb128 0xb
 951 00cc 27       		.uleb128 0x27
 952 00cd 19       		.uleb128 0x19
 953 00ce 11       		.uleb128 0x11
 954 00cf 01       		.uleb128 0x1
 955 00d0 12       		.uleb128 0x12
 956 00d1 06       		.uleb128 0x6
 957 00d2 40       		.uleb128 0x40
 958 00d3 18       		.uleb128 0x18
 959 00d4 9742     		.uleb128 0x2117
 960 00d6 19       		.uleb128 0x19
 961 00d7 01       		.uleb128 0x1
 962 00d8 13       		.uleb128 0x13
 963 00d9 00       		.byte	0
 964 00da 00       		.byte	0
 965 00db 11       		.uleb128 0x11
 966 00dc 1D       		.uleb128 0x1d
 967 00dd 01       		.byte	0x1
 968 00de 31       		.uleb128 0x31
 969 00df 13       		.uleb128 0x13
 970 00e0 52       		.uleb128 0x52
 971 00e1 01       		.uleb128 0x1
 972 00e2 55       		.uleb128 0x55
 973 00e3 17       		.uleb128 0x17
 974 00e4 58       		.uleb128 0x58
 975 00e5 0B       		.uleb128 0xb
 976 00e6 59       		.uleb128 0x59
 977 00e7 0B       		.uleb128 0xb
 978 00e8 00       		.byte	0
 979 00e9 00       		.byte	0
 980 00ea 12       		.uleb128 0x12
 981 00eb 1D       		.uleb128 0x1d
ARM GAS  C:\Users\AFDHAL~1\AppData\Local\Temp\cc3OtZUa.s 			page 27


 982 00ec 01       		.byte	0x1
 983 00ed 31       		.uleb128 0x31
 984 00ee 13       		.uleb128 0x13
 985 00ef 52       		.uleb128 0x52
 986 00f0 01       		.uleb128 0x1
 987 00f1 55       		.uleb128 0x55
 988 00f2 17       		.uleb128 0x17
 989 00f3 58       		.uleb128 0x58
 990 00f4 0B       		.uleb128 0xb
 991 00f5 59       		.uleb128 0x59
 992 00f6 0B       		.uleb128 0xb
 993 00f7 01       		.uleb128 0x1
 994 00f8 13       		.uleb128 0x13
 995 00f9 00       		.byte	0
 996 00fa 00       		.byte	0
 997 00fb 13       		.uleb128 0x13
 998 00fc 898201   		.uleb128 0x4109
 999 00ff 01       		.byte	0x1
 1000 0100 11       		.uleb128 0x11
 1001 0101 01       		.uleb128 0x1
 1002 0102 31       		.uleb128 0x31
 1003 0103 13       		.uleb128 0x13
 1004 0104 01       		.uleb128 0x1
 1005 0105 13       		.uleb128 0x13
 1006 0106 00       		.byte	0
 1007 0107 00       		.byte	0
 1008 0108 14       		.uleb128 0x14
 1009 0109 2E       		.uleb128 0x2e
 1010 010a 01       		.byte	0x1
 1011 010b 3F       		.uleb128 0x3f
 1012 010c 19       		.uleb128 0x19
 1013 010d 03       		.uleb128 0x3
 1014 010e 0E       		.uleb128 0xe
 1015 010f 3A       		.uleb128 0x3a
 1016 0110 0B       		.uleb128 0xb
 1017 0111 3B       		.uleb128 0x3b
 1018 0112 05       		.uleb128 0x5
 1019 0113 27       		.uleb128 0x27
 1020 0114 19       		.uleb128 0x19
 1021 0115 11       		.uleb128 0x11
 1022 0116 01       		.uleb128 0x1
 1023 0117 12       		.uleb128 0x12
 1024 0118 06       		.uleb128 0x6
 1025 0119 40       		.uleb128 0x40
 1026 011a 18       		.uleb128 0x18
 1027 011b 9742     		.uleb128 0x2117
 1028 011d 19       		.uleb128 0x19
 1029 011e 01       		.uleb128 0x1
 1030 011f 13       		.uleb128 0x13
 1031 0120 00       		.byte	0
 1032 0121 00       		.byte	0
 1033 0122 15       		.uleb128 0x15
 1034 0123 05       		.uleb128 0x5
 1035 0124 00       		.byte	0
 1036 0125 03       		.uleb128 0x3
 1037 0126 0E       		.uleb128 0xe
 1038 0127 3A       		.uleb128 0x3a
ARM GAS  C:\Users\AFDHAL~1\AppData\Local\Temp\cc3OtZUa.s 			page 28


 1039 0128 0B       		.uleb128 0xb
 1040 0129 3B       		.uleb128 0x3b
 1041 012a 05       		.uleb128 0x5
 1042 012b 49       		.uleb128 0x49
 1043 012c 13       		.uleb128 0x13
 1044 012d 02       		.uleb128 0x2
 1045 012e 17       		.uleb128 0x17
 1046 012f 00       		.byte	0
 1047 0130 00       		.byte	0
 1048 0131 16       		.uleb128 0x16
 1049 0132 34       		.uleb128 0x34
 1050 0133 00       		.byte	0
 1051 0134 03       		.uleb128 0x3
 1052 0135 0E       		.uleb128 0xe
 1053 0136 3A       		.uleb128 0x3a
 1054 0137 0B       		.uleb128 0xb
 1055 0138 3B       		.uleb128 0x3b
 1056 0139 05       		.uleb128 0x5
 1057 013a 49       		.uleb128 0x49
 1058 013b 13       		.uleb128 0x13
 1059 013c 02       		.uleb128 0x2
 1060 013d 17       		.uleb128 0x17
 1061 013e 00       		.byte	0
 1062 013f 00       		.byte	0
 1063 0140 17       		.uleb128 0x17
 1064 0141 05       		.uleb128 0x5
 1065 0142 00       		.byte	0
 1066 0143 03       		.uleb128 0x3
 1067 0144 0E       		.uleb128 0xe
 1068 0145 3A       		.uleb128 0x3a
 1069 0146 0B       		.uleb128 0xb
 1070 0147 3B       		.uleb128 0x3b
 1071 0148 05       		.uleb128 0x5
 1072 0149 49       		.uleb128 0x49
 1073 014a 13       		.uleb128 0x13
 1074 014b 02       		.uleb128 0x2
 1075 014c 18       		.uleb128 0x18
 1076 014d 00       		.byte	0
 1077 014e 00       		.byte	0
 1078 014f 18       		.uleb128 0x18
 1079 0150 34       		.uleb128 0x34
 1080 0151 00       		.byte	0
 1081 0152 03       		.uleb128 0x3
 1082 0153 0E       		.uleb128 0xe
 1083 0154 3A       		.uleb128 0x3a
 1084 0155 0B       		.uleb128 0xb
 1085 0156 3B       		.uleb128 0x3b
 1086 0157 0B       		.uleb128 0xb
 1087 0158 49       		.uleb128 0x49
 1088 0159 13       		.uleb128 0x13
 1089 015a 3F       		.uleb128 0x3f
 1090 015b 19       		.uleb128 0x19
 1091 015c 02       		.uleb128 0x2
 1092 015d 18       		.uleb128 0x18
 1093 015e 00       		.byte	0
 1094 015f 00       		.byte	0
 1095 0160 19       		.uleb128 0x19
ARM GAS  C:\Users\AFDHAL~1\AppData\Local\Temp\cc3OtZUa.s 			page 29


 1096 0161 2E       		.uleb128 0x2e
 1097 0162 00       		.byte	0
 1098 0163 3F       		.uleb128 0x3f
 1099 0164 19       		.uleb128 0x19
 1100 0165 3C       		.uleb128 0x3c
 1101 0166 19       		.uleb128 0x19
 1102 0167 6E       		.uleb128 0x6e
 1103 0168 0E       		.uleb128 0xe
 1104 0169 03       		.uleb128 0x3
 1105 016a 0E       		.uleb128 0xe
 1106 016b 3A       		.uleb128 0x3a
 1107 016c 0B       		.uleb128 0xb
 1108 016d 3B       		.uleb128 0x3b
 1109 016e 0B       		.uleb128 0xb
 1110 016f 00       		.byte	0
 1111 0170 00       		.byte	0
 1112 0171 00       		.byte	0
 1113              		.section	.debug_loc,"",%progbits
 1114              	.Ldebug_loc0:
 1115              	.LLST0:
 1116 0000 00000000 		.4byte	.LVL9
 1117 0004 06000000 		.4byte	.LVL10
 1118 0008 0100     		.2byte	0x1
 1119 000a 50       		.byte	0x50
 1120 000b 06000000 		.4byte	.LVL10
 1121 000f 14000000 		.4byte	.LFE5
 1122 0013 0400     		.2byte	0x4
 1123 0015 F3       		.byte	0xf3
 1124 0016 01       		.uleb128 0x1
 1125 0017 50       		.byte	0x50
 1126 0018 9F       		.byte	0x9f
 1127 0019 00000000 		.4byte	0
 1128 001d 00000000 		.4byte	0
 1129              	.LLST1:
 1130 0021 08000000 		.4byte	.LVL11
 1131 0025 0C000000 		.4byte	.LVL13
 1132 0029 0100     		.2byte	0x1
 1133 002b 53       		.byte	0x53
 1134 002c 0C000000 		.4byte	.LVL13
 1135 0030 14000000 		.4byte	.LFE5
 1136 0034 0100     		.2byte	0x1
 1137 0036 50       		.byte	0x50
 1138 0037 00000000 		.4byte	0
 1139 003b 00000000 		.4byte	0
 1140              	.LLST2:
 1141 003f 00000000 		.4byte	.LVL14
 1142 0043 06000000 		.4byte	.LVL15
 1143 0047 0100     		.2byte	0x1
 1144 0049 50       		.byte	0x50
 1145 004a 06000000 		.4byte	.LVL15
 1146 004e 14000000 		.4byte	.LFE6
 1147 0052 0400     		.2byte	0x4
 1148 0054 F3       		.byte	0xf3
 1149 0055 01       		.uleb128 0x1
 1150 0056 50       		.byte	0x50
 1151 0057 9F       		.byte	0x9f
 1152 0058 00000000 		.4byte	0
ARM GAS  C:\Users\AFDHAL~1\AppData\Local\Temp\cc3OtZUa.s 			page 30


 1153 005c 00000000 		.4byte	0
 1154              	.LLST3:
 1155 0060 08000000 		.4byte	.LVL16
 1156 0064 0C000000 		.4byte	.LVL18
 1157 0068 0100     		.2byte	0x1
 1158 006a 53       		.byte	0x53
 1159 006b 0C000000 		.4byte	.LVL18
 1160 006f 14000000 		.4byte	.LFE6
 1161 0073 0100     		.2byte	0x1
 1162 0075 50       		.byte	0x50
 1163 0076 00000000 		.4byte	0
 1164 007a 00000000 		.4byte	0
 1165              		.section	.debug_aranges,"",%progbits
 1166 0000 4C000000 		.4byte	0x4c
 1167 0004 0200     		.2byte	0x2
 1168 0006 00000000 		.4byte	.Ldebug_info0
 1169 000a 04       		.byte	0x4
 1170 000b 00       		.byte	0
 1171 000c 0000     		.2byte	0
 1172 000e 0000     		.2byte	0
 1173 0010 00000000 		.4byte	.LFB1
 1174 0014 08000000 		.4byte	.LFE1-.LFB1
 1175 0018 00000000 		.4byte	.LFB2
 1176 001c 20000000 		.4byte	.LFE2-.LFB2
 1177 0020 00000000 		.4byte	.LFB3
 1178 0024 34000000 		.4byte	.LFE3-.LFB3
 1179 0028 00000000 		.4byte	.LFB4
 1180 002c 2C000000 		.4byte	.LFE4-.LFB4
 1181 0030 00000000 		.4byte	.LFB5
 1182 0034 14000000 		.4byte	.LFE5-.LFB5
 1183 0038 00000000 		.4byte	.LFB6
 1184 003c 14000000 		.4byte	.LFE6-.LFB6
 1185 0040 00000000 		.4byte	.LFB7
 1186 0044 0C000000 		.4byte	.LFE7-.LFB7
 1187 0048 00000000 		.4byte	0
 1188 004c 00000000 		.4byte	0
 1189              		.section	.debug_ranges,"",%progbits
 1190              	.Ldebug_ranges0:
 1191 0000 12000000 		.4byte	.LBB28
 1192 0004 24000000 		.4byte	.LBE28
 1193 0008 24000000 		.4byte	.LBB37
 1194 000c 28000000 		.4byte	.LBE37
 1195 0010 00000000 		.4byte	0
 1196 0014 00000000 		.4byte	0
 1197 0018 1A000000 		.4byte	.LBB30
 1198 001c 1C000000 		.4byte	.LBE30
 1199 0020 20000000 		.4byte	.LBB33
 1200 0024 24000000 		.4byte	.LBE33
 1201 0028 00000000 		.4byte	0
 1202 002c 00000000 		.4byte	0
 1203 0030 00000000 		.4byte	.LFB1
 1204 0034 08000000 		.4byte	.LFE1
 1205 0038 00000000 		.4byte	.LFB2
 1206 003c 20000000 		.4byte	.LFE2
 1207 0040 00000000 		.4byte	.LFB3
 1208 0044 34000000 		.4byte	.LFE3
 1209 0048 00000000 		.4byte	.LFB4
ARM GAS  C:\Users\AFDHAL~1\AppData\Local\Temp\cc3OtZUa.s 			page 31


 1210 004c 2C000000 		.4byte	.LFE4
 1211 0050 00000000 		.4byte	.LFB5
 1212 0054 14000000 		.4byte	.LFE5
 1213 0058 00000000 		.4byte	.LFB6
 1214 005c 14000000 		.4byte	.LFE6
 1215 0060 00000000 		.4byte	.LFB7
 1216 0064 0C000000 		.4byte	.LFE7
 1217 0068 00000000 		.4byte	0
 1218 006c 00000000 		.4byte	0
 1219              		.section	.debug_line,"",%progbits
 1220              	.Ldebug_line0:
 1221 0000 54010000 		.section	.debug_str,"MS",%progbits,1
 1221      02006B00 
 1221      00000201 
 1221      FB0E0D00 
 1221      01010101 
 1222              	.LASF15:
 1223 0000 72656733 		.ascii	"reg32\000"
 1223      3200
 1224              	.LASF37:
 1225 0006 5553425F 		.ascii	"USB_UART_UartPostEnable\000"
 1225      55415254 
 1225      5F556172 
 1225      74506F73 
 1225      74456E61 
 1226              	.LASF29:
 1227 001e 74784669 		.ascii	"txFifoCtrl\000"
 1227      666F4374 
 1227      726C00
 1228              	.LASF32:
 1229 0029 5553425F 		.ascii	"USB_UART_initVar\000"
 1229      55415254 
 1229      5F696E69 
 1229      74566172 
 1229      00
 1230              	.LASF27:
 1231 003a 6C657665 		.ascii	"level\000"
 1231      6C00
 1232              	.LASF35:
 1233 0040 5553425F 		.ascii	"USB_UART_UartInit\000"
 1233      55415254 
 1233      5F556172 
 1233      74496E69 
 1233      7400
 1234              	.LASF30:
 1235 0052 5553425F 		.ascii	"USB_UART_SetCustomInterruptHandler\000"
 1235      55415254 
 1235      5F536574 
 1235      43757374 
 1235      6F6D496E 
 1236              	.LASF42:
 1237 0075 47656E65 		.ascii	"Generated_Source\\PSoC4\\USB_UART.c\000"
 1237      72617465 
 1237      645F536F 
 1237      75726365 
 1237      5C50536F 
 1238              	.LASF3:
ARM GAS  C:\Users\AFDHAL~1\AppData\Local\Temp\cc3OtZUa.s 			page 32


 1239 0097 73686F72 		.ascii	"short unsigned int\000"
 1239      7420756E 
 1239      7369676E 
 1239      65642069 
 1239      6E7400
 1240              	.LASF22:
 1241 00aa 5553425F 		.ascii	"USB_UART_Enable\000"
 1241      55415254 
 1241      5F456E61 
 1241      626C6500 
 1242              	.LASF38:
 1243 00ba 5553425F 		.ascii	"USB_UART_UartStop\000"
 1243      55415254 
 1243      5F556172 
 1243      7453746F 
 1243      7000
 1244              	.LASF12:
 1245 00cc 666C6F61 		.ascii	"float\000"
 1245      7400
 1246              	.LASF1:
 1247 00d2 756E7369 		.ascii	"unsigned char\000"
 1247      676E6564 
 1247      20636861 
 1247      7200
 1248              	.LASF5:
 1249 00e0 6C6F6E67 		.ascii	"long unsigned int\000"
 1249      20756E73 
 1249      69676E65 
 1249      6420696E 
 1249      7400
 1250              	.LASF9:
 1251 00f2 75696E74 		.ascii	"uint8\000"
 1251      3800
 1252              	.LASF25:
 1253 00f8 5553425F 		.ascii	"USB_UART_SetRxFifoLevel\000"
 1253      55415254 
 1253      5F536574 
 1253      52784669 
 1253      666F4C65 
 1254              	.LASF41:
 1255 0110 474E5520 		.ascii	"GNU C11 5.4.1 20160609 (release) [ARM/embedded-5-br"
 1255      43313120 
 1255      352E342E 
 1255      31203230 
 1255      31363036 
 1256 0143 616E6368 		.ascii	"anch revision 237715] -mcpu=cortex-m0 -mthumb -g -O"
 1256      20726576 
 1256      6973696F 
 1256      6E203233 
 1256      37373135 
 1257 0176 33202D66 		.ascii	"3 -ffunction-sections -ffat-lto-objects\000"
 1257      66756E63 
 1257      74696F6E 
 1257      2D736563 
 1257      74696F6E 
 1258              	.LASF13:
 1259 019e 646F7562 		.ascii	"double\000"
ARM GAS  C:\Users\AFDHAL~1\AppData\Local\Temp\cc3OtZUa.s 			page 33


 1259      6C6500
 1260              	.LASF19:
 1261 01a5 5553425F 		.ascii	"USB_UART_ScbEnableIntr\000"
 1261      55415254 
 1261      5F536362 
 1261      456E6162 
 1261      6C65496E 
 1262              	.LASF31:
 1263 01bc 66756E63 		.ascii	"func\000"
 1263      00
 1264              	.LASF36:
 1265 01c1 4379496E 		.ascii	"CyIntEnable\000"
 1265      74456E61 
 1265      626C6500 
 1266              	.LASF34:
 1267 01cd 5553425F 		.ascii	"USB_UART_IntrTxMask\000"
 1267      55415254 
 1267      5F496E74 
 1267      7254784D 
 1267      61736B00 
 1268              	.LASF10:
 1269 01e1 75696E74 		.ascii	"uint16\000"
 1269      313600
 1270              	.LASF11:
 1271 01e8 75696E74 		.ascii	"uint32\000"
 1271      333200
 1272              	.LASF8:
 1273 01ef 756E7369 		.ascii	"unsigned int\000"
 1273      676E6564 
 1273      20696E74 
 1273      00
 1274              	.LASF7:
 1275 01fc 6C6F6E67 		.ascii	"long long unsigned int\000"
 1275      206C6F6E 
 1275      6720756E 
 1275      7369676E 
 1275      65642069 
 1276              	.LASF23:
 1277 0213 5553425F 		.ascii	"USB_UART_Start\000"
 1277      55415254 
 1277      5F537461 
 1277      727400
 1278              	.LASF40:
 1279 0222 4379496E 		.ascii	"CyIntClearPending\000"
 1279      74436C65 
 1279      61725065 
 1279      6E64696E 
 1279      6700
 1280              	.LASF17:
 1281 0234 73697A65 		.ascii	"sizetype\000"
 1281      74797065 
 1281      00
 1282              	.LASF6:
 1283 023d 6C6F6E67 		.ascii	"long long int\000"
 1283      206C6F6E 
 1283      6720696E 
 1283      7400
ARM GAS  C:\Users\AFDHAL~1\AppData\Local\Temp\cc3OtZUa.s 			page 34


 1284              	.LASF14:
 1285 024b 63686172 		.ascii	"char\000"
 1285      00
 1286              	.LASF33:
 1287 0250 5553425F 		.ascii	"USB_UART_customIntrHandler\000"
 1287      55415254 
 1287      5F637573 
 1287      746F6D49 
 1287      6E747248 
 1288              	.LASF26:
 1289 026b 5553425F 		.ascii	"USB_UART_SetTxFifoLevel\000"
 1289      55415254 
 1289      5F536574 
 1289      54784669 
 1289      666F4C65 
 1290              	.LASF39:
 1291 0283 4379496E 		.ascii	"CyIntDisable\000"
 1291      74446973 
 1291      61626C65 
 1291      00
 1292              	.LASF2:
 1293 0290 73686F72 		.ascii	"short int\000"
 1293      7420696E 
 1293      7400
 1294              	.LASF28:
 1295 029a 72784669 		.ascii	"rxFifoCtrl\000"
 1295      666F4374 
 1295      726C00
 1296              	.LASF4:
 1297 02a5 6C6F6E67 		.ascii	"long int\000"
 1297      20696E74 
 1297      00
 1298              	.LASF43:
 1299 02ae 433A5C55 		.ascii	"C:\\Users\\AfdhalAtiffTan\\Documents\\PSoC Creator\\"
 1299      73657273 
 1299      5C416664 
 1299      68616C41 
 1299      74696666 
 1300 02dd 736D6172 		.ascii	"smart_winch_prototype\\Workspace01\\Prototype.cydsn"
 1300      745F7769 
 1300      6E63685F 
 1300      70726F74 
 1300      6F747970 
 1301 030e 00       		.ascii	"\000"
 1302              	.LASF16:
 1303 030f 6C6F6E67 		.ascii	"long double\000"
 1303      20646F75 
 1303      626C6500 
 1304              	.LASF0:
 1305 031b 7369676E 		.ascii	"signed char\000"
 1305      65642063 
 1305      68617200 
 1306              	.LASF21:
 1307 0327 5553425F 		.ascii	"USB_UART_Init\000"
 1307      55415254 
 1307      5F496E69 
 1307      7400
ARM GAS  C:\Users\AFDHAL~1\AppData\Local\Temp\cc3OtZUa.s 			page 35


 1308              	.LASF20:
 1309 0335 5553425F 		.ascii	"USB_UART_ScbModeStop\000"
 1309      55415254 
 1309      5F536362 
 1309      4D6F6465 
 1309      53746F70 
 1310              	.LASF24:
 1311 034a 5553425F 		.ascii	"USB_UART_Stop\000"
 1311      55415254 
 1311      5F53746F 
 1311      7000
 1312              	.LASF18:
 1313 0358 5553425F 		.ascii	"USB_UART_ScbModePostEnable\000"
 1313      55415254 
 1313      5F536362 
 1313      4D6F6465 
 1313      506F7374 
 1314              		.ident	"GCC: (GNU Tools for ARM Embedded Processors) 5.4.1 20160609 (release) [ARM/embedded-5-bran
