ARM GAS  C:\Users\AFDHAL~1\AppData\Local\Temp\ccoPiRiD.s 			page 1


   1              		.syntax unified
   2              		.cpu cortex-m0
   3              		.fpu softvfp
   4              		.eabi_attribute 20, 1
   5              		.eabi_attribute 21, 1
   6              		.eabi_attribute 23, 3
   7              		.eabi_attribute 24, 1
   8              		.eabi_attribute 25, 1
   9              		.eabi_attribute 26, 1
  10              		.eabi_attribute 30, 1
  11              		.eabi_attribute 34, 0
  12              		.eabi_attribute 18, 4
  13              		.thumb
  14              		.syntax unified
  15              		.file	"cyfitter_cfg.c"
  16              		.text
  17              	.Ltext0:
  18              		.cfi_sections	.debug_frame
  19              		.section	.text.AnalogSetDefault,"ax",%progbits
  20              		.align	2
  21              		.code	16
  22              		.thumb_func
  23              		.type	AnalogSetDefault, %function
  24              	AnalogSetDefault:
  25              	.LFB5:
  26              		.file 1 "Generated_Source\\PSoC4\\cyfitter_cfg.c"
   1:Generated_Source\PSoC4/cyfitter_cfg.c **** 
   2:Generated_Source\PSoC4/cyfitter_cfg.c **** /*******************************************************************************
   3:Generated_Source\PSoC4/cyfitter_cfg.c **** * File Name: cyfitter_cfg.c
   4:Generated_Source\PSoC4/cyfitter_cfg.c **** * 
   5:Generated_Source\PSoC4/cyfitter_cfg.c **** * PSoC Creator  4.1 Update 1
   6:Generated_Source\PSoC4/cyfitter_cfg.c **** *
   7:Generated_Source\PSoC4/cyfitter_cfg.c **** * Description:
   8:Generated_Source\PSoC4/cyfitter_cfg.c **** * This file contains device initialization code.
   9:Generated_Source\PSoC4/cyfitter_cfg.c **** * Except for the user defined sections in CyClockStartupError(), this file should not be modified.
  10:Generated_Source\PSoC4/cyfitter_cfg.c **** * This file is automatically generated by PSoC Creator.
  11:Generated_Source\PSoC4/cyfitter_cfg.c **** *
  12:Generated_Source\PSoC4/cyfitter_cfg.c **** ********************************************************************************
  13:Generated_Source\PSoC4/cyfitter_cfg.c **** * Copyright (c) 2007-2017 Cypress Semiconductor.  All rights reserved.
  14:Generated_Source\PSoC4/cyfitter_cfg.c **** * You may use this file only in accordance with the license, terms, conditions, 
  15:Generated_Source\PSoC4/cyfitter_cfg.c **** * disclaimers, and limitations in the end user license agreement accompanying 
  16:Generated_Source\PSoC4/cyfitter_cfg.c **** * the software package with which this file was provided.
  17:Generated_Source\PSoC4/cyfitter_cfg.c **** ********************************************************************************/
  18:Generated_Source\PSoC4/cyfitter_cfg.c **** 
  19:Generated_Source\PSoC4/cyfitter_cfg.c **** #include <string.h>
  20:Generated_Source\PSoC4/cyfitter_cfg.c **** #include "cytypes.h"
  21:Generated_Source\PSoC4/cyfitter_cfg.c **** #include "cydevice_trm.h"
  22:Generated_Source\PSoC4/cyfitter_cfg.c **** #include "cyfitter.h"
  23:Generated_Source\PSoC4/cyfitter_cfg.c **** #include "CyLib.h"
  24:Generated_Source\PSoC4/cyfitter_cfg.c **** #include "CyLFClk.h"
  25:Generated_Source\PSoC4/cyfitter_cfg.c **** #include "cyfitter_cfg.h"
  26:Generated_Source\PSoC4/cyfitter_cfg.c **** #include "cyapicallbacks.h"
  27:Generated_Source\PSoC4/cyfitter_cfg.c **** 
  28:Generated_Source\PSoC4/cyfitter_cfg.c **** 
  29:Generated_Source\PSoC4/cyfitter_cfg.c **** #if defined(__GNUC__) || defined(__ARMCC_VERSION)
  30:Generated_Source\PSoC4/cyfitter_cfg.c ****     #define CYPACKED 
  31:Generated_Source\PSoC4/cyfitter_cfg.c ****     #define CYPACKED_ATTR __attribute__ ((packed))
ARM GAS  C:\Users\AFDHAL~1\AppData\Local\Temp\ccoPiRiD.s 			page 2


  32:Generated_Source\PSoC4/cyfitter_cfg.c ****     #define CYALIGNED __attribute__ ((aligned))
  33:Generated_Source\PSoC4/cyfitter_cfg.c ****     #define CY_CFG_UNUSED __attribute__ ((unused))
  34:Generated_Source\PSoC4/cyfitter_cfg.c ****     #ifndef CY_CFG_SECTION
  35:Generated_Source\PSoC4/cyfitter_cfg.c ****         #define CY_CFG_SECTION __attribute__ ((section(".psocinit")))
  36:Generated_Source\PSoC4/cyfitter_cfg.c ****     #endif
  37:Generated_Source\PSoC4/cyfitter_cfg.c ****     
  38:Generated_Source\PSoC4/cyfitter_cfg.c ****     #if defined(__ARMCC_VERSION)
  39:Generated_Source\PSoC4/cyfitter_cfg.c ****         #define CY_CFG_MEMORY_BARRIER() __memory_changed()
  40:Generated_Source\PSoC4/cyfitter_cfg.c ****     #else
  41:Generated_Source\PSoC4/cyfitter_cfg.c ****         #define CY_CFG_MEMORY_BARRIER() __sync_synchronize()
  42:Generated_Source\PSoC4/cyfitter_cfg.c ****     #endif
  43:Generated_Source\PSoC4/cyfitter_cfg.c ****     
  44:Generated_Source\PSoC4/cyfitter_cfg.c **** #elif defined(__ICCARM__)
  45:Generated_Source\PSoC4/cyfitter_cfg.c ****     #include <intrinsics.h>
  46:Generated_Source\PSoC4/cyfitter_cfg.c **** 
  47:Generated_Source\PSoC4/cyfitter_cfg.c ****     #define CYPACKED __packed
  48:Generated_Source\PSoC4/cyfitter_cfg.c ****     #define CYPACKED_ATTR 
  49:Generated_Source\PSoC4/cyfitter_cfg.c ****     #define CYALIGNED _Pragma("data_alignment=4")
  50:Generated_Source\PSoC4/cyfitter_cfg.c ****     #define CY_CFG_UNUSED _Pragma("diag_suppress=Pe177")
  51:Generated_Source\PSoC4/cyfitter_cfg.c ****     #define CY_CFG_SECTION _Pragma("location=\".psocinit\"")
  52:Generated_Source\PSoC4/cyfitter_cfg.c ****     
  53:Generated_Source\PSoC4/cyfitter_cfg.c ****     #define CY_CFG_MEMORY_BARRIER() __DMB()
  54:Generated_Source\PSoC4/cyfitter_cfg.c ****     
  55:Generated_Source\PSoC4/cyfitter_cfg.c **** #else
  56:Generated_Source\PSoC4/cyfitter_cfg.c ****     #error Unsupported toolchain
  57:Generated_Source\PSoC4/cyfitter_cfg.c **** #endif
  58:Generated_Source\PSoC4/cyfitter_cfg.c **** 
  59:Generated_Source\PSoC4/cyfitter_cfg.c **** #ifndef CYCODE
  60:Generated_Source\PSoC4/cyfitter_cfg.c ****     #define CYCODE
  61:Generated_Source\PSoC4/cyfitter_cfg.c **** #endif
  62:Generated_Source\PSoC4/cyfitter_cfg.c **** #ifndef CYDATA
  63:Generated_Source\PSoC4/cyfitter_cfg.c ****     #define CYDATA
  64:Generated_Source\PSoC4/cyfitter_cfg.c **** #endif
  65:Generated_Source\PSoC4/cyfitter_cfg.c **** #ifndef CYFAR
  66:Generated_Source\PSoC4/cyfitter_cfg.c ****     #define CYFAR
  67:Generated_Source\PSoC4/cyfitter_cfg.c **** #endif
  68:Generated_Source\PSoC4/cyfitter_cfg.c **** #ifndef CYXDATA
  69:Generated_Source\PSoC4/cyfitter_cfg.c ****     #define CYXDATA
  70:Generated_Source\PSoC4/cyfitter_cfg.c **** #endif
  71:Generated_Source\PSoC4/cyfitter_cfg.c **** 
  72:Generated_Source\PSoC4/cyfitter_cfg.c **** 
  73:Generated_Source\PSoC4/cyfitter_cfg.c **** CY_CFG_UNUSED
  74:Generated_Source\PSoC4/cyfitter_cfg.c **** static void CYMEMZERO(void *s, size_t n);
  75:Generated_Source\PSoC4/cyfitter_cfg.c **** CY_CFG_UNUSED
  76:Generated_Source\PSoC4/cyfitter_cfg.c **** static void CYMEMZERO(void *s, size_t n)
  77:Generated_Source\PSoC4/cyfitter_cfg.c **** {
  78:Generated_Source\PSoC4/cyfitter_cfg.c **** 	(void)memset(s, 0, n);
  79:Generated_Source\PSoC4/cyfitter_cfg.c **** }
  80:Generated_Source\PSoC4/cyfitter_cfg.c **** CY_CFG_UNUSED
  81:Generated_Source\PSoC4/cyfitter_cfg.c **** static void CYCONFIGCPY(void *dest, const void *src, size_t n);
  82:Generated_Source\PSoC4/cyfitter_cfg.c **** CY_CFG_UNUSED
  83:Generated_Source\PSoC4/cyfitter_cfg.c **** static void CYCONFIGCPY(void *dest, const void *src, size_t n)
  84:Generated_Source\PSoC4/cyfitter_cfg.c **** {
  85:Generated_Source\PSoC4/cyfitter_cfg.c **** 	(void)memcpy(dest, src, n);
  86:Generated_Source\PSoC4/cyfitter_cfg.c **** }
  87:Generated_Source\PSoC4/cyfitter_cfg.c **** CY_CFG_UNUSED
  88:Generated_Source\PSoC4/cyfitter_cfg.c **** static void CYCONFIGCPYCODE(void *dest, const void *src, size_t n);
ARM GAS  C:\Users\AFDHAL~1\AppData\Local\Temp\ccoPiRiD.s 			page 3


  89:Generated_Source\PSoC4/cyfitter_cfg.c **** CY_CFG_UNUSED
  90:Generated_Source\PSoC4/cyfitter_cfg.c **** static void CYCONFIGCPYCODE(void *dest, const void *src, size_t n)
  91:Generated_Source\PSoC4/cyfitter_cfg.c **** {
  92:Generated_Source\PSoC4/cyfitter_cfg.c **** 	(void)memcpy(dest, src, n);
  93:Generated_Source\PSoC4/cyfitter_cfg.c **** }
  94:Generated_Source\PSoC4/cyfitter_cfg.c **** 
  95:Generated_Source\PSoC4/cyfitter_cfg.c **** 
  96:Generated_Source\PSoC4/cyfitter_cfg.c **** 
  97:Generated_Source\PSoC4/cyfitter_cfg.c **** 
  98:Generated_Source\PSoC4/cyfitter_cfg.c **** /* Clock startup error codes                                                   */
  99:Generated_Source\PSoC4/cyfitter_cfg.c **** #define CYCLOCKSTART_NO_ERROR    0u
 100:Generated_Source\PSoC4/cyfitter_cfg.c **** #define CYCLOCKSTART_XTAL_ERROR  1u
 101:Generated_Source\PSoC4/cyfitter_cfg.c **** #define CYCLOCKSTART_32KHZ_ERROR 2u
 102:Generated_Source\PSoC4/cyfitter_cfg.c **** #define CYCLOCKSTART_PLL_ERROR   3u
 103:Generated_Source\PSoC4/cyfitter_cfg.c **** #define CYCLOCKSTART_FLL_ERROR   4u
 104:Generated_Source\PSoC4/cyfitter_cfg.c **** 
 105:Generated_Source\PSoC4/cyfitter_cfg.c **** 
 106:Generated_Source\PSoC4/cyfitter_cfg.c **** #ifdef CY_NEED_CYCLOCKSTARTUPERROR
 107:Generated_Source\PSoC4/cyfitter_cfg.c **** /*******************************************************************************
 108:Generated_Source\PSoC4/cyfitter_cfg.c **** * Function Name: CyClockStartupError
 109:Generated_Source\PSoC4/cyfitter_cfg.c **** ********************************************************************************
 110:Generated_Source\PSoC4/cyfitter_cfg.c **** * Summary:
 111:Generated_Source\PSoC4/cyfitter_cfg.c **** *  If an error is encountered during clock configuration (crystal startup error,
 112:Generated_Source\PSoC4/cyfitter_cfg.c **** *  PLL lock error, etc.), the system will end up here.  Unless reimplemented by
 113:Generated_Source\PSoC4/cyfitter_cfg.c **** *  the customer, this function will stop in an infinite loop.
 114:Generated_Source\PSoC4/cyfitter_cfg.c **** *
 115:Generated_Source\PSoC4/cyfitter_cfg.c **** * Parameters:
 116:Generated_Source\PSoC4/cyfitter_cfg.c **** *   void
 117:Generated_Source\PSoC4/cyfitter_cfg.c **** *
 118:Generated_Source\PSoC4/cyfitter_cfg.c **** * Return:
 119:Generated_Source\PSoC4/cyfitter_cfg.c **** *   void
 120:Generated_Source\PSoC4/cyfitter_cfg.c **** *
 121:Generated_Source\PSoC4/cyfitter_cfg.c **** *******************************************************************************/
 122:Generated_Source\PSoC4/cyfitter_cfg.c **** CY_CFG_UNUSED
 123:Generated_Source\PSoC4/cyfitter_cfg.c **** static void CyClockStartupError(uint8 errorCode);
 124:Generated_Source\PSoC4/cyfitter_cfg.c **** CY_CFG_UNUSED
 125:Generated_Source\PSoC4/cyfitter_cfg.c **** static void CyClockStartupError(uint8 errorCode)
 126:Generated_Source\PSoC4/cyfitter_cfg.c **** {
 127:Generated_Source\PSoC4/cyfitter_cfg.c ****     /* To remove the compiler warning if errorCode not used. */
 128:Generated_Source\PSoC4/cyfitter_cfg.c **** #if defined(CY_PSOC3) && (CY_PSOC3)
 129:Generated_Source\PSoC4/cyfitter_cfg.c ****     errorCode = errorCode;
 130:Generated_Source\PSoC4/cyfitter_cfg.c **** #else
 131:Generated_Source\PSoC4/cyfitter_cfg.c ****     (void)errorCode;
 132:Generated_Source\PSoC4/cyfitter_cfg.c **** #endif /* CY_PSOC3 */
 133:Generated_Source\PSoC4/cyfitter_cfg.c **** 
 134:Generated_Source\PSoC4/cyfitter_cfg.c ****     /* If we have a clock startup error (bad MHz crystal, PLL lock, etc.),  */
 135:Generated_Source\PSoC4/cyfitter_cfg.c ****     /* we will end up here to allow the customer to implement something to  */
 136:Generated_Source\PSoC4/cyfitter_cfg.c ****     /* deal with the clock condition.                                       */
 137:Generated_Source\PSoC4/cyfitter_cfg.c **** 
 138:Generated_Source\PSoC4/cyfitter_cfg.c **** #ifdef CY_CFG_CLOCK_STARTUP_ERROR_CALLBACK
 139:Generated_Source\PSoC4/cyfitter_cfg.c ****     CY_CFG_Clock_Startup_ErrorCallback();
 140:Generated_Source\PSoC4/cyfitter_cfg.c **** #else
 141:Generated_Source\PSoC4/cyfitter_cfg.c ****     /*  If not using CY_CFG_CLOCK_STARTUP_ERROR_CALLBACK, place your clock startup code here. */
 142:Generated_Source\PSoC4/cyfitter_cfg.c ****     /* `#START CyClockStartupError` */
 143:Generated_Source\PSoC4/cyfitter_cfg.c **** 
 144:Generated_Source\PSoC4/cyfitter_cfg.c **** 
 145:Generated_Source\PSoC4/cyfitter_cfg.c **** 
ARM GAS  C:\Users\AFDHAL~1\AppData\Local\Temp\ccoPiRiD.s 			page 4


 146:Generated_Source\PSoC4/cyfitter_cfg.c ****     /* `#END` */
 147:Generated_Source\PSoC4/cyfitter_cfg.c **** 
 148:Generated_Source\PSoC4/cyfitter_cfg.c ****     while(1) {}
 149:Generated_Source\PSoC4/cyfitter_cfg.c **** #endif /* CY_CFG_CLOCK_STARTUP_ERROR_CALLBACK */
 150:Generated_Source\PSoC4/cyfitter_cfg.c **** }
 151:Generated_Source\PSoC4/cyfitter_cfg.c **** #endif
 152:Generated_Source\PSoC4/cyfitter_cfg.c **** 
 153:Generated_Source\PSoC4/cyfitter_cfg.c **** 
 154:Generated_Source\PSoC4/cyfitter_cfg.c **** 
 155:Generated_Source\PSoC4/cyfitter_cfg.c **** /*******************************************************************************
 156:Generated_Source\PSoC4/cyfitter_cfg.c **** * Function Name: ClockSetup
 157:Generated_Source\PSoC4/cyfitter_cfg.c **** ********************************************************************************
 158:Generated_Source\PSoC4/cyfitter_cfg.c **** *
 159:Generated_Source\PSoC4/cyfitter_cfg.c **** * Summary:
 160:Generated_Source\PSoC4/cyfitter_cfg.c **** *   Performs the initialization of all of the clocks in the device based on the
 161:Generated_Source\PSoC4/cyfitter_cfg.c **** *   settings in the Clock tab of the DWR.  This includes enabling the requested
 162:Generated_Source\PSoC4/cyfitter_cfg.c **** *   clocks and setting the necessary dividers to produce the desired frequency. 
 163:Generated_Source\PSoC4/cyfitter_cfg.c **** *
 164:Generated_Source\PSoC4/cyfitter_cfg.c **** * Parameters:
 165:Generated_Source\PSoC4/cyfitter_cfg.c **** *   void
 166:Generated_Source\PSoC4/cyfitter_cfg.c **** *
 167:Generated_Source\PSoC4/cyfitter_cfg.c **** * Return:
 168:Generated_Source\PSoC4/cyfitter_cfg.c **** *   void
 169:Generated_Source\PSoC4/cyfitter_cfg.c **** *
 170:Generated_Source\PSoC4/cyfitter_cfg.c **** *******************************************************************************/
 171:Generated_Source\PSoC4/cyfitter_cfg.c **** static void ClockSetup(void);
 172:Generated_Source\PSoC4/cyfitter_cfg.c **** CY_CFG_SECTION
 173:Generated_Source\PSoC4/cyfitter_cfg.c **** static void ClockSetup(void)
 174:Generated_Source\PSoC4/cyfitter_cfg.c **** {
 175:Generated_Source\PSoC4/cyfitter_cfg.c **** 
 176:Generated_Source\PSoC4/cyfitter_cfg.c **** 	/* Set Flash Cycles based on max possible frequency in case a glitch occurs during ClockSetup(). *
 177:Generated_Source\PSoC4/cyfitter_cfg.c **** 	CY_SET_REG32((void CYXDATA *)(CYREG_CPUSS_FLASH_CTL), (0x0012u));
 178:Generated_Source\PSoC4/cyfitter_cfg.c **** 	/* Setup and trim IMO based on desired frequency. */
 179:Generated_Source\PSoC4/cyfitter_cfg.c **** 	CySysClkWriteImoFreq(48u);
 180:Generated_Source\PSoC4/cyfitter_cfg.c **** 	/* CYDEV_CLK_ILO_CONFIG Starting address: CYDEV_CLK_ILO_CONFIG */
 181:Generated_Source\PSoC4/cyfitter_cfg.c **** 	CY_SET_REG32((void *)(CYREG_CLK_ILO_CONFIG), 0x80000006u);
 182:Generated_Source\PSoC4/cyfitter_cfg.c **** 
 183:Generated_Source\PSoC4/cyfitter_cfg.c **** 
 184:Generated_Source\PSoC4/cyfitter_cfg.c **** 	/* Setup phase aligned clocks */
 185:Generated_Source\PSoC4/cyfitter_cfg.c **** 	CY_SET_REG32((void *)CYREG_PERI_DIV_16_CTL3, 0x00002F00u);
 186:Generated_Source\PSoC4/cyfitter_cfg.c **** 	CY_SET_REG32((void *)CYREG_PERI_DIV_CMD, 0x8000FF43u);
 187:Generated_Source\PSoC4/cyfitter_cfg.c **** 	CY_SET_REG32((void *)CYREG_PERI_DIV_16_CTL1, 0x00002200u);
 188:Generated_Source\PSoC4/cyfitter_cfg.c **** 	CY_SET_REG32((void *)CYREG_PERI_DIV_CMD, 0x8000FF41u);
 189:Generated_Source\PSoC4/cyfitter_cfg.c **** 	CY_SET_REG32((void *)CYREG_PERI_DIV_16_CTL2, 0x00002200u);
 190:Generated_Source\PSoC4/cyfitter_cfg.c **** 	CY_SET_REG32((void *)CYREG_PERI_DIV_CMD, 0x8000FF42u);
 191:Generated_Source\PSoC4/cyfitter_cfg.c **** 	CY_SET_REG32((void *)CYREG_PERI_DIV_16_CTL0, 0x00000000u);
 192:Generated_Source\PSoC4/cyfitter_cfg.c **** 	CY_SET_REG32((void *)CYREG_PERI_DIV_CMD, 0x8000FF40u);
 193:Generated_Source\PSoC4/cyfitter_cfg.c **** 
 194:Generated_Source\PSoC4/cyfitter_cfg.c **** 	/* CYDEV_CLK_IMO_CONFIG Starting address: CYDEV_CLK_IMO_CONFIG */
 195:Generated_Source\PSoC4/cyfitter_cfg.c **** 	CY_SET_REG32((void *)(CYREG_CLK_IMO_CONFIG), 0x80000000u);
 196:Generated_Source\PSoC4/cyfitter_cfg.c **** 
 197:Generated_Source\PSoC4/cyfitter_cfg.c **** 	/* CYDEV_CLK_SELECT Starting address: CYDEV_CLK_SELECT */
 198:Generated_Source\PSoC4/cyfitter_cfg.c **** 	CY_SET_REG32((void *)(CYREG_CLK_SELECT), 0x00040000u);
 199:Generated_Source\PSoC4/cyfitter_cfg.c **** 
 200:Generated_Source\PSoC4/cyfitter_cfg.c **** 	/* CYDEV_PERI_PCLK_CTL11 Starting address: CYDEV_PERI_PCLK_CTL11 */
 201:Generated_Source\PSoC4/cyfitter_cfg.c **** 	CY_SET_REG32((void *)(CYREG_PERI_PCLK_CTL11), 0x00000043u);
 202:Generated_Source\PSoC4/cyfitter_cfg.c **** 
ARM GAS  C:\Users\AFDHAL~1\AppData\Local\Temp\ccoPiRiD.s 			page 5


 203:Generated_Source\PSoC4/cyfitter_cfg.c **** 	/* CYDEV_PERI_PCLK_CTL5 Starting address: CYDEV_PERI_PCLK_CTL5 */
 204:Generated_Source\PSoC4/cyfitter_cfg.c **** 	CY_SET_REG32((void *)(CYREG_PERI_PCLK_CTL5), 0x00000041u);
 205:Generated_Source\PSoC4/cyfitter_cfg.c **** 
 206:Generated_Source\PSoC4/cyfitter_cfg.c **** 	/* CYDEV_PERI_PCLK_CTL3 Starting address: CYDEV_PERI_PCLK_CTL3 */
 207:Generated_Source\PSoC4/cyfitter_cfg.c **** 	CY_SET_REG32((void *)(CYREG_PERI_PCLK_CTL3), 0x00000042u);
 208:Generated_Source\PSoC4/cyfitter_cfg.c **** 
 209:Generated_Source\PSoC4/cyfitter_cfg.c **** 	/* CYDEV_PERI_PCLK_CTL2 Starting address: CYDEV_PERI_PCLK_CTL2 */
 210:Generated_Source\PSoC4/cyfitter_cfg.c **** 	CY_SET_REG32((void *)(CYREG_PERI_PCLK_CTL2), 0x00000040u);
 211:Generated_Source\PSoC4/cyfitter_cfg.c **** 
 212:Generated_Source\PSoC4/cyfitter_cfg.c **** 	(void)CyIntSetVector(7u, &CySysWdtIsr);
 213:Generated_Source\PSoC4/cyfitter_cfg.c **** 	CyIntEnable(7u);
 214:Generated_Source\PSoC4/cyfitter_cfg.c **** 	CY_SET_REG32((void *)(CYREG_WDT_CONFIG), 0x00000000u);
 215:Generated_Source\PSoC4/cyfitter_cfg.c **** }
 216:Generated_Source\PSoC4/cyfitter_cfg.c **** 
 217:Generated_Source\PSoC4/cyfitter_cfg.c **** 
 218:Generated_Source\PSoC4/cyfitter_cfg.c **** /* Analog API Functions */
 219:Generated_Source\PSoC4/cyfitter_cfg.c **** 
 220:Generated_Source\PSoC4/cyfitter_cfg.c **** 
 221:Generated_Source\PSoC4/cyfitter_cfg.c **** /*******************************************************************************
 222:Generated_Source\PSoC4/cyfitter_cfg.c **** * Function Name: AnalogSetDefault
 223:Generated_Source\PSoC4/cyfitter_cfg.c **** ********************************************************************************
 224:Generated_Source\PSoC4/cyfitter_cfg.c **** *
 225:Generated_Source\PSoC4/cyfitter_cfg.c **** * Summary:
 226:Generated_Source\PSoC4/cyfitter_cfg.c **** *  Sets up the analog portions of the chip to default values based on chip
 227:Generated_Source\PSoC4/cyfitter_cfg.c **** *  configuration options from the project.
 228:Generated_Source\PSoC4/cyfitter_cfg.c **** *
 229:Generated_Source\PSoC4/cyfitter_cfg.c **** * Parameters:
 230:Generated_Source\PSoC4/cyfitter_cfg.c **** *  void
 231:Generated_Source\PSoC4/cyfitter_cfg.c **** *
 232:Generated_Source\PSoC4/cyfitter_cfg.c **** * Return:
 233:Generated_Source\PSoC4/cyfitter_cfg.c **** *  void
 234:Generated_Source\PSoC4/cyfitter_cfg.c **** *
 235:Generated_Source\PSoC4/cyfitter_cfg.c **** *******************************************************************************/
 236:Generated_Source\PSoC4/cyfitter_cfg.c **** static void AnalogSetDefault(void);
 237:Generated_Source\PSoC4/cyfitter_cfg.c **** static void AnalogSetDefault(void)
 238:Generated_Source\PSoC4/cyfitter_cfg.c **** {
  27              		.loc 1 238 0
  28              		.cfi_startproc
  29              		@ args = 0, pretend = 0, frame = 0
  30              		@ frame_needed = 0, uses_anonymous_args = 0
  31              		@ link register save eliminated.
 239:Generated_Source\PSoC4/cyfitter_cfg.c **** 	CY_SET_XTND_REG32((void CYFAR *)CYREG_CTBM0_DFT_CTRL, 0x00000003u);
  32              		.loc 1 239 0
  33 0000 0323     		movs	r3, #3
  34 0002 044A     		ldr	r2, .L2
  35 0004 1360     		str	r3, [r2]
 240:Generated_Source\PSoC4/cyfitter_cfg.c **** 	CY_SET_XTND_REG32((void CYFAR *)CYREG_CTBM1_DFT_CTRL, 0x00000003u);
  36              		.loc 1 240 0
  37 0006 044A     		ldr	r2, .L2+4
  38 0008 1360     		str	r3, [r2]
 241:Generated_Source\PSoC4/cyfitter_cfg.c **** 	CY_SET_XTND_REG32((void CYFAR *)CYREG_PASS_DSAB_DSAB_CTRL, 0x00000000u);
  39              		.loc 1 241 0
  40 000a 0022     		movs	r2, #0
  41 000c 034B     		ldr	r3, .L2+8
  42 000e 1A60     		str	r2, [r3]
 242:Generated_Source\PSoC4/cyfitter_cfg.c **** }
  43              		.loc 1 242 0
ARM GAS  C:\Users\AFDHAL~1\AppData\Local\Temp\ccoPiRiD.s 			page 6


  44              		@ sp needed
  45 0010 7047     		bx	lr
  46              	.L3:
  47 0012 C046     		.align	2
  48              	.L2:
  49 0014 30003040 		.word	1076887600
  50 0018 30003140 		.word	1076953136
  51 001c 000E3F40 		.word	1077874176
  52              		.cfi_endproc
  53              	.LFE5:
  54              		.size	AnalogSetDefault, .-AnalogSetDefault
  55              		.section	.text.CYMEMZERO,"ax",%progbits
  56              		.align	2
  57              		.code	16
  58              		.thumb_func
  59              		.type	CYMEMZERO, %function
  60              	CYMEMZERO:
  61              	.LFB1:
  77:Generated_Source\PSoC4/cyfitter_cfg.c **** 	(void)memset(s, 0, n);
  62              		.loc 1 77 0
  63              		.cfi_startproc
  64              		@ args = 0, pretend = 0, frame = 0
  65              		@ frame_needed = 0, uses_anonymous_args = 0
  66              	.LVL0:
  67 0000 10B5     		push	{r4, lr}
  68              		.cfi_def_cfa_offset 8
  69              		.cfi_offset 4, -8
  70              		.cfi_offset 14, -4
  71 0002 0A00     		movs	r2, r1
  78:Generated_Source\PSoC4/cyfitter_cfg.c **** }
  72              		.loc 1 78 0
  73 0004 0021     		movs	r1, #0
  74              	.LVL1:
  75 0006 FFF7FEFF 		bl	memset
  76              	.LVL2:
  79:Generated_Source\PSoC4/cyfitter_cfg.c **** CY_CFG_UNUSED
  77              		.loc 1 79 0
  78              		@ sp needed
  79 000a 10BD     		pop	{r4, pc}
  80              		.cfi_endproc
  81              	.LFE1:
  82              		.size	CYMEMZERO, .-CYMEMZERO
  83              		.section	.psocinit,"ax",%progbits
  84              		.align	2
  85              		.code	16
  86              		.thumb_func
  87              		.type	ClockSetup, %function
  88              	ClockSetup:
  89              	.LFB4:
 174:Generated_Source\PSoC4/cyfitter_cfg.c **** 
  90              		.loc 1 174 0
  91              		.cfi_startproc
  92              		@ args = 0, pretend = 0, frame = 0
  93              		@ frame_needed = 0, uses_anonymous_args = 0
  94 0000 10B5     		push	{r4, lr}
  95              		.cfi_def_cfa_offset 8
  96              		.cfi_offset 4, -8
ARM GAS  C:\Users\AFDHAL~1\AppData\Local\Temp\ccoPiRiD.s 			page 7


  97              		.cfi_offset 14, -4
 177:Generated_Source\PSoC4/cyfitter_cfg.c **** 	/* Setup and trim IMO based on desired frequency. */
  98              		.loc 1 177 0
  99 0002 1222     		movs	r2, #18
 100 0004 1D4B     		ldr	r3, .L6
 101 0006 1A60     		str	r2, [r3]
 179:Generated_Source\PSoC4/cyfitter_cfg.c **** 	/* CYDEV_CLK_ILO_CONFIG Starting address: CYDEV_CLK_ILO_CONFIG */
 102              		.loc 1 179 0
 103 0008 3020     		movs	r0, #48
 104 000a FFF7FEFF 		bl	CySysClkWriteImoFreq
 105              	.LVL3:
 181:Generated_Source\PSoC4/cyfitter_cfg.c **** 
 106              		.loc 1 181 0
 107 000e 1C4A     		ldr	r2, .L6+4
 108 0010 1C4B     		ldr	r3, .L6+8
 109 0012 1A60     		str	r2, [r3]
 185:Generated_Source\PSoC4/cyfitter_cfg.c **** 	CY_SET_REG32((void *)CYREG_PERI_DIV_CMD, 0x8000FF43u);
 110              		.loc 1 185 0
 111 0014 BC22     		movs	r2, #188
 112 0016 9201     		lsls	r2, r2, #6
 113 0018 1B4B     		ldr	r3, .L6+12
 114 001a 1A60     		str	r2, [r3]
 186:Generated_Source\PSoC4/cyfitter_cfg.c **** 	CY_SET_REG32((void *)CYREG_PERI_DIV_16_CTL1, 0x00002200u);
 115              		.loc 1 186 0
 116 001c 1B4B     		ldr	r3, .L6+16
 117 001e 1C4A     		ldr	r2, .L6+20
 118 0020 1A60     		str	r2, [r3]
 187:Generated_Source\PSoC4/cyfitter_cfg.c **** 	CY_SET_REG32((void *)CYREG_PERI_DIV_CMD, 0x8000FF41u);
 119              		.loc 1 187 0
 120 0022 8822     		movs	r2, #136
 121 0024 9201     		lsls	r2, r2, #6
 122 0026 1B49     		ldr	r1, .L6+24
 123 0028 0A60     		str	r2, [r1]
 188:Generated_Source\PSoC4/cyfitter_cfg.c **** 	CY_SET_REG32((void *)CYREG_PERI_DIV_16_CTL2, 0x00002200u);
 124              		.loc 1 188 0
 125 002a 1B49     		ldr	r1, .L6+28
 126 002c 1960     		str	r1, [r3]
 189:Generated_Source\PSoC4/cyfitter_cfg.c **** 	CY_SET_REG32((void *)CYREG_PERI_DIV_CMD, 0x8000FF42u);
 127              		.loc 1 189 0
 128 002e 1B49     		ldr	r1, .L6+32
 129 0030 0A60     		str	r2, [r1]
 190:Generated_Source\PSoC4/cyfitter_cfg.c **** 	CY_SET_REG32((void *)CYREG_PERI_DIV_16_CTL0, 0x00000000u);
 130              		.loc 1 190 0
 131 0032 1B4A     		ldr	r2, .L6+36
 132 0034 1A60     		str	r2, [r3]
 191:Generated_Source\PSoC4/cyfitter_cfg.c **** 	CY_SET_REG32((void *)CYREG_PERI_DIV_CMD, 0x8000FF40u);
 133              		.loc 1 191 0
 134 0036 0024     		movs	r4, #0
 135 0038 1A4A     		ldr	r2, .L6+40
 136 003a 1460     		str	r4, [r2]
 192:Generated_Source\PSoC4/cyfitter_cfg.c **** 
 137              		.loc 1 192 0
 138 003c 1A4A     		ldr	r2, .L6+44
 139 003e 1A60     		str	r2, [r3]
 195:Generated_Source\PSoC4/cyfitter_cfg.c **** 
 140              		.loc 1 195 0
 141 0040 8022     		movs	r2, #128
ARM GAS  C:\Users\AFDHAL~1\AppData\Local\Temp\ccoPiRiD.s 			page 8


 142 0042 1206     		lsls	r2, r2, #24
 143 0044 194B     		ldr	r3, .L6+48
 144 0046 1A60     		str	r2, [r3]
 198:Generated_Source\PSoC4/cyfitter_cfg.c **** 
 145              		.loc 1 198 0
 146 0048 8022     		movs	r2, #128
 147 004a D202     		lsls	r2, r2, #11
 148 004c 184B     		ldr	r3, .L6+52
 149 004e 1A60     		str	r2, [r3]
 201:Generated_Source\PSoC4/cyfitter_cfg.c **** 
 150              		.loc 1 201 0
 151 0050 4322     		movs	r2, #67
 152 0052 184B     		ldr	r3, .L6+56
 153 0054 1A60     		str	r2, [r3]
 204:Generated_Source\PSoC4/cyfitter_cfg.c **** 
 154              		.loc 1 204 0
 155 0056 023A     		subs	r2, r2, #2
 156 0058 174B     		ldr	r3, .L6+60
 157 005a 1A60     		str	r2, [r3]
 207:Generated_Source\PSoC4/cyfitter_cfg.c **** 
 158              		.loc 1 207 0
 159 005c 0132     		adds	r2, r2, #1
 160 005e 174B     		ldr	r3, .L6+64
 161 0060 1A60     		str	r2, [r3]
 210:Generated_Source\PSoC4/cyfitter_cfg.c **** 
 162              		.loc 1 210 0
 163 0062 023A     		subs	r2, r2, #2
 164 0064 164B     		ldr	r3, .L6+68
 165 0066 1A60     		str	r2, [r3]
 212:Generated_Source\PSoC4/cyfitter_cfg.c **** 	CyIntEnable(7u);
 166              		.loc 1 212 0
 167 0068 1649     		ldr	r1, .L6+72
 168 006a 0720     		movs	r0, #7
 169 006c FFF7FEFF 		bl	CyIntSetVector
 170              	.LVL4:
 213:Generated_Source\PSoC4/cyfitter_cfg.c **** 	CY_SET_REG32((void *)(CYREG_WDT_CONFIG), 0x00000000u);
 171              		.loc 1 213 0
 172 0070 0720     		movs	r0, #7
 173 0072 FFF7FEFF 		bl	CyIntEnable
 174              	.LVL5:
 214:Generated_Source\PSoC4/cyfitter_cfg.c **** }
 175              		.loc 1 214 0
 176 0076 144B     		ldr	r3, .L6+76
 177 0078 1C60     		str	r4, [r3]
 215:Generated_Source\PSoC4/cyfitter_cfg.c **** 
 178              		.loc 1 215 0
 179              		@ sp needed
 180 007a 10BD     		pop	{r4, pc}
 181              	.L7:
 182              		.align	2
 183              	.L6:
 184 007c 30001040 		.word	1074790448
 185 0080 06000080 		.word	-2147483642
 186 0084 04010B40 		.word	1074462980
 187 0088 0C030140 		.word	1073808140
 188 008c 00000140 		.word	1073807360
 189 0090 43FF0080 		.word	-2147418301
ARM GAS  C:\Users\AFDHAL~1\AppData\Local\Temp\ccoPiRiD.s 			page 9


 190 0094 04030140 		.word	1073808132
 191 0098 41FF0080 		.word	-2147418303
 192 009c 08030140 		.word	1073808136
 193 00a0 42FF0080 		.word	-2147418302
 194 00a4 00030140 		.word	1073808128
 195 00a8 40FF0080 		.word	-2147418304
 196 00ac 08010B40 		.word	1074462984
 197 00b0 00010B40 		.word	1074462976
 198 00b4 2C010140 		.word	1073807660
 199 00b8 14010140 		.word	1073807636
 200 00bc 0C010140 		.word	1073807628
 201 00c0 08010140 		.word	1073807624
 202 00c4 00000000 		.word	CySysWdtIsr
 203 00c8 0C020B40 		.word	1074463244
 204              		.cfi_endproc
 205              	.LFE4:
 206              		.size	ClockSetup, .-ClockSetup
 207              		.align	2
 208              		.global	cyfitter_cfg
 209              		.code	16
 210              		.thumb_func
 211              		.type	cyfitter_cfg, %function
 212              	cyfitter_cfg:
 213              	.LFB6:
 243:Generated_Source\PSoC4/cyfitter_cfg.c **** 
 244:Generated_Source\PSoC4/cyfitter_cfg.c **** 
 245:Generated_Source\PSoC4/cyfitter_cfg.c **** 
 246:Generated_Source\PSoC4/cyfitter_cfg.c **** 
 247:Generated_Source\PSoC4/cyfitter_cfg.c **** /*******************************************************************************
 248:Generated_Source\PSoC4/cyfitter_cfg.c **** * Function Name: cyfitter_cfg
 249:Generated_Source\PSoC4/cyfitter_cfg.c **** ********************************************************************************
 250:Generated_Source\PSoC4/cyfitter_cfg.c **** * Summary:
 251:Generated_Source\PSoC4/cyfitter_cfg.c **** *  This function is called by the start-up code for the selected device. It
 252:Generated_Source\PSoC4/cyfitter_cfg.c **** *  performs all of the necessary device configuration based on the design
 253:Generated_Source\PSoC4/cyfitter_cfg.c **** *  settings.  This includes settings from the Design Wide Resources (DWR) such
 254:Generated_Source\PSoC4/cyfitter_cfg.c **** *  as Clocks and Pins as well as any component configuration that is necessary.
 255:Generated_Source\PSoC4/cyfitter_cfg.c **** *
 256:Generated_Source\PSoC4/cyfitter_cfg.c **** * Parameters:
 257:Generated_Source\PSoC4/cyfitter_cfg.c **** *   void
 258:Generated_Source\PSoC4/cyfitter_cfg.c **** *
 259:Generated_Source\PSoC4/cyfitter_cfg.c **** * Return:
 260:Generated_Source\PSoC4/cyfitter_cfg.c **** *   void
 261:Generated_Source\PSoC4/cyfitter_cfg.c **** *
 262:Generated_Source\PSoC4/cyfitter_cfg.c **** *******************************************************************************/
 263:Generated_Source\PSoC4/cyfitter_cfg.c **** CY_CFG_SECTION
 264:Generated_Source\PSoC4/cyfitter_cfg.c **** void cyfitter_cfg(void)
 265:Generated_Source\PSoC4/cyfitter_cfg.c **** {
 214              		.loc 1 265 0
 215              		.cfi_startproc
 216              		@ args = 0, pretend = 0, frame = 0
 217              		@ frame_needed = 0, uses_anonymous_args = 0
 218 00cc 10B5     		push	{r4, lr}
 219              		.cfi_def_cfa_offset 8
 220              		.cfi_offset 4, -8
 221              		.cfi_offset 14, -4
 266:Generated_Source\PSoC4/cyfitter_cfg.c **** 	/* Disable interrupts by default. Let user enable if/when they want. */
 267:Generated_Source\PSoC4/cyfitter_cfg.c **** 	CyGlobalIntDisable;
ARM GAS  C:\Users\AFDHAL~1\AppData\Local\Temp\ccoPiRiD.s 			page 10


 222              		.loc 1 267 0
 223              		.syntax divided
 224              	@ 267 "Generated_Source\PSoC4\cyfitter_cfg.c" 1
 225 00ce 72B6     		CPSID   i
 226              	@ 0 "" 2
 227              	.LVL6:
 228              		.thumb
 229              		.syntax unified
 230              	.LBB2:
 268:Generated_Source\PSoC4/cyfitter_cfg.c **** 
 269:Generated_Source\PSoC4/cyfitter_cfg.c **** 	{
 270:Generated_Source\PSoC4/cyfitter_cfg.c **** 
 271:Generated_Source\PSoC4/cyfitter_cfg.c **** 		CYPACKED typedef struct {
 272:Generated_Source\PSoC4/cyfitter_cfg.c **** 			void CYFAR *address;
 273:Generated_Source\PSoC4/cyfitter_cfg.c **** 			uint16 size;
 274:Generated_Source\PSoC4/cyfitter_cfg.c **** 		} CYPACKED_ATTR cfg_memset_t;
 275:Generated_Source\PSoC4/cyfitter_cfg.c **** 
 276:Generated_Source\PSoC4/cyfitter_cfg.c **** 		static const cfg_memset_t CYCODE cfg_memset_list[] = {
 277:Generated_Source\PSoC4/cyfitter_cfg.c **** 			/* address, size */
 278:Generated_Source\PSoC4/cyfitter_cfg.c **** 			{(void CYFAR *)(CYDEV_UDB_P0_U0_BASE), 1024u},
 279:Generated_Source\PSoC4/cyfitter_cfg.c **** 			{(void CYFAR *)(CYDEV_UDB_DSI0_BASE), 1024u},
 280:Generated_Source\PSoC4/cyfitter_cfg.c **** 		};
 281:Generated_Source\PSoC4/cyfitter_cfg.c **** 
 282:Generated_Source\PSoC4/cyfitter_cfg.c **** 		uint8 CYDATA i;
 283:Generated_Source\PSoC4/cyfitter_cfg.c **** 
 284:Generated_Source\PSoC4/cyfitter_cfg.c **** 		/* Zero out critical memory blocks before beginning configuration */
 285:Generated_Source\PSoC4/cyfitter_cfg.c **** 		for (i = 0u; i < (sizeof(cfg_memset_list)/sizeof(cfg_memset_list[0])); i++)
 231              		.loc 1 285 0
 232 00d0 0024     		movs	r4, #0
 233 00d2 0FE0     		b	.L9
 234              	.LVL7:
 235              	.L10:
 236              	.LBB3:
 286:Generated_Source\PSoC4/cyfitter_cfg.c **** 		{
 287:Generated_Source\PSoC4/cyfitter_cfg.c **** 			const cfg_memset_t CYCODE * CYDATA ms = &cfg_memset_list[i];
 288:Generated_Source\PSoC4/cyfitter_cfg.c **** 			CYMEMZERO(ms->address, (size_t)(uint32)(ms->size));
 237              		.loc 1 288 0 discriminator 3
 238 00d4 2648     		ldr	r0, .L11
 239 00d6 6200     		lsls	r2, r4, #1
 240 00d8 1319     		adds	r3, r2, r4
 241 00da 5900     		lsls	r1, r3, #1
 242 00dc 0B00     		movs	r3, r1
 243 00de 4118     		adds	r1, r0, r1
 244 00e0 8988     		ldrh	r1, [r1, #4]
 245 00e2 1A5A     		ldrh	r2, [r3, r0]
 246 00e4 C318     		adds	r3, r0, r3
 247 00e6 5888     		ldrh	r0, [r3, #2]
 248 00e8 0004     		lsls	r0, r0, #16
 249 00ea 1043     		orrs	r0, r2
 250 00ec FFF7FEFF 		bl	CYMEMZERO
 251              	.LVL8:
 252              	.LBE3:
 285:Generated_Source\PSoC4/cyfitter_cfg.c **** 		{
 253              		.loc 1 285 0 discriminator 3
 254 00f0 0134     		adds	r4, r4, #1
 255              	.LVL9:
 256 00f2 E4B2     		uxtb	r4, r4
ARM GAS  C:\Users\AFDHAL~1\AppData\Local\Temp\ccoPiRiD.s 			page 11


 257              	.LVL10:
 258              	.L9:
 285:Generated_Source\PSoC4/cyfitter_cfg.c **** 		{
 259              		.loc 1 285 0 is_stmt 0 discriminator 1
 260 00f4 012C     		cmp	r4, #1
 261 00f6 EDD9     		bls	.L10
 289:Generated_Source\PSoC4/cyfitter_cfg.c **** 		}
 290:Generated_Source\PSoC4/cyfitter_cfg.c **** 
 291:Generated_Source\PSoC4/cyfitter_cfg.c **** 		/* HSIOM Starting address: CYDEV_HSIOM_BASE */
 292:Generated_Source\PSoC4/cyfitter_cfg.c **** 		CY_SET_REG32((void *)(CYREG_HSIOM_PORT_SEL3), 0x0000EE99u);
 262              		.loc 1 292 0 is_stmt 1
 263 00f8 1E4A     		ldr	r2, .L11+4
 264 00fa 1F4B     		ldr	r3, .L11+8
 265 00fc 1A60     		str	r2, [r3]
 293:Generated_Source\PSoC4/cyfitter_cfg.c **** 		CY_SET_REG32((void *)(CYREG_HSIOM_PORT_SEL4), 0x00000FFFu);
 266              		.loc 1 293 0
 267 00fe 1F4A     		ldr	r2, .L11+12
 268 0100 1F4B     		ldr	r3, .L11+16
 269 0102 1A60     		str	r2, [r3]
 294:Generated_Source\PSoC4/cyfitter_cfg.c **** 		CY_SET_REG32((void *)(CYREG_HSIOM_PORT_SEL7), 0x00000099u);
 270              		.loc 1 294 0
 271 0104 9922     		movs	r2, #153
 272 0106 1F4B     		ldr	r3, .L11+20
 273 0108 1A60     		str	r2, [r3]
 295:Generated_Source\PSoC4/cyfitter_cfg.c **** 
 296:Generated_Source\PSoC4/cyfitter_cfg.c **** 		/* UDB_PA_1 Starting address: CYDEV_UDB_PA1_BASE */
 297:Generated_Source\PSoC4/cyfitter_cfg.c **** 		CY_SET_REG32((void *)(CYDEV_UDB_PA1_BASE), 0x00990000u);
 274              		.loc 1 297 0
 275 010a 9923     		movs	r3, #153
 276 010c 1B04     		lsls	r3, r3, #16
 277 010e 1E4A     		ldr	r2, .L11+24
 278 0110 1360     		str	r3, [r2]
 298:Generated_Source\PSoC4/cyfitter_cfg.c **** 
 299:Generated_Source\PSoC4/cyfitter_cfg.c **** 		/* UDB_PA_3 Starting address: CYDEV_UDB_PA3_BASE */
 300:Generated_Source\PSoC4/cyfitter_cfg.c **** 		CY_SET_REG32((void *)(CYDEV_UDB_PA3_BASE), 0x00990000u);
 279              		.loc 1 300 0
 280 0112 1E4A     		ldr	r2, .L11+28
 281 0114 1360     		str	r3, [r2]
 301:Generated_Source\PSoC4/cyfitter_cfg.c **** 
 302:Generated_Source\PSoC4/cyfitter_cfg.c **** 		/* Enable digital routing */
 303:Generated_Source\PSoC4/cyfitter_cfg.c **** 		CY_SET_XTND_REG8((void *)CYREG_UDB_UDBIF_BANK_CTL, (uint8)(CY_GET_XTND_REG8((void *)CYREG_UDB_UDB
 282              		.loc 1 303 0
 283 0116 1E4A     		ldr	r2, .L11+32
 284 0118 1178     		ldrb	r1, [r2]
 285 011a 0623     		movs	r3, #6
 286 011c 0B43     		orrs	r3, r1
 287 011e DBB2     		uxtb	r3, r3
 288 0120 1370     		strb	r3, [r2]
 289              	.LBE2:
 304:Generated_Source\PSoC4/cyfitter_cfg.c **** 	}
 305:Generated_Source\PSoC4/cyfitter_cfg.c **** 
 306:Generated_Source\PSoC4/cyfitter_cfg.c **** 	/* Perform second pass device configuration. These items must be configured in specific order afte
 307:Generated_Source\PSoC4/cyfitter_cfg.c **** 	/* IOPINS0_1 Starting address: CYDEV_GPIO_PRT1_BASE */
 308:Generated_Source\PSoC4/cyfitter_cfg.c **** 	CY_SET_REG32((void *)(CYREG_GPIO_PRT1_PC), 0x00180000u);
 290              		.loc 1 308 0
 291 0122 C022     		movs	r2, #192
 292 0124 5203     		lsls	r2, r2, #13
ARM GAS  C:\Users\AFDHAL~1\AppData\Local\Temp\ccoPiRiD.s 			page 12


 293 0126 1B4B     		ldr	r3, .L11+36
 294 0128 1A60     		str	r2, [r3]
 309:Generated_Source\PSoC4/cyfitter_cfg.c **** 
 310:Generated_Source\PSoC4/cyfitter_cfg.c **** 	/* IOPINS0_3 Starting address: CYDEV_GPIO_PRT3_BASE */
 311:Generated_Source\PSoC4/cyfitter_cfg.c **** 	CY_SET_REG32((void *)(CYDEV_GPIO_PRT3_BASE), 0x00000002u);
 295              		.loc 1 311 0
 296 012a 0223     		movs	r3, #2
 297 012c 1A4A     		ldr	r2, .L11+40
 298 012e 1360     		str	r3, [r2]
 312:Generated_Source\PSoC4/cyfitter_cfg.c **** 	CY_SET_REG32((void *)(CYREG_GPIO_PRT3_PC), 0x00000DB1u);
 299              		.loc 1 312 0
 300 0130 1A49     		ldr	r1, .L11+44
 301 0132 1B4A     		ldr	r2, .L11+48
 302 0134 1160     		str	r1, [r2]
 313:Generated_Source\PSoC4/cyfitter_cfg.c **** 	CY_SET_REG32((void *)(CYREG_GPIO_PRT3_PC2), 0x00000002u);
 303              		.loc 1 313 0
 304 0136 1B4A     		ldr	r2, .L11+52
 305 0138 1360     		str	r3, [r2]
 314:Generated_Source\PSoC4/cyfitter_cfg.c **** 
 315:Generated_Source\PSoC4/cyfitter_cfg.c **** 	/* IOPINS0_4 Starting address: CYDEV_GPIO_PRT4_BASE */
 316:Generated_Source\PSoC4/cyfitter_cfg.c **** 	CY_SET_REG32((void *)(CYDEV_GPIO_PRT4_BASE), 0x00000005u);
 306              		.loc 1 316 0
 307 013a 0522     		movs	r2, #5
 308 013c 1A49     		ldr	r1, .L11+56
 309 013e 0A60     		str	r2, [r1]
 317:Generated_Source\PSoC4/cyfitter_cfg.c **** 	CY_SET_REG32((void *)(CYREG_GPIO_PRT4_PC), 0x0000ED8Eu);
 310              		.loc 1 317 0
 311 0140 1A48     		ldr	r0, .L11+60
 312 0142 1B49     		ldr	r1, .L11+64
 313 0144 0860     		str	r0, [r1]
 318:Generated_Source\PSoC4/cyfitter_cfg.c **** 	CY_SET_REG32((void *)(CYREG_GPIO_PRT4_PC2), 0x00000005u);
 314              		.loc 1 318 0
 315 0146 1B49     		ldr	r1, .L11+68
 316 0148 0A60     		str	r2, [r1]
 319:Generated_Source\PSoC4/cyfitter_cfg.c **** 
 320:Generated_Source\PSoC4/cyfitter_cfg.c **** 	/* IOPINS0_6 Starting address: CYDEV_GPIO_PRT6_BASE */
 321:Generated_Source\PSoC4/cyfitter_cfg.c **** 	CY_SET_REG32((void *)(CYDEV_GPIO_PRT6_BASE), 0x00000020u);
 317              		.loc 1 321 0
 318 014a 2021     		movs	r1, #32
 319 014c 1A4A     		ldr	r2, .L11+72
 320 014e 1160     		str	r1, [r2]
 322:Generated_Source\PSoC4/cyfitter_cfg.c **** 	CY_SET_REG32((void *)(CYREG_GPIO_PRT6_PC), 0x00010000u);
 321              		.loc 1 322 0
 322 0150 8021     		movs	r1, #128
 323 0152 4902     		lsls	r1, r1, #9
 324 0154 194A     		ldr	r2, .L11+76
 325 0156 1160     		str	r1, [r2]
 323:Generated_Source\PSoC4/cyfitter_cfg.c **** 
 324:Generated_Source\PSoC4/cyfitter_cfg.c **** 	/* IOPINS0_7 Starting address: CYDEV_GPIO_PRT7_BASE */
 325:Generated_Source\PSoC4/cyfitter_cfg.c **** 	CY_SET_REG32((void *)(CYDEV_GPIO_PRT7_BASE), 0x00000002u);
 326              		.loc 1 325 0
 327 0158 194A     		ldr	r2, .L11+80
 328 015a 1360     		str	r3, [r2]
 326:Generated_Source\PSoC4/cyfitter_cfg.c **** 	CY_SET_REG32((void *)(CYREG_GPIO_PRT7_PC), 0x00000031u);
 329              		.loc 1 326 0
 330 015c 3121     		movs	r1, #49
 331 015e 194A     		ldr	r2, .L11+84
ARM GAS  C:\Users\AFDHAL~1\AppData\Local\Temp\ccoPiRiD.s 			page 13


 332 0160 1160     		str	r1, [r2]
 327:Generated_Source\PSoC4/cyfitter_cfg.c **** 	CY_SET_REG32((void *)(CYREG_GPIO_PRT7_PC2), 0x00000002u);
 333              		.loc 1 327 0
 334 0162 194A     		ldr	r2, .L11+88
 335 0164 1360     		str	r3, [r2]
 328:Generated_Source\PSoC4/cyfitter_cfg.c **** 
 329:Generated_Source\PSoC4/cyfitter_cfg.c **** 
 330:Generated_Source\PSoC4/cyfitter_cfg.c **** 	/* Setup clocks based on selections from Clock DWR */
 331:Generated_Source\PSoC4/cyfitter_cfg.c **** 	ClockSetup();
 336              		.loc 1 331 0
 337 0166 FFF74BFF 		bl	ClockSetup
 338              	.LVL11:
 332:Generated_Source\PSoC4/cyfitter_cfg.c **** 
 333:Generated_Source\PSoC4/cyfitter_cfg.c **** 	/* Perform basic analog initialization to defaults */
 334:Generated_Source\PSoC4/cyfitter_cfg.c **** 	AnalogSetDefault();
 339              		.loc 1 334 0
 340 016a FFF7FEFF 		bl	AnalogSetDefault
 341              	.LVL12:
 335:Generated_Source\PSoC4/cyfitter_cfg.c **** 
 336:Generated_Source\PSoC4/cyfitter_cfg.c **** }
 342              		.loc 1 336 0
 343              		@ sp needed
 344              	.LVL13:
 345 016e 10BD     		pop	{r4, pc}
 346              	.L12:
 347              		.align	2
 348              	.L11:
 349 0170 00000000 		.word	.LANCHOR0
 350 0174 99EE0000 		.word	61081
 351 0178 00030240 		.word	1073873664
 352 017c FF0F0000 		.word	4095
 353 0180 00040240 		.word	1073873920
 354 0184 00070240 		.word	1073874688
 355 0188 10500F40 		.word	1074745360
 356 018c 30500F40 		.word	1074745392
 357 0190 00700F40 		.word	1074753536
 358 0194 08010440 		.word	1074004232
 359 0198 00030440 		.word	1074004736
 360 019c B10D0000 		.word	3505
 361 01a0 08030440 		.word	1074004744
 362 01a4 18030440 		.word	1074004760
 363 01a8 00040440 		.word	1074004992
 364 01ac 8EED0000 		.word	60814
 365 01b0 08040440 		.word	1074005000
 366 01b4 18040440 		.word	1074005016
 367 01b8 00060440 		.word	1074005504
 368 01bc 08060440 		.word	1074005512
 369 01c0 00070440 		.word	1074005760
 370 01c4 08070440 		.word	1074005768
 371 01c8 18070440 		.word	1074005784
 372              		.cfi_endproc
 373              	.LFE6:
 374              		.size	cyfitter_cfg, .-cyfitter_cfg
 375              		.section	.rodata
 376              		.align	2
 377              		.set	.LANCHOR0,. + 0
 378              		.type	cfg_memset_list.4888, %object
ARM GAS  C:\Users\AFDHAL~1\AppData\Local\Temp\ccoPiRiD.s 			page 14


 379              		.size	cfg_memset_list.4888, 12
 380              	cfg_memset_list.4888:
 381 0000 00300F40 		.word	1074737152
 382 0004 0004     		.short	1024
 383 0006 00400F40 		.4byte	1074741248
 384 000a 0004     		.short	1024
 385              		.text
 386              	.Letext0:
 387              		.file 2 "c:\\program files (x86)\\cypress\\psoc creator\\4.1\\psoc creator\\import\\gnu\\arm\\5.4.
 388              		.file 3 "Generated_Source\\PSoC4\\cytypes.h"
 389              		.file 4 "Generated_Source\\PSoC4\\CyLib.h"
 390              		.section	.debug_info,"",%progbits
 391              	.Ldebug_info0:
 392 0000 95020000 		.4byte	0x295
 393 0004 0400     		.2byte	0x4
 394 0006 00000000 		.4byte	.Ldebug_abbrev0
 395 000a 04       		.byte	0x4
 396 000b 01       		.uleb128 0x1
 397 000c FC000000 		.4byte	.LASF29
 398 0010 0C       		.byte	0xc
 399 0011 48020000 		.4byte	.LASF30
 400 0015 AE010000 		.4byte	.LASF31
 401 0019 00000000 		.4byte	.Ldebug_ranges0+0
 402 001d 00000000 		.4byte	0
 403 0021 00000000 		.4byte	.Ldebug_line0
 404 0025 02       		.uleb128 0x2
 405 0026 04       		.byte	0x4
 406 0027 05       		.byte	0x5
 407 0028 696E7400 		.ascii	"int\000"
 408 002c 03       		.uleb128 0x3
 409 002d 06000000 		.4byte	.LASF12
 410 0031 02       		.byte	0x2
 411 0032 D8       		.byte	0xd8
 412 0033 37000000 		.4byte	0x37
 413 0037 04       		.uleb128 0x4
 414 0038 04       		.byte	0x4
 415 0039 07       		.byte	0x7
 416 003a C3000000 		.4byte	.LASF0
 417 003e 04       		.uleb128 0x4
 418 003f 08       		.byte	0x8
 419 0040 05       		.byte	0x5
 420 0041 A0010000 		.4byte	.LASF1
 421 0045 04       		.uleb128 0x4
 422 0046 08       		.byte	0x8
 423 0047 04       		.byte	0x4
 424 0048 30020000 		.4byte	.LASF2
 425 004c 04       		.uleb128 0x4
 426 004d 01       		.byte	0x1
 427 004e 06       		.byte	0x6
 428 004f 3C020000 		.4byte	.LASF3
 429 0053 04       		.uleb128 0x4
 430 0054 01       		.byte	0x1
 431 0055 08       		.byte	0x8
 432 0056 8D000000 		.4byte	.LASF4
 433 005a 04       		.uleb128 0x4
 434 005b 02       		.byte	0x2
 435 005c 05       		.byte	0x5
ARM GAS  C:\Users\AFDHAL~1\AppData\Local\Temp\ccoPiRiD.s 			page 15


 436 005d 08020000 		.4byte	.LASF5
 437 0061 04       		.uleb128 0x4
 438 0062 02       		.byte	0x2
 439 0063 07       		.byte	0x7
 440 0064 48000000 		.4byte	.LASF6
 441 0068 04       		.uleb128 0x4
 442 0069 04       		.byte	0x4
 443 006a 05       		.byte	0x5
 444 006b 27020000 		.4byte	.LASF7
 445 006f 04       		.uleb128 0x4
 446 0070 04       		.byte	0x4
 447 0071 07       		.byte	0x7
 448 0072 6B000000 		.4byte	.LASF8
 449 0076 04       		.uleb128 0x4
 450 0077 08       		.byte	0x8
 451 0078 07       		.byte	0x7
 452 0079 E5000000 		.4byte	.LASF9
 453 007d 04       		.uleb128 0x4
 454 007e 04       		.byte	0x4
 455 007f 07       		.byte	0x7
 456 0080 97010000 		.4byte	.LASF10
 457 0084 05       		.uleb128 0x5
 458 0085 04       		.byte	0x4
 459 0086 04       		.uleb128 0x4
 460 0087 01       		.byte	0x1
 461 0088 08       		.byte	0x8
 462 0089 03020000 		.4byte	.LASF11
 463 008d 06       		.uleb128 0x6
 464 008e 7D000000 		.4byte	.LASF13
 465 0092 03       		.byte	0x3
 466 0093 D201     		.2byte	0x1d2
 467 0095 53000000 		.4byte	0x53
 468 0099 06       		.uleb128 0x6
 469 009a B5000000 		.4byte	.LASF14
 470 009e 03       		.byte	0x3
 471 009f D301     		.2byte	0x1d3
 472 00a1 61000000 		.4byte	0x61
 473 00a5 06       		.uleb128 0x6
 474 00a6 BC000000 		.4byte	.LASF15
 475 00aa 03       		.byte	0x3
 476 00ab D401     		.2byte	0x1d4
 477 00ad 6F000000 		.4byte	0x6f
 478 00b1 04       		.uleb128 0x4
 479 00b2 04       		.byte	0x4
 480 00b3 04       		.byte	0x4
 481 00b4 5B000000 		.4byte	.LASF16
 482 00b8 04       		.uleb128 0x4
 483 00b9 08       		.byte	0x8
 484 00ba 04       		.byte	0x4
 485 00bb A2000000 		.4byte	.LASF17
 486 00bf 06       		.uleb128 0x6
 487 00c0 66000000 		.4byte	.LASF18
 488 00c4 03       		.byte	0x3
 489 00c5 7C02     		.2byte	0x27c
 490 00c7 CB000000 		.4byte	0xcb
 491 00cb 07       		.uleb128 0x7
 492 00cc 8D000000 		.4byte	0x8d
ARM GAS  C:\Users\AFDHAL~1\AppData\Local\Temp\ccoPiRiD.s 			page 16


 493 00d0 06       		.uleb128 0x6
 494 00d1 00000000 		.4byte	.LASF19
 495 00d5 03       		.byte	0x3
 496 00d6 7E02     		.2byte	0x27e
 497 00d8 DC000000 		.4byte	0xdc
 498 00dc 07       		.uleb128 0x7
 499 00dd A5000000 		.4byte	0xa5
 500 00e1 08       		.uleb128 0x8
 501 00e2 0D000000 		.4byte	.LASF32
 502 00e6 01       		.byte	0x1
 503 00e7 ED       		.byte	0xed
 504 00e8 00000000 		.4byte	.LFB5
 505 00ec 20000000 		.4byte	.LFE5-.LFB5
 506 00f0 01       		.uleb128 0x1
 507 00f1 9C       		.byte	0x9c
 508 00f2 09       		.uleb128 0x9
 509 00f3 83000000 		.4byte	.LASF20
 510 00f7 01       		.byte	0x1
 511 00f8 4C       		.byte	0x4c
 512 00f9 00000000 		.4byte	.LFB1
 513 00fd 0C000000 		.4byte	.LFE1-.LFB1
 514 0101 01       		.uleb128 0x1
 515 0102 9C       		.byte	0x9c
 516 0103 3F010000 		.4byte	0x13f
 517 0107 0A       		.uleb128 0xa
 518 0108 7300     		.ascii	"s\000"
 519 010a 01       		.byte	0x1
 520 010b 4C       		.byte	0x4c
 521 010c 84000000 		.4byte	0x84
 522 0110 00000000 		.4byte	.LLST0
 523 0114 0A       		.uleb128 0xa
 524 0115 6E00     		.ascii	"n\000"
 525 0117 01       		.byte	0x1
 526 0118 4C       		.byte	0x4c
 527 0119 2C000000 		.4byte	0x2c
 528 011d 21000000 		.4byte	.LLST1
 529 0121 0B       		.uleb128 0xb
 530 0122 0A000000 		.4byte	.LVL2
 531 0126 6E020000 		.4byte	0x26e
 532 012a 0C       		.uleb128 0xc
 533 012b 01       		.uleb128 0x1
 534 012c 50       		.byte	0x50
 535 012d 03       		.uleb128 0x3
 536 012e F3       		.byte	0xf3
 537 012f 01       		.uleb128 0x1
 538 0130 50       		.byte	0x50
 539 0131 0C       		.uleb128 0xc
 540 0132 01       		.uleb128 0x1
 541 0133 51       		.byte	0x51
 542 0134 01       		.uleb128 0x1
 543 0135 30       		.byte	0x30
 544 0136 0C       		.uleb128 0xc
 545 0137 01       		.uleb128 0x1
 546 0138 52       		.byte	0x52
 547 0139 03       		.uleb128 0x3
 548 013a F3       		.byte	0xf3
 549 013b 01       		.uleb128 0x1
ARM GAS  C:\Users\AFDHAL~1\AppData\Local\Temp\ccoPiRiD.s 			page 17


 550 013c 51       		.byte	0x51
 551 013d 00       		.byte	0
 552 013e 00       		.byte	0
 553 013f 09       		.uleb128 0x9
 554 0140 3D000000 		.4byte	.LASF21
 555 0144 01       		.byte	0x1
 556 0145 AD       		.byte	0xad
 557 0146 00000000 		.4byte	.LFB4
 558 014a CC000000 		.4byte	.LFE4-.LFB4
 559 014e 01       		.uleb128 0x1
 560 014f 9C       		.byte	0x9c
 561 0150 8B010000 		.4byte	0x18b
 562 0154 0D       		.uleb128 0xd
 563 0155 0E000000 		.4byte	.LVL3
 564 0159 77020000 		.4byte	0x277
 565 015d 68010000 		.4byte	0x168
 566 0161 0C       		.uleb128 0xc
 567 0162 01       		.uleb128 0x1
 568 0163 50       		.byte	0x50
 569 0164 02       		.uleb128 0x2
 570 0165 08       		.byte	0x8
 571 0166 30       		.byte	0x30
 572 0167 00       		.byte	0
 573 0168 0D       		.uleb128 0xd
 574 0169 70000000 		.4byte	.LVL4
 575 016d 82020000 		.4byte	0x282
 576 0171 7B010000 		.4byte	0x17b
 577 0175 0C       		.uleb128 0xc
 578 0176 01       		.uleb128 0x1
 579 0177 50       		.byte	0x50
 580 0178 01       		.uleb128 0x1
 581 0179 37       		.byte	0x37
 582 017a 00       		.byte	0
 583 017b 0B       		.uleb128 0xb
 584 017c 76000000 		.4byte	.LVL5
 585 0180 8D020000 		.4byte	0x28d
 586 0184 0C       		.uleb128 0xc
 587 0185 01       		.uleb128 0x1
 588 0186 50       		.byte	0x50
 589 0187 01       		.uleb128 0x1
 590 0188 37       		.byte	0x37
 591 0189 00       		.byte	0
 592 018a 00       		.byte	0
 593 018b 0E       		.uleb128 0xe
 594 018c D0000000 		.4byte	.LASF33
 595 0190 01       		.byte	0x1
 596 0191 0801     		.2byte	0x108
 597 0193 CC000000 		.4byte	.LFB6
 598 0197 00010000 		.4byte	.LFE6-.LFB6
 599 019b 01       		.uleb128 0x1
 600 019c 9C       		.byte	0x9c
 601 019d 6E020000 		.4byte	0x26e
 602 01a1 0F       		.uleb128 0xf
 603 01a2 D0000000 		.4byte	.LBB2
 604 01a6 52000000 		.4byte	.LBE2-.LBB2
 605 01aa 5B020000 		.4byte	0x25b
 606 01ae 10       		.uleb128 0x10
ARM GAS  C:\Users\AFDHAL~1\AppData\Local\Temp\ccoPiRiD.s 			page 18


 607 01af 06       		.byte	0x6
 608 01b0 01       		.byte	0x1
 609 01b1 0F01     		.2byte	0x10f
 610 01b3 D2010000 		.4byte	0x1d2
 611 01b7 11       		.uleb128 0x11
 612 01b8 DD000000 		.4byte	.LASF22
 613 01bc 01       		.byte	0x1
 614 01bd 1001     		.2byte	0x110
 615 01bf 84000000 		.4byte	0x84
 616 01c3 00       		.byte	0
 617 01c4 11       		.uleb128 0x11
 618 01c5 61000000 		.4byte	.LASF23
 619 01c9 01       		.byte	0x1
 620 01ca 1101     		.2byte	0x111
 621 01cc 99000000 		.4byte	0x99
 622 01d0 04       		.byte	0x4
 623 01d1 00       		.byte	0
 624 01d2 06       		.uleb128 0x6
 625 01d3 8A010000 		.4byte	.LASF24
 626 01d7 01       		.byte	0x1
 627 01d8 1201     		.2byte	0x112
 628 01da AE010000 		.4byte	0x1ae
 629 01de 12       		.uleb128 0x12
 630 01df EE010000 		.4byte	0x1ee
 631 01e3 EE010000 		.4byte	0x1ee
 632 01e7 13       		.uleb128 0x13
 633 01e8 7D000000 		.4byte	0x7d
 634 01ec 01       		.byte	0x1
 635 01ed 00       		.byte	0
 636 01ee 14       		.uleb128 0x14
 637 01ef D2010000 		.4byte	0x1d2
 638 01f3 15       		.uleb128 0x15
 639 01f4 2D000000 		.4byte	.LASF25
 640 01f8 01       		.byte	0x1
 641 01f9 1401     		.2byte	0x114
 642 01fb 05020000 		.4byte	0x205
 643 01ff 05       		.uleb128 0x5
 644 0200 03       		.byte	0x3
 645 0201 00000000 		.4byte	cfg_memset_list.4888
 646 0205 14       		.uleb128 0x14
 647 0206 DE010000 		.4byte	0x1de
 648 020a 16       		.uleb128 0x16
 649 020b 6900     		.ascii	"i\000"
 650 020d 01       		.byte	0x1
 651 020e 1A01     		.2byte	0x11a
 652 0210 8D000000 		.4byte	0x8d
 653 0214 4D000000 		.4byte	.LLST2
 654 0218 17       		.uleb128 0x17
 655 0219 D4000000 		.4byte	.LBB3
 656 021d 1C000000 		.4byte	.LBE3-.LBB3
 657 0221 16       		.uleb128 0x16
 658 0222 6D7300   		.ascii	"ms\000"
 659 0225 01       		.byte	0x1
 660 0226 1F01     		.2byte	0x11f
 661 0228 30020000 		.4byte	0x230
 662 022c 77000000 		.4byte	.LLST3
 663 0230 18       		.uleb128 0x18
ARM GAS  C:\Users\AFDHAL~1\AppData\Local\Temp\ccoPiRiD.s 			page 19


 664 0231 04       		.byte	0x4
 665 0232 EE010000 		.4byte	0x1ee
 666 0236 0B       		.uleb128 0xb
 667 0237 F0000000 		.4byte	.LVL8
 668 023b F2000000 		.4byte	0xf2
 669 023f 0C       		.uleb128 0xc
 670 0240 01       		.uleb128 0x1
 671 0241 51       		.byte	0x51
 672 0242 15       		.uleb128 0x15
 673 0243 74       		.byte	0x74
 674 0244 00       		.sleb128 0
 675 0245 31       		.byte	0x31
 676 0246 24       		.byte	0x24
 677 0247 74       		.byte	0x74
 678 0248 00       		.sleb128 0
 679 0249 22       		.byte	0x22
 680 024a 31       		.byte	0x31
 681 024b 24       		.byte	0x24
 682 024c 03       		.byte	0x3
 683 024d 04000000 		.4byte	.LANCHOR0+4
 684 0251 22       		.byte	0x22
 685 0252 94       		.byte	0x94
 686 0253 02       		.byte	0x2
 687 0254 0A       		.byte	0xa
 688 0255 FFFF     		.2byte	0xffff
 689 0257 1A       		.byte	0x1a
 690 0258 00       		.byte	0
 691 0259 00       		.byte	0
 692 025a 00       		.byte	0
 693 025b 19       		.uleb128 0x19
 694 025c 6A010000 		.4byte	.LVL11
 695 0260 3F010000 		.4byte	0x13f
 696 0264 19       		.uleb128 0x19
 697 0265 6E010000 		.4byte	.LVL12
 698 0269 E1000000 		.4byte	0xe1
 699 026d 00       		.byte	0
 700 026e 1A       		.uleb128 0x1a
 701 026f 9B000000 		.4byte	.LASF34
 702 0273 9B000000 		.4byte	.LASF34
 703 0277 1B       		.uleb128 0x1b
 704 0278 12020000 		.4byte	.LASF26
 705 027c 12020000 		.4byte	.LASF26
 706 0280 04       		.byte	0x4
 707 0281 6C       		.byte	0x6c
 708 0282 1B       		.uleb128 0x1b
 709 0283 1E000000 		.4byte	.LASF27
 710 0287 1E000000 		.4byte	.LASF27
 711 028b 04       		.byte	0x4
 712 028c BD       		.byte	0xbd
 713 028d 1B       		.uleb128 0x1b
 714 028e A9000000 		.4byte	.LASF28
 715 0292 A9000000 		.4byte	.LASF28
 716 0296 04       		.byte	0x4
 717 0297 C3       		.byte	0xc3
 718 0298 00       		.byte	0
 719              		.section	.debug_abbrev,"",%progbits
 720              	.Ldebug_abbrev0:
ARM GAS  C:\Users\AFDHAL~1\AppData\Local\Temp\ccoPiRiD.s 			page 20


 721 0000 01       		.uleb128 0x1
 722 0001 11       		.uleb128 0x11
 723 0002 01       		.byte	0x1
 724 0003 25       		.uleb128 0x25
 725 0004 0E       		.uleb128 0xe
 726 0005 13       		.uleb128 0x13
 727 0006 0B       		.uleb128 0xb
 728 0007 03       		.uleb128 0x3
 729 0008 0E       		.uleb128 0xe
 730 0009 1B       		.uleb128 0x1b
 731 000a 0E       		.uleb128 0xe
 732 000b 55       		.uleb128 0x55
 733 000c 17       		.uleb128 0x17
 734 000d 11       		.uleb128 0x11
 735 000e 01       		.uleb128 0x1
 736 000f 10       		.uleb128 0x10
 737 0010 17       		.uleb128 0x17
 738 0011 00       		.byte	0
 739 0012 00       		.byte	0
 740 0013 02       		.uleb128 0x2
 741 0014 24       		.uleb128 0x24
 742 0015 00       		.byte	0
 743 0016 0B       		.uleb128 0xb
 744 0017 0B       		.uleb128 0xb
 745 0018 3E       		.uleb128 0x3e
 746 0019 0B       		.uleb128 0xb
 747 001a 03       		.uleb128 0x3
 748 001b 08       		.uleb128 0x8
 749 001c 00       		.byte	0
 750 001d 00       		.byte	0
 751 001e 03       		.uleb128 0x3
 752 001f 16       		.uleb128 0x16
 753 0020 00       		.byte	0
 754 0021 03       		.uleb128 0x3
 755 0022 0E       		.uleb128 0xe
 756 0023 3A       		.uleb128 0x3a
 757 0024 0B       		.uleb128 0xb
 758 0025 3B       		.uleb128 0x3b
 759 0026 0B       		.uleb128 0xb
 760 0027 49       		.uleb128 0x49
 761 0028 13       		.uleb128 0x13
 762 0029 00       		.byte	0
 763 002a 00       		.byte	0
 764 002b 04       		.uleb128 0x4
 765 002c 24       		.uleb128 0x24
 766 002d 00       		.byte	0
 767 002e 0B       		.uleb128 0xb
 768 002f 0B       		.uleb128 0xb
 769 0030 3E       		.uleb128 0x3e
 770 0031 0B       		.uleb128 0xb
 771 0032 03       		.uleb128 0x3
 772 0033 0E       		.uleb128 0xe
 773 0034 00       		.byte	0
 774 0035 00       		.byte	0
 775 0036 05       		.uleb128 0x5
 776 0037 0F       		.uleb128 0xf
 777 0038 00       		.byte	0
ARM GAS  C:\Users\AFDHAL~1\AppData\Local\Temp\ccoPiRiD.s 			page 21


 778 0039 0B       		.uleb128 0xb
 779 003a 0B       		.uleb128 0xb
 780 003b 00       		.byte	0
 781 003c 00       		.byte	0
 782 003d 06       		.uleb128 0x6
 783 003e 16       		.uleb128 0x16
 784 003f 00       		.byte	0
 785 0040 03       		.uleb128 0x3
 786 0041 0E       		.uleb128 0xe
 787 0042 3A       		.uleb128 0x3a
 788 0043 0B       		.uleb128 0xb
 789 0044 3B       		.uleb128 0x3b
 790 0045 05       		.uleb128 0x5
 791 0046 49       		.uleb128 0x49
 792 0047 13       		.uleb128 0x13
 793 0048 00       		.byte	0
 794 0049 00       		.byte	0
 795 004a 07       		.uleb128 0x7
 796 004b 35       		.uleb128 0x35
 797 004c 00       		.byte	0
 798 004d 49       		.uleb128 0x49
 799 004e 13       		.uleb128 0x13
 800 004f 00       		.byte	0
 801 0050 00       		.byte	0
 802 0051 08       		.uleb128 0x8
 803 0052 2E       		.uleb128 0x2e
 804 0053 00       		.byte	0
 805 0054 03       		.uleb128 0x3
 806 0055 0E       		.uleb128 0xe
 807 0056 3A       		.uleb128 0x3a
 808 0057 0B       		.uleb128 0xb
 809 0058 3B       		.uleb128 0x3b
 810 0059 0B       		.uleb128 0xb
 811 005a 27       		.uleb128 0x27
 812 005b 19       		.uleb128 0x19
 813 005c 11       		.uleb128 0x11
 814 005d 01       		.uleb128 0x1
 815 005e 12       		.uleb128 0x12
 816 005f 06       		.uleb128 0x6
 817 0060 40       		.uleb128 0x40
 818 0061 18       		.uleb128 0x18
 819 0062 9742     		.uleb128 0x2117
 820 0064 19       		.uleb128 0x19
 821 0065 00       		.byte	0
 822 0066 00       		.byte	0
 823 0067 09       		.uleb128 0x9
 824 0068 2E       		.uleb128 0x2e
 825 0069 01       		.byte	0x1
 826 006a 03       		.uleb128 0x3
 827 006b 0E       		.uleb128 0xe
 828 006c 3A       		.uleb128 0x3a
 829 006d 0B       		.uleb128 0xb
 830 006e 3B       		.uleb128 0x3b
 831 006f 0B       		.uleb128 0xb
 832 0070 27       		.uleb128 0x27
 833 0071 19       		.uleb128 0x19
 834 0072 11       		.uleb128 0x11
ARM GAS  C:\Users\AFDHAL~1\AppData\Local\Temp\ccoPiRiD.s 			page 22


 835 0073 01       		.uleb128 0x1
 836 0074 12       		.uleb128 0x12
 837 0075 06       		.uleb128 0x6
 838 0076 40       		.uleb128 0x40
 839 0077 18       		.uleb128 0x18
 840 0078 9742     		.uleb128 0x2117
 841 007a 19       		.uleb128 0x19
 842 007b 01       		.uleb128 0x1
 843 007c 13       		.uleb128 0x13
 844 007d 00       		.byte	0
 845 007e 00       		.byte	0
 846 007f 0A       		.uleb128 0xa
 847 0080 05       		.uleb128 0x5
 848 0081 00       		.byte	0
 849 0082 03       		.uleb128 0x3
 850 0083 08       		.uleb128 0x8
 851 0084 3A       		.uleb128 0x3a
 852 0085 0B       		.uleb128 0xb
 853 0086 3B       		.uleb128 0x3b
 854 0087 0B       		.uleb128 0xb
 855 0088 49       		.uleb128 0x49
 856 0089 13       		.uleb128 0x13
 857 008a 02       		.uleb128 0x2
 858 008b 17       		.uleb128 0x17
 859 008c 00       		.byte	0
 860 008d 00       		.byte	0
 861 008e 0B       		.uleb128 0xb
 862 008f 898201   		.uleb128 0x4109
 863 0092 01       		.byte	0x1
 864 0093 11       		.uleb128 0x11
 865 0094 01       		.uleb128 0x1
 866 0095 31       		.uleb128 0x31
 867 0096 13       		.uleb128 0x13
 868 0097 00       		.byte	0
 869 0098 00       		.byte	0
 870 0099 0C       		.uleb128 0xc
 871 009a 8A8201   		.uleb128 0x410a
 872 009d 00       		.byte	0
 873 009e 02       		.uleb128 0x2
 874 009f 18       		.uleb128 0x18
 875 00a0 9142     		.uleb128 0x2111
 876 00a2 18       		.uleb128 0x18
 877 00a3 00       		.byte	0
 878 00a4 00       		.byte	0
 879 00a5 0D       		.uleb128 0xd
 880 00a6 898201   		.uleb128 0x4109
 881 00a9 01       		.byte	0x1
 882 00aa 11       		.uleb128 0x11
 883 00ab 01       		.uleb128 0x1
 884 00ac 31       		.uleb128 0x31
 885 00ad 13       		.uleb128 0x13
 886 00ae 01       		.uleb128 0x1
 887 00af 13       		.uleb128 0x13
 888 00b0 00       		.byte	0
 889 00b1 00       		.byte	0
 890 00b2 0E       		.uleb128 0xe
 891 00b3 2E       		.uleb128 0x2e
ARM GAS  C:\Users\AFDHAL~1\AppData\Local\Temp\ccoPiRiD.s 			page 23


 892 00b4 01       		.byte	0x1
 893 00b5 3F       		.uleb128 0x3f
 894 00b6 19       		.uleb128 0x19
 895 00b7 03       		.uleb128 0x3
 896 00b8 0E       		.uleb128 0xe
 897 00b9 3A       		.uleb128 0x3a
 898 00ba 0B       		.uleb128 0xb
 899 00bb 3B       		.uleb128 0x3b
 900 00bc 05       		.uleb128 0x5
 901 00bd 27       		.uleb128 0x27
 902 00be 19       		.uleb128 0x19
 903 00bf 11       		.uleb128 0x11
 904 00c0 01       		.uleb128 0x1
 905 00c1 12       		.uleb128 0x12
 906 00c2 06       		.uleb128 0x6
 907 00c3 40       		.uleb128 0x40
 908 00c4 18       		.uleb128 0x18
 909 00c5 9742     		.uleb128 0x2117
 910 00c7 19       		.uleb128 0x19
 911 00c8 01       		.uleb128 0x1
 912 00c9 13       		.uleb128 0x13
 913 00ca 00       		.byte	0
 914 00cb 00       		.byte	0
 915 00cc 0F       		.uleb128 0xf
 916 00cd 0B       		.uleb128 0xb
 917 00ce 01       		.byte	0x1
 918 00cf 11       		.uleb128 0x11
 919 00d0 01       		.uleb128 0x1
 920 00d1 12       		.uleb128 0x12
 921 00d2 06       		.uleb128 0x6
 922 00d3 01       		.uleb128 0x1
 923 00d4 13       		.uleb128 0x13
 924 00d5 00       		.byte	0
 925 00d6 00       		.byte	0
 926 00d7 10       		.uleb128 0x10
 927 00d8 13       		.uleb128 0x13
 928 00d9 01       		.byte	0x1
 929 00da 0B       		.uleb128 0xb
 930 00db 0B       		.uleb128 0xb
 931 00dc 3A       		.uleb128 0x3a
 932 00dd 0B       		.uleb128 0xb
 933 00de 3B       		.uleb128 0x3b
 934 00df 05       		.uleb128 0x5
 935 00e0 01       		.uleb128 0x1
 936 00e1 13       		.uleb128 0x13
 937 00e2 00       		.byte	0
 938 00e3 00       		.byte	0
 939 00e4 11       		.uleb128 0x11
 940 00e5 0D       		.uleb128 0xd
 941 00e6 00       		.byte	0
 942 00e7 03       		.uleb128 0x3
 943 00e8 0E       		.uleb128 0xe
 944 00e9 3A       		.uleb128 0x3a
 945 00ea 0B       		.uleb128 0xb
 946 00eb 3B       		.uleb128 0x3b
 947 00ec 05       		.uleb128 0x5
 948 00ed 49       		.uleb128 0x49
ARM GAS  C:\Users\AFDHAL~1\AppData\Local\Temp\ccoPiRiD.s 			page 24


 949 00ee 13       		.uleb128 0x13
 950 00ef 38       		.uleb128 0x38
 951 00f0 0B       		.uleb128 0xb
 952 00f1 00       		.byte	0
 953 00f2 00       		.byte	0
 954 00f3 12       		.uleb128 0x12
 955 00f4 01       		.uleb128 0x1
 956 00f5 01       		.byte	0x1
 957 00f6 49       		.uleb128 0x49
 958 00f7 13       		.uleb128 0x13
 959 00f8 01       		.uleb128 0x1
 960 00f9 13       		.uleb128 0x13
 961 00fa 00       		.byte	0
 962 00fb 00       		.byte	0
 963 00fc 13       		.uleb128 0x13
 964 00fd 21       		.uleb128 0x21
 965 00fe 00       		.byte	0
 966 00ff 49       		.uleb128 0x49
 967 0100 13       		.uleb128 0x13
 968 0101 2F       		.uleb128 0x2f
 969 0102 0B       		.uleb128 0xb
 970 0103 00       		.byte	0
 971 0104 00       		.byte	0
 972 0105 14       		.uleb128 0x14
 973 0106 26       		.uleb128 0x26
 974 0107 00       		.byte	0
 975 0108 49       		.uleb128 0x49
 976 0109 13       		.uleb128 0x13
 977 010a 00       		.byte	0
 978 010b 00       		.byte	0
 979 010c 15       		.uleb128 0x15
 980 010d 34       		.uleb128 0x34
 981 010e 00       		.byte	0
 982 010f 03       		.uleb128 0x3
 983 0110 0E       		.uleb128 0xe
 984 0111 3A       		.uleb128 0x3a
 985 0112 0B       		.uleb128 0xb
 986 0113 3B       		.uleb128 0x3b
 987 0114 05       		.uleb128 0x5
 988 0115 49       		.uleb128 0x49
 989 0116 13       		.uleb128 0x13
 990 0117 02       		.uleb128 0x2
 991 0118 18       		.uleb128 0x18
 992 0119 00       		.byte	0
 993 011a 00       		.byte	0
 994 011b 16       		.uleb128 0x16
 995 011c 34       		.uleb128 0x34
 996 011d 00       		.byte	0
 997 011e 03       		.uleb128 0x3
 998 011f 08       		.uleb128 0x8
 999 0120 3A       		.uleb128 0x3a
 1000 0121 0B       		.uleb128 0xb
 1001 0122 3B       		.uleb128 0x3b
 1002 0123 05       		.uleb128 0x5
 1003 0124 49       		.uleb128 0x49
 1004 0125 13       		.uleb128 0x13
 1005 0126 02       		.uleb128 0x2
ARM GAS  C:\Users\AFDHAL~1\AppData\Local\Temp\ccoPiRiD.s 			page 25


 1006 0127 17       		.uleb128 0x17
 1007 0128 00       		.byte	0
 1008 0129 00       		.byte	0
 1009 012a 17       		.uleb128 0x17
 1010 012b 0B       		.uleb128 0xb
 1011 012c 01       		.byte	0x1
 1012 012d 11       		.uleb128 0x11
 1013 012e 01       		.uleb128 0x1
 1014 012f 12       		.uleb128 0x12
 1015 0130 06       		.uleb128 0x6
 1016 0131 00       		.byte	0
 1017 0132 00       		.byte	0
 1018 0133 18       		.uleb128 0x18
 1019 0134 0F       		.uleb128 0xf
 1020 0135 00       		.byte	0
 1021 0136 0B       		.uleb128 0xb
 1022 0137 0B       		.uleb128 0xb
 1023 0138 49       		.uleb128 0x49
 1024 0139 13       		.uleb128 0x13
 1025 013a 00       		.byte	0
 1026 013b 00       		.byte	0
 1027 013c 19       		.uleb128 0x19
 1028 013d 898201   		.uleb128 0x4109
 1029 0140 00       		.byte	0
 1030 0141 11       		.uleb128 0x11
 1031 0142 01       		.uleb128 0x1
 1032 0143 31       		.uleb128 0x31
 1033 0144 13       		.uleb128 0x13
 1034 0145 00       		.byte	0
 1035 0146 00       		.byte	0
 1036 0147 1A       		.uleb128 0x1a
 1037 0148 2E       		.uleb128 0x2e
 1038 0149 00       		.byte	0
 1039 014a 3F       		.uleb128 0x3f
 1040 014b 19       		.uleb128 0x19
 1041 014c 3C       		.uleb128 0x3c
 1042 014d 19       		.uleb128 0x19
 1043 014e 6E       		.uleb128 0x6e
 1044 014f 0E       		.uleb128 0xe
 1045 0150 03       		.uleb128 0x3
 1046 0151 0E       		.uleb128 0xe
 1047 0152 00       		.byte	0
 1048 0153 00       		.byte	0
 1049 0154 1B       		.uleb128 0x1b
 1050 0155 2E       		.uleb128 0x2e
 1051 0156 00       		.byte	0
 1052 0157 3F       		.uleb128 0x3f
 1053 0158 19       		.uleb128 0x19
 1054 0159 3C       		.uleb128 0x3c
 1055 015a 19       		.uleb128 0x19
 1056 015b 6E       		.uleb128 0x6e
 1057 015c 0E       		.uleb128 0xe
 1058 015d 03       		.uleb128 0x3
 1059 015e 0E       		.uleb128 0xe
 1060 015f 3A       		.uleb128 0x3a
 1061 0160 0B       		.uleb128 0xb
 1062 0161 3B       		.uleb128 0x3b
ARM GAS  C:\Users\AFDHAL~1\AppData\Local\Temp\ccoPiRiD.s 			page 26


 1063 0162 0B       		.uleb128 0xb
 1064 0163 00       		.byte	0
 1065 0164 00       		.byte	0
 1066 0165 00       		.byte	0
 1067              		.section	.debug_loc,"",%progbits
 1068              	.Ldebug_loc0:
 1069              	.LLST0:
 1070 0000 00000000 		.4byte	.LVL0
 1071 0004 09000000 		.4byte	.LVL2-1
 1072 0008 0100     		.2byte	0x1
 1073 000a 50       		.byte	0x50
 1074 000b 09000000 		.4byte	.LVL2-1
 1075 000f 0C000000 		.4byte	.LFE1
 1076 0013 0400     		.2byte	0x4
 1077 0015 F3       		.byte	0xf3
 1078 0016 01       		.uleb128 0x1
 1079 0017 50       		.byte	0x50
 1080 0018 9F       		.byte	0x9f
 1081 0019 00000000 		.4byte	0
 1082 001d 00000000 		.4byte	0
 1083              	.LLST1:
 1084 0021 00000000 		.4byte	.LVL0
 1085 0025 06000000 		.4byte	.LVL1
 1086 0029 0100     		.2byte	0x1
 1087 002b 51       		.byte	0x51
 1088 002c 06000000 		.4byte	.LVL1
 1089 0030 09000000 		.4byte	.LVL2-1
 1090 0034 0100     		.2byte	0x1
 1091 0036 52       		.byte	0x52
 1092 0037 09000000 		.4byte	.LVL2-1
 1093 003b 0C000000 		.4byte	.LFE1
 1094 003f 0400     		.2byte	0x4
 1095 0041 F3       		.byte	0xf3
 1096 0042 01       		.uleb128 0x1
 1097 0043 51       		.byte	0x51
 1098 0044 9F       		.byte	0x9f
 1099 0045 00000000 		.4byte	0
 1100 0049 00000000 		.4byte	0
 1101              	.LLST2:
 1102 004d D0000000 		.4byte	.LVL6
 1103 0051 D4000000 		.4byte	.LVL7
 1104 0055 0200     		.2byte	0x2
 1105 0057 30       		.byte	0x30
 1106 0058 9F       		.byte	0x9f
 1107 0059 D4000000 		.4byte	.LVL7
 1108 005d F2000000 		.4byte	.LVL9
 1109 0061 0100     		.2byte	0x1
 1110 0063 54       		.byte	0x54
 1111 0064 F4000000 		.4byte	.LVL10
 1112 0068 6E010000 		.4byte	.LVL13
 1113 006c 0100     		.2byte	0x1
 1114 006e 54       		.byte	0x54
 1115 006f 00000000 		.4byte	0
 1116 0073 00000000 		.4byte	0
 1117              	.LLST3:
 1118 0077 D4000000 		.4byte	.LVL7
 1119 007b F2000000 		.4byte	.LVL9
ARM GAS  C:\Users\AFDHAL~1\AppData\Local\Temp\ccoPiRiD.s 			page 27


 1120 007f 0B00     		.2byte	0xb
 1121 0081 74       		.byte	0x74
 1122 0082 00       		.sleb128 0
 1123 0083 36       		.byte	0x36
 1124 0084 1E       		.byte	0x1e
 1125 0085 03       		.byte	0x3
 1126 0086 00000000 		.4byte	cfg_memset_list.4888
 1127 008a 22       		.byte	0x22
 1128 008b 9F       		.byte	0x9f
 1129 008c F2000000 		.4byte	.LVL9
 1130 0090 F4000000 		.4byte	.LVL10
 1131 0094 0B00     		.2byte	0xb
 1132 0096 74       		.byte	0x74
 1133 0097 7F       		.sleb128 -1
 1134 0098 36       		.byte	0x36
 1135 0099 1E       		.byte	0x1e
 1136 009a 03       		.byte	0x3
 1137 009b 00000000 		.4byte	cfg_memset_list.4888
 1138 009f 22       		.byte	0x22
 1139 00a0 9F       		.byte	0x9f
 1140 00a1 00000000 		.4byte	0
 1141 00a5 00000000 		.4byte	0
 1142              		.section	.debug_aranges,"",%progbits
 1143 0000 34000000 		.4byte	0x34
 1144 0004 0200     		.2byte	0x2
 1145 0006 00000000 		.4byte	.Ldebug_info0
 1146 000a 04       		.byte	0x4
 1147 000b 00       		.byte	0
 1148 000c 0000     		.2byte	0
 1149 000e 0000     		.2byte	0
 1150 0010 00000000 		.4byte	.LFB5
 1151 0014 20000000 		.4byte	.LFE5-.LFB5
 1152 0018 00000000 		.4byte	.LFB1
 1153 001c 0C000000 		.4byte	.LFE1-.LFB1
 1154 0020 00000000 		.4byte	.LFB4
 1155 0024 CC000000 		.4byte	.LFE4-.LFB4
 1156 0028 CC000000 		.4byte	.LFB6
 1157 002c 00010000 		.4byte	.LFE6-.LFB6
 1158 0030 00000000 		.4byte	0
 1159 0034 00000000 		.4byte	0
 1160              		.section	.debug_ranges,"",%progbits
 1161              	.Ldebug_ranges0:
 1162 0000 00000000 		.4byte	.LFB5
 1163 0004 20000000 		.4byte	.LFE5
 1164 0008 00000000 		.4byte	.LFB1
 1165 000c 0C000000 		.4byte	.LFE1
 1166 0010 00000000 		.4byte	.LFB4
 1167 0014 CC000000 		.4byte	.LFE4
 1168 0018 CC000000 		.4byte	.LFB6
 1169 001c CC010000 		.4byte	.LFE6
 1170 0020 00000000 		.4byte	0
 1171 0024 00000000 		.4byte	0
 1172              		.section	.debug_line,"",%progbits
 1173              	.Ldebug_line0:
 1174 0000 56010000 		.section	.debug_str,"MS",%progbits,1
 1174      0200D600 
 1174      00000201 
ARM GAS  C:\Users\AFDHAL~1\AppData\Local\Temp\ccoPiRiD.s 			page 28


 1174      FB0E0D00 
 1174      01010101 
 1175              	.LASF19:
 1176 0000 72656733 		.ascii	"reg32\000"
 1176      3200
 1177              	.LASF12:
 1178 0006 73697A65 		.ascii	"size_t\000"
 1178      5F7400
 1179              	.LASF32:
 1180 000d 416E616C 		.ascii	"AnalogSetDefault\000"
 1180      6F675365 
 1180      74446566 
 1180      61756C74 
 1180      00
 1181              	.LASF27:
 1182 001e 4379496E 		.ascii	"CyIntSetVector\000"
 1182      74536574 
 1182      56656374 
 1182      6F7200
 1183              	.LASF25:
 1184 002d 6366675F 		.ascii	"cfg_memset_list\000"
 1184      6D656D73 
 1184      65745F6C 
 1184      69737400 
 1185              	.LASF21:
 1186 003d 436C6F63 		.ascii	"ClockSetup\000"
 1186      6B536574 
 1186      757000
 1187              	.LASF6:
 1188 0048 73686F72 		.ascii	"short unsigned int\000"
 1188      7420756E 
 1188      7369676E 
 1188      65642069 
 1188      6E7400
 1189              	.LASF16:
 1190 005b 666C6F61 		.ascii	"float\000"
 1190      7400
 1191              	.LASF23:
 1192 0061 73697A65 		.ascii	"size\000"
 1192      00
 1193              	.LASF18:
 1194 0066 72656738 		.ascii	"reg8\000"
 1194      00
 1195              	.LASF8:
 1196 006b 6C6F6E67 		.ascii	"long unsigned int\000"
 1196      20756E73 
 1196      69676E65 
 1196      6420696E 
 1196      7400
 1197              	.LASF13:
 1198 007d 75696E74 		.ascii	"uint8\000"
 1198      3800
 1199              	.LASF20:
 1200 0083 43594D45 		.ascii	"CYMEMZERO\000"
 1200      4D5A4552 
 1200      4F00
 1201              	.LASF4:
ARM GAS  C:\Users\AFDHAL~1\AppData\Local\Temp\ccoPiRiD.s 			page 29


 1202 008d 756E7369 		.ascii	"unsigned char\000"
 1202      676E6564 
 1202      20636861 
 1202      7200
 1203              	.LASF34:
 1204 009b 6D656D73 		.ascii	"memset\000"
 1204      657400
 1205              	.LASF17:
 1206 00a2 646F7562 		.ascii	"double\000"
 1206      6C6500
 1207              	.LASF28:
 1208 00a9 4379496E 		.ascii	"CyIntEnable\000"
 1208      74456E61 
 1208      626C6500 
 1209              	.LASF14:
 1210 00b5 75696E74 		.ascii	"uint16\000"
 1210      313600
 1211              	.LASF15:
 1212 00bc 75696E74 		.ascii	"uint32\000"
 1212      333200
 1213              	.LASF0:
 1214 00c3 756E7369 		.ascii	"unsigned int\000"
 1214      676E6564 
 1214      20696E74 
 1214      00
 1215              	.LASF33:
 1216 00d0 63796669 		.ascii	"cyfitter_cfg\000"
 1216      74746572 
 1216      5F636667 
 1216      00
 1217              	.LASF22:
 1218 00dd 61646472 		.ascii	"address\000"
 1218      65737300 
 1219              	.LASF9:
 1220 00e5 6C6F6E67 		.ascii	"long long unsigned int\000"
 1220      206C6F6E 
 1220      6720756E 
 1220      7369676E 
 1220      65642069 
 1221              	.LASF29:
 1222 00fc 474E5520 		.ascii	"GNU C11 5.4.1 20160609 (release) [ARM/embedded-5-br"
 1222      43313120 
 1222      352E342E 
 1222      31203230 
 1222      31363036 
 1223 012f 616E6368 		.ascii	"anch revision 237715] -mcpu=cortex-m0 -mthumb -g -O"
 1223      20726576 
 1223      6973696F 
 1223      6E203233 
 1223      37373135 
 1224 0162 67202D66 		.ascii	"g -ffunction-sections -ffat-lto-objects\000"
 1224      66756E63 
 1224      74696F6E 
 1224      2D736563 
 1224      74696F6E 
 1225              	.LASF24:
 1226 018a 6366675F 		.ascii	"cfg_memset_t\000"
ARM GAS  C:\Users\AFDHAL~1\AppData\Local\Temp\ccoPiRiD.s 			page 30


 1226      6D656D73 
 1226      65745F74 
 1226      00
 1227              	.LASF10:
 1228 0197 73697A65 		.ascii	"sizetype\000"
 1228      74797065 
 1228      00
 1229              	.LASF1:
 1230 01a0 6C6F6E67 		.ascii	"long long int\000"
 1230      206C6F6E 
 1230      6720696E 
 1230      7400
 1231              	.LASF31:
 1232 01ae 433A5C55 		.ascii	"C:\\Users\\AfdhalAtiffTan\\Documents\\PSoC Creator\\"
 1232      73657273 
 1232      5C416664 
 1232      68616C41 
 1232      74696666 
 1233 01dd 55415254 		.ascii	"UART_over_nFR24\\UART_over_nFR24.cydsn\000"
 1233      5F6F7665 
 1233      725F6E46 
 1233      5232345C 
 1233      55415254 
 1234              	.LASF11:
 1235 0203 63686172 		.ascii	"char\000"
 1235      00
 1236              	.LASF5:
 1237 0208 73686F72 		.ascii	"short int\000"
 1237      7420696E 
 1237      7400
 1238              	.LASF26:
 1239 0212 43795379 		.ascii	"CySysClkWriteImoFreq\000"
 1239      73436C6B 
 1239      57726974 
 1239      65496D6F 
 1239      46726571 
 1240              	.LASF7:
 1241 0227 6C6F6E67 		.ascii	"long int\000"
 1241      20696E74 
 1241      00
 1242              	.LASF2:
 1243 0230 6C6F6E67 		.ascii	"long double\000"
 1243      20646F75 
 1243      626C6500 
 1244              	.LASF3:
 1245 023c 7369676E 		.ascii	"signed char\000"
 1245      65642063 
 1245      68617200 
 1246              	.LASF30:
 1247 0248 47656E65 		.ascii	"Generated_Source\\PSoC4\\cyfitter_cfg.c\000"
 1247      72617465 
 1247      645F536F 
 1247      75726365 
 1247      5C50536F 
 1248              		.ident	"GCC: (GNU Tools for ARM Embedded Processors) 5.4.1 20160609 (release) [ARM/embedded-5-bran
