ARM GAS  C:\Users\AFDHAL~1\AppData\Local\Temp\ccmdynd6.s 			page 1


   1              		.syntax unified
   2              		.cpu cortex-m0
   3              		.fpu softvfp
   4              		.eabi_attribute 20, 1
   5              		.eabi_attribute 21, 1
   6              		.eabi_attribute 23, 3
   7              		.eabi_attribute 24, 1
   8              		.eabi_attribute 25, 1
   9              		.eabi_attribute 26, 1
  10              		.eabi_attribute 30, 1
  11              		.eabi_attribute 34, 0
  12              		.eabi_attribute 18, 4
  13              		.thumb
  14              		.syntax unified
  15              		.file	"millis.c"
  16              		.text
  17              	.Ltext0:
  18              		.cfi_sections	.debug_frame
  19              		.section	.text.Millis_Tick,"ax",%progbits
  20              		.align	2
  21              		.global	Millis_Tick
  22              		.code	16
  23              		.thumb_func
  24              		.type	Millis_Tick, %function
  25              	Millis_Tick:
  26              	.LFB34:
  27              		.file 1 "millis.c"
   1:millis.c      **** /*
   2:millis.c      ****  * File:   millis.c
   3:millis.c      ****  * Author: Afdhal Tan
   4:millis.c      ****  *
   5:millis.c      ****  * Created on 21 October 2016, 13:32
   6:millis.c      ****  */
   7:millis.c      **** 
   8:millis.c      **** #include "millis.h"
   9:millis.c      **** volatile unsigned long long long_millis=0;
  10:millis.c      **** 
  11:millis.c      **** CY_ISR(Millis_Tick)
  12:millis.c      **** {
  28              		.loc 1 12 0
  29              		.cfi_startproc
  30              		@ args = 0, pretend = 0, frame = 0
  31              		@ frame_needed = 0, uses_anonymous_args = 0
  32 0000 70B5     		push	{r4, r5, r6, lr}
  33              		.cfi_def_cfa_offset 16
  34              		.cfi_offset 4, -16
  35              		.cfi_offset 5, -12
  36              		.cfi_offset 6, -8
  37              		.cfi_offset 14, -4
  13:millis.c      ****     long_millis+=1;
  38              		.loc 1 13 0
  39 0002 0749     		ldr	r1, .L2
  40 0004 0C68     		ldr	r4, [r1]
  41 0006 4D68     		ldr	r5, [r1, #4]
  42 0008 0122     		movs	r2, #1
  43 000a 0023     		movs	r3, #0
  44 000c 1219     		adds	r2, r2, r4
ARM GAS  C:\Users\AFDHAL~1\AppData\Local\Temp\ccmdynd6.s 			page 2


  45 000e 6B41     		adcs	r3, r3, r5
  46 0010 0A60     		str	r2, [r1]
  47 0012 4B60     		str	r3, [r1, #4]
  14:millis.c      **** 
  15:millis.c      **** //    //for debug use    
  16:millis.c      **** //    static int cnt=0;
  17:millis.c      **** //     
  18:millis.c      **** //    //heartbeat on led
  19:millis.c      **** //    if(cnt++>100)
  20:millis.c      **** //    {
  21:millis.c      **** //        cnt=0;
  22:millis.c      **** //        LED_Write(~LED_Read());
  23:millis.c      **** //    } 
  24:millis.c      ****     
  25:millis.c      ****     //clear flags before exiting isr
  26:millis.c      ****     Millis_TMR_ClearInterrupt(Millis_TMR_INTR_MASK_TC);
  48              		.loc 1 26 0
  49 0014 0120     		movs	r0, #1
  50 0016 FFF7FEFF 		bl	Millis_TMR_ClearInterrupt
  51              	.LVL0:
  27:millis.c      ****     Millis_ISR_ClearPending();
  52              		.loc 1 27 0
  53 001a FFF7FEFF 		bl	Millis_ISR_ClearPending
  54              	.LVL1:
  28:millis.c      **** }
  55              		.loc 1 28 0
  56              		@ sp needed
  57 001e 70BD     		pop	{r4, r5, r6, pc}
  58              	.L3:
  59              		.align	2
  60              	.L2:
  61 0020 00000000 		.word	.LANCHOR0
  62              		.cfi_endproc
  63              	.LFE34:
  64              		.size	Millis_Tick, .-Millis_Tick
  65              		.section	.text.Millis_Start,"ax",%progbits
  66              		.align	2
  67              		.global	Millis_Start
  68              		.code	16
  69              		.thumb_func
  70              		.type	Millis_Start, %function
  71              	Millis_Start:
  72              	.LFB35:
  29:millis.c      **** 
  30:millis.c      **** void Millis_Start()
  31:millis.c      **** {
  73              		.loc 1 31 0
  74              		.cfi_startproc
  75              		@ args = 0, pretend = 0, frame = 0
  76              		@ frame_needed = 0, uses_anonymous_args = 0
  77 0000 10B5     		push	{r4, lr}
  78              		.cfi_def_cfa_offset 8
  79              		.cfi_offset 4, -8
  80              		.cfi_offset 14, -4
  32:millis.c      ****     Millis_ISR_StartEx(Millis_Tick);
  81              		.loc 1 32 0
  82 0002 0348     		ldr	r0, .L5
ARM GAS  C:\Users\AFDHAL~1\AppData\Local\Temp\ccmdynd6.s 			page 3


  83 0004 FFF7FEFF 		bl	Millis_ISR_StartEx
  84              	.LVL2:
  33:millis.c      ****     Millis_TMR_Start();
  85              		.loc 1 33 0
  86 0008 FFF7FEFF 		bl	Millis_TMR_Start
  87              	.LVL3:
  34:millis.c      **** }
  88              		.loc 1 34 0
  89              		@ sp needed
  90 000c 10BD     		pop	{r4, pc}
  91              	.L6:
  92 000e C046     		.align	2
  93              	.L5:
  94 0010 00000000 		.word	Millis_Tick
  95              		.cfi_endproc
  96              	.LFE35:
  97              		.size	Millis_Start, .-Millis_Start
  98              		.global	long_millis
  99              		.bss
 100              		.align	3
 101              		.set	.LANCHOR0,. + 0
 102              		.type	long_millis, %object
 103              		.size	long_millis, 8
 104              	long_millis:
 105 0000 00000000 		.space	8
 105      00000000 
 106              		.text
 107              	.Letext0:
 108              		.file 2 "Generated_Source\\PSoC4/nRF24_DEFS.h"
 109              		.file 3 "Generated_Source\\PSoC4/Millis_TMR.h"
 110              		.file 4 "Generated_Source\\PSoC4/Millis_ISR.h"
 111              		.file 5 "Generated_Source\\PSoC4/cytypes.h"
 112              		.section	.debug_info,"",%progbits
 113              	.Ldebug_info0:
 114 0000 1C030000 		.4byte	0x31c
 115 0004 0400     		.2byte	0x4
 116 0006 00000000 		.4byte	.Ldebug_abbrev0
 117 000a 04       		.byte	0x4
 118 000b 01       		.uleb128 0x1
 119 000c BA010000 		.4byte	.LASF79
 120 0010 0C       		.byte	0xc
 121 0011 21030000 		.4byte	.LASF80
 122 0015 37000000 		.4byte	.LASF81
 123 0019 00000000 		.4byte	.Ldebug_ranges0+0
 124 001d 00000000 		.4byte	0
 125 0021 00000000 		.4byte	.Ldebug_line0
 126 0025 02       		.uleb128 0x2
 127 0026 01       		.byte	0x1
 128 0027 06       		.byte	0x6
 129 0028 0F030000 		.4byte	.LASF0
 130 002c 02       		.uleb128 0x2
 131 002d 01       		.byte	0x1
 132 002e 08       		.byte	0x8
 133 002f 2F040000 		.4byte	.LASF1
 134 0033 02       		.uleb128 0x2
 135 0034 02       		.byte	0x2
 136 0035 05       		.byte	0x5
ARM GAS  C:\Users\AFDHAL~1\AppData\Local\Temp\ccmdynd6.s 			page 4


 137 0036 92010000 		.4byte	.LASF2
 138 003a 02       		.uleb128 0x2
 139 003b 02       		.byte	0x2
 140 003c 07       		.byte	0x7
 141 003d F7050000 		.4byte	.LASF3
 142 0041 02       		.uleb128 0x2
 143 0042 04       		.byte	0x4
 144 0043 05       		.byte	0x5
 145 0044 7F030000 		.4byte	.LASF4
 146 0048 02       		.uleb128 0x2
 147 0049 04       		.byte	0x4
 148 004a 07       		.byte	0x7
 149 004b 47060000 		.4byte	.LASF5
 150 004f 02       		.uleb128 0x2
 151 0050 08       		.byte	0x8
 152 0051 05       		.byte	0x5
 153 0052 36030000 		.4byte	.LASF6
 154 0056 02       		.uleb128 0x2
 155 0057 08       		.byte	0x8
 156 0058 07       		.byte	0x7
 157 0059 29050000 		.4byte	.LASF7
 158 005d 03       		.uleb128 0x3
 159 005e 04       		.byte	0x4
 160 005f 05       		.byte	0x5
 161 0060 696E7400 		.ascii	"int\000"
 162 0064 02       		.uleb128 0x2
 163 0065 04       		.byte	0x4
 164 0066 07       		.byte	0x7
 165 0067 55050000 		.4byte	.LASF8
 166 006b 04       		.uleb128 0x4
 167 006c 2C060000 		.4byte	.LASF82
 168 0070 05       		.byte	0x5
 169 0071 D401     		.2byte	0x1d4
 170 0073 48000000 		.4byte	0x48
 171 0077 02       		.uleb128 0x2
 172 0078 04       		.byte	0x4
 173 0079 04       		.byte	0x4
 174 007a 1B030000 		.4byte	.LASF9
 175 007e 02       		.uleb128 0x2
 176 007f 08       		.byte	0x8
 177 0080 04       		.byte	0x4
 178 0081 59060000 		.4byte	.LASF10
 179 0085 02       		.uleb128 0x2
 180 0086 01       		.byte	0x1
 181 0087 08       		.byte	0x8
 182 0088 F2050000 		.4byte	.LASF11
 183 008c 02       		.uleb128 0x2
 184 008d 08       		.byte	0x8
 185 008e 04       		.byte	0x4
 186 008f 6F040000 		.4byte	.LASF12
 187 0093 02       		.uleb128 0x2
 188 0094 04       		.byte	0x4
 189 0095 07       		.byte	0x7
 190 0096 2C010000 		.4byte	.LASF13
 191 009a 05       		.uleb128 0x5
 192 009b 01       		.byte	0x1
 193 009c 2C000000 		.4byte	0x2c
ARM GAS  C:\Users\AFDHAL~1\AppData\Local\Temp\ccmdynd6.s 			page 5


 194 00a0 02       		.byte	0x2
 195 00a1 1E       		.byte	0x1e
 196 00a2 43010000 		.4byte	0x143
 197 00a6 06       		.uleb128 0x6
 198 00a7 7D060000 		.4byte	.LASF14
 199 00ab 00       		.byte	0
 200 00ac 06       		.uleb128 0x6
 201 00ad 48020000 		.4byte	.LASF15
 202 00b1 01       		.byte	0x1
 203 00b2 06       		.uleb128 0x6
 204 00b3 07010000 		.4byte	.LASF16
 205 00b7 02       		.byte	0x2
 206 00b8 06       		.uleb128 0x6
 207 00b9 BB060000 		.4byte	.LASF17
 208 00bd 03       		.byte	0x3
 209 00be 06       		.uleb128 0x6
 210 00bf A8060000 		.4byte	.LASF18
 211 00c3 04       		.byte	0x4
 212 00c4 06       		.uleb128 0x6
 213 00c5 01030000 		.4byte	.LASF19
 214 00c9 05       		.byte	0x5
 215 00ca 06       		.uleb128 0x6
 216 00cb CB000000 		.4byte	.LASF20
 217 00cf 06       		.byte	0x6
 218 00d0 06       		.uleb128 0x6
 219 00d1 56020000 		.4byte	.LASF21
 220 00d5 07       		.byte	0x7
 221 00d6 06       		.uleb128 0x6
 222 00d7 19010000 		.4byte	.LASF22
 223 00db 08       		.byte	0x8
 224 00dc 06       		.uleb128 0x6
 225 00dd 88030000 		.4byte	.LASF23
 226 00e1 09       		.byte	0x9
 227 00e2 06       		.uleb128 0x6
 228 00e3 7B040000 		.4byte	.LASF24
 229 00e7 0A       		.byte	0xa
 230 00e8 06       		.uleb128 0x6
 231 00e9 8E040000 		.4byte	.LASF25
 232 00ed 0B       		.byte	0xb
 233 00ee 06       		.uleb128 0x6
 234 00ef A1040000 		.4byte	.LASF26
 235 00f3 0C       		.byte	0xc
 236 00f4 06       		.uleb128 0x6
 237 00f5 B4040000 		.4byte	.LASF27
 238 00f9 0D       		.byte	0xd
 239 00fa 06       		.uleb128 0x6
 240 00fb C7040000 		.4byte	.LASF28
 241 00ff 0E       		.byte	0xe
 242 0100 06       		.uleb128 0x6
 243 0101 DA040000 		.4byte	.LASF29
 244 0105 0F       		.byte	0xf
 245 0106 06       		.uleb128 0x6
 246 0107 35010000 		.4byte	.LASF30
 247 010b 10       		.byte	0x10
 248 010c 06       		.uleb128 0x6
 249 010d 5F010000 		.4byte	.LASF31
 250 0111 11       		.byte	0x11
ARM GAS  C:\Users\AFDHAL~1\AppData\Local\Temp\ccmdynd6.s 			page 6


 251 0112 06       		.uleb128 0x6
 252 0113 E8060000 		.4byte	.LASF32
 253 0117 12       		.byte	0x12
 254 0118 06       		.uleb128 0x6
 255 0119 81010000 		.4byte	.LASF33
 256 011d 13       		.byte	0x13
 257 011e 06       		.uleb128 0x6
 258 011f F9060000 		.4byte	.LASF34
 259 0123 14       		.byte	0x14
 260 0124 06       		.uleb128 0x6
 261 0125 9C010000 		.4byte	.LASF35
 262 0129 15       		.byte	0x15
 263 012a 06       		.uleb128 0x6
 264 012b 0A070000 		.4byte	.LASF36
 265 012f 16       		.byte	0x16
 266 0130 06       		.uleb128 0x6
 267 0131 33060000 		.4byte	.LASF37
 268 0135 17       		.byte	0x17
 269 0136 06       		.uleb128 0x6
 270 0137 0A060000 		.4byte	.LASF38
 271 013b 1C       		.byte	0x1c
 272 013c 06       		.uleb128 0x6
 273 013d 19050000 		.4byte	.LASF39
 274 0141 1D       		.byte	0x1d
 275 0142 00       		.byte	0
 276 0143 05       		.uleb128 0x5
 277 0144 01       		.byte	0x1
 278 0145 2C000000 		.4byte	0x2c
 279 0149 02       		.byte	0x2
 280 014a 75       		.byte	0x75
 281 014b 7A010000 		.4byte	0x17a
 282 014f 06       		.uleb128 0x6
 283 0150 DB050000 		.4byte	.LASF40
 284 0154 00       		.byte	0
 285 0155 06       		.uleb128 0x6
 286 0156 50030000 		.4byte	.LASF41
 287 015a 01       		.byte	0x1
 288 015b 06       		.uleb128 0x6
 289 015c 18060000 		.4byte	.LASF42
 290 0160 02       		.byte	0x2
 291 0161 06       		.uleb128 0x6
 292 0162 F1000000 		.4byte	.LASF43
 293 0166 03       		.byte	0x3
 294 0167 06       		.uleb128 0x6
 295 0168 7F050000 		.4byte	.LASF44
 296 016c 04       		.byte	0x4
 297 016d 06       		.uleb128 0x6
 298 016e 45010000 		.4byte	.LASF45
 299 0172 05       		.byte	0x5
 300 0173 06       		.uleb128 0x6
 301 0174 AF030000 		.4byte	.LASF46
 302 0178 06       		.byte	0x6
 303 0179 00       		.byte	0
 304 017a 05       		.uleb128 0x5
 305 017b 01       		.byte	0x1
 306 017c 2C000000 		.4byte	0x2c
 307 0180 02       		.byte	0x2
ARM GAS  C:\Users\AFDHAL~1\AppData\Local\Temp\ccmdynd6.s 			page 7


 308 0181 91       		.byte	0x91
 309 0182 AB010000 		.4byte	0x1ab
 310 0186 06       		.uleb128 0x6
 311 0187 65020000 		.4byte	.LASF47
 312 018b 00       		.byte	0
 313 018c 06       		.uleb128 0x6
 314 018d 7B020000 		.4byte	.LASF48
 315 0191 01       		.byte	0x1
 316 0192 06       		.uleb128 0x6
 317 0193 91020000 		.4byte	.LASF49
 318 0197 02       		.byte	0x2
 319 0198 06       		.uleb128 0x6
 320 0199 A7020000 		.4byte	.LASF50
 321 019d 03       		.byte	0x3
 322 019e 06       		.uleb128 0x6
 323 019f BD020000 		.4byte	.LASF51
 324 01a3 04       		.byte	0x4
 325 01a4 06       		.uleb128 0x6
 326 01a5 D3020000 		.4byte	.LASF52
 327 01a9 05       		.byte	0x5
 328 01aa 00       		.byte	0
 329 01ab 05       		.uleb128 0x5
 330 01ac 01       		.byte	0x1
 331 01ad 2C000000 		.4byte	0x2c
 332 01b1 02       		.byte	0x2
 333 01b2 AA       		.byte	0xaa
 334 01b3 DC010000 		.4byte	0x1dc
 335 01b7 06       		.uleb128 0x6
 336 01b8 E4030000 		.4byte	.LASF53
 337 01bc 00       		.byte	0
 338 01bd 06       		.uleb128 0x6
 339 01be FD030000 		.4byte	.LASF54
 340 01c2 01       		.byte	0x1
 341 01c3 06       		.uleb128 0x6
 342 01c4 16040000 		.4byte	.LASF55
 343 01c8 02       		.byte	0x2
 344 01c9 06       		.uleb128 0x6
 345 01ca 66030000 		.4byte	.LASF56
 346 01ce 03       		.byte	0x3
 347 01cf 06       		.uleb128 0x6
 348 01d0 3D040000 		.4byte	.LASF57
 349 01d4 04       		.byte	0x4
 350 01d5 06       		.uleb128 0x6
 351 01d6 56040000 		.4byte	.LASF58
 352 01da 05       		.byte	0x5
 353 01db 00       		.byte	0
 354 01dc 05       		.uleb128 0x5
 355 01dd 01       		.byte	0x1
 356 01de 2C000000 		.4byte	0x2c
 357 01e2 02       		.byte	0x2
 358 01e3 D1       		.byte	0xd1
 359 01e4 F5010000 		.4byte	0x1f5
 360 01e8 06       		.uleb128 0x6
 361 01e9 9A050000 		.4byte	.LASF59
 362 01ed 00       		.byte	0
 363 01ee 06       		.uleb128 0x6
 364 01ef B1050000 		.4byte	.LASF60
ARM GAS  C:\Users\AFDHAL~1\AppData\Local\Temp\ccmdynd6.s 			page 8


 365 01f3 04       		.byte	0x4
 366 01f4 00       		.byte	0
 367 01f5 07       		.uleb128 0x7
 368 01f6 01       		.byte	0x1
 369 01f7 2C000000 		.4byte	0x2c
 370 01fb 02       		.byte	0x2
 371 01fc 4A01     		.2byte	0x14a
 372 01fe 21020000 		.4byte	0x221
 373 0202 06       		.uleb128 0x6
 374 0203 60060000 		.4byte	.LASF61
 375 0207 00       		.byte	0
 376 0208 06       		.uleb128 0x6
 377 0209 8C060000 		.4byte	.LASF62
 378 020d 01       		.byte	0x1
 379 020e 06       		.uleb128 0x6
 380 020f 00000000 		.4byte	.LASF63
 381 0213 04       		.byte	0x4
 382 0214 06       		.uleb128 0x6
 383 0215 CC060000 		.4byte	.LASF64
 384 0219 05       		.byte	0x5
 385 021a 06       		.uleb128 0x6
 386 021b 62050000 		.4byte	.LASF65
 387 021f 06       		.byte	0x6
 388 0220 00       		.byte	0
 389 0221 07       		.uleb128 0x7
 390 0222 01       		.byte	0x1
 391 0223 2C000000 		.4byte	0x2c
 392 0227 02       		.byte	0x2
 393 0228 5B01     		.2byte	0x15b
 394 022a 53020000 		.4byte	0x253
 395 022e 06       		.uleb128 0x6
 396 022f 04050000 		.4byte	.LASF66
 397 0233 00       		.byte	0
 398 0234 06       		.uleb128 0x6
 399 0235 8C000000 		.4byte	.LASF67
 400 0239 01       		.byte	0x1
 401 023a 06       		.uleb128 0x6
 402 023b A1000000 		.4byte	.LASF68
 403 023f 02       		.byte	0x2
 404 0240 06       		.uleb128 0x6
 405 0241 B6000000 		.4byte	.LASF69
 406 0245 03       		.byte	0x3
 407 0246 06       		.uleb128 0x6
 408 0247 40050000 		.4byte	.LASF70
 409 024b 04       		.byte	0x4
 410 024c 06       		.uleb128 0x6
 411 024d DC000000 		.4byte	.LASF71
 412 0251 05       		.byte	0x5
 413 0252 00       		.byte	0
 414 0253 07       		.uleb128 0x7
 415 0254 01       		.byte	0x1
 416 0255 2C000000 		.4byte	0x2c
 417 0259 02       		.byte	0x2
 418 025a 7401     		.2byte	0x174
 419 025c 73020000 		.4byte	0x273
 420 0260 06       		.uleb128 0x6
 421 0261 C9030000 		.4byte	.LASF72
ARM GAS  C:\Users\AFDHAL~1\AppData\Local\Temp\ccmdynd6.s 			page 9


 422 0265 00       		.byte	0
 423 0266 06       		.uleb128 0x6
 424 0267 94030000 		.4byte	.LASF73
 425 026b 01       		.byte	0x1
 426 026c 06       		.uleb128 0x6
 427 026d ED040000 		.4byte	.LASF74
 428 0271 02       		.byte	0x2
 429 0272 00       		.byte	0
 430 0273 08       		.uleb128 0x8
 431 0274 44030000 		.4byte	.LASF83
 432 0278 01       		.byte	0x1
 433 0279 0B       		.byte	0xb
 434 027a 00000000 		.4byte	.LFB34
 435 027e 24000000 		.4byte	.LFE34-.LFB34
 436 0282 01       		.uleb128 0x1
 437 0283 9C       		.byte	0x9c
 438 0284 A5020000 		.4byte	0x2a5
 439 0288 09       		.uleb128 0x9
 440 0289 1A000000 		.4byte	.LVL0
 441 028d F1020000 		.4byte	0x2f1
 442 0291 9B020000 		.4byte	0x29b
 443 0295 0A       		.uleb128 0xa
 444 0296 01       		.uleb128 0x1
 445 0297 50       		.byte	0x50
 446 0298 01       		.uleb128 0x1
 447 0299 31       		.byte	0x31
 448 029a 00       		.byte	0
 449 029b 0B       		.uleb128 0xb
 450 029c 1E000000 		.4byte	.LVL1
 451 02a0 FD020000 		.4byte	0x2fd
 452 02a4 00       		.byte	0
 453 02a5 0C       		.uleb128 0xc
 454 02a6 AD010000 		.4byte	.LASF84
 455 02aa 01       		.byte	0x1
 456 02ab 1E       		.byte	0x1e
 457 02ac 00000000 		.4byte	.LFB35
 458 02b0 14000000 		.4byte	.LFE35-.LFB35
 459 02b4 01       		.uleb128 0x1
 460 02b5 9C       		.byte	0x9c
 461 02b6 DB020000 		.4byte	0x2db
 462 02ba 09       		.uleb128 0x9
 463 02bb 08000000 		.4byte	.LVL2
 464 02bf 08030000 		.4byte	0x308
 465 02c3 D1020000 		.4byte	0x2d1
 466 02c7 0A       		.uleb128 0xa
 467 02c8 01       		.uleb128 0x1
 468 02c9 50       		.byte	0x50
 469 02ca 05       		.uleb128 0x5
 470 02cb 03       		.byte	0x3
 471 02cc 00000000 		.4byte	Millis_Tick
 472 02d0 00       		.byte	0
 473 02d1 0B       		.uleb128 0xb
 474 02d2 0C000000 		.4byte	.LVL3
 475 02d6 13030000 		.4byte	0x313
 476 02da 00       		.byte	0
 477 02db 0D       		.uleb128 0xd
 478 02dc 2A030000 		.4byte	.LASF85
ARM GAS  C:\Users\AFDHAL~1\AppData\Local\Temp\ccmdynd6.s 			page 10


 479 02e0 01       		.byte	0x1
 480 02e1 09       		.byte	0x9
 481 02e2 EC020000 		.4byte	0x2ec
 482 02e6 05       		.uleb128 0x5
 483 02e7 03       		.byte	0x3
 484 02e8 00000000 		.4byte	long_millis
 485 02ec 0E       		.uleb128 0xe
 486 02ed 56000000 		.4byte	0x56
 487 02f1 0F       		.uleb128 0xf
 488 02f2 1D000000 		.4byte	.LASF75
 489 02f6 1D000000 		.4byte	.LASF75
 490 02fa 03       		.byte	0x3
 491 02fb 4701     		.2byte	0x147
 492 02fd 10       		.uleb128 0x10
 493 02fe E9020000 		.4byte	.LASF76
 494 0302 E9020000 		.4byte	.LASF76
 495 0306 04       		.byte	0x4
 496 0307 28       		.byte	0x28
 497 0308 10       		.uleb128 0x10
 498 0309 C8050000 		.4byte	.LASF77
 499 030d C8050000 		.4byte	.LASF77
 500 0311 04       		.byte	0x4
 501 0312 18       		.byte	0x18
 502 0313 0F       		.uleb128 0xf
 503 0314 70010000 		.4byte	.LASF78
 504 0318 70010000 		.4byte	.LASF78
 505 031c 03       		.byte	0x3
 506 031d 3201     		.2byte	0x132
 507 031f 00       		.byte	0
 508              		.section	.debug_abbrev,"",%progbits
 509              	.Ldebug_abbrev0:
 510 0000 01       		.uleb128 0x1
 511 0001 11       		.uleb128 0x11
 512 0002 01       		.byte	0x1
 513 0003 25       		.uleb128 0x25
 514 0004 0E       		.uleb128 0xe
 515 0005 13       		.uleb128 0x13
 516 0006 0B       		.uleb128 0xb
 517 0007 03       		.uleb128 0x3
 518 0008 0E       		.uleb128 0xe
 519 0009 1B       		.uleb128 0x1b
 520 000a 0E       		.uleb128 0xe
 521 000b 55       		.uleb128 0x55
 522 000c 17       		.uleb128 0x17
 523 000d 11       		.uleb128 0x11
 524 000e 01       		.uleb128 0x1
 525 000f 10       		.uleb128 0x10
 526 0010 17       		.uleb128 0x17
 527 0011 00       		.byte	0
 528 0012 00       		.byte	0
 529 0013 02       		.uleb128 0x2
 530 0014 24       		.uleb128 0x24
 531 0015 00       		.byte	0
 532 0016 0B       		.uleb128 0xb
 533 0017 0B       		.uleb128 0xb
 534 0018 3E       		.uleb128 0x3e
 535 0019 0B       		.uleb128 0xb
ARM GAS  C:\Users\AFDHAL~1\AppData\Local\Temp\ccmdynd6.s 			page 11


 536 001a 03       		.uleb128 0x3
 537 001b 0E       		.uleb128 0xe
 538 001c 00       		.byte	0
 539 001d 00       		.byte	0
 540 001e 03       		.uleb128 0x3
 541 001f 24       		.uleb128 0x24
 542 0020 00       		.byte	0
 543 0021 0B       		.uleb128 0xb
 544 0022 0B       		.uleb128 0xb
 545 0023 3E       		.uleb128 0x3e
 546 0024 0B       		.uleb128 0xb
 547 0025 03       		.uleb128 0x3
 548 0026 08       		.uleb128 0x8
 549 0027 00       		.byte	0
 550 0028 00       		.byte	0
 551 0029 04       		.uleb128 0x4
 552 002a 16       		.uleb128 0x16
 553 002b 00       		.byte	0
 554 002c 03       		.uleb128 0x3
 555 002d 0E       		.uleb128 0xe
 556 002e 3A       		.uleb128 0x3a
 557 002f 0B       		.uleb128 0xb
 558 0030 3B       		.uleb128 0x3b
 559 0031 05       		.uleb128 0x5
 560 0032 49       		.uleb128 0x49
 561 0033 13       		.uleb128 0x13
 562 0034 00       		.byte	0
 563 0035 00       		.byte	0
 564 0036 05       		.uleb128 0x5
 565 0037 04       		.uleb128 0x4
 566 0038 01       		.byte	0x1
 567 0039 0B       		.uleb128 0xb
 568 003a 0B       		.uleb128 0xb
 569 003b 49       		.uleb128 0x49
 570 003c 13       		.uleb128 0x13
 571 003d 3A       		.uleb128 0x3a
 572 003e 0B       		.uleb128 0xb
 573 003f 3B       		.uleb128 0x3b
 574 0040 0B       		.uleb128 0xb
 575 0041 01       		.uleb128 0x1
 576 0042 13       		.uleb128 0x13
 577 0043 00       		.byte	0
 578 0044 00       		.byte	0
 579 0045 06       		.uleb128 0x6
 580 0046 28       		.uleb128 0x28
 581 0047 00       		.byte	0
 582 0048 03       		.uleb128 0x3
 583 0049 0E       		.uleb128 0xe
 584 004a 1C       		.uleb128 0x1c
 585 004b 0B       		.uleb128 0xb
 586 004c 00       		.byte	0
 587 004d 00       		.byte	0
 588 004e 07       		.uleb128 0x7
 589 004f 04       		.uleb128 0x4
 590 0050 01       		.byte	0x1
 591 0051 0B       		.uleb128 0xb
 592 0052 0B       		.uleb128 0xb
ARM GAS  C:\Users\AFDHAL~1\AppData\Local\Temp\ccmdynd6.s 			page 12


 593 0053 49       		.uleb128 0x49
 594 0054 13       		.uleb128 0x13
 595 0055 3A       		.uleb128 0x3a
 596 0056 0B       		.uleb128 0xb
 597 0057 3B       		.uleb128 0x3b
 598 0058 05       		.uleb128 0x5
 599 0059 01       		.uleb128 0x1
 600 005a 13       		.uleb128 0x13
 601 005b 00       		.byte	0
 602 005c 00       		.byte	0
 603 005d 08       		.uleb128 0x8
 604 005e 2E       		.uleb128 0x2e
 605 005f 01       		.byte	0x1
 606 0060 3F       		.uleb128 0x3f
 607 0061 19       		.uleb128 0x19
 608 0062 03       		.uleb128 0x3
 609 0063 0E       		.uleb128 0xe
 610 0064 3A       		.uleb128 0x3a
 611 0065 0B       		.uleb128 0xb
 612 0066 3B       		.uleb128 0x3b
 613 0067 0B       		.uleb128 0xb
 614 0068 27       		.uleb128 0x27
 615 0069 19       		.uleb128 0x19
 616 006a 11       		.uleb128 0x11
 617 006b 01       		.uleb128 0x1
 618 006c 12       		.uleb128 0x12
 619 006d 06       		.uleb128 0x6
 620 006e 40       		.uleb128 0x40
 621 006f 18       		.uleb128 0x18
 622 0070 9742     		.uleb128 0x2117
 623 0072 19       		.uleb128 0x19
 624 0073 01       		.uleb128 0x1
 625 0074 13       		.uleb128 0x13
 626 0075 00       		.byte	0
 627 0076 00       		.byte	0
 628 0077 09       		.uleb128 0x9
 629 0078 898201   		.uleb128 0x4109
 630 007b 01       		.byte	0x1
 631 007c 11       		.uleb128 0x11
 632 007d 01       		.uleb128 0x1
 633 007e 31       		.uleb128 0x31
 634 007f 13       		.uleb128 0x13
 635 0080 01       		.uleb128 0x1
 636 0081 13       		.uleb128 0x13
 637 0082 00       		.byte	0
 638 0083 00       		.byte	0
 639 0084 0A       		.uleb128 0xa
 640 0085 8A8201   		.uleb128 0x410a
 641 0088 00       		.byte	0
 642 0089 02       		.uleb128 0x2
 643 008a 18       		.uleb128 0x18
 644 008b 9142     		.uleb128 0x2111
 645 008d 18       		.uleb128 0x18
 646 008e 00       		.byte	0
 647 008f 00       		.byte	0
 648 0090 0B       		.uleb128 0xb
 649 0091 898201   		.uleb128 0x4109
ARM GAS  C:\Users\AFDHAL~1\AppData\Local\Temp\ccmdynd6.s 			page 13


 650 0094 00       		.byte	0
 651 0095 11       		.uleb128 0x11
 652 0096 01       		.uleb128 0x1
 653 0097 31       		.uleb128 0x31
 654 0098 13       		.uleb128 0x13
 655 0099 00       		.byte	0
 656 009a 00       		.byte	0
 657 009b 0C       		.uleb128 0xc
 658 009c 2E       		.uleb128 0x2e
 659 009d 01       		.byte	0x1
 660 009e 3F       		.uleb128 0x3f
 661 009f 19       		.uleb128 0x19
 662 00a0 03       		.uleb128 0x3
 663 00a1 0E       		.uleb128 0xe
 664 00a2 3A       		.uleb128 0x3a
 665 00a3 0B       		.uleb128 0xb
 666 00a4 3B       		.uleb128 0x3b
 667 00a5 0B       		.uleb128 0xb
 668 00a6 11       		.uleb128 0x11
 669 00a7 01       		.uleb128 0x1
 670 00a8 12       		.uleb128 0x12
 671 00a9 06       		.uleb128 0x6
 672 00aa 40       		.uleb128 0x40
 673 00ab 18       		.uleb128 0x18
 674 00ac 9742     		.uleb128 0x2117
 675 00ae 19       		.uleb128 0x19
 676 00af 01       		.uleb128 0x1
 677 00b0 13       		.uleb128 0x13
 678 00b1 00       		.byte	0
 679 00b2 00       		.byte	0
 680 00b3 0D       		.uleb128 0xd
 681 00b4 34       		.uleb128 0x34
 682 00b5 00       		.byte	0
 683 00b6 03       		.uleb128 0x3
 684 00b7 0E       		.uleb128 0xe
 685 00b8 3A       		.uleb128 0x3a
 686 00b9 0B       		.uleb128 0xb
 687 00ba 3B       		.uleb128 0x3b
 688 00bb 0B       		.uleb128 0xb
 689 00bc 49       		.uleb128 0x49
 690 00bd 13       		.uleb128 0x13
 691 00be 3F       		.uleb128 0x3f
 692 00bf 19       		.uleb128 0x19
 693 00c0 02       		.uleb128 0x2
 694 00c1 18       		.uleb128 0x18
 695 00c2 00       		.byte	0
 696 00c3 00       		.byte	0
 697 00c4 0E       		.uleb128 0xe
 698 00c5 35       		.uleb128 0x35
 699 00c6 00       		.byte	0
 700 00c7 49       		.uleb128 0x49
 701 00c8 13       		.uleb128 0x13
 702 00c9 00       		.byte	0
 703 00ca 00       		.byte	0
 704 00cb 0F       		.uleb128 0xf
 705 00cc 2E       		.uleb128 0x2e
 706 00cd 00       		.byte	0
ARM GAS  C:\Users\AFDHAL~1\AppData\Local\Temp\ccmdynd6.s 			page 14


 707 00ce 3F       		.uleb128 0x3f
 708 00cf 19       		.uleb128 0x19
 709 00d0 3C       		.uleb128 0x3c
 710 00d1 19       		.uleb128 0x19
 711 00d2 6E       		.uleb128 0x6e
 712 00d3 0E       		.uleb128 0xe
 713 00d4 03       		.uleb128 0x3
 714 00d5 0E       		.uleb128 0xe
 715 00d6 3A       		.uleb128 0x3a
 716 00d7 0B       		.uleb128 0xb
 717 00d8 3B       		.uleb128 0x3b
 718 00d9 05       		.uleb128 0x5
 719 00da 00       		.byte	0
 720 00db 00       		.byte	0
 721 00dc 10       		.uleb128 0x10
 722 00dd 2E       		.uleb128 0x2e
 723 00de 00       		.byte	0
 724 00df 3F       		.uleb128 0x3f
 725 00e0 19       		.uleb128 0x19
 726 00e1 3C       		.uleb128 0x3c
 727 00e2 19       		.uleb128 0x19
 728 00e3 6E       		.uleb128 0x6e
 729 00e4 0E       		.uleb128 0xe
 730 00e5 03       		.uleb128 0x3
 731 00e6 0E       		.uleb128 0xe
 732 00e7 3A       		.uleb128 0x3a
 733 00e8 0B       		.uleb128 0xb
 734 00e9 3B       		.uleb128 0x3b
 735 00ea 0B       		.uleb128 0xb
 736 00eb 00       		.byte	0
 737 00ec 00       		.byte	0
 738 00ed 00       		.byte	0
 739              		.section	.debug_aranges,"",%progbits
 740 0000 24000000 		.4byte	0x24
 741 0004 0200     		.2byte	0x2
 742 0006 00000000 		.4byte	.Ldebug_info0
 743 000a 04       		.byte	0x4
 744 000b 00       		.byte	0
 745 000c 0000     		.2byte	0
 746 000e 0000     		.2byte	0
 747 0010 00000000 		.4byte	.LFB34
 748 0014 24000000 		.4byte	.LFE34-.LFB34
 749 0018 00000000 		.4byte	.LFB35
 750 001c 14000000 		.4byte	.LFE35-.LFB35
 751 0020 00000000 		.4byte	0
 752 0024 00000000 		.4byte	0
 753              		.section	.debug_ranges,"",%progbits
 754              	.Ldebug_ranges0:
 755 0000 00000000 		.4byte	.LFB34
 756 0004 24000000 		.4byte	.LFE34
 757 0008 00000000 		.4byte	.LFB35
 758 000c 14000000 		.4byte	.LFE35
 759 0010 00000000 		.4byte	0
 760 0014 00000000 		.4byte	0
 761              		.section	.debug_line,"",%progbits
 762              	.Ldebug_line0:
 763 0000 A0000000 		.section	.debug_str,"MS",%progbits,1
ARM GAS  C:\Users\AFDHAL~1\AppData\Local\Temp\ccmdynd6.s 			page 15


 763      02007300 
 763      00000201 
 763      FB0E0D00 
 763      01010101 
 764              	.LASF63:
 765 0000 4E52465F 		.ascii	"NRF_FIFO_STATUS_BIT_TX_EMPTY\000"
 765      4649464F 
 765      5F535441 
 765      5455535F 
 765      4249545F 
 766              	.LASF75:
 767 001d 4D696C6C 		.ascii	"Millis_TMR_ClearInterrupt\000"
 767      69735F54 
 767      4D525F43 
 767      6C656172 
 767      496E7465 
 768              	.LASF81:
 769 0037 433A5C55 		.ascii	"C:\\Users\\AfdhalAtiffTan\\Documents\\PSoC Creator\\"
 769      73657273 
 769      5C416664 
 769      68616C41 
 769      74696666 
 770 0066 55415254 		.ascii	"UART_over_nFR24\\UART_over_nFR24.cydsn\000"
 770      5F6F7665 
 770      725F6E46 
 770      5232345C 
 770      55415254 
 771              	.LASF67:
 772 008c 4E52465F 		.ascii	"NRF_DYNPD_BIT_DPL_P1\000"
 772      44594E50 
 772      445F4249 
 772      545F4450 
 772      4C5F5031 
 773              	.LASF68:
 774 00a1 4E52465F 		.ascii	"NRF_DYNPD_BIT_DPL_P2\000"
 774      44594E50 
 774      445F4249 
 774      545F4450 
 774      4C5F5032 
 775              	.LASF69:
 776 00b6 4E52465F 		.ascii	"NRF_DYNPD_BIT_DPL_P3\000"
 776      44594E50 
 776      445F4249 
 776      545F4450 
 776      4C5F5033 
 777              	.LASF20:
 778 00cb 4E52465F 		.ascii	"NRF_REG_RF_SETUP\000"
 778      5245475F 
 778      52465F53 
 778      45545550 
 778      00
 779              	.LASF71:
 780 00dc 4E52465F 		.ascii	"NRF_DYNPD_BIT_DPL_P5\000"
 780      44594E50 
 780      445F4249 
 780      545F4450 
 780      4C5F5035 
ARM GAS  C:\Users\AFDHAL~1\AppData\Local\Temp\ccmdynd6.s 			page 16


 781              	.LASF43:
 782 00f1 4E52465F 		.ascii	"NRF_CONFIG_BIT_EN_CRC\000"
 782      434F4E46 
 782      49475F42 
 782      49545F45 
 782      4E5F4352 
 783              	.LASF16:
 784 0107 4E52465F 		.ascii	"NRF_REG_EN_RXADDR\000"
 784      5245475F 
 784      454E5F52 
 784      58414444 
 784      5200
 785              	.LASF22:
 786 0119 4E52465F 		.ascii	"NRF_REG_OBSERVE_TX\000"
 786      5245475F 
 786      4F425345 
 786      5256455F 
 786      545800
 787              	.LASF13:
 788 012c 73697A65 		.ascii	"sizetype\000"
 788      74797065 
 788      00
 789              	.LASF30:
 790 0135 4E52465F 		.ascii	"NRF_REG_TX_ADDR\000"
 790      5245475F 
 790      54585F41 
 790      44445200 
 791              	.LASF45:
 792 0145 4E52465F 		.ascii	"NRF_CONFIG_BIT_MASK_TX_DS\000"
 792      434F4E46 
 792      49475F42 
 792      49545F4D 
 792      41534B5F 
 793              	.LASF31:
 794 015f 4E52465F 		.ascii	"NRF_REG_RX_PW_P0\000"
 794      5245475F 
 794      52585F50 
 794      575F5030 
 794      00
 795              	.LASF78:
 796 0170 4D696C6C 		.ascii	"Millis_TMR_Start\000"
 796      69735F54 
 796      4D525F53 
 796      74617274 
 796      00
 797              	.LASF33:
 798 0181 4E52465F 		.ascii	"NRF_REG_RX_PW_P2\000"
 798      5245475F 
 798      52585F50 
 798      575F5032 
 798      00
 799              	.LASF2:
 800 0192 73686F72 		.ascii	"short int\000"
 800      7420696E 
 800      7400
 801              	.LASF35:
 802 019c 4E52465F 		.ascii	"NRF_REG_RX_PW_P4\000"
ARM GAS  C:\Users\AFDHAL~1\AppData\Local\Temp\ccmdynd6.s 			page 17


 802      5245475F 
 802      52585F50 
 802      575F5034 
 802      00
 803              	.LASF84:
 804 01ad 4D696C6C 		.ascii	"Millis_Start\000"
 804      69735F53 
 804      74617274 
 804      00
 805              	.LASF79:
 806 01ba 474E5520 		.ascii	"GNU C11 5.4.1 20160609 (release) [ARM/embedded-5-br"
 806      43313120 
 806      352E342E 
 806      31203230 
 806      31363036 
 807 01ed 616E6368 		.ascii	"anch revision 237715] -mcpu=cortex-m0 -mthumb -g -O"
 807      20726576 
 807      6973696F 
 807      6E203233 
 807      37373135 
 808 0220 67202D66 		.ascii	"g -ffunction-sections -ffat-lto-objects\000"
 808      66756E63 
 808      74696F6E 
 808      2D736563 
 808      74696F6E 
 809              	.LASF15:
 810 0248 4E52465F 		.ascii	"NRF_REG_EN_AA\000"
 810      5245475F 
 810      454E5F41 
 810      4100
 811              	.LASF21:
 812 0256 4E52465F 		.ascii	"NRF_REG_STATUS\000"
 812      5245475F 
 812      53544154 
 812      555300
 813              	.LASF47:
 814 0265 4E52465F 		.ascii	"NRF_EN_AA_BIT_ENAA_P0\000"
 814      454E5F41 
 814      415F4249 
 814      545F454E 
 814      41415F50 
 815              	.LASF48:
 816 027b 4E52465F 		.ascii	"NRF_EN_AA_BIT_ENAA_P1\000"
 816      454E5F41 
 816      415F4249 
 816      545F454E 
 816      41415F50 
 817              	.LASF49:
 818 0291 4E52465F 		.ascii	"NRF_EN_AA_BIT_ENAA_P2\000"
 818      454E5F41 
 818      415F4249 
 818      545F454E 
 818      41415F50 
 819              	.LASF50:
 820 02a7 4E52465F 		.ascii	"NRF_EN_AA_BIT_ENAA_P3\000"
 820      454E5F41 
 820      415F4249 
ARM GAS  C:\Users\AFDHAL~1\AppData\Local\Temp\ccmdynd6.s 			page 18


 820      545F454E 
 820      41415F50 
 821              	.LASF51:
 822 02bd 4E52465F 		.ascii	"NRF_EN_AA_BIT_ENAA_P4\000"
 822      454E5F41 
 822      415F4249 
 822      545F454E 
 822      41415F50 
 823              	.LASF52:
 824 02d3 4E52465F 		.ascii	"NRF_EN_AA_BIT_ENAA_P5\000"
 824      454E5F41 
 824      415F4249 
 824      545F454E 
 824      41415F50 
 825              	.LASF76:
 826 02e9 4D696C6C 		.ascii	"Millis_ISR_ClearPending\000"
 826      69735F49 
 826      53525F43 
 826      6C656172 
 826      50656E64 
 827              	.LASF19:
 828 0301 4E52465F 		.ascii	"NRF_REG_RF_CH\000"
 828      5245475F 
 828      52465F43 
 828      4800
 829              	.LASF0:
 830 030f 7369676E 		.ascii	"signed char\000"
 830      65642063 
 830      68617200 
 831              	.LASF9:
 832 031b 666C6F61 		.ascii	"float\000"
 832      7400
 833              	.LASF80:
 834 0321 6D696C6C 		.ascii	"millis.c\000"
 834      69732E63 
 834      00
 835              	.LASF85:
 836 032a 6C6F6E67 		.ascii	"long_millis\000"
 836      5F6D696C 
 836      6C697300 
 837              	.LASF6:
 838 0336 6C6F6E67 		.ascii	"long long int\000"
 838      206C6F6E 
 838      6720696E 
 838      7400
 839              	.LASF83:
 840 0344 4D696C6C 		.ascii	"Millis_Tick\000"
 840      69735F54 
 840      69636B00 
 841              	.LASF41:
 842 0350 4E52465F 		.ascii	"NRF_CONFIG_BIT_PWR_UP\000"
 842      434F4E46 
 842      49475F42 
 842      49545F50 
 842      57525F55 
 843              	.LASF56:
 844 0366 4E52465F 		.ascii	"NRF_EN_RXADDR_BIT_ERX_P3\000"
ARM GAS  C:\Users\AFDHAL~1\AppData\Local\Temp\ccmdynd6.s 			page 19


 844      454E5F52 
 844      58414444 
 844      525F4249 
 844      545F4552 
 845              	.LASF4:
 846 037f 6C6F6E67 		.ascii	"long int\000"
 846      20696E74 
 846      00
 847              	.LASF23:
 848 0388 4E52465F 		.ascii	"NRF_REG_RPD\000"
 848      5245475F 
 848      52504400 
 849              	.LASF73:
 850 0394 4E52465F 		.ascii	"NRF_FEATURE_BIT_EN_ACK_PAY\000"
 850      46454154 
 850      5552455F 
 850      4249545F 
 850      454E5F41 
 851              	.LASF46:
 852 03af 4E52465F 		.ascii	"NRF_CONFIG_BIT_MASK_RX_DR\000"
 852      434F4E46 
 852      49475F42 
 852      49545F4D 
 852      41534B5F 
 853              	.LASF72:
 854 03c9 4E52465F 		.ascii	"NRF_FEATURE_BIT_EN_DYN_ACK\000"
 854      46454154 
 854      5552455F 
 854      4249545F 
 854      454E5F44 
 855              	.LASF53:
 856 03e4 4E52465F 		.ascii	"NRF_EN_RXADDR_BIT_ERX_P0\000"
 856      454E5F52 
 856      58414444 
 856      525F4249 
 856      545F4552 
 857              	.LASF54:
 858 03fd 4E52465F 		.ascii	"NRF_EN_RXADDR_BIT_ERX_P1\000"
 858      454E5F52 
 858      58414444 
 858      525F4249 
 858      545F4552 
 859              	.LASF55:
 860 0416 4E52465F 		.ascii	"NRF_EN_RXADDR_BIT_ERX_P2\000"
 860      454E5F52 
 860      58414444 
 860      525F4249 
 860      545F4552 
 861              	.LASF1:
 862 042f 756E7369 		.ascii	"unsigned char\000"
 862      676E6564 
 862      20636861 
 862      7200
 863              	.LASF57:
 864 043d 4E52465F 		.ascii	"NRF_EN_RXADDR_BIT_ERX_P4\000"
 864      454E5F52 
 864      58414444 
ARM GAS  C:\Users\AFDHAL~1\AppData\Local\Temp\ccmdynd6.s 			page 20


 864      525F4249 
 864      545F4552 
 865              	.LASF58:
 866 0456 4E52465F 		.ascii	"NRF_EN_RXADDR_BIT_ERX_P5\000"
 866      454E5F52 
 866      58414444 
 866      525F4249 
 866      545F4552 
 867              	.LASF12:
 868 046f 6C6F6E67 		.ascii	"long double\000"
 868      20646F75 
 868      626C6500 
 869              	.LASF24:
 870 047b 4E52465F 		.ascii	"NRF_REG_RX_ADDR_P0\000"
 870      5245475F 
 870      52585F41 
 870      4444525F 
 870      503000
 871              	.LASF25:
 872 048e 4E52465F 		.ascii	"NRF_REG_RX_ADDR_P1\000"
 872      5245475F 
 872      52585F41 
 872      4444525F 
 872      503100
 873              	.LASF26:
 874 04a1 4E52465F 		.ascii	"NRF_REG_RX_ADDR_P2\000"
 874      5245475F 
 874      52585F41 
 874      4444525F 
 874      503200
 875              	.LASF27:
 876 04b4 4E52465F 		.ascii	"NRF_REG_RX_ADDR_P3\000"
 876      5245475F 
 876      52585F41 
 876      4444525F 
 876      503300
 877              	.LASF28:
 878 04c7 4E52465F 		.ascii	"NRF_REG_RX_ADDR_P4\000"
 878      5245475F 
 878      52585F41 
 878      4444525F 
 878      503400
 879              	.LASF29:
 880 04da 4E52465F 		.ascii	"NRF_REG_RX_ADDR_P5\000"
 880      5245475F 
 880      52585F41 
 880      4444525F 
 880      503500
 881              	.LASF74:
 882 04ed 4E52465F 		.ascii	"NRF_FEATURE_BIT_EN_DPL\000"
 882      46454154 
 882      5552455F 
 882      4249545F 
 882      454E5F44 
 883              	.LASF66:
 884 0504 4E52465F 		.ascii	"NRF_DYNPD_BIT_DPL_P0\000"
 884      44594E50 
ARM GAS  C:\Users\AFDHAL~1\AppData\Local\Temp\ccmdynd6.s 			page 21


 884      445F4249 
 884      545F4450 
 884      4C5F5030 
 885              	.LASF39:
 886 0519 4E52465F 		.ascii	"NRF_REG_FEATURE\000"
 886      5245475F 
 886      46454154 
 886      55524500 
 887              	.LASF7:
 888 0529 6C6F6E67 		.ascii	"long long unsigned int\000"
 888      206C6F6E 
 888      6720756E 
 888      7369676E 
 888      65642069 
 889              	.LASF70:
 890 0540 4E52465F 		.ascii	"NRF_DYNPD_BIT_DPL_P4\000"
 890      44594E50 
 890      445F4249 
 890      545F4450 
 890      4C5F5034 
 891              	.LASF8:
 892 0555 756E7369 		.ascii	"unsigned int\000"
 892      676E6564 
 892      20696E74 
 892      00
 893              	.LASF65:
 894 0562 4E52465F 		.ascii	"NRF_FIFO_STATUS_BIT_TX_REUSE\000"
 894      4649464F 
 894      5F535441 
 894      5455535F 
 894      4249545F 
 895              	.LASF44:
 896 057f 4E52465F 		.ascii	"NRF_CONFIG_BIT_MASK_MAX_RT\000"
 896      434F4E46 
 896      49475F42 
 896      49545F4D 
 896      41534B5F 
 897              	.LASF59:
 898 059a 4E52465F 		.ascii	"NRF_SETUP_RETR_BIT_ARC\000"
 898      53455455 
 898      505F5245 
 898      54525F42 
 898      49545F41 
 899              	.LASF60:
 900 05b1 4E52465F 		.ascii	"NRF_SETUP_RETR_BIT_ARD\000"
 900      53455455 
 900      505F5245 
 900      54525F42 
 900      49545F41 
 901              	.LASF77:
 902 05c8 4D696C6C 		.ascii	"Millis_ISR_StartEx\000"
 902      69735F49 
 902      53525F53 
 902      74617274 
 902      457800
 903              	.LASF40:
 904 05db 4E52465F 		.ascii	"NRF_CONFIG_BIT_PRIM_RX\000"
ARM GAS  C:\Users\AFDHAL~1\AppData\Local\Temp\ccmdynd6.s 			page 22


 904      434F4E46 
 904      49475F42 
 904      49545F50 
 904      52494D5F 
 905              	.LASF11:
 906 05f2 63686172 		.ascii	"char\000"
 906      00
 907              	.LASF3:
 908 05f7 73686F72 		.ascii	"short unsigned int\000"
 908      7420756E 
 908      7369676E 
 908      65642069 
 908      6E7400
 909              	.LASF38:
 910 060a 4E52465F 		.ascii	"NRF_REG_DYNPD\000"
 910      5245475F 
 910      44594E50 
 910      4400
 911              	.LASF42:
 912 0618 4E52465F 		.ascii	"NRF_CONFIG_BIT_CRCO\000"
 912      434F4E46 
 912      49475F42 
 912      49545F43 
 912      52434F00 
 913              	.LASF82:
 914 062c 75696E74 		.ascii	"uint32\000"
 914      333200
 915              	.LASF37:
 916 0633 4E52465F 		.ascii	"NRF_REG_FIFO_STATUS\000"
 916      5245475F 
 916      4649464F 
 916      5F535441 
 916      54555300 
 917              	.LASF5:
 918 0647 6C6F6E67 		.ascii	"long unsigned int\000"
 918      20756E73 
 918      69676E65 
 918      6420696E 
 918      7400
 919              	.LASF10:
 920 0659 646F7562 		.ascii	"double\000"
 920      6C6500
 921              	.LASF61:
 922 0660 4E52465F 		.ascii	"NRF_FIFO_STATUS_BIT_RX_EMPTY\000"
 922      4649464F 
 922      5F535441 
 922      5455535F 
 922      4249545F 
 923              	.LASF14:
 924 067d 4E52465F 		.ascii	"NRF_REG_CONFIG\000"
 924      5245475F 
 924      434F4E46 
 924      494700
 925              	.LASF62:
 926 068c 4E52465F 		.ascii	"NRF_FIFO_STATUS_BIT_RX_FULL\000"
 926      4649464F 
 926      5F535441 
ARM GAS  C:\Users\AFDHAL~1\AppData\Local\Temp\ccmdynd6.s 			page 23


 926      5455535F 
 926      4249545F 
 927              	.LASF18:
 928 06a8 4E52465F 		.ascii	"NRF_REG_SETUP_RETR\000"
 928      5245475F 
 928      53455455 
 928      505F5245 
 928      545200
 929              	.LASF17:
 930 06bb 4E52465F 		.ascii	"NRF_REG_SETUP_AW\000"
 930      5245475F 
 930      53455455 
 930      505F4157 
 930      00
 931              	.LASF64:
 932 06cc 4E52465F 		.ascii	"NRF_FIFO_STATUS_BIT_TX_FULL\000"
 932      4649464F 
 932      5F535441 
 932      5455535F 
 932      4249545F 
 933              	.LASF32:
 934 06e8 4E52465F 		.ascii	"NRF_REG_RX_PW_P1\000"
 934      5245475F 
 934      52585F50 
 934      575F5031 
 934      00
 935              	.LASF34:
 936 06f9 4E52465F 		.ascii	"NRF_REG_RX_PW_P3\000"
 936      5245475F 
 936      52585F50 
 936      575F5033 
 936      00
 937              	.LASF36:
 938 070a 4E52465F 		.ascii	"NRF_REG_RX_PW_P5\000"
 938      5245475F 
 938      52585F50 
 938      575F5035 
 938      00
 939              		.ident	"GCC: (GNU Tools for ARM Embedded Processors) 5.4.1 20160609 (release) [ARM/embedded-5-bran
