ARM GAS  C:\Users\AFDHAL~1\AppData\Local\Temp\ccHh5Bgy.s 			page 1


   1              		.syntax unified
   2              		.cpu cortex-m0
   3              		.fpu softvfp
   4              		.eabi_attribute 20, 1
   5              		.eabi_attribute 21, 1
   6              		.eabi_attribute 23, 3
   7              		.eabi_attribute 24, 1
   8              		.eabi_attribute 25, 1
   9              		.eabi_attribute 26, 1
  10              		.eabi_attribute 30, 1
  11              		.eabi_attribute 34, 0
  12              		.eabi_attribute 18, 4
  13              		.thumb
  14              		.syntax unified
  15              		.file	"SPI_INT.c"
  16              		.text
  17              	.Ltext0:
  18              		.cfi_sections	.debug_frame
  19              		.section	.text.SPI_TX_ISR,"ax",%progbits
  20              		.align	2
  21              		.global	SPI_TX_ISR
  22              		.code	16
  23              		.thumb_func
  24              		.type	SPI_TX_ISR, %function
  25              	SPI_TX_ISR:
  26              	.LFB1:
  27              		.file 1 "Generated_Source\\PSoC4\\SPI_INT.c"
   1:Generated_Source\PSoC4/SPI_INT.c **** /*******************************************************************************
   2:Generated_Source\PSoC4/SPI_INT.c **** * File Name: SPI_INT.c
   3:Generated_Source\PSoC4/SPI_INT.c **** * Version 2.50
   4:Generated_Source\PSoC4/SPI_INT.c **** *
   5:Generated_Source\PSoC4/SPI_INT.c **** * Description:
   6:Generated_Source\PSoC4/SPI_INT.c **** *  This file provides all Interrupt Service Routine (ISR) for the SPI Master
   7:Generated_Source\PSoC4/SPI_INT.c **** *  component.
   8:Generated_Source\PSoC4/SPI_INT.c **** *
   9:Generated_Source\PSoC4/SPI_INT.c **** * Note:
  10:Generated_Source\PSoC4/SPI_INT.c **** *  None.
  11:Generated_Source\PSoC4/SPI_INT.c **** *
  12:Generated_Source\PSoC4/SPI_INT.c **** ********************************************************************************
  13:Generated_Source\PSoC4/SPI_INT.c **** * Copyright 2008-2015, Cypress Semiconductor Corporation.  All rights reserved.
  14:Generated_Source\PSoC4/SPI_INT.c **** * You may use this file only in accordance with the license, terms, conditions,
  15:Generated_Source\PSoC4/SPI_INT.c **** * disclaimers, and limitations in the end user license agreement accompanying
  16:Generated_Source\PSoC4/SPI_INT.c **** * the software package with which this file was provided.
  17:Generated_Source\PSoC4/SPI_INT.c **** *******************************************************************************/
  18:Generated_Source\PSoC4/SPI_INT.c **** 
  19:Generated_Source\PSoC4/SPI_INT.c **** #include "SPI_PVT.h"
  20:Generated_Source\PSoC4/SPI_INT.c **** #include "cyapicallbacks.h"
  21:Generated_Source\PSoC4/SPI_INT.c **** 
  22:Generated_Source\PSoC4/SPI_INT.c **** /* User code required at start of ISR */
  23:Generated_Source\PSoC4/SPI_INT.c **** /* `#START SPI_ISR_START_DEF` */
  24:Generated_Source\PSoC4/SPI_INT.c **** 
  25:Generated_Source\PSoC4/SPI_INT.c **** /* `#END` */
  26:Generated_Source\PSoC4/SPI_INT.c **** 
  27:Generated_Source\PSoC4/SPI_INT.c **** 
  28:Generated_Source\PSoC4/SPI_INT.c **** /*******************************************************************************
  29:Generated_Source\PSoC4/SPI_INT.c **** * Function Name: SPI_TX_ISR
  30:Generated_Source\PSoC4/SPI_INT.c **** ********************************************************************************
ARM GAS  C:\Users\AFDHAL~1\AppData\Local\Temp\ccHh5Bgy.s 			page 2


  31:Generated_Source\PSoC4/SPI_INT.c **** *
  32:Generated_Source\PSoC4/SPI_INT.c **** * Summary:
  33:Generated_Source\PSoC4/SPI_INT.c **** *  Interrupt Service Routine for TX portion of the SPI Master.
  34:Generated_Source\PSoC4/SPI_INT.c **** *
  35:Generated_Source\PSoC4/SPI_INT.c **** * Parameters:
  36:Generated_Source\PSoC4/SPI_INT.c **** *  None.
  37:Generated_Source\PSoC4/SPI_INT.c **** *
  38:Generated_Source\PSoC4/SPI_INT.c **** * Return:
  39:Generated_Source\PSoC4/SPI_INT.c **** *  None.
  40:Generated_Source\PSoC4/SPI_INT.c **** *
  41:Generated_Source\PSoC4/SPI_INT.c **** * Global variables:
  42:Generated_Source\PSoC4/SPI_INT.c **** *  SPI_txBufferWrite - used for the account of the bytes which
  43:Generated_Source\PSoC4/SPI_INT.c **** *  have been written down in the TX software buffer.
  44:Generated_Source\PSoC4/SPI_INT.c **** *  SPI_txBufferRead - used for the account of the bytes which
  45:Generated_Source\PSoC4/SPI_INT.c **** *  have been read from the TX software buffer, modified when exist data to
  46:Generated_Source\PSoC4/SPI_INT.c **** *  sending and FIFO Not Full.
  47:Generated_Source\PSoC4/SPI_INT.c **** *  SPI_txBuffer[SPI_TX_BUFFER_SIZE] - used to store
  48:Generated_Source\PSoC4/SPI_INT.c **** *  data to sending.
  49:Generated_Source\PSoC4/SPI_INT.c **** *  All described above Global variables are used when Software Buffer is used.
  50:Generated_Source\PSoC4/SPI_INT.c **** *
  51:Generated_Source\PSoC4/SPI_INT.c **** *******************************************************************************/
  52:Generated_Source\PSoC4/SPI_INT.c **** CY_ISR(SPI_TX_ISR)
  53:Generated_Source\PSoC4/SPI_INT.c **** {
  28              		.loc 1 53 0
  29              		.cfi_startproc
  30              		@ args = 0, pretend = 0, frame = 0
  31              		@ frame_needed = 0, uses_anonymous_args = 0
  32              		@ link register save eliminated.
  54:Generated_Source\PSoC4/SPI_INT.c ****     #if(SPI_TX_SOFTWARE_BUF_ENABLED)
  55:Generated_Source\PSoC4/SPI_INT.c ****         uint8 tmpStatus;
  56:Generated_Source\PSoC4/SPI_INT.c ****     #endif /* (SPI_TX_SOFTWARE_BUF_ENABLED) */
  57:Generated_Source\PSoC4/SPI_INT.c **** 
  58:Generated_Source\PSoC4/SPI_INT.c ****     #ifdef SPI_TX_ISR_ENTRY_CALLBACK
  59:Generated_Source\PSoC4/SPI_INT.c ****         SPI_TX_ISR_EntryCallback();
  60:Generated_Source\PSoC4/SPI_INT.c ****     #endif /* SPI_TX_ISR_ENTRY_CALLBACK */
  61:Generated_Source\PSoC4/SPI_INT.c **** 
  62:Generated_Source\PSoC4/SPI_INT.c ****     /* User code required at start of ISR */
  63:Generated_Source\PSoC4/SPI_INT.c ****     /* `#START SPI_TX_ISR_START` */
  64:Generated_Source\PSoC4/SPI_INT.c **** 
  65:Generated_Source\PSoC4/SPI_INT.c ****     /* `#END` */
  66:Generated_Source\PSoC4/SPI_INT.c ****     
  67:Generated_Source\PSoC4/SPI_INT.c ****     #if(SPI_TX_SOFTWARE_BUF_ENABLED)
  68:Generated_Source\PSoC4/SPI_INT.c ****         /* Check if TX data buffer is not empty and there is space in TX FIFO */
  69:Generated_Source\PSoC4/SPI_INT.c ****         while(SPI_txBufferRead != SPI_txBufferWrite)
  33              		.loc 1 69 0
  34 0000 26E0     		b	.L2
  35              	.L6:
  70:Generated_Source\PSoC4/SPI_INT.c ****         {
  71:Generated_Source\PSoC4/SPI_INT.c ****             tmpStatus = SPI_GET_STATUS_TX(SPI_swStatusTx);
  36              		.loc 1 71 0
  37 0002 1E4B     		ldr	r3, .L8
  38 0004 1878     		ldrb	r0, [r3]
  39 0006 1E49     		ldr	r1, .L8+4
  40 0008 0B78     		ldrb	r3, [r1]
  41 000a 0922     		movs	r2, #9
  42 000c 1340     		ands	r3, r2
  43 000e 0343     		orrs	r3, r0
ARM GAS  C:\Users\AFDHAL~1\AppData\Local\Temp\ccHh5Bgy.s 			page 3


  44              	.LVL0:
  72:Generated_Source\PSoC4/SPI_INT.c ****             SPI_swStatusTx = tmpStatus;
  45              		.loc 1 72 0
  46 0010 0B70     		strb	r3, [r1]
  73:Generated_Source\PSoC4/SPI_INT.c **** 
  74:Generated_Source\PSoC4/SPI_INT.c ****             if(0u != (SPI_swStatusTx & SPI_STS_TX_FIFO_NOT_FULL))
  47              		.loc 1 74 0
  48 0012 0B78     		ldrb	r3, [r1]
  49              	.LVL1:
  50 0014 5B07     		lsls	r3, r3, #29
  51 0016 23D5     		bpl	.L3
  75:Generated_Source\PSoC4/SPI_INT.c ****             {
  76:Generated_Source\PSoC4/SPI_INT.c ****                 if(0u == SPI_txBufferFull)
  52              		.loc 1 76 0
  53 0018 1A4B     		ldr	r3, .L8+8
  54 001a 1B78     		ldrb	r3, [r3]
  55 001c 002B     		cmp	r3, #0
  56 001e 0CD1     		bne	.L4
  77:Generated_Source\PSoC4/SPI_INT.c ****                 {
  78:Generated_Source\PSoC4/SPI_INT.c ****                    SPI_txBufferRead++;
  57              		.loc 1 78 0
  58 0020 194A     		ldr	r2, .L8+12
  59 0022 1378     		ldrb	r3, [r2]
  60 0024 0133     		adds	r3, r3, #1
  61 0026 DBB2     		uxtb	r3, r3
  62 0028 1370     		strb	r3, [r2]
  63              	.LVL2:
  79:Generated_Source\PSoC4/SPI_INT.c **** 
  80:Generated_Source\PSoC4/SPI_INT.c ****                     if(SPI_txBufferRead >= SPI_TX_BUFFER_SIZE)
  64              		.loc 1 80 0
  65 002a 1378     		ldrb	r3, [r2]
  66 002c DBB2     		uxtb	r3, r3
  67 002e 3F2B     		cmp	r3, #63
  68 0030 06D9     		bls	.L5
  81:Generated_Source\PSoC4/SPI_INT.c ****                     {
  82:Generated_Source\PSoC4/SPI_INT.c ****                         SPI_txBufferRead = 0u;
  69              		.loc 1 82 0
  70 0032 0022     		movs	r2, #0
  71 0034 144B     		ldr	r3, .L8+12
  72 0036 1A70     		strb	r2, [r3]
  73 0038 02E0     		b	.L5
  74              	.LVL3:
  75              	.L4:
  83:Generated_Source\PSoC4/SPI_INT.c ****                     }
  84:Generated_Source\PSoC4/SPI_INT.c ****                 }
  85:Generated_Source\PSoC4/SPI_INT.c ****                 else
  86:Generated_Source\PSoC4/SPI_INT.c ****                 {
  87:Generated_Source\PSoC4/SPI_INT.c ****                     SPI_txBufferFull = 0u;
  76              		.loc 1 87 0
  77 003a 0022     		movs	r2, #0
  78 003c 114B     		ldr	r3, .L8+8
  79 003e 1A70     		strb	r2, [r3]
  80              	.LVL4:
  81              	.L5:
  88:Generated_Source\PSoC4/SPI_INT.c ****                 }
  89:Generated_Source\PSoC4/SPI_INT.c **** 
  90:Generated_Source\PSoC4/SPI_INT.c ****                 /* Put data element into the TX FIFO */
ARM GAS  C:\Users\AFDHAL~1\AppData\Local\Temp\ccHh5Bgy.s 			page 4


  91:Generated_Source\PSoC4/SPI_INT.c ****                 CY_SET_REG8(SPI_TXDATA_PTR, 
  82              		.loc 1 91 0
  83 0040 114B     		ldr	r3, .L8+12
  84 0042 1B78     		ldrb	r3, [r3]
  85 0044 DBB2     		uxtb	r3, r3
  86 0046 114A     		ldr	r2, .L8+16
  87 0048 D35C     		ldrb	r3, [r2, r3]
  88 004a DBB2     		uxtb	r3, r3
  89 004c 104A     		ldr	r2, .L8+20
  90 004e 1370     		strb	r3, [r2]
  91              	.L2:
  69:Generated_Source\PSoC4/SPI_INT.c ****         {
  92              		.loc 1 69 0
  93 0050 0D4B     		ldr	r3, .L8+12
  94 0052 1A78     		ldrb	r2, [r3]
  95 0054 D2B2     		uxtb	r2, r2
  96 0056 0F4B     		ldr	r3, .L8+24
  97 0058 1B78     		ldrb	r3, [r3]
  98 005a DBB2     		uxtb	r3, r3
  99 005c 9A42     		cmp	r2, r3
 100 005e D0D1     		bne	.L6
 101              	.L3:
  92:Generated_Source\PSoC4/SPI_INT.c ****                                              SPI_txBuffer[SPI_txBufferRead]);
  93:Generated_Source\PSoC4/SPI_INT.c ****             }
  94:Generated_Source\PSoC4/SPI_INT.c ****             else
  95:Generated_Source\PSoC4/SPI_INT.c ****             {
  96:Generated_Source\PSoC4/SPI_INT.c ****                 break;
  97:Generated_Source\PSoC4/SPI_INT.c ****             }
  98:Generated_Source\PSoC4/SPI_INT.c ****         }
  99:Generated_Source\PSoC4/SPI_INT.c **** 
 100:Generated_Source\PSoC4/SPI_INT.c ****         if(SPI_txBufferRead == SPI_txBufferWrite)
 102              		.loc 1 100 0
 103 0060 094B     		ldr	r3, .L8+12
 104 0062 1A78     		ldrb	r2, [r3]
 105 0064 D2B2     		uxtb	r2, r2
 106 0066 0B4B     		ldr	r3, .L8+24
 107 0068 1B78     		ldrb	r3, [r3]
 108 006a DBB2     		uxtb	r3, r3
 109 006c 9A42     		cmp	r2, r3
 110 006e 04D1     		bne	.L1
 101:Generated_Source\PSoC4/SPI_INT.c ****         {
 102:Generated_Source\PSoC4/SPI_INT.c ****             /* TX Buffer is EMPTY: disable interrupt on TX NOT FULL */
 103:Generated_Source\PSoC4/SPI_INT.c ****             SPI_TX_STATUS_MASK_REG &= ((uint8) ~SPI_STS_TX_FIFO_NOT_FULL);
 111              		.loc 1 103 0
 112 0070 094A     		ldr	r2, .L8+28
 113 0072 1378     		ldrb	r3, [r2]
 114 0074 0421     		movs	r1, #4
 115 0076 8B43     		bics	r3, r1
 116 0078 1370     		strb	r3, [r2]
 117              	.L1:
 104:Generated_Source\PSoC4/SPI_INT.c ****         }
 105:Generated_Source\PSoC4/SPI_INT.c **** 
 106:Generated_Source\PSoC4/SPI_INT.c ****     #endif /* (SPI_TX_SOFTWARE_BUF_ENABLED) */
 107:Generated_Source\PSoC4/SPI_INT.c **** 
 108:Generated_Source\PSoC4/SPI_INT.c ****     /* User code required at end of ISR (Optional) */
 109:Generated_Source\PSoC4/SPI_INT.c ****     /* `#START SPI_TX_ISR_END` */
 110:Generated_Source\PSoC4/SPI_INT.c **** 
ARM GAS  C:\Users\AFDHAL~1\AppData\Local\Temp\ccHh5Bgy.s 			page 5


 111:Generated_Source\PSoC4/SPI_INT.c ****     /* `#END` */
 112:Generated_Source\PSoC4/SPI_INT.c ****     
 113:Generated_Source\PSoC4/SPI_INT.c ****     #ifdef SPI_TX_ISR_EXIT_CALLBACK
 114:Generated_Source\PSoC4/SPI_INT.c ****         SPI_TX_ISR_ExitCallback();
 115:Generated_Source\PSoC4/SPI_INT.c ****     #endif /* SPI_TX_ISR_EXIT_CALLBACK */
 116:Generated_Source\PSoC4/SPI_INT.c **** }
 118              		.loc 1 116 0
 119              		@ sp needed
 120 007a 7047     		bx	lr
 121              	.L9:
 122              		.align	2
 123              	.L8:
 124 007c 63000F40 		.word	1074724963
 125 0080 00000000 		.word	SPI_swStatusTx
 126 0084 00000000 		.word	SPI_txBufferFull
 127 0088 00000000 		.word	SPI_txBufferRead
 128 008c 00000000 		.word	SPI_txBuffer
 129 0090 40000F40 		.word	1074724928
 130 0094 00000000 		.word	SPI_txBufferWrite
 131 0098 83000F40 		.word	1074724995
 132              		.cfi_endproc
 133              	.LFE1:
 134              		.size	SPI_TX_ISR, .-SPI_TX_ISR
 135              		.section	.text.SPI_RX_ISR,"ax",%progbits
 136              		.align	2
 137              		.global	SPI_RX_ISR
 138              		.code	16
 139              		.thumb_func
 140              		.type	SPI_RX_ISR, %function
 141              	SPI_RX_ISR:
 142              	.LFB2:
 117:Generated_Source\PSoC4/SPI_INT.c **** 
 118:Generated_Source\PSoC4/SPI_INT.c **** 
 119:Generated_Source\PSoC4/SPI_INT.c **** /*******************************************************************************
 120:Generated_Source\PSoC4/SPI_INT.c **** * Function Name: SPI_RX_ISR
 121:Generated_Source\PSoC4/SPI_INT.c **** ********************************************************************************
 122:Generated_Source\PSoC4/SPI_INT.c **** *
 123:Generated_Source\PSoC4/SPI_INT.c **** * Summary:
 124:Generated_Source\PSoC4/SPI_INT.c **** *  Interrupt Service Routine for RX portion of the SPI Master.
 125:Generated_Source\PSoC4/SPI_INT.c **** *
 126:Generated_Source\PSoC4/SPI_INT.c **** * Parameters:
 127:Generated_Source\PSoC4/SPI_INT.c **** *  None.
 128:Generated_Source\PSoC4/SPI_INT.c **** *
 129:Generated_Source\PSoC4/SPI_INT.c **** * Return:
 130:Generated_Source\PSoC4/SPI_INT.c **** *  None.
 131:Generated_Source\PSoC4/SPI_INT.c **** *
 132:Generated_Source\PSoC4/SPI_INT.c **** * Global variables:
 133:Generated_Source\PSoC4/SPI_INT.c **** *  SPI_rxBufferWrite - used for the account of the bytes which
 134:Generated_Source\PSoC4/SPI_INT.c **** *  have been written down in the RX software buffer modified when FIFO contains
 135:Generated_Source\PSoC4/SPI_INT.c **** *  new data.
 136:Generated_Source\PSoC4/SPI_INT.c **** *  SPI_rxBufferRead - used for the account of the bytes which
 137:Generated_Source\PSoC4/SPI_INT.c **** *  have been read from the RX software buffer, modified when overflow occurred.
 138:Generated_Source\PSoC4/SPI_INT.c **** *  SPI_rxBuffer[SPI_RX_BUFFER_SIZE] - used to store
 139:Generated_Source\PSoC4/SPI_INT.c **** *  received data, modified when FIFO contains new data.
 140:Generated_Source\PSoC4/SPI_INT.c **** *  All described above Global variables are used when Software Buffer is used.
 141:Generated_Source\PSoC4/SPI_INT.c **** *
 142:Generated_Source\PSoC4/SPI_INT.c **** *******************************************************************************/
ARM GAS  C:\Users\AFDHAL~1\AppData\Local\Temp\ccHh5Bgy.s 			page 6


 143:Generated_Source\PSoC4/SPI_INT.c **** CY_ISR(SPI_RX_ISR)
 144:Generated_Source\PSoC4/SPI_INT.c **** {
 143              		.loc 1 144 0
 144              		.cfi_startproc
 145              		@ args = 0, pretend = 0, frame = 0
 146              		@ frame_needed = 0, uses_anonymous_args = 0
 147              		@ link register save eliminated.
 145:Generated_Source\PSoC4/SPI_INT.c ****     #if(SPI_RX_SOFTWARE_BUF_ENABLED)
 146:Generated_Source\PSoC4/SPI_INT.c ****         uint8 tmpStatus;
 147:Generated_Source\PSoC4/SPI_INT.c ****         uint8 rxData;
 148:Generated_Source\PSoC4/SPI_INT.c ****     #endif /* (SPI_RX_SOFTWARE_BUF_ENABLED) */
 149:Generated_Source\PSoC4/SPI_INT.c **** 
 150:Generated_Source\PSoC4/SPI_INT.c ****     #ifdef SPI_RX_ISR_ENTRY_CALLBACK
 151:Generated_Source\PSoC4/SPI_INT.c ****         SPI_RX_ISR_EntryCallback();
 152:Generated_Source\PSoC4/SPI_INT.c ****     #endif /* SPI_RX_ISR_ENTRY_CALLBACK */
 153:Generated_Source\PSoC4/SPI_INT.c **** 
 154:Generated_Source\PSoC4/SPI_INT.c ****     /* User code required at start of ISR */
 155:Generated_Source\PSoC4/SPI_INT.c ****     /* `#START SPI_RX_ISR_START` */
 156:Generated_Source\PSoC4/SPI_INT.c **** 
 157:Generated_Source\PSoC4/SPI_INT.c ****     /* `#END` */
 158:Generated_Source\PSoC4/SPI_INT.c ****     
 159:Generated_Source\PSoC4/SPI_INT.c ****     #if(SPI_RX_SOFTWARE_BUF_ENABLED)
 160:Generated_Source\PSoC4/SPI_INT.c **** 
 161:Generated_Source\PSoC4/SPI_INT.c ****         tmpStatus = SPI_GET_STATUS_RX(SPI_swStatusRx);
 148              		.loc 1 161 0
 149 0000 204B     		ldr	r3, .L16
 150 0002 1878     		ldrb	r0, [r3]
 151 0004 2049     		ldr	r1, .L16+4
 152 0006 0B78     		ldrb	r3, [r1]
 153 0008 4022     		movs	r2, #64
 154 000a 1340     		ands	r3, r2
 155 000c 0343     		orrs	r3, r0
 156              	.LVL5:
 162:Generated_Source\PSoC4/SPI_INT.c ****         SPI_swStatusRx = tmpStatus;
 157              		.loc 1 162 0
 158 000e 0B70     		strb	r3, [r1]
 163:Generated_Source\PSoC4/SPI_INT.c **** 
 164:Generated_Source\PSoC4/SPI_INT.c ****         /* Check if RX data FIFO has some data to be moved into the RX Buffer */
 165:Generated_Source\PSoC4/SPI_INT.c ****         while(0u != (SPI_swStatusRx & SPI_STS_RX_FIFO_NOT_EMPTY))
 159              		.loc 1 165 0
 160 0010 32E0     		b	.L11
 161              	.LVL6:
 162              	.L15:
 166:Generated_Source\PSoC4/SPI_INT.c ****         {
 167:Generated_Source\PSoC4/SPI_INT.c ****             rxData = CY_GET_REG8(SPI_RXDATA_PTR);
 163              		.loc 1 167 0
 164 0012 1E4B     		ldr	r3, .L16+8
 165 0014 1A78     		ldrb	r2, [r3]
 166 0016 D2B2     		uxtb	r2, r2
 167              	.LVL7:
 168:Generated_Source\PSoC4/SPI_INT.c **** 
 169:Generated_Source\PSoC4/SPI_INT.c ****             /* Set next pointer. */
 170:Generated_Source\PSoC4/SPI_INT.c ****             SPI_rxBufferWrite++;
 168              		.loc 1 170 0
 169 0018 1D49     		ldr	r1, .L16+12
 170              	.LVL8:
 171 001a 0B78     		ldrb	r3, [r1]
ARM GAS  C:\Users\AFDHAL~1\AppData\Local\Temp\ccHh5Bgy.s 			page 7


 172 001c 0133     		adds	r3, r3, #1
 173 001e DBB2     		uxtb	r3, r3
 174 0020 0B70     		strb	r3, [r1]
 175              	.LVL9:
 171:Generated_Source\PSoC4/SPI_INT.c ****             if(SPI_rxBufferWrite >= SPI_RX_BUFFER_SIZE)
 176              		.loc 1 171 0
 177 0022 0B78     		ldrb	r3, [r1]
 178 0024 DBB2     		uxtb	r3, r3
 179 0026 3F2B     		cmp	r3, #63
 180 0028 02D9     		bls	.L12
 172:Generated_Source\PSoC4/SPI_INT.c ****             {
 173:Generated_Source\PSoC4/SPI_INT.c ****                 SPI_rxBufferWrite = 0u;
 181              		.loc 1 173 0
 182 002a 0021     		movs	r1, #0
 183 002c 184B     		ldr	r3, .L16+12
 184 002e 1970     		strb	r1, [r3]
 185              	.L12:
 174:Generated_Source\PSoC4/SPI_INT.c ****             }
 175:Generated_Source\PSoC4/SPI_INT.c **** 
 176:Generated_Source\PSoC4/SPI_INT.c ****             if(SPI_rxBufferWrite == SPI_rxBufferRead)
 186              		.loc 1 176 0
 187 0030 174B     		ldr	r3, .L16+12
 188 0032 1978     		ldrb	r1, [r3]
 189 0034 C9B2     		uxtb	r1, r1
 190 0036 174B     		ldr	r3, .L16+16
 191 0038 1B78     		ldrb	r3, [r3]
 192 003a DBB2     		uxtb	r3, r3
 193 003c 9942     		cmp	r1, r3
 194 003e 0ED1     		bne	.L13
 177:Generated_Source\PSoC4/SPI_INT.c ****             {
 178:Generated_Source\PSoC4/SPI_INT.c ****                 SPI_rxBufferRead++;
 195              		.loc 1 178 0
 196 0040 1449     		ldr	r1, .L16+16
 197 0042 0B78     		ldrb	r3, [r1]
 198 0044 0133     		adds	r3, r3, #1
 199 0046 DBB2     		uxtb	r3, r3
 200 0048 0B70     		strb	r3, [r1]
 179:Generated_Source\PSoC4/SPI_INT.c ****                 if(SPI_rxBufferRead >= SPI_RX_BUFFER_SIZE)
 201              		.loc 1 179 0
 202 004a 0B78     		ldrb	r3, [r1]
 203 004c DBB2     		uxtb	r3, r3
 204 004e 3F2B     		cmp	r3, #63
 205 0050 02D9     		bls	.L14
 180:Generated_Source\PSoC4/SPI_INT.c ****                 {
 181:Generated_Source\PSoC4/SPI_INT.c ****                     SPI_rxBufferRead = 0u;
 206              		.loc 1 181 0
 207 0052 0021     		movs	r1, #0
 208 0054 0F4B     		ldr	r3, .L16+16
 209 0056 1970     		strb	r1, [r3]
 210              	.L14:
 182:Generated_Source\PSoC4/SPI_INT.c ****                 }
 183:Generated_Source\PSoC4/SPI_INT.c **** 
 184:Generated_Source\PSoC4/SPI_INT.c ****                 SPI_rxBufferFull = 1u;
 211              		.loc 1 184 0
 212 0058 0121     		movs	r1, #1
 213 005a 0F4B     		ldr	r3, .L16+20
 214 005c 1970     		strb	r1, [r3]
ARM GAS  C:\Users\AFDHAL~1\AppData\Local\Temp\ccHh5Bgy.s 			page 8


 215              	.L13:
 185:Generated_Source\PSoC4/SPI_INT.c ****             }
 186:Generated_Source\PSoC4/SPI_INT.c **** 
 187:Generated_Source\PSoC4/SPI_INT.c ****             /* Move data from the FIFO to the Buffer */
 188:Generated_Source\PSoC4/SPI_INT.c ****             SPI_rxBuffer[SPI_rxBufferWrite] = rxData;
 216              		.loc 1 188 0
 217 005e 0C4B     		ldr	r3, .L16+12
 218 0060 1B78     		ldrb	r3, [r3]
 219 0062 DBB2     		uxtb	r3, r3
 220 0064 0D49     		ldr	r1, .L16+24
 221 0066 CA54     		strb	r2, [r1, r3]
 189:Generated_Source\PSoC4/SPI_INT.c **** 
 190:Generated_Source\PSoC4/SPI_INT.c ****             tmpStatus = SPI_GET_STATUS_RX(SPI_swStatusRx);
 222              		.loc 1 190 0
 223 0068 064B     		ldr	r3, .L16
 224 006a 1878     		ldrb	r0, [r3]
 225 006c 0649     		ldr	r1, .L16+4
 226 006e 0B78     		ldrb	r3, [r1]
 227 0070 4022     		movs	r2, #64
 228              	.LVL10:
 229 0072 1340     		ands	r3, r2
 230 0074 0343     		orrs	r3, r0
 231              	.LVL11:
 191:Generated_Source\PSoC4/SPI_INT.c ****             SPI_swStatusRx = tmpStatus;
 232              		.loc 1 191 0
 233 0076 0B70     		strb	r3, [r1]
 234              	.L11:
 165:Generated_Source\PSoC4/SPI_INT.c ****         {
 235              		.loc 1 165 0
 236 0078 034B     		ldr	r3, .L16+4
 237              	.LVL12:
 238 007a 1B78     		ldrb	r3, [r3]
 239 007c 9B06     		lsls	r3, r3, #26
 240 007e C8D4     		bmi	.L15
 192:Generated_Source\PSoC4/SPI_INT.c ****         }
 193:Generated_Source\PSoC4/SPI_INT.c **** 
 194:Generated_Source\PSoC4/SPI_INT.c ****     #endif /* (SPI_RX_SOFTWARE_BUF_ENABLED) */
 195:Generated_Source\PSoC4/SPI_INT.c **** 
 196:Generated_Source\PSoC4/SPI_INT.c ****     /* User code required at end of ISR (Optional) */
 197:Generated_Source\PSoC4/SPI_INT.c ****     /* `#START SPI_RX_ISR_END` */
 198:Generated_Source\PSoC4/SPI_INT.c **** 
 199:Generated_Source\PSoC4/SPI_INT.c ****     /* `#END` */
 200:Generated_Source\PSoC4/SPI_INT.c ****     
 201:Generated_Source\PSoC4/SPI_INT.c ****     #ifdef SPI_RX_ISR_EXIT_CALLBACK
 202:Generated_Source\PSoC4/SPI_INT.c ****         SPI_RX_ISR_ExitCallback();
 203:Generated_Source\PSoC4/SPI_INT.c ****     #endif /* SPI_RX_ISR_EXIT_CALLBACK */
 204:Generated_Source\PSoC4/SPI_INT.c **** }
 241              		.loc 1 204 0
 242              		@ sp needed
 243 0080 7047     		bx	lr
 244              	.L17:
 245 0082 C046     		.align	2
 246              	.L16:
 247 0084 62000F40 		.word	1074724962
 248 0088 00000000 		.word	SPI_swStatusRx
 249 008c 50000F40 		.word	1074724944
 250 0090 00000000 		.word	SPI_rxBufferWrite
ARM GAS  C:\Users\AFDHAL~1\AppData\Local\Temp\ccHh5Bgy.s 			page 9


 251 0094 00000000 		.word	SPI_rxBufferRead
 252 0098 00000000 		.word	SPI_rxBufferFull
 253 009c 00000000 		.word	SPI_rxBuffer
 254              		.cfi_endproc
 255              	.LFE2:
 256              		.size	SPI_RX_ISR, .-SPI_RX_ISR
 257              		.text
 258              	.Letext0:
 259              		.file 2 "Generated_Source\\PSoC4\\cytypes.h"
 260              		.file 3 "Generated_Source\\PSoC4\\SPI_PVT.h"
 261              		.section	.debug_info,"",%progbits
 262              	.Ldebug_info0:
 263 0000 89010000 		.4byte	0x189
 264 0004 0400     		.2byte	0x4
 265 0006 00000000 		.4byte	.Ldebug_abbrev0
 266 000a 04       		.byte	0x4
 267 000b 01       		.uleb128 0x1
 268 000c FC000000 		.4byte	.LASF30
 269 0010 0C       		.byte	0xc
 270 0011 00000000 		.4byte	.LASF31
 271 0015 8A010000 		.4byte	.LASF32
 272 0019 00000000 		.4byte	.Ldebug_ranges0+0
 273 001d 00000000 		.4byte	0
 274 0021 00000000 		.4byte	.Ldebug_line0
 275 0025 02       		.uleb128 0x2
 276 0026 01       		.byte	0x1
 277 0027 06       		.byte	0x6
 278 0028 68020000 		.4byte	.LASF0
 279 002c 02       		.uleb128 0x2
 280 002d 01       		.byte	0x1
 281 002e 08       		.byte	0x8
 282 002f 77000000 		.4byte	.LASF1
 283 0033 02       		.uleb128 0x2
 284 0034 02       		.byte	0x2
 285 0035 05       		.byte	0x5
 286 0036 1D020000 		.4byte	.LASF2
 287 003a 02       		.uleb128 0x2
 288 003b 02       		.byte	0x2
 289 003c 07       		.byte	0x7
 290 003d 33000000 		.4byte	.LASF3
 291 0041 02       		.uleb128 0x2
 292 0042 04       		.byte	0x4
 293 0043 05       		.byte	0x5
 294 0044 2D020000 		.4byte	.LASF4
 295 0048 02       		.uleb128 0x2
 296 0049 04       		.byte	0x4
 297 004a 07       		.byte	0x7
 298 004b 8A000000 		.4byte	.LASF5
 299 004f 02       		.uleb128 0x2
 300 0050 08       		.byte	0x8
 301 0051 05       		.byte	0x5
 302 0052 E8010000 		.4byte	.LASF6
 303 0056 02       		.uleb128 0x2
 304 0057 08       		.byte	0x8
 305 0058 07       		.byte	0x7
 306 0059 E5000000 		.4byte	.LASF7
 307 005d 03       		.uleb128 0x3
ARM GAS  C:\Users\AFDHAL~1\AppData\Local\Temp\ccHh5Bgy.s 			page 10


 308 005e 04       		.byte	0x4
 309 005f 05       		.byte	0x5
 310 0060 696E7400 		.ascii	"int\000"
 311 0064 02       		.uleb128 0x2
 312 0065 04       		.byte	0x4
 313 0066 07       		.byte	0x7
 314 0067 C7000000 		.4byte	.LASF8
 315 006b 04       		.uleb128 0x4
 316 006c 27020000 		.4byte	.LASF12
 317 0070 02       		.byte	0x2
 318 0071 D201     		.2byte	0x1d2
 319 0073 2C000000 		.4byte	0x2c
 320 0077 02       		.uleb128 0x2
 321 0078 04       		.byte	0x4
 322 0079 04       		.byte	0x4
 323 007a 64000000 		.4byte	.LASF9
 324 007e 02       		.uleb128 0x2
 325 007f 08       		.byte	0x8
 326 0080 04       		.byte	0x4
 327 0081 B5000000 		.4byte	.LASF10
 328 0085 02       		.uleb128 0x2
 329 0086 01       		.byte	0x1
 330 0087 08       		.byte	0x8
 331 0088 07020000 		.4byte	.LASF11
 332 008c 04       		.uleb128 0x4
 333 008d 85000000 		.4byte	.LASF13
 334 0091 02       		.byte	0x2
 335 0092 7C02     		.2byte	0x27c
 336 0094 98000000 		.4byte	0x98
 337 0098 05       		.uleb128 0x5
 338 0099 6B000000 		.4byte	0x6b
 339 009d 02       		.uleb128 0x2
 340 009e 08       		.byte	0x8
 341 009f 04       		.byte	0x4
 342 00a0 51020000 		.4byte	.LASF14
 343 00a4 02       		.uleb128 0x2
 344 00a5 04       		.byte	0x4
 345 00a6 07       		.byte	0x7
 346 00a7 DF010000 		.4byte	.LASF15
 347 00ab 06       		.uleb128 0x6
 348 00ac BC000000 		.4byte	.LASF16
 349 00b0 01       		.byte	0x1
 350 00b1 34       		.byte	0x34
 351 00b2 00000000 		.4byte	.LFB1
 352 00b6 9C000000 		.4byte	.LFE1-.LFB1
 353 00ba 01       		.uleb128 0x1
 354 00bb 9C       		.byte	0x9c
 355 00bc D0000000 		.4byte	0xd0
 356 00c0 07       		.uleb128 0x7
 357 00c1 36020000 		.4byte	.LASF18
 358 00c5 01       		.byte	0x1
 359 00c6 37       		.byte	0x37
 360 00c7 6B000000 		.4byte	0x6b
 361 00cb 00000000 		.4byte	.LLST0
 362 00cf 00       		.byte	0
 363 00d0 06       		.uleb128 0x6
 364 00d1 5D020000 		.4byte	.LASF17
ARM GAS  C:\Users\AFDHAL~1\AppData\Local\Temp\ccHh5Bgy.s 			page 11


 365 00d5 01       		.byte	0x1
 366 00d6 8F       		.byte	0x8f
 367 00d7 00000000 		.4byte	.LFB2
 368 00db A0000000 		.4byte	.LFE2-.LFB2
 369 00df 01       		.uleb128 0x1
 370 00e0 9C       		.byte	0x9c
 371 00e1 04010000 		.4byte	0x104
 372 00e5 07       		.uleb128 0x7
 373 00e6 36020000 		.4byte	.LASF18
 374 00ea 01       		.byte	0x1
 375 00eb 92       		.byte	0x92
 376 00ec 6B000000 		.4byte	0x6b
 377 00f0 2B000000 		.4byte	.LLST1
 378 00f4 07       		.uleb128 0x7
 379 00f5 AE000000 		.4byte	.LASF19
 380 00f9 01       		.byte	0x1
 381 00fa 93       		.byte	0x93
 382 00fb 6B000000 		.4byte	0x6b
 383 00ff 61000000 		.4byte	.LLST2
 384 0103 00       		.byte	0
 385 0104 08       		.uleb128 0x8
 386 0105 55000000 		.4byte	.LASF20
 387 0109 03       		.byte	0x3
 388 010a 21       		.byte	0x21
 389 010b 98000000 		.4byte	0x98
 390 010f 08       		.uleb128 0x8
 391 0110 46000000 		.4byte	.LASF21
 392 0114 03       		.byte	0x3
 393 0115 22       		.byte	0x22
 394 0116 98000000 		.4byte	0x98
 395 011a 09       		.uleb128 0x9
 396 011b 98000000 		.4byte	0x98
 397 011f 2A010000 		.4byte	0x12a
 398 0123 0A       		.uleb128 0xa
 399 0124 A4000000 		.4byte	0xa4
 400 0128 3F       		.byte	0x3f
 401 0129 00       		.byte	0
 402 012a 08       		.uleb128 0x8
 403 012b 6A000000 		.4byte	.LASF22
 404 012f 03       		.byte	0x3
 405 0130 25       		.byte	0x25
 406 0131 35010000 		.4byte	0x135
 407 0135 05       		.uleb128 0x5
 408 0136 1A010000 		.4byte	0x11a
 409 013a 08       		.uleb128 0x8
 410 013b F6010000 		.4byte	.LASF23
 411 013f 03       		.byte	0x3
 412 0140 26       		.byte	0x26
 413 0141 98000000 		.4byte	0x98
 414 0145 08       		.uleb128 0x8
 415 0146 9C000000 		.4byte	.LASF24
 416 014a 03       		.byte	0x3
 417 014b 27       		.byte	0x27
 418 014c 98000000 		.4byte	0x98
 419 0150 08       		.uleb128 0x8
 420 0151 D4000000 		.4byte	.LASF25
 421 0155 03       		.byte	0x3
ARM GAS  C:\Users\AFDHAL~1\AppData\Local\Temp\ccHh5Bgy.s 			page 12


 422 0156 28       		.byte	0x28
 423 0157 98000000 		.4byte	0x98
 424 015b 08       		.uleb128 0x8
 425 015c 74020000 		.4byte	.LASF26
 426 0160 03       		.byte	0x3
 427 0161 2C       		.byte	0x2c
 428 0162 66010000 		.4byte	0x166
 429 0166 05       		.uleb128 0x5
 430 0167 1A010000 		.4byte	0x11a
 431 016b 08       		.uleb128 0x8
 432 016c 40020000 		.4byte	.LASF27
 433 0170 03       		.byte	0x3
 434 0171 2D       		.byte	0x2d
 435 0172 98000000 		.4byte	0x98
 436 0176 08       		.uleb128 0x8
 437 0177 21000000 		.4byte	.LASF28
 438 017b 03       		.byte	0x3
 439 017c 2E       		.byte	0x2e
 440 017d 98000000 		.4byte	0x98
 441 0181 08       		.uleb128 0x8
 442 0182 0C020000 		.4byte	.LASF29
 443 0186 03       		.byte	0x3
 444 0187 2F       		.byte	0x2f
 445 0188 98000000 		.4byte	0x98
 446 018c 00       		.byte	0
 447              		.section	.debug_abbrev,"",%progbits
 448              	.Ldebug_abbrev0:
 449 0000 01       		.uleb128 0x1
 450 0001 11       		.uleb128 0x11
 451 0002 01       		.byte	0x1
 452 0003 25       		.uleb128 0x25
 453 0004 0E       		.uleb128 0xe
 454 0005 13       		.uleb128 0x13
 455 0006 0B       		.uleb128 0xb
 456 0007 03       		.uleb128 0x3
 457 0008 0E       		.uleb128 0xe
 458 0009 1B       		.uleb128 0x1b
 459 000a 0E       		.uleb128 0xe
 460 000b 55       		.uleb128 0x55
 461 000c 17       		.uleb128 0x17
 462 000d 11       		.uleb128 0x11
 463 000e 01       		.uleb128 0x1
 464 000f 10       		.uleb128 0x10
 465 0010 17       		.uleb128 0x17
 466 0011 00       		.byte	0
 467 0012 00       		.byte	0
 468 0013 02       		.uleb128 0x2
 469 0014 24       		.uleb128 0x24
 470 0015 00       		.byte	0
 471 0016 0B       		.uleb128 0xb
 472 0017 0B       		.uleb128 0xb
 473 0018 3E       		.uleb128 0x3e
 474 0019 0B       		.uleb128 0xb
 475 001a 03       		.uleb128 0x3
 476 001b 0E       		.uleb128 0xe
 477 001c 00       		.byte	0
 478 001d 00       		.byte	0
ARM GAS  C:\Users\AFDHAL~1\AppData\Local\Temp\ccHh5Bgy.s 			page 13


 479 001e 03       		.uleb128 0x3
 480 001f 24       		.uleb128 0x24
 481 0020 00       		.byte	0
 482 0021 0B       		.uleb128 0xb
 483 0022 0B       		.uleb128 0xb
 484 0023 3E       		.uleb128 0x3e
 485 0024 0B       		.uleb128 0xb
 486 0025 03       		.uleb128 0x3
 487 0026 08       		.uleb128 0x8
 488 0027 00       		.byte	0
 489 0028 00       		.byte	0
 490 0029 04       		.uleb128 0x4
 491 002a 16       		.uleb128 0x16
 492 002b 00       		.byte	0
 493 002c 03       		.uleb128 0x3
 494 002d 0E       		.uleb128 0xe
 495 002e 3A       		.uleb128 0x3a
 496 002f 0B       		.uleb128 0xb
 497 0030 3B       		.uleb128 0x3b
 498 0031 05       		.uleb128 0x5
 499 0032 49       		.uleb128 0x49
 500 0033 13       		.uleb128 0x13
 501 0034 00       		.byte	0
 502 0035 00       		.byte	0
 503 0036 05       		.uleb128 0x5
 504 0037 35       		.uleb128 0x35
 505 0038 00       		.byte	0
 506 0039 49       		.uleb128 0x49
 507 003a 13       		.uleb128 0x13
 508 003b 00       		.byte	0
 509 003c 00       		.byte	0
 510 003d 06       		.uleb128 0x6
 511 003e 2E       		.uleb128 0x2e
 512 003f 01       		.byte	0x1
 513 0040 3F       		.uleb128 0x3f
 514 0041 19       		.uleb128 0x19
 515 0042 03       		.uleb128 0x3
 516 0043 0E       		.uleb128 0xe
 517 0044 3A       		.uleb128 0x3a
 518 0045 0B       		.uleb128 0xb
 519 0046 3B       		.uleb128 0x3b
 520 0047 0B       		.uleb128 0xb
 521 0048 27       		.uleb128 0x27
 522 0049 19       		.uleb128 0x19
 523 004a 11       		.uleb128 0x11
 524 004b 01       		.uleb128 0x1
 525 004c 12       		.uleb128 0x12
 526 004d 06       		.uleb128 0x6
 527 004e 40       		.uleb128 0x40
 528 004f 18       		.uleb128 0x18
 529 0050 9742     		.uleb128 0x2117
 530 0052 19       		.uleb128 0x19
 531 0053 01       		.uleb128 0x1
 532 0054 13       		.uleb128 0x13
 533 0055 00       		.byte	0
 534 0056 00       		.byte	0
 535 0057 07       		.uleb128 0x7
ARM GAS  C:\Users\AFDHAL~1\AppData\Local\Temp\ccHh5Bgy.s 			page 14


 536 0058 34       		.uleb128 0x34
 537 0059 00       		.byte	0
 538 005a 03       		.uleb128 0x3
 539 005b 0E       		.uleb128 0xe
 540 005c 3A       		.uleb128 0x3a
 541 005d 0B       		.uleb128 0xb
 542 005e 3B       		.uleb128 0x3b
 543 005f 0B       		.uleb128 0xb
 544 0060 49       		.uleb128 0x49
 545 0061 13       		.uleb128 0x13
 546 0062 02       		.uleb128 0x2
 547 0063 17       		.uleb128 0x17
 548 0064 00       		.byte	0
 549 0065 00       		.byte	0
 550 0066 08       		.uleb128 0x8
 551 0067 34       		.uleb128 0x34
 552 0068 00       		.byte	0
 553 0069 03       		.uleb128 0x3
 554 006a 0E       		.uleb128 0xe
 555 006b 3A       		.uleb128 0x3a
 556 006c 0B       		.uleb128 0xb
 557 006d 3B       		.uleb128 0x3b
 558 006e 0B       		.uleb128 0xb
 559 006f 49       		.uleb128 0x49
 560 0070 13       		.uleb128 0x13
 561 0071 3F       		.uleb128 0x3f
 562 0072 19       		.uleb128 0x19
 563 0073 3C       		.uleb128 0x3c
 564 0074 19       		.uleb128 0x19
 565 0075 00       		.byte	0
 566 0076 00       		.byte	0
 567 0077 09       		.uleb128 0x9
 568 0078 01       		.uleb128 0x1
 569 0079 01       		.byte	0x1
 570 007a 49       		.uleb128 0x49
 571 007b 13       		.uleb128 0x13
 572 007c 01       		.uleb128 0x1
 573 007d 13       		.uleb128 0x13
 574 007e 00       		.byte	0
 575 007f 00       		.byte	0
 576 0080 0A       		.uleb128 0xa
 577 0081 21       		.uleb128 0x21
 578 0082 00       		.byte	0
 579 0083 49       		.uleb128 0x49
 580 0084 13       		.uleb128 0x13
 581 0085 2F       		.uleb128 0x2f
 582 0086 0B       		.uleb128 0xb
 583 0087 00       		.byte	0
 584 0088 00       		.byte	0
 585 0089 00       		.byte	0
 586              		.section	.debug_loc,"",%progbits
 587              	.Ldebug_loc0:
 588              	.LLST0:
 589 0000 10000000 		.4byte	.LVL0
 590 0004 14000000 		.4byte	.LVL1
 591 0008 0100     		.2byte	0x1
 592 000a 53       		.byte	0x53
ARM GAS  C:\Users\AFDHAL~1\AppData\Local\Temp\ccHh5Bgy.s 			page 15


 593 000b 14000000 		.4byte	.LVL1
 594 000f 2A000000 		.4byte	.LVL2
 595 0013 0200     		.2byte	0x2
 596 0015 71       		.byte	0x71
 597 0016 00       		.sleb128 0
 598 0017 3A000000 		.4byte	.LVL3
 599 001b 40000000 		.4byte	.LVL4
 600 001f 0200     		.2byte	0x2
 601 0021 71       		.byte	0x71
 602 0022 00       		.sleb128 0
 603 0023 00000000 		.4byte	0
 604 0027 00000000 		.4byte	0
 605              	.LLST1:
 606 002b 0E000000 		.4byte	.LVL5
 607 002f 12000000 		.4byte	.LVL6
 608 0033 0100     		.2byte	0x1
 609 0035 53       		.byte	0x53
 610 0036 12000000 		.4byte	.LVL6
 611 003a 1A000000 		.4byte	.LVL8
 612 003e 0200     		.2byte	0x2
 613 0040 71       		.byte	0x71
 614 0041 00       		.sleb128 0
 615 0042 76000000 		.4byte	.LVL11
 616 0046 7A000000 		.4byte	.LVL12
 617 004a 0100     		.2byte	0x1
 618 004c 53       		.byte	0x53
 619 004d 7A000000 		.4byte	.LVL12
 620 0051 A0000000 		.4byte	.LFE2
 621 0055 0200     		.2byte	0x2
 622 0057 71       		.byte	0x71
 623 0058 00       		.sleb128 0
 624 0059 00000000 		.4byte	0
 625 005d 00000000 		.4byte	0
 626              	.LLST2:
 627 0061 18000000 		.4byte	.LVL7
 628 0065 72000000 		.4byte	.LVL10
 629 0069 0100     		.2byte	0x1
 630 006b 52       		.byte	0x52
 631 006c 00000000 		.4byte	0
 632 0070 00000000 		.4byte	0
 633              		.section	.debug_aranges,"",%progbits
 634 0000 24000000 		.4byte	0x24
 635 0004 0200     		.2byte	0x2
 636 0006 00000000 		.4byte	.Ldebug_info0
 637 000a 04       		.byte	0x4
 638 000b 00       		.byte	0
 639 000c 0000     		.2byte	0
 640 000e 0000     		.2byte	0
 641 0010 00000000 		.4byte	.LFB1
 642 0014 9C000000 		.4byte	.LFE1-.LFB1
 643 0018 00000000 		.4byte	.LFB2
 644 001c A0000000 		.4byte	.LFE2-.LFB2
 645 0020 00000000 		.4byte	0
 646 0024 00000000 		.4byte	0
 647              		.section	.debug_ranges,"",%progbits
 648              	.Ldebug_ranges0:
 649 0000 00000000 		.4byte	.LFB1
ARM GAS  C:\Users\AFDHAL~1\AppData\Local\Temp\ccHh5Bgy.s 			page 16


 650 0004 9C000000 		.4byte	.LFE1
 651 0008 00000000 		.4byte	.LFB2
 652 000c A0000000 		.4byte	.LFE2
 653 0010 00000000 		.4byte	0
 654 0014 00000000 		.4byte	0
 655              		.section	.debug_line,"",%progbits
 656              	.Ldebug_line0:
 657 0000 A2000000 		.section	.debug_str,"MS",%progbits,1
 657      02005100 
 657      00000201 
 657      FB0E0D00 
 657      01010101 
 658              	.LASF31:
 659 0000 47656E65 		.ascii	"Generated_Source\\PSoC4\\SPI_INT.c\000"
 659      72617465 
 659      645F536F 
 659      75726365 
 659      5C50536F 
 660              	.LASF28:
 661 0021 5350495F 		.ascii	"SPI_rxBufferWrite\000"
 661      72784275 
 661      66666572 
 661      57726974 
 661      6500
 662              	.LASF3:
 663 0033 73686F72 		.ascii	"short unsigned int\000"
 663      7420756E 
 663      7369676E 
 663      65642069 
 663      6E7400
 664              	.LASF21:
 665 0046 5350495F 		.ascii	"SPI_swStatusRx\000"
 665      73775374 
 665      61747573 
 665      527800
 666              	.LASF20:
 667 0055 5350495F 		.ascii	"SPI_swStatusTx\000"
 667      73775374 
 667      61747573 
 667      547800
 668              	.LASF9:
 669 0064 666C6F61 		.ascii	"float\000"
 669      7400
 670              	.LASF22:
 671 006a 5350495F 		.ascii	"SPI_txBuffer\000"
 671      74784275 
 671      66666572 
 671      00
 672              	.LASF1:
 673 0077 756E7369 		.ascii	"unsigned char\000"
 673      676E6564 
 673      20636861 
 673      7200
 674              	.LASF13:
 675 0085 72656738 		.ascii	"reg8\000"
 675      00
 676              	.LASF5:
ARM GAS  C:\Users\AFDHAL~1\AppData\Local\Temp\ccHh5Bgy.s 			page 17


 677 008a 6C6F6E67 		.ascii	"long unsigned int\000"
 677      20756E73 
 677      69676E65 
 677      6420696E 
 677      7400
 678              	.LASF24:
 679 009c 5350495F 		.ascii	"SPI_txBufferWrite\000"
 679      74784275 
 679      66666572 
 679      57726974 
 679      6500
 680              	.LASF19:
 681 00ae 72784461 		.ascii	"rxData\000"
 681      746100
 682              	.LASF10:
 683 00b5 646F7562 		.ascii	"double\000"
 683      6C6500
 684              	.LASF16:
 685 00bc 5350495F 		.ascii	"SPI_TX_ISR\000"
 685      54585F49 
 685      535200
 686              	.LASF8:
 687 00c7 756E7369 		.ascii	"unsigned int\000"
 687      676E6564 
 687      20696E74 
 687      00
 688              	.LASF25:
 689 00d4 5350495F 		.ascii	"SPI_txBufferFull\000"
 689      74784275 
 689      66666572 
 689      46756C6C 
 689      00
 690              	.LASF7:
 691 00e5 6C6F6E67 		.ascii	"long long unsigned int\000"
 691      206C6F6E 
 691      6720756E 
 691      7369676E 
 691      65642069 
 692              	.LASF30:
 693 00fc 474E5520 		.ascii	"GNU C11 5.4.1 20160609 (release) [ARM/embedded-5-br"
 693      43313120 
 693      352E342E 
 693      31203230 
 693      31363036 
 694 012f 616E6368 		.ascii	"anch revision 237715] -mcpu=cortex-m0 -mthumb -g -O"
 694      20726576 
 694      6973696F 
 694      6E203233 
 694      37373135 
 695 0162 67202D66 		.ascii	"g -ffunction-sections -ffat-lto-objects\000"
 695      66756E63 
 695      74696F6E 
 695      2D736563 
 695      74696F6E 
 696              	.LASF32:
 697 018a 433A5C55 		.ascii	"C:\\Users\\AfdhalAtiffTan\\Documents\\PSoC Creator\\"
 697      73657273 
ARM GAS  C:\Users\AFDHAL~1\AppData\Local\Temp\ccHh5Bgy.s 			page 18


 697      5C416664 
 697      68616C41 
 697      74696666 
 698 01b9 55415254 		.ascii	"UART_over_nFR24\\UART_over_nFR24.cydsn\000"
 698      5F6F7665 
 698      725F6E46 
 698      5232345C 
 698      55415254 
 699              	.LASF15:
 700 01df 73697A65 		.ascii	"sizetype\000"
 700      74797065 
 700      00
 701              	.LASF6:
 702 01e8 6C6F6E67 		.ascii	"long long int\000"
 702      206C6F6E 
 702      6720696E 
 702      7400
 703              	.LASF23:
 704 01f6 5350495F 		.ascii	"SPI_txBufferRead\000"
 704      74784275 
 704      66666572 
 704      52656164 
 704      00
 705              	.LASF11:
 706 0207 63686172 		.ascii	"char\000"
 706      00
 707              	.LASF29:
 708 020c 5350495F 		.ascii	"SPI_rxBufferFull\000"
 708      72784275 
 708      66666572 
 708      46756C6C 
 708      00
 709              	.LASF2:
 710 021d 73686F72 		.ascii	"short int\000"
 710      7420696E 
 710      7400
 711              	.LASF12:
 712 0227 75696E74 		.ascii	"uint8\000"
 712      3800
 713              	.LASF4:
 714 022d 6C6F6E67 		.ascii	"long int\000"
 714      20696E74 
 714      00
 715              	.LASF18:
 716 0236 746D7053 		.ascii	"tmpStatus\000"
 716      74617475 
 716      7300
 717              	.LASF27:
 718 0240 5350495F 		.ascii	"SPI_rxBufferRead\000"
 718      72784275 
 718      66666572 
 718      52656164 
 718      00
 719              	.LASF14:
 720 0251 6C6F6E67 		.ascii	"long double\000"
 720      20646F75 
 720      626C6500 
ARM GAS  C:\Users\AFDHAL~1\AppData\Local\Temp\ccHh5Bgy.s 			page 19


 721              	.LASF17:
 722 025d 5350495F 		.ascii	"SPI_RX_ISR\000"
 722      52585F49 
 722      535200
 723              	.LASF0:
 724 0268 7369676E 		.ascii	"signed char\000"
 724      65642063 
 724      68617200 
 725              	.LASF26:
 726 0274 5350495F 		.ascii	"SPI_rxBuffer\000"
 726      72784275 
 726      66666572 
 726      00
 727              		.ident	"GCC: (GNU Tools for ARM Embedded Processors) 5.4.1 20160609 (release) [ARM/embedded-5-bran
