ARM GAS  C:\Users\AFDHAL~1\AppData\Local\Temp\ccsoVZOc.s 			page 1


   1              		.syntax unified
   2              		.cpu cortex-m0
   3              		.fpu softvfp
   4              		.eabi_attribute 20, 1
   5              		.eabi_attribute 21, 1
   6              		.eabi_attribute 23, 3
   7              		.eabi_attribute 24, 1
   8              		.eabi_attribute 25, 1
   9              		.eabi_attribute 26, 1
  10              		.eabi_attribute 30, 1
  11              		.eabi_attribute 34, 0
  12              		.eabi_attribute 18, 4
  13              		.thumb
  14              		.syntax unified
  15              		.file	"UART_SPI_UART_INT.c"
  16              		.text
  17              	.Ltext0:
  18              		.cfi_sections	.debug_frame
  19              		.section	.text.UART_SPI_UART_ISR,"ax",%progbits
  20              		.align	2
  21              		.global	UART_SPI_UART_ISR
  22              		.code	16
  23              		.thumb_func
  24              		.type	UART_SPI_UART_ISR, %function
  25              	UART_SPI_UART_ISR:
  26              	.LFB1:
  27              		.file 1 "Generated_Source\\PSoC4\\UART_SPI_UART_INT.c"
   1:Generated_Source\PSoC4/UART_SPI_UART_INT.c **** /***************************************************************************//**
   2:Generated_Source\PSoC4/UART_SPI_UART_INT.c **** * \file UART_SPI_UART_INT.c
   3:Generated_Source\PSoC4/UART_SPI_UART_INT.c **** * \version 4.0
   4:Generated_Source\PSoC4/UART_SPI_UART_INT.c **** *
   5:Generated_Source\PSoC4/UART_SPI_UART_INT.c **** * \brief
   6:Generated_Source\PSoC4/UART_SPI_UART_INT.c **** *  This file provides the source code to the Interrupt Service Routine for
   7:Generated_Source\PSoC4/UART_SPI_UART_INT.c **** *  the SCB Component in SPI and UART modes.
   8:Generated_Source\PSoC4/UART_SPI_UART_INT.c **** *
   9:Generated_Source\PSoC4/UART_SPI_UART_INT.c **** * Note:
  10:Generated_Source\PSoC4/UART_SPI_UART_INT.c **** *
  11:Generated_Source\PSoC4/UART_SPI_UART_INT.c **** ********************************************************************************
  12:Generated_Source\PSoC4/UART_SPI_UART_INT.c **** * \copyright
  13:Generated_Source\PSoC4/UART_SPI_UART_INT.c **** * Copyright 2013-2017, Cypress Semiconductor Corporation.  All rights reserved.
  14:Generated_Source\PSoC4/UART_SPI_UART_INT.c **** * You may use this file only in accordance with the license, terms, conditions,
  15:Generated_Source\PSoC4/UART_SPI_UART_INT.c **** * disclaimers, and limitations in the end user license agreement accompanying
  16:Generated_Source\PSoC4/UART_SPI_UART_INT.c **** * the software package with which this file was provided.
  17:Generated_Source\PSoC4/UART_SPI_UART_INT.c **** *******************************************************************************/
  18:Generated_Source\PSoC4/UART_SPI_UART_INT.c **** 
  19:Generated_Source\PSoC4/UART_SPI_UART_INT.c **** #include "UART_PVT.h"
  20:Generated_Source\PSoC4/UART_SPI_UART_INT.c **** #include "UART_SPI_UART_PVT.h"
  21:Generated_Source\PSoC4/UART_SPI_UART_INT.c **** #include "cyapicallbacks.h"
  22:Generated_Source\PSoC4/UART_SPI_UART_INT.c **** 
  23:Generated_Source\PSoC4/UART_SPI_UART_INT.c **** #if (UART_SCB_IRQ_INTERNAL)
  24:Generated_Source\PSoC4/UART_SPI_UART_INT.c **** /*******************************************************************************
  25:Generated_Source\PSoC4/UART_SPI_UART_INT.c **** * Function Name: UART_SPI_UART_ISR
  26:Generated_Source\PSoC4/UART_SPI_UART_INT.c **** ****************************************************************************//**
  27:Generated_Source\PSoC4/UART_SPI_UART_INT.c **** *
  28:Generated_Source\PSoC4/UART_SPI_UART_INT.c **** *  Handles the Interrupt Service Routine for the SCB SPI or UART modes.
  29:Generated_Source\PSoC4/UART_SPI_UART_INT.c **** *
  30:Generated_Source\PSoC4/UART_SPI_UART_INT.c **** *******************************************************************************/
ARM GAS  C:\Users\AFDHAL~1\AppData\Local\Temp\ccsoVZOc.s 			page 2


  31:Generated_Source\PSoC4/UART_SPI_UART_INT.c **** CY_ISR(UART_SPI_UART_ISR)
  32:Generated_Source\PSoC4/UART_SPI_UART_INT.c **** {
  28              		.loc 1 32 0
  29              		.cfi_startproc
  30              		@ args = 0, pretend = 0, frame = 0
  31              		@ frame_needed = 0, uses_anonymous_args = 0
  32 0000 10B5     		push	{r4, lr}
  33              		.cfi_def_cfa_offset 8
  34              		.cfi_offset 4, -8
  35              		.cfi_offset 14, -4
  33:Generated_Source\PSoC4/UART_SPI_UART_INT.c **** #if (UART_INTERNAL_RX_SW_BUFFER_CONST)
  34:Generated_Source\PSoC4/UART_SPI_UART_INT.c ****     uint32 locHead;
  35:Generated_Source\PSoC4/UART_SPI_UART_INT.c **** #endif /* (UART_INTERNAL_RX_SW_BUFFER_CONST) */
  36:Generated_Source\PSoC4/UART_SPI_UART_INT.c **** 
  37:Generated_Source\PSoC4/UART_SPI_UART_INT.c **** #if (UART_INTERNAL_TX_SW_BUFFER_CONST)
  38:Generated_Source\PSoC4/UART_SPI_UART_INT.c ****     uint32 locTail;
  39:Generated_Source\PSoC4/UART_SPI_UART_INT.c **** #endif /* (UART_INTERNAL_TX_SW_BUFFER_CONST) */
  40:Generated_Source\PSoC4/UART_SPI_UART_INT.c **** 
  41:Generated_Source\PSoC4/UART_SPI_UART_INT.c **** #ifdef UART_SPI_UART_ISR_ENTRY_CALLBACK
  42:Generated_Source\PSoC4/UART_SPI_UART_INT.c ****     UART_SPI_UART_ISR_EntryCallback();
  43:Generated_Source\PSoC4/UART_SPI_UART_INT.c **** #endif /* UART_SPI_UART_ISR_ENTRY_CALLBACK */
  44:Generated_Source\PSoC4/UART_SPI_UART_INT.c **** 
  45:Generated_Source\PSoC4/UART_SPI_UART_INT.c ****     if (NULL != UART_customIntrHandler)
  36              		.loc 1 45 0
  37 0002 294B     		ldr	r3, .L15
  38 0004 1B68     		ldr	r3, [r3]
  39 0006 002B     		cmp	r3, #0
  40 0008 00D0     		beq	.L2
  46:Generated_Source\PSoC4/UART_SPI_UART_INT.c ****     {
  47:Generated_Source\PSoC4/UART_SPI_UART_INT.c ****         UART_customIntrHandler();
  41              		.loc 1 47 0
  42 000a 9847     		blx	r3
  43              	.LVL0:
  44              	.L2:
  48:Generated_Source\PSoC4/UART_SPI_UART_INT.c ****     }
  49:Generated_Source\PSoC4/UART_SPI_UART_INT.c **** 
  50:Generated_Source\PSoC4/UART_SPI_UART_INT.c ****     #if(UART_CHECK_SPI_WAKE_ENABLE)
  51:Generated_Source\PSoC4/UART_SPI_UART_INT.c ****     {
  52:Generated_Source\PSoC4/UART_SPI_UART_INT.c ****         /* Clear SPI wakeup source */
  53:Generated_Source\PSoC4/UART_SPI_UART_INT.c ****         UART_ClearSpiExtClkInterruptSource(UART_INTR_SPI_EC_WAKE_UP);
  54:Generated_Source\PSoC4/UART_SPI_UART_INT.c ****     }
  55:Generated_Source\PSoC4/UART_SPI_UART_INT.c ****     #endif
  56:Generated_Source\PSoC4/UART_SPI_UART_INT.c **** 
  57:Generated_Source\PSoC4/UART_SPI_UART_INT.c ****     #if (UART_CHECK_RX_SW_BUFFER)
  58:Generated_Source\PSoC4/UART_SPI_UART_INT.c ****     {
  59:Generated_Source\PSoC4/UART_SPI_UART_INT.c ****         if (UART_CHECK_INTR_RX_MASKED(UART_INTR_RX_NOT_EMPTY))
  45              		.loc 1 59 0
  46 000c 274B     		ldr	r3, .L15+4
  47 000e 1B68     		ldr	r3, [r3]
  48 0010 5B07     		lsls	r3, r3, #29
  49 0012 1FD5     		bpl	.L3
  50              	.L7:
  60:Generated_Source\PSoC4/UART_SPI_UART_INT.c ****         {
  61:Generated_Source\PSoC4/UART_SPI_UART_INT.c ****             do
  62:Generated_Source\PSoC4/UART_SPI_UART_INT.c ****             {
  63:Generated_Source\PSoC4/UART_SPI_UART_INT.c ****                 /* Move local head index */
  64:Generated_Source\PSoC4/UART_SPI_UART_INT.c ****                 locHead = (UART_rxBufferHead + 1u);
ARM GAS  C:\Users\AFDHAL~1\AppData\Local\Temp\ccsoVZOc.s 			page 3


  51              		.loc 1 64 0
  52 0014 264B     		ldr	r3, .L15+8
  53 0016 1B68     		ldr	r3, [r3]
  54 0018 0133     		adds	r3, r3, #1
  55              	.LVL1:
  65:Generated_Source\PSoC4/UART_SPI_UART_INT.c **** 
  66:Generated_Source\PSoC4/UART_SPI_UART_INT.c ****                 /* Adjust local head index */
  67:Generated_Source\PSoC4/UART_SPI_UART_INT.c ****                 if (UART_INTERNAL_RX_BUFFER_SIZE == locHead)
  56              		.loc 1 67 0
  57 001a 0222     		movs	r2, #2
  58 001c FF32     		adds	r2, r2, #255
  59 001e 9342     		cmp	r3, r2
  60 0020 00D1     		bne	.L4
  68:Generated_Source\PSoC4/UART_SPI_UART_INT.c ****                 {
  69:Generated_Source\PSoC4/UART_SPI_UART_INT.c ****                     locHead = 0u;
  61              		.loc 1 69 0
  62 0022 0023     		movs	r3, #0
  63              	.LVL2:
  64              	.L4:
  70:Generated_Source\PSoC4/UART_SPI_UART_INT.c ****                 }
  71:Generated_Source\PSoC4/UART_SPI_UART_INT.c **** 
  72:Generated_Source\PSoC4/UART_SPI_UART_INT.c ****                 if (locHead == UART_rxBufferTail)
  65              		.loc 1 72 0
  66 0024 234A     		ldr	r2, .L15+12
  67 0026 1268     		ldr	r2, [r2]
  68 0028 9342     		cmp	r3, r2
  69 002a 05D1     		bne	.L5
  73:Generated_Source\PSoC4/UART_SPI_UART_INT.c ****                 {
  74:Generated_Source\PSoC4/UART_SPI_UART_INT.c ****                     #if (UART_CHECK_UART_RTS_CONTROL_FLOW)
  75:Generated_Source\PSoC4/UART_SPI_UART_INT.c ****                     {
  76:Generated_Source\PSoC4/UART_SPI_UART_INT.c ****                         /* There is no space in the software buffer - disable the
  77:Generated_Source\PSoC4/UART_SPI_UART_INT.c ****                         * RX Not Empty interrupt source. The data elements are
  78:Generated_Source\PSoC4/UART_SPI_UART_INT.c ****                         * still being received into the RX FIFO until the RTS signal
  79:Generated_Source\PSoC4/UART_SPI_UART_INT.c ****                         * stops the transmitter. After the data element is read from the
  80:Generated_Source\PSoC4/UART_SPI_UART_INT.c ****                         * buffer, the RX Not Empty interrupt source is enabled to
  81:Generated_Source\PSoC4/UART_SPI_UART_INT.c ****                         * move the next data element in the software buffer.
  82:Generated_Source\PSoC4/UART_SPI_UART_INT.c ****                         */
  83:Generated_Source\PSoC4/UART_SPI_UART_INT.c ****                         UART_INTR_RX_MASK_REG &= ~UART_INTR_RX_NOT_EMPTY;
  84:Generated_Source\PSoC4/UART_SPI_UART_INT.c ****                         break;
  85:Generated_Source\PSoC4/UART_SPI_UART_INT.c ****                     }
  86:Generated_Source\PSoC4/UART_SPI_UART_INT.c ****                     #else
  87:Generated_Source\PSoC4/UART_SPI_UART_INT.c ****                     {
  88:Generated_Source\PSoC4/UART_SPI_UART_INT.c ****                         /* Overflow: through away received data element */
  89:Generated_Source\PSoC4/UART_SPI_UART_INT.c ****                         (void) UART_RX_FIFO_RD_REG;
  70              		.loc 1 89 0
  71 002c 224B     		ldr	r3, .L15+16
  72              	.LVL3:
  73 002e 1B68     		ldr	r3, [r3]
  90:Generated_Source\PSoC4/UART_SPI_UART_INT.c ****                         UART_rxBufferOverflow = (uint8) UART_INTR_RX_OVERFLOW;
  74              		.loc 1 90 0
  75 0030 2022     		movs	r2, #32
  76 0032 224B     		ldr	r3, .L15+20
  77 0034 1A70     		strb	r2, [r3]
  78 0036 06E0     		b	.L6
  79              	.LVL4:
  80              	.L5:
  91:Generated_Source\PSoC4/UART_SPI_UART_INT.c ****                     }
ARM GAS  C:\Users\AFDHAL~1\AppData\Local\Temp\ccsoVZOc.s 			page 4


  92:Generated_Source\PSoC4/UART_SPI_UART_INT.c ****                     #endif
  93:Generated_Source\PSoC4/UART_SPI_UART_INT.c ****                 }
  94:Generated_Source\PSoC4/UART_SPI_UART_INT.c ****                 else
  95:Generated_Source\PSoC4/UART_SPI_UART_INT.c ****                 {
  96:Generated_Source\PSoC4/UART_SPI_UART_INT.c ****                     /* Store received data */
  97:Generated_Source\PSoC4/UART_SPI_UART_INT.c ****                     UART_PutWordInRxBuffer(locHead, UART_RX_FIFO_RD_REG);
  81              		.loc 1 97 0
  82 0038 1F4A     		ldr	r2, .L15+16
  83 003a 1268     		ldr	r2, [r2]
  84 003c D2B2     		uxtb	r2, r2
  85 003e 2049     		ldr	r1, .L15+24
  86 0040 CA54     		strb	r2, [r1, r3]
  98:Generated_Source\PSoC4/UART_SPI_UART_INT.c **** 
  99:Generated_Source\PSoC4/UART_SPI_UART_INT.c ****                     /* Move head index */
 100:Generated_Source\PSoC4/UART_SPI_UART_INT.c ****                     UART_rxBufferHead = locHead;
  87              		.loc 1 100 0
  88 0042 1B4A     		ldr	r2, .L15+8
  89 0044 1360     		str	r3, [r2]
  90              	.LVL5:
  91              	.L6:
 101:Generated_Source\PSoC4/UART_SPI_UART_INT.c ****                 }
 102:Generated_Source\PSoC4/UART_SPI_UART_INT.c ****             }
 103:Generated_Source\PSoC4/UART_SPI_UART_INT.c ****             while(0u != UART_GET_RX_FIFO_ENTRIES);
  92              		.loc 1 103 0
  93 0046 1F4B     		ldr	r3, .L15+28
  94 0048 1B68     		ldr	r3, [r3]
  95 004a DB06     		lsls	r3, r3, #27
  96 004c E2D1     		bne	.L7
 104:Generated_Source\PSoC4/UART_SPI_UART_INT.c **** 
 105:Generated_Source\PSoC4/UART_SPI_UART_INT.c ****             UART_ClearRxInterruptSource(UART_INTR_RX_NOT_EMPTY);
  97              		.loc 1 105 0
  98 004e 0422     		movs	r2, #4
  99 0050 1D4B     		ldr	r3, .L15+32
 100 0052 1A60     		str	r2, [r3]
 101              	.L3:
 106:Generated_Source\PSoC4/UART_SPI_UART_INT.c ****         }
 107:Generated_Source\PSoC4/UART_SPI_UART_INT.c ****     }
 108:Generated_Source\PSoC4/UART_SPI_UART_INT.c ****     #endif
 109:Generated_Source\PSoC4/UART_SPI_UART_INT.c **** 
 110:Generated_Source\PSoC4/UART_SPI_UART_INT.c **** 
 111:Generated_Source\PSoC4/UART_SPI_UART_INT.c ****     #if (UART_CHECK_TX_SW_BUFFER)
 112:Generated_Source\PSoC4/UART_SPI_UART_INT.c ****     {
 113:Generated_Source\PSoC4/UART_SPI_UART_INT.c ****         if (UART_CHECK_INTR_TX_MASKED(UART_INTR_TX_NOT_FULL))
 102              		.loc 1 113 0
 103 0054 1D4B     		ldr	r3, .L15+36
 104 0056 1B68     		ldr	r3, [r3]
 105 0058 9B07     		lsls	r3, r3, #30
 106 005a 23D5     		bpl	.L1
 107              	.L11:
 114:Generated_Source\PSoC4/UART_SPI_UART_INT.c ****         {
 115:Generated_Source\PSoC4/UART_SPI_UART_INT.c ****             do
 116:Generated_Source\PSoC4/UART_SPI_UART_INT.c ****             {
 117:Generated_Source\PSoC4/UART_SPI_UART_INT.c ****                 /* Check for room in TX software buffer */
 118:Generated_Source\PSoC4/UART_SPI_UART_INT.c ****                 if (UART_txBufferHead != UART_txBufferTail)
 108              		.loc 1 118 0
 109 005c 1C4B     		ldr	r3, .L15+40
 110 005e 1A68     		ldr	r2, [r3]
ARM GAS  C:\Users\AFDHAL~1\AppData\Local\Temp\ccsoVZOc.s 			page 5


 111 0060 1C4B     		ldr	r3, .L15+44
 112 0062 1B68     		ldr	r3, [r3]
 113 0064 9A42     		cmp	r2, r3
 114 0066 15D0     		beq	.L9
 119:Generated_Source\PSoC4/UART_SPI_UART_INT.c ****                 {
 120:Generated_Source\PSoC4/UART_SPI_UART_INT.c ****                     /* Move local tail index */
 121:Generated_Source\PSoC4/UART_SPI_UART_INT.c ****                     locTail = (UART_txBufferTail + 1u);
 115              		.loc 1 121 0
 116 0068 1A4B     		ldr	r3, .L15+44
 117 006a 1B68     		ldr	r3, [r3]
 118 006c 0133     		adds	r3, r3, #1
 119              	.LVL6:
 122:Generated_Source\PSoC4/UART_SPI_UART_INT.c **** 
 123:Generated_Source\PSoC4/UART_SPI_UART_INT.c ****                     /* Adjust local tail index */
 124:Generated_Source\PSoC4/UART_SPI_UART_INT.c ****                     if (UART_TX_BUFFER_SIZE == locTail)
 120              		.loc 1 124 0
 121 006e 8022     		movs	r2, #128
 122 0070 5200     		lsls	r2, r2, #1
 123 0072 9342     		cmp	r3, r2
 124 0074 00D1     		bne	.L10
 125:Generated_Source\PSoC4/UART_SPI_UART_INT.c ****                     {
 126:Generated_Source\PSoC4/UART_SPI_UART_INT.c ****                         locTail = 0u;
 125              		.loc 1 126 0
 126 0076 0023     		movs	r3, #0
 127              	.LVL7:
 128              	.L10:
 127:Generated_Source\PSoC4/UART_SPI_UART_INT.c ****                     }
 128:Generated_Source\PSoC4/UART_SPI_UART_INT.c **** 
 129:Generated_Source\PSoC4/UART_SPI_UART_INT.c ****                     /* Put data into TX FIFO */
 130:Generated_Source\PSoC4/UART_SPI_UART_INT.c ****                     UART_TX_FIFO_WR_REG = UART_GetWordFromTxBuffer(locTail);
 129              		.loc 1 130 0
 130 0078 174A     		ldr	r2, .L15+48
 131 007a D25C     		ldrb	r2, [r2, r3]
 132 007c D2B2     		uxtb	r2, r2
 133 007e 1749     		ldr	r1, .L15+52
 134 0080 0A60     		str	r2, [r1]
 131:Generated_Source\PSoC4/UART_SPI_UART_INT.c **** 
 132:Generated_Source\PSoC4/UART_SPI_UART_INT.c ****                     /* Move tail index */
 133:Generated_Source\PSoC4/UART_SPI_UART_INT.c ****                     UART_txBufferTail = locTail;
 135              		.loc 1 133 0
 136 0082 144A     		ldr	r2, .L15+44
 137 0084 1360     		str	r3, [r2]
 134:Generated_Source\PSoC4/UART_SPI_UART_INT.c ****                 }
 135:Generated_Source\PSoC4/UART_SPI_UART_INT.c ****                 else
 136:Generated_Source\PSoC4/UART_SPI_UART_INT.c ****                 {
 137:Generated_Source\PSoC4/UART_SPI_UART_INT.c ****                     /* TX software buffer is empty: complete transfer */
 138:Generated_Source\PSoC4/UART_SPI_UART_INT.c ****                     UART_DISABLE_INTR_TX(UART_INTR_TX_NOT_FULL);
 139:Generated_Source\PSoC4/UART_SPI_UART_INT.c ****                     break;
 140:Generated_Source\PSoC4/UART_SPI_UART_INT.c ****                 }
 141:Generated_Source\PSoC4/UART_SPI_UART_INT.c ****             }
 142:Generated_Source\PSoC4/UART_SPI_UART_INT.c ****             while (UART_SPI_UART_FIFO_SIZE != UART_GET_TX_FIFO_ENTRIES);
 138              		.loc 1 142 0
 139 0086 164B     		ldr	r3, .L15+56
 140              	.LVL8:
 141 0088 1B68     		ldr	r3, [r3]
 142 008a 1F22     		movs	r2, #31
 143              	.LVL9:
ARM GAS  C:\Users\AFDHAL~1\AppData\Local\Temp\ccsoVZOc.s 			page 6


 144 008c 1340     		ands	r3, r2
 145 008e 082B     		cmp	r3, #8
 146 0090 E4D1     		bne	.L11
 147 0092 04E0     		b	.L12
 148              	.LVL10:
 149              	.L9:
 138:Generated_Source\PSoC4/UART_SPI_UART_INT.c ****                     break;
 150              		.loc 1 138 0
 151 0094 134A     		ldr	r2, .L15+60
 152 0096 1368     		ldr	r3, [r2]
 153 0098 0221     		movs	r1, #2
 154 009a 8B43     		bics	r3, r1
 155 009c 1360     		str	r3, [r2]
 156              	.L12:
 143:Generated_Source\PSoC4/UART_SPI_UART_INT.c **** 
 144:Generated_Source\PSoC4/UART_SPI_UART_INT.c ****             UART_ClearTxInterruptSource(UART_INTR_TX_NOT_FULL);
 157              		.loc 1 144 0
 158 009e 0222     		movs	r2, #2
 159 00a0 114B     		ldr	r3, .L15+64
 160 00a2 1A60     		str	r2, [r3]
 161              	.L1:
 145:Generated_Source\PSoC4/UART_SPI_UART_INT.c ****         }
 146:Generated_Source\PSoC4/UART_SPI_UART_INT.c ****     }
 147:Generated_Source\PSoC4/UART_SPI_UART_INT.c ****     #endif
 148:Generated_Source\PSoC4/UART_SPI_UART_INT.c **** 
 149:Generated_Source\PSoC4/UART_SPI_UART_INT.c **** #ifdef UART_SPI_UART_ISR_EXIT_CALLBACK
 150:Generated_Source\PSoC4/UART_SPI_UART_INT.c ****     UART_SPI_UART_ISR_ExitCallback();
 151:Generated_Source\PSoC4/UART_SPI_UART_INT.c **** #endif /* UART_SPI_UART_ISR_EXIT_CALLBACK */
 152:Generated_Source\PSoC4/UART_SPI_UART_INT.c **** 
 153:Generated_Source\PSoC4/UART_SPI_UART_INT.c **** }
 162              		.loc 1 153 0
 163              		@ sp needed
 164 00a4 10BD     		pop	{r4, pc}
 165              	.L16:
 166 00a6 C046     		.align	2
 167              	.L15:
 168 00a8 00000000 		.word	UART_customIntrHandler
 169 00ac CC0F2540 		.word	1076170700
 170 00b0 00000000 		.word	UART_rxBufferHead
 171 00b4 00000000 		.word	UART_rxBufferTail
 172 00b8 40032540 		.word	1076167488
 173 00bc 00000000 		.word	UART_rxBufferOverflow
 174 00c0 00000000 		.word	UART_rxBufferInternal
 175 00c4 08032540 		.word	1076167432
 176 00c8 C00F2540 		.word	1076170688
 177 00cc 8C0F2540 		.word	1076170636
 178 00d0 00000000 		.word	UART_txBufferHead
 179 00d4 00000000 		.word	UART_txBufferTail
 180 00d8 00000000 		.word	UART_txBufferInternal
 181 00dc 40022540 		.word	1076167232
 182 00e0 08022540 		.word	1076167176
 183 00e4 880F2540 		.word	1076170632
 184 00e8 800F2540 		.word	1076170624
 185              		.cfi_endproc
 186              	.LFE1:
 187              		.size	UART_SPI_UART_ISR, .-UART_SPI_UART_ISR
 188              		.text
ARM GAS  C:\Users\AFDHAL~1\AppData\Local\Temp\ccsoVZOc.s 			page 7


 189              	.Letext0:
 190              		.file 2 "Generated_Source\\PSoC4/cytypes.h"
 191              		.file 3 "Generated_Source\\PSoC4\\UART_PVT.h"
 192              		.file 4 "Generated_Source\\PSoC4\\UART_SPI_UART_PVT.h"
 193              		.section	.debug_info,"",%progbits
 194              	.Ldebug_info0:
 195 0000 83010000 		.4byte	0x183
 196 0004 0400     		.2byte	0x4
 197 0006 00000000 		.4byte	.Ldebug_abbrev0
 198 000a 04       		.byte	0x4
 199 000b 01       		.uleb128 0x1
 200 000c 08010000 		.4byte	.LASF28
 201 0010 0C       		.byte	0xc
 202 0011 88000000 		.4byte	.LASF29
 203 0015 B5010000 		.4byte	.LASF30
 204 0019 00000000 		.4byte	.Ldebug_ranges0+0
 205 001d 00000000 		.4byte	0
 206 0021 00000000 		.4byte	.Ldebug_line0
 207 0025 02       		.uleb128 0x2
 208 0026 01       		.byte	0x1
 209 0027 06       		.byte	0x6
 210 0028 7E020000 		.4byte	.LASF0
 211 002c 02       		.uleb128 0x2
 212 002d 01       		.byte	0x1
 213 002e 08       		.byte	0x8
 214 002f 50000000 		.4byte	.LASF1
 215 0033 02       		.uleb128 0x2
 216 0034 02       		.byte	0x2
 217 0035 05       		.byte	0x5
 218 0036 37020000 		.4byte	.LASF2
 219 003a 02       		.uleb128 0x2
 220 003b 02       		.byte	0x2
 221 003c 07       		.byte	0x7
 222 003d 1D000000 		.4byte	.LASF3
 223 0041 02       		.uleb128 0x2
 224 0042 04       		.byte	0x4
 225 0043 05       		.byte	0x5
 226 0044 53020000 		.4byte	.LASF4
 227 0048 02       		.uleb128 0x2
 228 0049 04       		.byte	0x4
 229 004a 07       		.byte	0x7
 230 004b 5E000000 		.4byte	.LASF5
 231 004f 02       		.uleb128 0x2
 232 0050 08       		.byte	0x8
 233 0051 05       		.byte	0x5
 234 0052 A7010000 		.4byte	.LASF6
 235 0056 02       		.uleb128 0x2
 236 0057 08       		.byte	0x8
 237 0058 07       		.byte	0x7
 238 0059 CE000000 		.4byte	.LASF7
 239 005d 03       		.uleb128 0x3
 240 005e 04       		.byte	0x4
 241 005f 05       		.byte	0x5
 242 0060 696E7400 		.ascii	"int\000"
 243 0064 02       		.uleb128 0x2
 244 0065 04       		.byte	0x4
 245 0066 07       		.byte	0x7
ARM GAS  C:\Users\AFDHAL~1\AppData\Local\Temp\ccsoVZOc.s 			page 8


 246 0067 C1000000 		.4byte	.LASF8
 247 006b 04       		.uleb128 0x4
 248 006c 70000000 		.4byte	.LASF9
 249 0070 02       		.byte	0x2
 250 0071 D201     		.2byte	0x1d2
 251 0073 2C000000 		.4byte	0x2c
 252 0077 04       		.uleb128 0x4
 253 0078 BA000000 		.4byte	.LASF10
 254 007c 02       		.byte	0x2
 255 007d D401     		.2byte	0x1d4
 256 007f 48000000 		.4byte	0x48
 257 0083 02       		.uleb128 0x2
 258 0084 04       		.byte	0x4
 259 0085 04       		.byte	0x4
 260 0086 4A000000 		.4byte	.LASF11
 261 008a 02       		.uleb128 0x2
 262 008b 08       		.byte	0x8
 263 008c 04       		.byte	0x4
 264 008d B3000000 		.4byte	.LASF12
 265 0091 02       		.uleb128 0x2
 266 0092 01       		.byte	0x1
 267 0093 08       		.byte	0x8
 268 0094 0A020000 		.4byte	.LASF13
 269 0098 05       		.uleb128 0x5
 270 0099 6B000000 		.4byte	0x6b
 271 009d 04       		.uleb128 0x4
 272 009e 00000000 		.4byte	.LASF14
 273 00a2 02       		.byte	0x2
 274 00a3 7E02     		.2byte	0x27e
 275 00a5 A9000000 		.4byte	0xa9
 276 00a9 05       		.uleb128 0x5
 277 00aa 77000000 		.4byte	0x77
 278 00ae 04       		.uleb128 0x4
 279 00af FB000000 		.4byte	.LASF15
 280 00b3 02       		.byte	0x2
 281 00b4 8E02     		.2byte	0x28e
 282 00b6 BA000000 		.4byte	0xba
 283 00ba 06       		.uleb128 0x6
 284 00bb 04       		.byte	0x4
 285 00bc C0000000 		.4byte	0xc0
 286 00c0 07       		.uleb128 0x7
 287 00c1 02       		.uleb128 0x2
 288 00c2 08       		.byte	0x8
 289 00c3 04       		.byte	0x4
 290 00c4 5C020000 		.4byte	.LASF16
 291 00c8 02       		.uleb128 0x2
 292 00c9 04       		.byte	0x4
 293 00ca 07       		.byte	0x7
 294 00cb 9E010000 		.4byte	.LASF17
 295 00cf 08       		.uleb128 0x8
 296 00d0 41020000 		.4byte	.LASF31
 297 00d4 01       		.byte	0x1
 298 00d5 1F       		.byte	0x1f
 299 00d6 00000000 		.4byte	.LFB1
 300 00da EC000000 		.4byte	.LFE1-.LFB1
 301 00de 01       		.uleb128 0x1
 302 00df 9C       		.byte	0x9c
ARM GAS  C:\Users\AFDHAL~1\AppData\Local\Temp\ccsoVZOc.s 			page 9


 303 00e0 03010000 		.4byte	0x103
 304 00e4 09       		.uleb128 0x9
 305 00e5 42000000 		.4byte	.LASF18
 306 00e9 01       		.byte	0x1
 307 00ea 22       		.byte	0x22
 308 00eb 77000000 		.4byte	0x77
 309 00ef 00000000 		.4byte	.LLST0
 310 00f3 09       		.uleb128 0x9
 311 00f4 96010000 		.4byte	.LASF19
 312 00f8 01       		.byte	0x1
 313 00f9 26       		.byte	0x26
 314 00fa 77000000 		.4byte	0x77
 315 00fe 1E000000 		.4byte	.LLST1
 316 0102 00       		.byte	0
 317 0103 0A       		.uleb128 0xa
 318 0104 06000000 		.4byte	.LASF20
 319 0108 03       		.byte	0x3
 320 0109 3B       		.byte	0x3b
 321 010a AE000000 		.4byte	0xae
 322 010e 0A       		.uleb128 0xa
 323 010f 8A020000 		.4byte	.LASF21
 324 0113 04       		.byte	0x4
 325 0114 1F       		.byte	0x1f
 326 0115 A9000000 		.4byte	0xa9
 327 0119 0A       		.uleb128 0xa
 328 011a 76000000 		.4byte	.LASF22
 329 011e 04       		.byte	0x4
 330 011f 20       		.byte	0x20
 331 0120 A9000000 		.4byte	0xa9
 332 0124 0A       		.uleb128 0xa
 333 0125 E5000000 		.4byte	.LASF23
 334 0129 04       		.byte	0x4
 335 012a 2A       		.byte	0x2a
 336 012b 98000000 		.4byte	0x98
 337 012f 0A       		.uleb128 0xa
 338 0130 25020000 		.4byte	.LASF24
 339 0134 04       		.byte	0x4
 340 0135 2F       		.byte	0x2f
 341 0136 A9000000 		.4byte	0xa9
 342 013a 0A       		.uleb128 0xa
 343 013b 30000000 		.4byte	.LASF25
 344 013f 04       		.byte	0x4
 345 0140 30       		.byte	0x30
 346 0141 A9000000 		.4byte	0xa9
 347 0145 0B       		.uleb128 0xb
 348 0146 98000000 		.4byte	0x98
 349 014a 56010000 		.4byte	0x156
 350 014e 0C       		.uleb128 0xc
 351 014f C8000000 		.4byte	0xc8
 352 0153 0001     		.2byte	0x100
 353 0155 00       		.byte	0
 354 0156 0A       		.uleb128 0xa
 355 0157 0F020000 		.4byte	.LASF26
 356 015b 04       		.byte	0x4
 357 015c 34       		.byte	0x34
 358 015d 61010000 		.4byte	0x161
 359 0161 05       		.uleb128 0x5
ARM GAS  C:\Users\AFDHAL~1\AppData\Local\Temp\ccsoVZOc.s 			page 10


 360 0162 45010000 		.4byte	0x145
 361 0166 0B       		.uleb128 0xb
 362 0167 98000000 		.4byte	0x98
 363 016b 76010000 		.4byte	0x176
 364 016f 0D       		.uleb128 0xd
 365 0170 C8000000 		.4byte	0xc8
 366 0174 FF       		.byte	0xff
 367 0175 00       		.byte	0
 368 0176 0A       		.uleb128 0xa
 369 0177 68020000 		.4byte	.LASF27
 370 017b 04       		.byte	0x4
 371 017c 38       		.byte	0x38
 372 017d 81010000 		.4byte	0x181
 373 0181 05       		.uleb128 0x5
 374 0182 66010000 		.4byte	0x166
 375 0186 00       		.byte	0
 376              		.section	.debug_abbrev,"",%progbits
 377              	.Ldebug_abbrev0:
 378 0000 01       		.uleb128 0x1
 379 0001 11       		.uleb128 0x11
 380 0002 01       		.byte	0x1
 381 0003 25       		.uleb128 0x25
 382 0004 0E       		.uleb128 0xe
 383 0005 13       		.uleb128 0x13
 384 0006 0B       		.uleb128 0xb
 385 0007 03       		.uleb128 0x3
 386 0008 0E       		.uleb128 0xe
 387 0009 1B       		.uleb128 0x1b
 388 000a 0E       		.uleb128 0xe
 389 000b 55       		.uleb128 0x55
 390 000c 17       		.uleb128 0x17
 391 000d 11       		.uleb128 0x11
 392 000e 01       		.uleb128 0x1
 393 000f 10       		.uleb128 0x10
 394 0010 17       		.uleb128 0x17
 395 0011 00       		.byte	0
 396 0012 00       		.byte	0
 397 0013 02       		.uleb128 0x2
 398 0014 24       		.uleb128 0x24
 399 0015 00       		.byte	0
 400 0016 0B       		.uleb128 0xb
 401 0017 0B       		.uleb128 0xb
 402 0018 3E       		.uleb128 0x3e
 403 0019 0B       		.uleb128 0xb
 404 001a 03       		.uleb128 0x3
 405 001b 0E       		.uleb128 0xe
 406 001c 00       		.byte	0
 407 001d 00       		.byte	0
 408 001e 03       		.uleb128 0x3
 409 001f 24       		.uleb128 0x24
 410 0020 00       		.byte	0
 411 0021 0B       		.uleb128 0xb
 412 0022 0B       		.uleb128 0xb
 413 0023 3E       		.uleb128 0x3e
 414 0024 0B       		.uleb128 0xb
 415 0025 03       		.uleb128 0x3
 416 0026 08       		.uleb128 0x8
ARM GAS  C:\Users\AFDHAL~1\AppData\Local\Temp\ccsoVZOc.s 			page 11


 417 0027 00       		.byte	0
 418 0028 00       		.byte	0
 419 0029 04       		.uleb128 0x4
 420 002a 16       		.uleb128 0x16
 421 002b 00       		.byte	0
 422 002c 03       		.uleb128 0x3
 423 002d 0E       		.uleb128 0xe
 424 002e 3A       		.uleb128 0x3a
 425 002f 0B       		.uleb128 0xb
 426 0030 3B       		.uleb128 0x3b
 427 0031 05       		.uleb128 0x5
 428 0032 49       		.uleb128 0x49
 429 0033 13       		.uleb128 0x13
 430 0034 00       		.byte	0
 431 0035 00       		.byte	0
 432 0036 05       		.uleb128 0x5
 433 0037 35       		.uleb128 0x35
 434 0038 00       		.byte	0
 435 0039 49       		.uleb128 0x49
 436 003a 13       		.uleb128 0x13
 437 003b 00       		.byte	0
 438 003c 00       		.byte	0
 439 003d 06       		.uleb128 0x6
 440 003e 0F       		.uleb128 0xf
 441 003f 00       		.byte	0
 442 0040 0B       		.uleb128 0xb
 443 0041 0B       		.uleb128 0xb
 444 0042 49       		.uleb128 0x49
 445 0043 13       		.uleb128 0x13
 446 0044 00       		.byte	0
 447 0045 00       		.byte	0
 448 0046 07       		.uleb128 0x7
 449 0047 15       		.uleb128 0x15
 450 0048 00       		.byte	0
 451 0049 27       		.uleb128 0x27
 452 004a 19       		.uleb128 0x19
 453 004b 00       		.byte	0
 454 004c 00       		.byte	0
 455 004d 08       		.uleb128 0x8
 456 004e 2E       		.uleb128 0x2e
 457 004f 01       		.byte	0x1
 458 0050 3F       		.uleb128 0x3f
 459 0051 19       		.uleb128 0x19
 460 0052 03       		.uleb128 0x3
 461 0053 0E       		.uleb128 0xe
 462 0054 3A       		.uleb128 0x3a
 463 0055 0B       		.uleb128 0xb
 464 0056 3B       		.uleb128 0x3b
 465 0057 0B       		.uleb128 0xb
 466 0058 27       		.uleb128 0x27
 467 0059 19       		.uleb128 0x19
 468 005a 11       		.uleb128 0x11
 469 005b 01       		.uleb128 0x1
 470 005c 12       		.uleb128 0x12
 471 005d 06       		.uleb128 0x6
 472 005e 40       		.uleb128 0x40
 473 005f 18       		.uleb128 0x18
ARM GAS  C:\Users\AFDHAL~1\AppData\Local\Temp\ccsoVZOc.s 			page 12


 474 0060 9642     		.uleb128 0x2116
 475 0062 19       		.uleb128 0x19
 476 0063 01       		.uleb128 0x1
 477 0064 13       		.uleb128 0x13
 478 0065 00       		.byte	0
 479 0066 00       		.byte	0
 480 0067 09       		.uleb128 0x9
 481 0068 34       		.uleb128 0x34
 482 0069 00       		.byte	0
 483 006a 03       		.uleb128 0x3
 484 006b 0E       		.uleb128 0xe
 485 006c 3A       		.uleb128 0x3a
 486 006d 0B       		.uleb128 0xb
 487 006e 3B       		.uleb128 0x3b
 488 006f 0B       		.uleb128 0xb
 489 0070 49       		.uleb128 0x49
 490 0071 13       		.uleb128 0x13
 491 0072 02       		.uleb128 0x2
 492 0073 17       		.uleb128 0x17
 493 0074 00       		.byte	0
 494 0075 00       		.byte	0
 495 0076 0A       		.uleb128 0xa
 496 0077 34       		.uleb128 0x34
 497 0078 00       		.byte	0
 498 0079 03       		.uleb128 0x3
 499 007a 0E       		.uleb128 0xe
 500 007b 3A       		.uleb128 0x3a
 501 007c 0B       		.uleb128 0xb
 502 007d 3B       		.uleb128 0x3b
 503 007e 0B       		.uleb128 0xb
 504 007f 49       		.uleb128 0x49
 505 0080 13       		.uleb128 0x13
 506 0081 3F       		.uleb128 0x3f
 507 0082 19       		.uleb128 0x19
 508 0083 3C       		.uleb128 0x3c
 509 0084 19       		.uleb128 0x19
 510 0085 00       		.byte	0
 511 0086 00       		.byte	0
 512 0087 0B       		.uleb128 0xb
 513 0088 01       		.uleb128 0x1
 514 0089 01       		.byte	0x1
 515 008a 49       		.uleb128 0x49
 516 008b 13       		.uleb128 0x13
 517 008c 01       		.uleb128 0x1
 518 008d 13       		.uleb128 0x13
 519 008e 00       		.byte	0
 520 008f 00       		.byte	0
 521 0090 0C       		.uleb128 0xc
 522 0091 21       		.uleb128 0x21
 523 0092 00       		.byte	0
 524 0093 49       		.uleb128 0x49
 525 0094 13       		.uleb128 0x13
 526 0095 2F       		.uleb128 0x2f
 527 0096 05       		.uleb128 0x5
 528 0097 00       		.byte	0
 529 0098 00       		.byte	0
 530 0099 0D       		.uleb128 0xd
ARM GAS  C:\Users\AFDHAL~1\AppData\Local\Temp\ccsoVZOc.s 			page 13


 531 009a 21       		.uleb128 0x21
 532 009b 00       		.byte	0
 533 009c 49       		.uleb128 0x49
 534 009d 13       		.uleb128 0x13
 535 009e 2F       		.uleb128 0x2f
 536 009f 0B       		.uleb128 0xb
 537 00a0 00       		.byte	0
 538 00a1 00       		.byte	0
 539 00a2 00       		.byte	0
 540              		.section	.debug_loc,"",%progbits
 541              	.Ldebug_loc0:
 542              	.LLST0:
 543 0000 1A000000 		.4byte	.LVL1
 544 0004 2E000000 		.4byte	.LVL3
 545 0008 0100     		.2byte	0x1
 546 000a 53       		.byte	0x53
 547 000b 38000000 		.4byte	.LVL4
 548 000f 46000000 		.4byte	.LVL5
 549 0013 0100     		.2byte	0x1
 550 0015 53       		.byte	0x53
 551 0016 00000000 		.4byte	0
 552 001a 00000000 		.4byte	0
 553              	.LLST1:
 554 001e 6E000000 		.4byte	.LVL6
 555 0022 88000000 		.4byte	.LVL8
 556 0026 0100     		.2byte	0x1
 557 0028 53       		.byte	0x53
 558 0029 88000000 		.4byte	.LVL8
 559 002d 8C000000 		.4byte	.LVL9
 560 0031 0200     		.2byte	0x2
 561 0033 72       		.byte	0x72
 562 0034 00       		.sleb128 0
 563 0035 00000000 		.4byte	0
 564 0039 00000000 		.4byte	0
 565              		.section	.debug_aranges,"",%progbits
 566 0000 1C000000 		.4byte	0x1c
 567 0004 0200     		.2byte	0x2
 568 0006 00000000 		.4byte	.Ldebug_info0
 569 000a 04       		.byte	0x4
 570 000b 00       		.byte	0
 571 000c 0000     		.2byte	0
 572 000e 0000     		.2byte	0
 573 0010 00000000 		.4byte	.LFB1
 574 0014 EC000000 		.4byte	.LFE1-.LFB1
 575 0018 00000000 		.4byte	0
 576 001c 00000000 		.4byte	0
 577              		.section	.debug_ranges,"",%progbits
 578              	.Ldebug_ranges0:
 579 0000 00000000 		.4byte	.LFB1
 580 0004 EC000000 		.4byte	.LFE1
 581 0008 00000000 		.4byte	0
 582 000c 00000000 		.4byte	0
 583              		.section	.debug_line,"",%progbits
 584              	.Ldebug_line0:
 585 0000 AA000000 		.section	.debug_str,"MS",%progbits,1
 585      02007300 
 585      00000201 
ARM GAS  C:\Users\AFDHAL~1\AppData\Local\Temp\ccsoVZOc.s 			page 14


 585      FB0E0D00 
 585      01010101 
 586              	.LASF14:
 587 0000 72656733 		.ascii	"reg32\000"
 587      3200
 588              	.LASF20:
 589 0006 55415254 		.ascii	"UART_customIntrHandler\000"
 589      5F637573 
 589      746F6D49 
 589      6E747248 
 589      616E646C 
 590              	.LASF3:
 591 001d 73686F72 		.ascii	"short unsigned int\000"
 591      7420756E 
 591      7369676E 
 591      65642069 
 591      6E7400
 592              	.LASF25:
 593 0030 55415254 		.ascii	"UART_txBufferTail\000"
 593      5F747842 
 593      75666665 
 593      72546169 
 593      6C00
 594              	.LASF18:
 595 0042 6C6F6348 		.ascii	"locHead\000"
 595      65616400 
 596              	.LASF11:
 597 004a 666C6F61 		.ascii	"float\000"
 597      7400
 598              	.LASF1:
 599 0050 756E7369 		.ascii	"unsigned char\000"
 599      676E6564 
 599      20636861 
 599      7200
 600              	.LASF5:
 601 005e 6C6F6E67 		.ascii	"long unsigned int\000"
 601      20756E73 
 601      69676E65 
 601      6420696E 
 601      7400
 602              	.LASF9:
 603 0070 75696E74 		.ascii	"uint8\000"
 603      3800
 604              	.LASF22:
 605 0076 55415254 		.ascii	"UART_rxBufferTail\000"
 605      5F727842 
 605      75666665 
 605      72546169 
 605      6C00
 606              	.LASF29:
 607 0088 47656E65 		.ascii	"Generated_Source\\PSoC4\\UART_SPI_UART_INT.c\000"
 607      72617465 
 607      645F536F 
 607      75726365 
 607      5C50536F 
 608              	.LASF12:
 609 00b3 646F7562 		.ascii	"double\000"
ARM GAS  C:\Users\AFDHAL~1\AppData\Local\Temp\ccsoVZOc.s 			page 15


 609      6C6500
 610              	.LASF10:
 611 00ba 75696E74 		.ascii	"uint32\000"
 611      333200
 612              	.LASF8:
 613 00c1 756E7369 		.ascii	"unsigned int\000"
 613      676E6564 
 613      20696E74 
 613      00
 614              	.LASF7:
 615 00ce 6C6F6E67 		.ascii	"long long unsigned int\000"
 615      206C6F6E 
 615      6720756E 
 615      7369676E 
 615      65642069 
 616              	.LASF23:
 617 00e5 55415254 		.ascii	"UART_rxBufferOverflow\000"
 617      5F727842 
 617      75666665 
 617      724F7665 
 617      72666C6F 
 618              	.LASF15:
 619 00fb 63796973 		.ascii	"cyisraddress\000"
 619      72616464 
 619      72657373 
 619      00
 620              	.LASF28:
 621 0108 474E5520 		.ascii	"GNU C11 5.4.1 20160609 (release) [ARM/embedded-5-br"
 621      43313120 
 621      352E342E 
 621      31203230 
 621      31363036 
 622 013b 616E6368 		.ascii	"anch revision 237715] -mcpu=cortex-m0 -mthumb -g -O"
 622      20726576 
 622      6973696F 
 622      6E203233 
 622      37373135 
 623 016e 67202D66 		.ascii	"g -ffunction-sections -ffat-lto-objects\000"
 623      66756E63 
 623      74696F6E 
 623      2D736563 
 623      74696F6E 
 624              	.LASF19:
 625 0196 6C6F6354 		.ascii	"locTail\000"
 625      61696C00 
 626              	.LASF17:
 627 019e 73697A65 		.ascii	"sizetype\000"
 627      74797065 
 627      00
 628              	.LASF6:
 629 01a7 6C6F6E67 		.ascii	"long long int\000"
 629      206C6F6E 
 629      6720696E 
 629      7400
 630              	.LASF30:
 631 01b5 433A5C55 		.ascii	"C:\\Users\\AfdhalAtiffTan\\Documents\\PSoC Creator\\"
 631      73657273 
ARM GAS  C:\Users\AFDHAL~1\AppData\Local\Temp\ccsoVZOc.s 			page 16


 631      5C416664 
 631      68616C41 
 631      74696666 
 632 01e4 55415254 		.ascii	"UART_over_nFR24\\UART_over_nFR24.cydsn\000"
 632      5F6F7665 
 632      725F6E46 
 632      5232345C 
 632      55415254 
 633              	.LASF13:
 634 020a 63686172 		.ascii	"char\000"
 634      00
 635              	.LASF26:
 636 020f 55415254 		.ascii	"UART_rxBufferInternal\000"
 636      5F727842 
 636      75666665 
 636      72496E74 
 636      65726E61 
 637              	.LASF24:
 638 0225 55415254 		.ascii	"UART_txBufferHead\000"
 638      5F747842 
 638      75666665 
 638      72486561 
 638      6400
 639              	.LASF2:
 640 0237 73686F72 		.ascii	"short int\000"
 640      7420696E 
 640      7400
 641              	.LASF31:
 642 0241 55415254 		.ascii	"UART_SPI_UART_ISR\000"
 642      5F535049 
 642      5F554152 
 642      545F4953 
 642      5200
 643              	.LASF4:
 644 0253 6C6F6E67 		.ascii	"long int\000"
 644      20696E74 
 644      00
 645              	.LASF16:
 646 025c 6C6F6E67 		.ascii	"long double\000"
 646      20646F75 
 646      626C6500 
 647              	.LASF27:
 648 0268 55415254 		.ascii	"UART_txBufferInternal\000"
 648      5F747842 
 648      75666665 
 648      72496E74 
 648      65726E61 
 649              	.LASF0:
 650 027e 7369676E 		.ascii	"signed char\000"
 650      65642063 
 650      68617200 
 651              	.LASF21:
 652 028a 55415254 		.ascii	"UART_rxBufferHead\000"
 652      5F727842 
 652      75666665 
 652      72486561 
 652      6400
ARM GAS  C:\Users\AFDHAL~1\AppData\Local\Temp\ccsoVZOc.s 			page 17


 653              		.ident	"GCC: (GNU Tools for ARM Embedded Processors) 5.4.1 20160609 (release) [ARM/embedded-5-bran
